2024-03-17 17:13:31,415:INFO: Epoch 1/20
2024-03-17 17:17:01,358:INFO: - Train metrics: loss: 1.5148; lr:c: 9.99e-04
2024-03-17 17:17:02,431:INFO: Using default tokenizer.
2024-03-17 17:17:02,459:INFO: Using default tokenizer.
2024-03-17 17:17:02,487:INFO: Using default tokenizer.
2024-03-17 17:17:03,385:INFO: Using default tokenizer.
2024-03-17 17:17:03,412:INFO: Using default tokenizer.
2024-03-17 17:17:03,439:INFO: Using default tokenizer.
2024-03-17 17:17:04,338:INFO: Using default tokenizer.
2024-03-17 17:17:04,366:INFO: Using default tokenizer.
2024-03-17 17:17:04,394:INFO: Using default tokenizer.
2024-03-17 17:17:05,288:INFO: Using default tokenizer.
2024-03-17 17:17:05,316:INFO: Using default tokenizer.
2024-03-17 17:17:05,343:INFO: Using default tokenizer.
2024-03-17 17:17:06,709:INFO: Using default tokenizer.
2024-03-17 17:17:06,737:INFO: Using default tokenizer.
2024-03-17 17:17:06,767:INFO: Using default tokenizer.
2024-03-17 17:17:08,103:INFO: Using default tokenizer.
2024-03-17 17:17:08,131:INFO: Using default tokenizer.
2024-03-17 17:17:08,160:INFO: Using default tokenizer.
2024-03-17 17:17:09,090:INFO: Using default tokenizer.
2024-03-17 17:17:09,118:INFO: Using default tokenizer.
2024-03-17 17:17:09,145:INFO: Using default tokenizer.
2024-03-17 17:17:10,215:INFO: Using default tokenizer.
2024-03-17 17:17:10,243:INFO: Using default tokenizer.
2024-03-17 17:17:10,271:INFO: Using default tokenizer.
2024-03-17 17:17:11,709:INFO: Using default tokenizer.
2024-03-17 17:17:11,738:INFO: Using default tokenizer.
2024-03-17 17:17:11,766:INFO: Using default tokenizer.
2024-03-17 17:17:12,781:INFO: Using default tokenizer.
2024-03-17 17:17:12,810:INFO: Using default tokenizer.
2024-03-17 17:17:12,838:INFO: Using default tokenizer.
2024-03-17 17:17:13,736:INFO: Using default tokenizer.
2024-03-17 17:17:13,764:INFO: Using default tokenizer.
2024-03-17 17:17:13,792:INFO: Using default tokenizer.
2024-03-17 17:17:14,884:INFO: Using default tokenizer.
2024-03-17 17:17:14,913:INFO: Using default tokenizer.
2024-03-17 17:17:14,941:INFO: Using default tokenizer.
2024-03-17 17:17:15,994:INFO: Using default tokenizer.
2024-03-17 17:17:16,028:INFO: Using default tokenizer.
2024-03-17 17:17:16,056:INFO: Using default tokenizer.
2024-03-17 17:17:17,097:INFO: Using default tokenizer.
2024-03-17 17:17:17,126:INFO: Using default tokenizer.
2024-03-17 17:17:17,156:INFO: Using default tokenizer.
2024-03-17 17:17:18,231:INFO: Using default tokenizer.
2024-03-17 17:17:18,260:INFO: Using default tokenizer.
2024-03-17 17:17:18,288:INFO: Using default tokenizer.
2024-03-17 17:17:19,157:INFO: Using default tokenizer.
2024-03-17 17:17:19,186:INFO: Using default tokenizer.
2024-03-17 17:17:19,213:INFO: Using default tokenizer.
2024-03-17 17:17:19,987:INFO: Using default tokenizer.
2024-03-17 17:17:20,014:INFO: Using default tokenizer.
2024-03-17 17:17:20,042:INFO: Using default tokenizer.
2024-03-17 17:17:21,133:INFO: Using default tokenizer.
2024-03-17 17:17:21,164:INFO: Using default tokenizer.
2024-03-17 17:17:21,192:INFO: Using default tokenizer.
2024-03-17 17:17:22,304:INFO: Using default tokenizer.
2024-03-17 17:17:22,332:INFO: Using default tokenizer.
2024-03-17 17:17:22,360:INFO: Using default tokenizer.
2024-03-17 17:17:23,457:INFO: Using default tokenizer.
2024-03-17 17:17:23,485:INFO: Using default tokenizer.
2024-03-17 17:17:23,513:INFO: Using default tokenizer.
2024-03-17 17:17:25,064:INFO: Using default tokenizer.
2024-03-17 17:17:25,096:INFO: Using default tokenizer.
2024-03-17 17:17:25,124:INFO: Using default tokenizer.
2024-03-17 17:17:26,170:INFO: Using default tokenizer.
2024-03-17 17:17:26,198:INFO: Using default tokenizer.
2024-03-17 17:17:26,226:INFO: Using default tokenizer.
2024-03-17 17:17:27,184:INFO: Using default tokenizer.
2024-03-17 17:17:27,211:INFO: Using default tokenizer.
2024-03-17 17:17:27,239:INFO: Using default tokenizer.
2024-03-17 17:17:28,532:INFO: Using default tokenizer.
2024-03-17 17:17:28,565:INFO: Using default tokenizer.
2024-03-17 17:17:28,595:INFO: Using default tokenizer.
2024-03-17 17:17:29,482:INFO: Using default tokenizer.
2024-03-17 17:17:29,511:INFO: Using default tokenizer.
2024-03-17 17:17:29,539:INFO: Using default tokenizer.
2024-03-17 17:17:30,766:INFO: Using default tokenizer.
2024-03-17 17:17:30,795:INFO: Using default tokenizer.
2024-03-17 17:17:30,824:INFO: Using default tokenizer.
2024-03-17 17:17:31,098:INFO: - Evaluation metrics: loss: 1.4154; rouge1: 0.5030; rouge2: 0.2580; rougeL: 0.4168
2024-03-17 17:17:31,851:INFO: - Found new best objective
2024-03-17 17:17:32,449:INFO: Epoch 2/20
2024-03-17 17:21:02,549:INFO: - Train metrics: loss: 1.4537; lr:c: 9.86e-04
2024-03-17 17:21:03,605:INFO: Using default tokenizer.
2024-03-17 17:21:03,633:INFO: Using default tokenizer.
2024-03-17 17:21:03,661:INFO: Using default tokenizer.
2024-03-17 17:21:04,545:INFO: Using default tokenizer.
2024-03-17 17:21:04,573:INFO: Using default tokenizer.
2024-03-17 17:21:04,601:INFO: Using default tokenizer.
2024-03-17 17:21:05,518:INFO: Using default tokenizer.
2024-03-17 17:21:05,546:INFO: Using default tokenizer.
2024-03-17 17:21:05,574:INFO: Using default tokenizer.
2024-03-17 17:21:06,491:INFO: Using default tokenizer.
2024-03-17 17:21:06,519:INFO: Using default tokenizer.
2024-03-17 17:21:06,547:INFO: Using default tokenizer.
2024-03-17 17:21:07,741:INFO: Using default tokenizer.
2024-03-17 17:21:07,769:INFO: Using default tokenizer.
2024-03-17 17:21:07,796:INFO: Using default tokenizer.
2024-03-17 17:21:09,196:INFO: Using default tokenizer.
2024-03-17 17:21:09,225:INFO: Using default tokenizer.
2024-03-17 17:21:09,253:INFO: Using default tokenizer.
2024-03-17 17:21:10,172:INFO: Using default tokenizer.
2024-03-17 17:21:10,200:INFO: Using default tokenizer.
2024-03-17 17:21:10,227:INFO: Using default tokenizer.
2024-03-17 17:21:11,213:INFO: Using default tokenizer.
2024-03-17 17:21:11,243:INFO: Using default tokenizer.
2024-03-17 17:21:11,270:INFO: Using default tokenizer.
2024-03-17 17:21:12,164:INFO: Using default tokenizer.
2024-03-17 17:21:12,194:INFO: Using default tokenizer.
2024-03-17 17:21:12,222:INFO: Using default tokenizer.
2024-03-17 17:21:13,432:INFO: Using default tokenizer.
2024-03-17 17:21:13,461:INFO: Using default tokenizer.
2024-03-17 17:21:13,494:INFO: Using default tokenizer.
2024-03-17 17:21:14,417:INFO: Using default tokenizer.
2024-03-17 17:21:14,447:INFO: Using default tokenizer.
2024-03-17 17:21:14,476:INFO: Using default tokenizer.
2024-03-17 17:21:15,542:INFO: Using default tokenizer.
2024-03-17 17:21:15,571:INFO: Using default tokenizer.
2024-03-17 17:21:15,600:INFO: Using default tokenizer.
2024-03-17 17:21:16,471:INFO: Using default tokenizer.
2024-03-17 17:21:16,500:INFO: Using default tokenizer.
2024-03-17 17:21:16,528:INFO: Using default tokenizer.
2024-03-17 17:21:17,558:INFO: Using default tokenizer.
2024-03-17 17:21:17,586:INFO: Using default tokenizer.
2024-03-17 17:21:17,614:INFO: Using default tokenizer.
2024-03-17 17:21:18,659:INFO: Using default tokenizer.
2024-03-17 17:21:18,687:INFO: Using default tokenizer.
2024-03-17 17:21:18,715:INFO: Using default tokenizer.
2024-03-17 17:21:19,588:INFO: Using default tokenizer.
2024-03-17 17:21:19,616:INFO: Using default tokenizer.
2024-03-17 17:21:19,644:INFO: Using default tokenizer.
2024-03-17 17:21:20,421:INFO: Using default tokenizer.
2024-03-17 17:21:20,449:INFO: Using default tokenizer.
2024-03-17 17:21:20,476:INFO: Using default tokenizer.
2024-03-17 17:21:21,569:INFO: Using default tokenizer.
2024-03-17 17:21:21,598:INFO: Using default tokenizer.
2024-03-17 17:21:21,627:INFO: Using default tokenizer.
2024-03-17 17:21:22,668:INFO: Using default tokenizer.
2024-03-17 17:21:22,695:INFO: Using default tokenizer.
2024-03-17 17:21:22,723:INFO: Using default tokenizer.
2024-03-17 17:21:24,573:INFO: Using default tokenizer.
2024-03-17 17:21:24,602:INFO: Using default tokenizer.
2024-03-17 17:21:24,630:INFO: Using default tokenizer.
2024-03-17 17:21:26,039:INFO: Using default tokenizer.
2024-03-17 17:21:26,067:INFO: Using default tokenizer.
2024-03-17 17:21:26,095:INFO: Using default tokenizer.
2024-03-17 17:21:26,968:INFO: Using default tokenizer.
2024-03-17 17:21:26,996:INFO: Using default tokenizer.
2024-03-17 17:21:27,024:INFO: Using default tokenizer.
2024-03-17 17:21:28,124:INFO: Using default tokenizer.
2024-03-17 17:21:28,152:INFO: Using default tokenizer.
2024-03-17 17:21:28,180:INFO: Using default tokenizer.
2024-03-17 17:21:29,451:INFO: Using default tokenizer.
2024-03-17 17:21:29,480:INFO: Using default tokenizer.
2024-03-17 17:21:29,507:INFO: Using default tokenizer.
2024-03-17 17:21:30,305:INFO: Using default tokenizer.
2024-03-17 17:21:30,333:INFO: Using default tokenizer.
2024-03-17 17:21:30,360:INFO: Using default tokenizer.
2024-03-17 17:21:31,643:INFO: Using default tokenizer.
2024-03-17 17:21:31,671:INFO: Using default tokenizer.
2024-03-17 17:21:31,699:INFO: Using default tokenizer.
2024-03-17 17:21:34,206:INFO: - Evaluation metrics: loss: 1.4125; rouge1: 0.5006; rouge2: 0.2565; rougeL: 0.4171
2024-03-17 17:21:35,932:INFO: Epoch 3/20
2024-03-17 17:25:06,034:INFO: - Train metrics: loss: 1.4400; lr:c: 9.61e-04
2024-03-17 17:25:07,113:INFO: Using default tokenizer.
2024-03-17 17:25:07,143:INFO: Using default tokenizer.
2024-03-17 17:25:07,171:INFO: Using default tokenizer.
2024-03-17 17:25:08,087:INFO: Using default tokenizer.
2024-03-17 17:25:08,115:INFO: Using default tokenizer.
2024-03-17 17:25:08,142:INFO: Using default tokenizer.
2024-03-17 17:25:09,036:INFO: Using default tokenizer.
2024-03-17 17:25:09,064:INFO: Using default tokenizer.
2024-03-17 17:25:09,091:INFO: Using default tokenizer.
2024-03-17 17:25:09,973:INFO: Using default tokenizer.
2024-03-17 17:25:10,001:INFO: Using default tokenizer.
2024-03-17 17:25:10,028:INFO: Using default tokenizer.
2024-03-17 17:25:11,300:INFO: Using default tokenizer.
2024-03-17 17:25:11,328:INFO: Using default tokenizer.
2024-03-17 17:25:11,355:INFO: Using default tokenizer.
2024-03-17 17:25:12,835:INFO: Using default tokenizer.
2024-03-17 17:25:12,863:INFO: Using default tokenizer.
2024-03-17 17:25:12,890:INFO: Using default tokenizer.
2024-03-17 17:25:13,892:INFO: Using default tokenizer.
2024-03-17 17:25:13,919:INFO: Using default tokenizer.
2024-03-17 17:25:13,946:INFO: Using default tokenizer.
2024-03-17 17:25:14,890:INFO: Using default tokenizer.
2024-03-17 17:25:14,918:INFO: Using default tokenizer.
2024-03-17 17:25:14,945:INFO: Using default tokenizer.
2024-03-17 17:25:16,451:INFO: Using default tokenizer.
2024-03-17 17:25:16,480:INFO: Using default tokenizer.
2024-03-17 17:25:16,508:INFO: Using default tokenizer.
2024-03-17 17:25:17,657:INFO: Using default tokenizer.
2024-03-17 17:25:17,685:INFO: Using default tokenizer.
2024-03-17 17:25:17,713:INFO: Using default tokenizer.
2024-03-17 17:25:18,594:INFO: Using default tokenizer.
2024-03-17 17:25:18,622:INFO: Using default tokenizer.
2024-03-17 17:25:18,650:INFO: Using default tokenizer.
2024-03-17 17:25:19,601:INFO: Using default tokenizer.
2024-03-17 17:25:19,629:INFO: Using default tokenizer.
2024-03-17 17:25:19,657:INFO: Using default tokenizer.
2024-03-17 17:25:20,764:INFO: Using default tokenizer.
2024-03-17 17:25:20,793:INFO: Using default tokenizer.
2024-03-17 17:25:20,826:INFO: Using default tokenizer.
2024-03-17 17:25:21,748:INFO: Using default tokenizer.
2024-03-17 17:25:21,776:INFO: Using default tokenizer.
2024-03-17 17:25:21,804:INFO: Using default tokenizer.
2024-03-17 17:25:22,852:INFO: Using default tokenizer.
2024-03-17 17:25:22,881:INFO: Using default tokenizer.
2024-03-17 17:25:22,908:INFO: Using default tokenizer.
2024-03-17 17:25:23,840:INFO: Using default tokenizer.
2024-03-17 17:25:23,868:INFO: Using default tokenizer.
2024-03-17 17:25:23,895:INFO: Using default tokenizer.
2024-03-17 17:25:24,672:INFO: Using default tokenizer.
2024-03-17 17:25:24,699:INFO: Using default tokenizer.
2024-03-17 17:25:24,726:INFO: Using default tokenizer.
2024-03-17 17:25:25,773:INFO: Using default tokenizer.
2024-03-17 17:25:25,801:INFO: Using default tokenizer.
2024-03-17 17:25:25,829:INFO: Using default tokenizer.
2024-03-17 17:25:26,949:INFO: Using default tokenizer.
2024-03-17 17:25:26,976:INFO: Using default tokenizer.
2024-03-17 17:25:27,003:INFO: Using default tokenizer.
2024-03-17 17:25:28,087:INFO: Using default tokenizer.
2024-03-17 17:25:28,115:INFO: Using default tokenizer.
2024-03-17 17:25:28,144:INFO: Using default tokenizer.
2024-03-17 17:25:29,373:INFO: Using default tokenizer.
2024-03-17 17:25:29,401:INFO: Using default tokenizer.
2024-03-17 17:25:29,429:INFO: Using default tokenizer.
2024-03-17 17:25:30,518:INFO: Using default tokenizer.
2024-03-17 17:25:30,546:INFO: Using default tokenizer.
2024-03-17 17:25:30,574:INFO: Using default tokenizer.
2024-03-17 17:25:31,655:INFO: Using default tokenizer.
2024-03-17 17:25:31,683:INFO: Using default tokenizer.
2024-03-17 17:25:31,710:INFO: Using default tokenizer.
2024-03-17 17:25:32,958:INFO: Using default tokenizer.
2024-03-17 17:25:32,986:INFO: Using default tokenizer.
2024-03-17 17:25:33,013:INFO: Using default tokenizer.
2024-03-17 17:25:33,891:INFO: Using default tokenizer.
2024-03-17 17:25:33,921:INFO: Using default tokenizer.
2024-03-17 17:25:33,948:INFO: Using default tokenizer.
2024-03-17 17:25:34,998:INFO: Using default tokenizer.
2024-03-17 17:25:35,027:INFO: Using default tokenizer.
2024-03-17 17:25:35,056:INFO: Using default tokenizer.
2024-03-17 17:25:38,863:INFO: - Evaluation metrics: loss: 1.4125; rouge1: 0.5072; rouge2: 0.2619; rougeL: 0.4219
2024-03-17 17:25:40,075:INFO: - Found new best objective
2024-03-17 17:25:41,165:INFO: Epoch 4/20
2024-03-17 17:29:11,260:INFO: - Train metrics: loss: 1.4269; lr:c: 9.24e-04
2024-03-17 17:29:12,169:INFO: Using default tokenizer.
2024-03-17 17:29:12,197:INFO: Using default tokenizer.
2024-03-17 17:29:12,224:INFO: Using default tokenizer.
2024-03-17 17:29:13,097:INFO: Using default tokenizer.
2024-03-17 17:29:13,124:INFO: Using default tokenizer.
2024-03-17 17:29:13,151:INFO: Using default tokenizer.
2024-03-17 17:29:14,019:INFO: Using default tokenizer.
2024-03-17 17:29:14,047:INFO: Using default tokenizer.
2024-03-17 17:29:14,075:INFO: Using default tokenizer.
2024-03-17 17:29:14,954:INFO: Using default tokenizer.
2024-03-17 17:29:14,982:INFO: Using default tokenizer.
2024-03-17 17:29:15,009:INFO: Using default tokenizer.
2024-03-17 17:29:15,861:INFO: Using default tokenizer.
2024-03-17 17:29:15,889:INFO: Using default tokenizer.
2024-03-17 17:29:15,917:INFO: Using default tokenizer.
2024-03-17 17:29:17,360:INFO: Using default tokenizer.
2024-03-17 17:29:17,388:INFO: Using default tokenizer.
2024-03-17 17:29:17,416:INFO: Using default tokenizer.
2024-03-17 17:29:18,256:INFO: Using default tokenizer.
2024-03-17 17:29:18,284:INFO: Using default tokenizer.
2024-03-17 17:29:18,312:INFO: Using default tokenizer.
2024-03-17 17:29:19,324:INFO: Using default tokenizer.
2024-03-17 17:29:19,352:INFO: Using default tokenizer.
2024-03-17 17:29:19,380:INFO: Using default tokenizer.
2024-03-17 17:29:20,441:INFO: Using default tokenizer.
2024-03-17 17:29:20,469:INFO: Using default tokenizer.
2024-03-17 17:29:20,497:INFO: Using default tokenizer.
2024-03-17 17:29:21,584:INFO: Using default tokenizer.
2024-03-17 17:29:21,612:INFO: Using default tokenizer.
2024-03-17 17:29:21,640:INFO: Using default tokenizer.
2024-03-17 17:29:22,474:INFO: Using default tokenizer.
2024-03-17 17:29:22,501:INFO: Using default tokenizer.
2024-03-17 17:29:22,529:INFO: Using default tokenizer.
2024-03-17 17:29:23,726:INFO: Using default tokenizer.
2024-03-17 17:29:23,755:INFO: Using default tokenizer.
2024-03-17 17:29:23,783:INFO: Using default tokenizer.
2024-03-17 17:29:24,751:INFO: Using default tokenizer.
2024-03-17 17:29:24,779:INFO: Using default tokenizer.
2024-03-17 17:29:24,807:INFO: Using default tokenizer.
2024-03-17 17:29:25,766:INFO: Using default tokenizer.
2024-03-17 17:29:25,795:INFO: Using default tokenizer.
2024-03-17 17:29:25,823:INFO: Using default tokenizer.
2024-03-17 17:29:26,866:INFO: Using default tokenizer.
2024-03-17 17:29:26,894:INFO: Using default tokenizer.
2024-03-17 17:29:26,922:INFO: Using default tokenizer.
2024-03-17 17:29:27,885:INFO: Using default tokenizer.
2024-03-17 17:29:27,913:INFO: Using default tokenizer.
2024-03-17 17:29:27,941:INFO: Using default tokenizer.
2024-03-17 17:29:28,726:INFO: Using default tokenizer.
2024-03-17 17:29:28,754:INFO: Using default tokenizer.
2024-03-17 17:29:28,781:INFO: Using default tokenizer.
2024-03-17 17:29:29,930:INFO: Using default tokenizer.
2024-03-17 17:29:29,958:INFO: Using default tokenizer.
2024-03-17 17:29:29,986:INFO: Using default tokenizer.
2024-03-17 17:29:31,055:INFO: Using default tokenizer.
2024-03-17 17:29:31,083:INFO: Using default tokenizer.
2024-03-17 17:29:31,110:INFO: Using default tokenizer.
2024-03-17 17:29:34,087:INFO: Using default tokenizer.
2024-03-17 17:29:34,120:INFO: Using default tokenizer.
2024-03-17 17:29:34,155:INFO: Using default tokenizer.
2024-03-17 17:29:35,680:INFO: Using default tokenizer.
2024-03-17 17:29:35,709:INFO: Using default tokenizer.
2024-03-17 17:29:35,737:INFO: Using default tokenizer.
2024-03-17 17:29:36,808:INFO: Using default tokenizer.
2024-03-17 17:29:36,837:INFO: Using default tokenizer.
2024-03-17 17:29:36,865:INFO: Using default tokenizer.
2024-03-17 17:29:37,998:INFO: Using default tokenizer.
2024-03-17 17:29:38,026:INFO: Using default tokenizer.
2024-03-17 17:29:38,054:INFO: Using default tokenizer.
2024-03-17 17:29:39,416:INFO: Using default tokenizer.
2024-03-17 17:29:39,444:INFO: Using default tokenizer.
2024-03-17 17:29:39,472:INFO: Using default tokenizer.
2024-03-17 17:29:40,297:INFO: Using default tokenizer.
2024-03-17 17:29:40,324:INFO: Using default tokenizer.
2024-03-17 17:29:40,352:INFO: Using default tokenizer.
2024-03-17 17:29:41,466:INFO: Using default tokenizer.
2024-03-17 17:29:41,495:INFO: Using default tokenizer.
2024-03-17 17:29:41,524:INFO: Using default tokenizer.
2024-03-17 17:29:43,057:INFO: - Evaluation metrics: loss: 1.4118; rouge1: 0.5084; rouge2: 0.2648; rougeL: 0.4228
2024-03-17 17:29:43,779:INFO: - Found new best objective
2024-03-17 17:29:44,455:INFO: Epoch 5/20
2024-03-17 17:33:14,592:INFO: - Train metrics: loss: 1.4181; lr:c: 8.76e-04
2024-03-17 17:33:15,556:INFO: Using default tokenizer.
2024-03-17 17:33:15,585:INFO: Using default tokenizer.
2024-03-17 17:33:15,613:INFO: Using default tokenizer.
2024-03-17 17:33:16,507:INFO: Using default tokenizer.
2024-03-17 17:33:16,534:INFO: Using default tokenizer.
2024-03-17 17:33:16,561:INFO: Using default tokenizer.
2024-03-17 17:33:17,472:INFO: Using default tokenizer.
2024-03-17 17:33:17,500:INFO: Using default tokenizer.
2024-03-17 17:33:17,527:INFO: Using default tokenizer.
2024-03-17 17:33:18,444:INFO: Using default tokenizer.
2024-03-17 17:33:18,472:INFO: Using default tokenizer.
2024-03-17 17:33:18,500:INFO: Using default tokenizer.
2024-03-17 17:33:19,482:INFO: Using default tokenizer.
2024-03-17 17:33:19,510:INFO: Using default tokenizer.
2024-03-17 17:33:19,537:INFO: Using default tokenizer.
2024-03-17 17:33:21,001:INFO: Using default tokenizer.
2024-03-17 17:33:21,029:INFO: Using default tokenizer.
2024-03-17 17:33:21,057:INFO: Using default tokenizer.
2024-03-17 17:33:21,939:INFO: Using default tokenizer.
2024-03-17 17:33:21,966:INFO: Using default tokenizer.
2024-03-17 17:33:21,994:INFO: Using default tokenizer.
2024-03-17 17:33:23,004:INFO: Using default tokenizer.
2024-03-17 17:33:23,031:INFO: Using default tokenizer.
2024-03-17 17:33:23,059:INFO: Using default tokenizer.
2024-03-17 17:33:24,413:INFO: Using default tokenizer.
2024-03-17 17:33:24,441:INFO: Using default tokenizer.
2024-03-17 17:33:24,470:INFO: Using default tokenizer.
2024-03-17 17:33:25,653:INFO: Using default tokenizer.
2024-03-17 17:33:25,681:INFO: Using default tokenizer.
2024-03-17 17:33:25,709:INFO: Using default tokenizer.
2024-03-17 17:33:26,603:INFO: Using default tokenizer.
2024-03-17 17:33:26,632:INFO: Using default tokenizer.
2024-03-17 17:33:26,659:INFO: Using default tokenizer.
2024-03-17 17:33:27,696:INFO: Using default tokenizer.
2024-03-17 17:33:27,725:INFO: Using default tokenizer.
2024-03-17 17:33:27,753:INFO: Using default tokenizer.
2024-03-17 17:33:28,800:INFO: Using default tokenizer.
2024-03-17 17:33:28,828:INFO: Using default tokenizer.
2024-03-17 17:33:28,856:INFO: Using default tokenizer.
2024-03-17 17:33:29,758:INFO: Using default tokenizer.
2024-03-17 17:33:29,786:INFO: Using default tokenizer.
2024-03-17 17:33:29,815:INFO: Using default tokenizer.
2024-03-17 17:33:30,959:INFO: Using default tokenizer.
2024-03-17 17:33:30,988:INFO: Using default tokenizer.
2024-03-17 17:33:31,017:INFO: Using default tokenizer.
2024-03-17 17:33:31,988:INFO: Using default tokenizer.
2024-03-17 17:33:32,016:INFO: Using default tokenizer.
2024-03-17 17:33:32,044:INFO: Using default tokenizer.
2024-03-17 17:33:32,821:INFO: Using default tokenizer.
2024-03-17 17:33:32,849:INFO: Using default tokenizer.
2024-03-17 17:33:32,876:INFO: Using default tokenizer.
2024-03-17 17:33:33,899:INFO: Using default tokenizer.
2024-03-17 17:33:33,928:INFO: Using default tokenizer.
2024-03-17 17:33:33,957:INFO: Using default tokenizer.
2024-03-17 17:33:35,063:INFO: Using default tokenizer.
2024-03-17 17:33:35,091:INFO: Using default tokenizer.
2024-03-17 17:33:35,118:INFO: Using default tokenizer.
2024-03-17 17:33:38,073:INFO: Using default tokenizer.
2024-03-17 17:33:38,103:INFO: Using default tokenizer.
2024-03-17 17:33:38,132:INFO: Using default tokenizer.
2024-03-17 17:33:39,312:INFO: Using default tokenizer.
2024-03-17 17:33:39,341:INFO: Using default tokenizer.
2024-03-17 17:33:39,372:INFO: Using default tokenizer.
2024-03-17 17:33:40,255:INFO: Using default tokenizer.
2024-03-17 17:33:40,283:INFO: Using default tokenizer.
2024-03-17 17:33:40,311:INFO: Using default tokenizer.
2024-03-17 17:33:41,401:INFO: Using default tokenizer.
2024-03-17 17:33:41,429:INFO: Using default tokenizer.
2024-03-17 17:33:41,458:INFO: Using default tokenizer.
2024-03-17 17:33:42,718:INFO: Using default tokenizer.
2024-03-17 17:33:42,746:INFO: Using default tokenizer.
2024-03-17 17:33:42,773:INFO: Using default tokenizer.
2024-03-17 17:33:43,640:INFO: Using default tokenizer.
2024-03-17 17:33:43,675:INFO: Using default tokenizer.
2024-03-17 17:33:43,705:INFO: Using default tokenizer.
2024-03-17 17:33:44,948:INFO: Using default tokenizer.
2024-03-17 17:33:44,977:INFO: Using default tokenizer.
2024-03-17 17:33:45,005:INFO: Using default tokenizer.
2024-03-17 17:33:46,951:INFO: - Evaluation metrics: loss: 1.4055; rouge1: 0.5096; rouge2: 0.2641; rougeL: 0.4250
2024-03-17 17:33:47,723:INFO: - Found new best objective
2024-03-17 17:33:48,308:INFO: Epoch 6/20
2024-03-17 17:37:18,595:INFO: - Train metrics: loss: 1.4036; lr:c: 8.18e-04
2024-03-17 17:37:19,736:INFO: Using default tokenizer.
2024-03-17 17:37:19,764:INFO: Using default tokenizer.
2024-03-17 17:37:19,791:INFO: Using default tokenizer.
2024-03-17 17:37:20,716:INFO: Using default tokenizer.
2024-03-17 17:37:20,744:INFO: Using default tokenizer.
2024-03-17 17:37:20,774:INFO: Using default tokenizer.
2024-03-17 17:37:21,612:INFO: Using default tokenizer.
2024-03-17 17:37:21,640:INFO: Using default tokenizer.
2024-03-17 17:37:21,668:INFO: Using default tokenizer.
2024-03-17 17:37:22,539:INFO: Using default tokenizer.
2024-03-17 17:37:22,567:INFO: Using default tokenizer.
2024-03-17 17:37:22,594:INFO: Using default tokenizer.
2024-03-17 17:37:23,438:INFO: Using default tokenizer.
2024-03-17 17:37:23,466:INFO: Using default tokenizer.
2024-03-17 17:37:23,493:INFO: Using default tokenizer.
2024-03-17 17:37:24,881:INFO: Using default tokenizer.
2024-03-17 17:37:24,909:INFO: Using default tokenizer.
2024-03-17 17:37:24,937:INFO: Using default tokenizer.
2024-03-17 17:37:25,831:INFO: Using default tokenizer.
2024-03-17 17:37:25,859:INFO: Using default tokenizer.
2024-03-17 17:37:25,886:INFO: Using default tokenizer.
2024-03-17 17:37:26,761:INFO: Using default tokenizer.
2024-03-17 17:37:26,789:INFO: Using default tokenizer.
2024-03-17 17:37:26,816:INFO: Using default tokenizer.
2024-03-17 17:37:28,069:INFO: Using default tokenizer.
2024-03-17 17:37:28,098:INFO: Using default tokenizer.
2024-03-17 17:37:28,126:INFO: Using default tokenizer.
2024-03-17 17:37:29,110:INFO: Using default tokenizer.
2024-03-17 17:37:29,138:INFO: Using default tokenizer.
2024-03-17 17:37:29,165:INFO: Using default tokenizer.
2024-03-17 17:37:30,060:INFO: Using default tokenizer.
2024-03-17 17:37:30,088:INFO: Using default tokenizer.
2024-03-17 17:37:30,115:INFO: Using default tokenizer.
2024-03-17 17:37:31,085:INFO: Using default tokenizer.
2024-03-17 17:37:31,114:INFO: Using default tokenizer.
2024-03-17 17:37:31,142:INFO: Using default tokenizer.
2024-03-17 17:37:32,003:INFO: Using default tokenizer.
2024-03-17 17:37:32,031:INFO: Using default tokenizer.
2024-03-17 17:37:32,059:INFO: Using default tokenizer.
2024-03-17 17:37:33,085:INFO: Using default tokenizer.
2024-03-17 17:37:33,113:INFO: Using default tokenizer.
2024-03-17 17:37:33,141:INFO: Using default tokenizer.
2024-03-17 17:37:34,100:INFO: Using default tokenizer.
2024-03-17 17:37:34,129:INFO: Using default tokenizer.
2024-03-17 17:37:34,157:INFO: Using default tokenizer.
2024-03-17 17:37:35,112:INFO: Using default tokenizer.
2024-03-17 17:37:35,140:INFO: Using default tokenizer.
2024-03-17 17:37:35,168:INFO: Using default tokenizer.
2024-03-17 17:37:35,998:INFO: Using default tokenizer.
2024-03-17 17:37:36,025:INFO: Using default tokenizer.
2024-03-17 17:37:36,052:INFO: Using default tokenizer.
2024-03-17 17:37:37,195:INFO: Using default tokenizer.
2024-03-17 17:37:37,224:INFO: Using default tokenizer.
2024-03-17 17:37:37,252:INFO: Using default tokenizer.
2024-03-17 17:37:38,277:INFO: Using default tokenizer.
2024-03-17 17:37:38,305:INFO: Using default tokenizer.
2024-03-17 17:37:38,333:INFO: Using default tokenizer.
2024-03-17 17:37:39,787:INFO: Using default tokenizer.
2024-03-17 17:37:39,816:INFO: Using default tokenizer.
2024-03-17 17:37:39,844:INFO: Using default tokenizer.
2024-03-17 17:37:41,071:INFO: Using default tokenizer.
2024-03-17 17:37:41,099:INFO: Using default tokenizer.
2024-03-17 17:37:41,127:INFO: Using default tokenizer.
2024-03-17 17:37:42,137:INFO: Using default tokenizer.
2024-03-17 17:37:42,166:INFO: Using default tokenizer.
2024-03-17 17:37:42,194:INFO: Using default tokenizer.
2024-03-17 17:37:43,271:INFO: Using default tokenizer.
2024-03-17 17:37:43,299:INFO: Using default tokenizer.
2024-03-17 17:37:43,327:INFO: Using default tokenizer.
2024-03-17 17:37:44,639:INFO: Using default tokenizer.
2024-03-17 17:37:44,668:INFO: Using default tokenizer.
2024-03-17 17:37:44,695:INFO: Using default tokenizer.
2024-03-17 17:37:45,621:INFO: Using default tokenizer.
2024-03-17 17:37:45,649:INFO: Using default tokenizer.
2024-03-17 17:37:45,677:INFO: Using default tokenizer.
2024-03-17 17:37:46,981:INFO: Using default tokenizer.
2024-03-17 17:37:47,011:INFO: Using default tokenizer.
2024-03-17 17:37:47,039:INFO: Using default tokenizer.
2024-03-17 17:37:51,386:INFO: - Evaluation metrics: loss: 1.4079; rouge1: 0.5106; rouge2: 0.2645; rougeL: 0.4233
2024-03-17 17:37:52,550:INFO: - Found new best objective
2024-03-17 17:37:53,127:INFO: Epoch 7/20
2024-03-17 17:41:23,354:INFO: - Train metrics: loss: 1.4001; lr:c: 7.51e-04
2024-03-17 17:41:24,422:INFO: Using default tokenizer.
2024-03-17 17:41:24,451:INFO: Using default tokenizer.
2024-03-17 17:41:24,480:INFO: Using default tokenizer.
2024-03-17 17:41:25,565:INFO: Using default tokenizer.
2024-03-17 17:41:25,594:INFO: Using default tokenizer.
2024-03-17 17:41:25,622:INFO: Using default tokenizer.
2024-03-17 17:41:26,579:INFO: Using default tokenizer.
2024-03-17 17:41:26,607:INFO: Using default tokenizer.
2024-03-17 17:41:26,635:INFO: Using default tokenizer.
2024-03-17 17:41:27,516:INFO: Using default tokenizer.
2024-03-17 17:41:27,544:INFO: Using default tokenizer.
2024-03-17 17:41:27,571:INFO: Using default tokenizer.
2024-03-17 17:41:28,476:INFO: Using default tokenizer.
2024-03-17 17:41:28,506:INFO: Using default tokenizer.
2024-03-17 17:41:28,536:INFO: Using default tokenizer.
2024-03-17 17:41:29,984:INFO: Using default tokenizer.
2024-03-17 17:41:30,015:INFO: Using default tokenizer.
2024-03-17 17:41:30,046:INFO: Using default tokenizer.
2024-03-17 17:41:31,329:INFO: Using default tokenizer.
2024-03-17 17:41:31,356:INFO: Using default tokenizer.
2024-03-17 17:41:31,383:INFO: Using default tokenizer.
2024-03-17 17:41:32,254:INFO: Using default tokenizer.
2024-03-17 17:41:32,281:INFO: Using default tokenizer.
2024-03-17 17:41:32,308:INFO: Using default tokenizer.
2024-03-17 17:41:33,711:INFO: Using default tokenizer.
2024-03-17 17:41:33,739:INFO: Using default tokenizer.
2024-03-17 17:41:33,768:INFO: Using default tokenizer.
2024-03-17 17:41:34,955:INFO: Using default tokenizer.
2024-03-17 17:41:34,983:INFO: Using default tokenizer.
2024-03-17 17:41:35,011:INFO: Using default tokenizer.
2024-03-17 17:41:35,868:INFO: Using default tokenizer.
2024-03-17 17:41:35,895:INFO: Using default tokenizer.
2024-03-17 17:41:35,923:INFO: Using default tokenizer.
2024-03-17 17:41:37,069:INFO: Using default tokenizer.
2024-03-17 17:41:37,098:INFO: Using default tokenizer.
2024-03-17 17:41:37,126:INFO: Using default tokenizer.
2024-03-17 17:41:38,199:INFO: Using default tokenizer.
2024-03-17 17:41:38,228:INFO: Using default tokenizer.
2024-03-17 17:41:38,255:INFO: Using default tokenizer.
2024-03-17 17:41:39,284:INFO: Using default tokenizer.
2024-03-17 17:41:39,313:INFO: Using default tokenizer.
2024-03-17 17:41:39,340:INFO: Using default tokenizer.
2024-03-17 17:41:40,325:INFO: Using default tokenizer.
2024-03-17 17:41:40,354:INFO: Using default tokenizer.
2024-03-17 17:41:40,382:INFO: Using default tokenizer.
2024-03-17 17:41:41,404:INFO: Using default tokenizer.
2024-03-17 17:41:41,432:INFO: Using default tokenizer.
2024-03-17 17:41:41,460:INFO: Using default tokenizer.
2024-03-17 17:41:42,238:INFO: Using default tokenizer.
2024-03-17 17:41:42,265:INFO: Using default tokenizer.
2024-03-17 17:41:42,292:INFO: Using default tokenizer.
2024-03-17 17:41:43,434:INFO: Using default tokenizer.
2024-03-17 17:41:43,462:INFO: Using default tokenizer.
2024-03-17 17:41:43,491:INFO: Using default tokenizer.
2024-03-17 17:41:44,676:INFO: Using default tokenizer.
2024-03-17 17:41:44,704:INFO: Using default tokenizer.
2024-03-17 17:41:44,731:INFO: Using default tokenizer.
2024-03-17 17:41:45,810:INFO: Using default tokenizer.
2024-03-17 17:41:45,838:INFO: Using default tokenizer.
2024-03-17 17:41:45,865:INFO: Using default tokenizer.
2024-03-17 17:41:47,293:INFO: Using default tokenizer.
2024-03-17 17:41:47,326:INFO: Using default tokenizer.
2024-03-17 17:41:47,359:INFO: Using default tokenizer.
2024-03-17 17:41:48,406:INFO: Using default tokenizer.
2024-03-17 17:41:48,435:INFO: Using default tokenizer.
2024-03-17 17:41:48,463:INFO: Using default tokenizer.
2024-03-17 17:41:49,536:INFO: Using default tokenizer.
2024-03-17 17:41:49,564:INFO: Using default tokenizer.
2024-03-17 17:41:49,591:INFO: Using default tokenizer.
2024-03-17 17:41:50,848:INFO: Using default tokenizer.
2024-03-17 17:41:50,875:INFO: Using default tokenizer.
2024-03-17 17:41:50,903:INFO: Using default tokenizer.
2024-03-17 17:41:51,744:INFO: Using default tokenizer.
2024-03-17 17:41:51,771:INFO: Using default tokenizer.
2024-03-17 17:41:51,798:INFO: Using default tokenizer.
2024-03-17 17:41:53,098:INFO: Using default tokenizer.
2024-03-17 17:41:53,128:INFO: Using default tokenizer.
2024-03-17 17:41:53,156:INFO: Using default tokenizer.
2024-03-17 17:41:55,829:INFO: - Evaluation metrics: loss: 1.4051; rouge1: 0.5076; rouge2: 0.2632; rougeL: 0.4241
2024-03-17 17:41:57,552:INFO: Epoch 8/20
2024-03-17 17:45:27,823:INFO: - Train metrics: loss: 1.3900; lr:c: 6.79e-04
2024-03-17 17:45:28,751:INFO: Using default tokenizer.
2024-03-17 17:45:28,778:INFO: Using default tokenizer.
2024-03-17 17:45:28,806:INFO: Using default tokenizer.
2024-03-17 17:45:29,855:INFO: Using default tokenizer.
2024-03-17 17:45:29,883:INFO: Using default tokenizer.
2024-03-17 17:45:29,910:INFO: Using default tokenizer.
2024-03-17 17:45:30,777:INFO: Using default tokenizer.
2024-03-17 17:45:30,805:INFO: Using default tokenizer.
2024-03-17 17:45:30,832:INFO: Using default tokenizer.
2024-03-17 17:45:31,960:INFO: Using default tokenizer.
2024-03-17 17:45:31,988:INFO: Using default tokenizer.
2024-03-17 17:45:32,016:INFO: Using default tokenizer.
2024-03-17 17:45:32,856:INFO: Using default tokenizer.
2024-03-17 17:45:32,884:INFO: Using default tokenizer.
2024-03-17 17:45:32,912:INFO: Using default tokenizer.
2024-03-17 17:45:34,303:INFO: Using default tokenizer.
2024-03-17 17:45:34,331:INFO: Using default tokenizer.
2024-03-17 17:45:34,358:INFO: Using default tokenizer.
2024-03-17 17:45:35,417:INFO: Using default tokenizer.
2024-03-17 17:45:35,445:INFO: Using default tokenizer.
2024-03-17 17:45:35,473:INFO: Using default tokenizer.
2024-03-17 17:45:36,522:INFO: Using default tokenizer.
2024-03-17 17:45:36,550:INFO: Using default tokenizer.
2024-03-17 17:45:36,577:INFO: Using default tokenizer.
2024-03-17 17:45:37,836:INFO: Using default tokenizer.
2024-03-17 17:45:37,865:INFO: Using default tokenizer.
2024-03-17 17:45:37,893:INFO: Using default tokenizer.
2024-03-17 17:45:38,868:INFO: Using default tokenizer.
2024-03-17 17:45:38,896:INFO: Using default tokenizer.
2024-03-17 17:45:38,924:INFO: Using default tokenizer.
2024-03-17 17:45:39,822:INFO: Using default tokenizer.
2024-03-17 17:45:39,850:INFO: Using default tokenizer.
2024-03-17 17:45:39,878:INFO: Using default tokenizer.
2024-03-17 17:45:40,963:INFO: Using default tokenizer.
2024-03-17 17:45:40,991:INFO: Using default tokenizer.
2024-03-17 17:45:41,019:INFO: Using default tokenizer.
2024-03-17 17:45:42,007:INFO: Using default tokenizer.
2024-03-17 17:45:42,036:INFO: Using default tokenizer.
2024-03-17 17:45:42,063:INFO: Using default tokenizer.
2024-03-17 17:45:43,093:INFO: Using default tokenizer.
2024-03-17 17:45:43,122:INFO: Using default tokenizer.
2024-03-17 17:45:43,151:INFO: Using default tokenizer.
2024-03-17 17:45:44,316:INFO: Using default tokenizer.
2024-03-17 17:45:44,345:INFO: Using default tokenizer.
2024-03-17 17:45:44,373:INFO: Using default tokenizer.
2024-03-17 17:45:45,332:INFO: Using default tokenizer.
2024-03-17 17:45:45,360:INFO: Using default tokenizer.
2024-03-17 17:45:45,389:INFO: Using default tokenizer.
2024-03-17 17:45:46,227:INFO: Using default tokenizer.
2024-03-17 17:45:46,254:INFO: Using default tokenizer.
2024-03-17 17:45:46,281:INFO: Using default tokenizer.
2024-03-17 17:45:47,398:INFO: Using default tokenizer.
2024-03-17 17:45:47,426:INFO: Using default tokenizer.
2024-03-17 17:45:47,455:INFO: Using default tokenizer.
2024-03-17 17:45:48,494:INFO: Using default tokenizer.
2024-03-17 17:45:48,522:INFO: Using default tokenizer.
2024-03-17 17:45:48,550:INFO: Using default tokenizer.
2024-03-17 17:45:49,880:INFO: Using default tokenizer.
2024-03-17 17:45:49,908:INFO: Using default tokenizer.
2024-03-17 17:45:49,936:INFO: Using default tokenizer.
2024-03-17 17:45:51,202:INFO: Using default tokenizer.
2024-03-17 17:45:51,231:INFO: Using default tokenizer.
2024-03-17 17:45:51,259:INFO: Using default tokenizer.
2024-03-17 17:45:52,216:INFO: Using default tokenizer.
2024-03-17 17:45:52,244:INFO: Using default tokenizer.
2024-03-17 17:45:52,272:INFO: Using default tokenizer.
2024-03-17 17:45:53,415:INFO: Using default tokenizer.
2024-03-17 17:45:53,443:INFO: Using default tokenizer.
2024-03-17 17:45:53,470:INFO: Using default tokenizer.
2024-03-17 17:45:54,720:INFO: Using default tokenizer.
2024-03-17 17:45:54,748:INFO: Using default tokenizer.
2024-03-17 17:45:54,775:INFO: Using default tokenizer.
2024-03-17 17:45:55,709:INFO: Using default tokenizer.
2024-03-17 17:45:55,737:INFO: Using default tokenizer.
2024-03-17 17:45:55,764:INFO: Using default tokenizer.
2024-03-17 17:45:57,270:INFO: Using default tokenizer.
2024-03-17 17:45:57,298:INFO: Using default tokenizer.
2024-03-17 17:45:57,326:INFO: Using default tokenizer.
2024-03-17 17:45:58,817:INFO: - Evaluation metrics: loss: 1.4092; rouge1: 0.5111; rouge2: 0.2671; rougeL: 0.4250
2024-03-17 17:46:00,526:INFO: - Found new best objective
2024-03-17 17:46:02,125:INFO: Epoch 9/20
2024-03-17 17:49:32,404:INFO: - Train metrics: loss: 1.3836; lr:c: 6.01e-04
2024-03-17 17:49:33,423:INFO: Using default tokenizer.
2024-03-17 17:49:33,451:INFO: Using default tokenizer.
2024-03-17 17:49:33,479:INFO: Using default tokenizer.
2024-03-17 17:49:34,354:INFO: Using default tokenizer.
2024-03-17 17:49:34,381:INFO: Using default tokenizer.
2024-03-17 17:49:34,408:INFO: Using default tokenizer.
2024-03-17 17:49:35,301:INFO: Using default tokenizer.
2024-03-17 17:49:35,329:INFO: Using default tokenizer.
2024-03-17 17:49:35,359:INFO: Using default tokenizer.
2024-03-17 17:49:36,208:INFO: Using default tokenizer.
2024-03-17 17:49:36,236:INFO: Using default tokenizer.
2024-03-17 17:49:36,264:INFO: Using default tokenizer.
2024-03-17 17:49:37,466:INFO: Using default tokenizer.
2024-03-17 17:49:37,494:INFO: Using default tokenizer.
2024-03-17 17:49:37,522:INFO: Using default tokenizer.
2024-03-17 17:49:38,917:INFO: Using default tokenizer.
2024-03-17 17:49:38,945:INFO: Using default tokenizer.
2024-03-17 17:49:38,972:INFO: Using default tokenizer.
2024-03-17 17:49:39,867:INFO: Using default tokenizer.
2024-03-17 17:49:39,895:INFO: Using default tokenizer.
2024-03-17 17:49:39,922:INFO: Using default tokenizer.
2024-03-17 17:49:40,919:INFO: Using default tokenizer.
2024-03-17 17:49:40,948:INFO: Using default tokenizer.
2024-03-17 17:49:40,976:INFO: Using default tokenizer.
2024-03-17 17:49:42,126:INFO: Using default tokenizer.
2024-03-17 17:49:42,154:INFO: Using default tokenizer.
2024-03-17 17:49:42,183:INFO: Using default tokenizer.
2024-03-17 17:49:43,377:INFO: Using default tokenizer.
2024-03-17 17:49:43,406:INFO: Using default tokenizer.
2024-03-17 17:49:43,434:INFO: Using default tokenizer.
2024-03-17 17:49:44,421:INFO: Using default tokenizer.
2024-03-17 17:49:44,449:INFO: Using default tokenizer.
2024-03-17 17:49:44,476:INFO: Using default tokenizer.
2024-03-17 17:49:45,363:INFO: Using default tokenizer.
2024-03-17 17:49:45,391:INFO: Using default tokenizer.
2024-03-17 17:49:45,419:INFO: Using default tokenizer.
2024-03-17 17:49:46,527:INFO: Using default tokenizer.
2024-03-17 17:49:46,556:INFO: Using default tokenizer.
2024-03-17 17:49:46,583:INFO: Using default tokenizer.
2024-03-17 17:49:47,625:INFO: Using default tokenizer.
2024-03-17 17:49:47,654:INFO: Using default tokenizer.
2024-03-17 17:49:47,682:INFO: Using default tokenizer.
2024-03-17 17:49:48,789:INFO: Using default tokenizer.
2024-03-17 17:49:48,818:INFO: Using default tokenizer.
2024-03-17 17:49:48,846:INFO: Using default tokenizer.
2024-03-17 17:49:49,786:INFO: Using default tokenizer.
2024-03-17 17:49:49,814:INFO: Using default tokenizer.
2024-03-17 17:49:49,842:INFO: Using default tokenizer.
2024-03-17 17:49:50,625:INFO: Using default tokenizer.
2024-03-17 17:49:50,655:INFO: Using default tokenizer.
2024-03-17 17:49:50,685:INFO: Using default tokenizer.
2024-03-17 17:49:51,685:INFO: Using default tokenizer.
2024-03-17 17:49:51,714:INFO: Using default tokenizer.
2024-03-17 17:49:51,742:INFO: Using default tokenizer.
2024-03-17 17:49:52,638:INFO: Using default tokenizer.
2024-03-17 17:49:52,666:INFO: Using default tokenizer.
2024-03-17 17:49:52,693:INFO: Using default tokenizer.
2024-03-17 17:49:55,672:INFO: Using default tokenizer.
2024-03-17 17:49:55,701:INFO: Using default tokenizer.
2024-03-17 17:49:55,730:INFO: Using default tokenizer.
2024-03-17 17:49:57,067:INFO: Using default tokenizer.
2024-03-17 17:49:57,096:INFO: Using default tokenizer.
2024-03-17 17:49:57,124:INFO: Using default tokenizer.
2024-03-17 17:49:58,018:INFO: Using default tokenizer.
2024-03-17 17:49:58,046:INFO: Using default tokenizer.
2024-03-17 17:49:58,074:INFO: Using default tokenizer.
2024-03-17 17:49:59,154:INFO: Using default tokenizer.
2024-03-17 17:49:59,181:INFO: Using default tokenizer.
2024-03-17 17:49:59,209:INFO: Using default tokenizer.
2024-03-17 17:50:00,456:INFO: Using default tokenizer.
2024-03-17 17:50:00,484:INFO: Using default tokenizer.
2024-03-17 17:50:00,511:INFO: Using default tokenizer.
2024-03-17 17:50:01,464:INFO: Using default tokenizer.
2024-03-17 17:50:01,492:INFO: Using default tokenizer.
2024-03-17 17:50:01,520:INFO: Using default tokenizer.
2024-03-17 17:50:02,723:INFO: Using default tokenizer.
2024-03-17 17:50:02,753:INFO: Using default tokenizer.
2024-03-17 17:50:02,781:INFO: Using default tokenizer.
2024-03-17 17:50:04,994:INFO: - Evaluation metrics: loss: 1.4062; rouge1: 0.5089; rouge2: 0.2649; rougeL: 0.4241
2024-03-17 17:50:05,706:INFO: Epoch 10/20
2024-03-17 17:53:35,832:INFO: - Train metrics: loss: 1.3811; lr:c: 5.21e-04
2024-03-17 17:53:36,826:INFO: Using default tokenizer.
2024-03-17 17:53:36,854:INFO: Using default tokenizer.
2024-03-17 17:53:36,882:INFO: Using default tokenizer.
2024-03-17 17:53:37,779:INFO: Using default tokenizer.
2024-03-17 17:53:37,806:INFO: Using default tokenizer.
2024-03-17 17:53:37,833:INFO: Using default tokenizer.
2024-03-17 17:53:38,733:INFO: Using default tokenizer.
2024-03-17 17:53:38,761:INFO: Using default tokenizer.
2024-03-17 17:53:38,788:INFO: Using default tokenizer.
2024-03-17 17:53:39,638:INFO: Using default tokenizer.
2024-03-17 17:53:39,666:INFO: Using default tokenizer.
2024-03-17 17:53:39,693:INFO: Using default tokenizer.
2024-03-17 17:53:40,727:INFO: Using default tokenizer.
2024-03-17 17:53:40,755:INFO: Using default tokenizer.
2024-03-17 17:53:40,782:INFO: Using default tokenizer.
2024-03-17 17:53:42,171:INFO: Using default tokenizer.
2024-03-17 17:53:42,198:INFO: Using default tokenizer.
2024-03-17 17:53:42,226:INFO: Using default tokenizer.
2024-03-17 17:53:43,269:INFO: Using default tokenizer.
2024-03-17 17:53:43,298:INFO: Using default tokenizer.
2024-03-17 17:53:43,326:INFO: Using default tokenizer.
2024-03-17 17:53:44,229:INFO: Using default tokenizer.
2024-03-17 17:53:44,257:INFO: Using default tokenizer.
2024-03-17 17:53:44,285:INFO: Using default tokenizer.
2024-03-17 17:53:45,727:INFO: Using default tokenizer.
2024-03-17 17:53:45,756:INFO: Using default tokenizer.
2024-03-17 17:53:45,785:INFO: Using default tokenizer.
2024-03-17 17:53:46,771:INFO: Using default tokenizer.
2024-03-17 17:53:46,801:INFO: Using default tokenizer.
2024-03-17 17:53:46,832:INFO: Using default tokenizer.
2024-03-17 17:53:47,839:INFO: Using default tokenizer.
2024-03-17 17:53:47,867:INFO: Using default tokenizer.
2024-03-17 17:53:47,895:INFO: Using default tokenizer.
2024-03-17 17:53:49,258:INFO: Using default tokenizer.
2024-03-17 17:53:49,287:INFO: Using default tokenizer.
2024-03-17 17:53:49,318:INFO: Using default tokenizer.
2024-03-17 17:53:50,461:INFO: Using default tokenizer.
2024-03-17 17:53:50,497:INFO: Using default tokenizer.
2024-03-17 17:53:50,526:INFO: Using default tokenizer.
2024-03-17 17:53:51,424:INFO: Using default tokenizer.
2024-03-17 17:53:51,453:INFO: Using default tokenizer.
2024-03-17 17:53:51,481:INFO: Using default tokenizer.
2024-03-17 17:53:52,511:INFO: Using default tokenizer.
2024-03-17 17:53:52,540:INFO: Using default tokenizer.
2024-03-17 17:53:52,569:INFO: Using default tokenizer.
2024-03-17 17:53:53,559:INFO: Using default tokenizer.
2024-03-17 17:53:53,590:INFO: Using default tokenizer.
2024-03-17 17:53:53,621:INFO: Using default tokenizer.
2024-03-17 17:53:54,516:INFO: Using default tokenizer.
2024-03-17 17:53:54,547:INFO: Using default tokenizer.
2024-03-17 17:53:54,575:INFO: Using default tokenizer.
2024-03-17 17:53:55,650:INFO: Using default tokenizer.
2024-03-17 17:53:55,679:INFO: Using default tokenizer.
2024-03-17 17:53:55,708:INFO: Using default tokenizer.
2024-03-17 17:53:56,749:INFO: Using default tokenizer.
2024-03-17 17:53:56,777:INFO: Using default tokenizer.
2024-03-17 17:53:56,805:INFO: Using default tokenizer.
2024-03-17 17:53:59,852:INFO: Using default tokenizer.
2024-03-17 17:53:59,882:INFO: Using default tokenizer.
2024-03-17 17:53:59,912:INFO: Using default tokenizer.
2024-03-17 17:54:01,409:INFO: Using default tokenizer.
2024-03-17 17:54:01,439:INFO: Using default tokenizer.
2024-03-17 17:54:01,467:INFO: Using default tokenizer.
2024-03-17 17:54:02,600:INFO: Using default tokenizer.
2024-03-17 17:54:02,628:INFO: Using default tokenizer.
2024-03-17 17:54:02,657:INFO: Using default tokenizer.
2024-03-17 17:54:03,766:INFO: Using default tokenizer.
2024-03-17 17:54:03,794:INFO: Using default tokenizer.
2024-03-17 17:54:03,823:INFO: Using default tokenizer.
2024-03-17 17:54:05,197:INFO: Using default tokenizer.
2024-03-17 17:54:05,226:INFO: Using default tokenizer.
2024-03-17 17:54:05,255:INFO: Using default tokenizer.
2024-03-17 17:54:06,205:INFO: Using default tokenizer.
2024-03-17 17:54:06,233:INFO: Using default tokenizer.
2024-03-17 17:54:06,261:INFO: Using default tokenizer.
2024-03-17 17:54:07,378:INFO: Using default tokenizer.
2024-03-17 17:54:07,407:INFO: Using default tokenizer.
2024-03-17 17:54:07,436:INFO: Using default tokenizer.
2024-03-17 17:54:07,464:INFO: - Evaluation metrics: loss: 1.4039; rouge1: 0.5114; rouge2: 0.2645; rougeL: 0.4250
2024-03-17 17:54:08,659:INFO: - Found new best objective
2024-03-17 17:54:09,244:INFO: Epoch 11/20
2024-03-17 17:57:39,426:INFO: - Train metrics: loss: 1.3699; lr:c: 4.40e-04
2024-03-17 17:57:40,410:INFO: Using default tokenizer.
2024-03-17 17:57:40,438:INFO: Using default tokenizer.
2024-03-17 17:57:40,465:INFO: Using default tokenizer.
2024-03-17 17:57:41,429:INFO: Using default tokenizer.
2024-03-17 17:57:41,457:INFO: Using default tokenizer.
2024-03-17 17:57:41,484:INFO: Using default tokenizer.
2024-03-17 17:57:42,292:INFO: Using default tokenizer.
2024-03-17 17:57:42,320:INFO: Using default tokenizer.
2024-03-17 17:57:42,348:INFO: Using default tokenizer.
2024-03-17 17:57:43,217:INFO: Using default tokenizer.
2024-03-17 17:57:43,249:INFO: Using default tokenizer.
2024-03-17 17:57:43,280:INFO: Using default tokenizer.
2024-03-17 17:57:44,350:INFO: Using default tokenizer.
2024-03-17 17:57:44,378:INFO: Using default tokenizer.
2024-03-17 17:57:44,406:INFO: Using default tokenizer.
2024-03-17 17:57:45,794:INFO: Using default tokenizer.
2024-03-17 17:57:45,822:INFO: Using default tokenizer.
2024-03-17 17:57:45,849:INFO: Using default tokenizer.
2024-03-17 17:57:46,853:INFO: Using default tokenizer.
2024-03-17 17:57:46,880:INFO: Using default tokenizer.
2024-03-17 17:57:46,908:INFO: Using default tokenizer.
2024-03-17 17:57:47,786:INFO: Using default tokenizer.
2024-03-17 17:57:47,813:INFO: Using default tokenizer.
2024-03-17 17:57:47,840:INFO: Using default tokenizer.
2024-03-17 17:57:49,094:INFO: Using default tokenizer.
2024-03-17 17:57:49,122:INFO: Using default tokenizer.
2024-03-17 17:57:49,150:INFO: Using default tokenizer.
2024-03-17 17:57:50,217:INFO: Using default tokenizer.
2024-03-17 17:57:50,245:INFO: Using default tokenizer.
2024-03-17 17:57:50,274:INFO: Using default tokenizer.
2024-03-17 17:57:51,239:INFO: Using default tokenizer.
2024-03-17 17:57:51,267:INFO: Using default tokenizer.
2024-03-17 17:57:51,295:INFO: Using default tokenizer.
2024-03-17 17:57:52,431:INFO: Using default tokenizer.
2024-03-17 17:57:52,459:INFO: Using default tokenizer.
2024-03-17 17:57:52,487:INFO: Using default tokenizer.
2024-03-17 17:57:53,611:INFO: Using default tokenizer.
2024-03-17 17:57:53,639:INFO: Using default tokenizer.
2024-03-17 17:57:53,667:INFO: Using default tokenizer.
2024-03-17 17:57:54,603:INFO: Using default tokenizer.
2024-03-17 17:57:54,631:INFO: Using default tokenizer.
2024-03-17 17:57:54,659:INFO: Using default tokenizer.
2024-03-17 17:57:55,669:INFO: Using default tokenizer.
2024-03-17 17:57:55,697:INFO: Using default tokenizer.
2024-03-17 17:57:55,725:INFO: Using default tokenizer.
2024-03-17 17:57:56,751:INFO: Using default tokenizer.
2024-03-17 17:57:56,779:INFO: Using default tokenizer.
2024-03-17 17:57:56,807:INFO: Using default tokenizer.
2024-03-17 17:57:57,597:INFO: Using default tokenizer.
2024-03-17 17:57:57,624:INFO: Using default tokenizer.
2024-03-17 17:57:57,651:INFO: Using default tokenizer.
2024-03-17 17:57:58,728:INFO: Using default tokenizer.
2024-03-17 17:57:58,757:INFO: Using default tokenizer.
2024-03-17 17:57:58,786:INFO: Using default tokenizer.
2024-03-17 17:57:59,864:INFO: Using default tokenizer.
2024-03-17 17:57:59,892:INFO: Using default tokenizer.
2024-03-17 17:57:59,920:INFO: Using default tokenizer.
2024-03-17 17:58:01,034:INFO: Using default tokenizer.
2024-03-17 17:58:01,062:INFO: Using default tokenizer.
2024-03-17 17:58:01,090:INFO: Using default tokenizer.
2024-03-17 17:58:02,375:INFO: Using default tokenizer.
2024-03-17 17:58:02,406:INFO: Using default tokenizer.
2024-03-17 17:58:02,434:INFO: Using default tokenizer.
2024-03-17 17:58:03,324:INFO: Using default tokenizer.
2024-03-17 17:58:03,352:INFO: Using default tokenizer.
2024-03-17 17:58:03,380:INFO: Using default tokenizer.
2024-03-17 17:58:04,470:INFO: Using default tokenizer.
2024-03-17 17:58:04,498:INFO: Using default tokenizer.
2024-03-17 17:58:04,525:INFO: Using default tokenizer.
2024-03-17 17:58:05,844:INFO: Using default tokenizer.
2024-03-17 17:58:05,877:INFO: Using default tokenizer.
2024-03-17 17:58:05,905:INFO: Using default tokenizer.
2024-03-17 17:58:06,891:INFO: Using default tokenizer.
2024-03-17 17:58:06,920:INFO: Using default tokenizer.
2024-03-17 17:58:06,948:INFO: Using default tokenizer.
2024-03-17 17:58:08,255:INFO: Using default tokenizer.
2024-03-17 17:58:08,283:INFO: Using default tokenizer.
2024-03-17 17:58:08,312:INFO: Using default tokenizer.
2024-03-17 17:58:10,079:INFO: - Evaluation metrics: loss: 1.4036; rouge1: 0.5132; rouge2: 0.2676; rougeL: 0.4273
2024-03-17 17:58:11,289:INFO: - Found new best objective
2024-03-17 17:58:11,884:INFO: Epoch 12/20
2024-03-17 18:01:42,091:INFO: - Train metrics: loss: 1.3681; lr:c: 3.61e-04
2024-03-17 18:01:42,991:INFO: Using default tokenizer.
2024-03-17 18:01:43,020:INFO: Using default tokenizer.
2024-03-17 18:01:43,047:INFO: Using default tokenizer.
2024-03-17 18:01:43,968:INFO: Using default tokenizer.
2024-03-17 18:01:43,995:INFO: Using default tokenizer.
2024-03-17 18:01:44,022:INFO: Using default tokenizer.
2024-03-17 18:01:44,950:INFO: Using default tokenizer.
2024-03-17 18:01:44,978:INFO: Using default tokenizer.
2024-03-17 18:01:45,005:INFO: Using default tokenizer.
2024-03-17 18:01:45,807:INFO: Using default tokenizer.
2024-03-17 18:01:45,834:INFO: Using default tokenizer.
2024-03-17 18:01:45,861:INFO: Using default tokenizer.
2024-03-17 18:01:47,212:INFO: Using default tokenizer.
2024-03-17 18:01:47,240:INFO: Using default tokenizer.
2024-03-17 18:01:47,270:INFO: Using default tokenizer.
2024-03-17 18:01:48,659:INFO: Using default tokenizer.
2024-03-17 18:01:48,686:INFO: Using default tokenizer.
2024-03-17 18:01:48,714:INFO: Using default tokenizer.
2024-03-17 18:01:49,744:INFO: Using default tokenizer.
2024-03-17 18:01:49,771:INFO: Using default tokenizer.
2024-03-17 18:01:49,799:INFO: Using default tokenizer.
2024-03-17 18:01:50,682:INFO: Using default tokenizer.
2024-03-17 18:01:50,710:INFO: Using default tokenizer.
2024-03-17 18:01:50,737:INFO: Using default tokenizer.
2024-03-17 18:01:52,215:INFO: Using default tokenizer.
2024-03-17 18:01:52,244:INFO: Using default tokenizer.
2024-03-17 18:01:52,273:INFO: Using default tokenizer.
2024-03-17 18:01:53,337:INFO: Using default tokenizer.
2024-03-17 18:01:53,366:INFO: Using default tokenizer.
2024-03-17 18:01:53,393:INFO: Using default tokenizer.
2024-03-17 18:01:54,275:INFO: Using default tokenizer.
2024-03-17 18:01:54,303:INFO: Using default tokenizer.
2024-03-17 18:01:54,331:INFO: Using default tokenizer.
2024-03-17 18:01:55,477:INFO: Using default tokenizer.
2024-03-17 18:01:55,505:INFO: Using default tokenizer.
2024-03-17 18:01:55,534:INFO: Using default tokenizer.
2024-03-17 18:01:56,627:INFO: Using default tokenizer.
2024-03-17 18:01:56,655:INFO: Using default tokenizer.
2024-03-17 18:01:56,683:INFO: Using default tokenizer.
2024-03-17 18:01:57,617:INFO: Using default tokenizer.
2024-03-17 18:01:57,645:INFO: Using default tokenizer.
2024-03-17 18:01:57,674:INFO: Using default tokenizer.
2024-03-17 18:01:58,653:INFO: Using default tokenizer.
2024-03-17 18:01:58,681:INFO: Using default tokenizer.
2024-03-17 18:01:58,709:INFO: Using default tokenizer.
2024-03-17 18:01:59,660:INFO: Using default tokenizer.
2024-03-17 18:01:59,689:INFO: Using default tokenizer.
2024-03-17 18:01:59,717:INFO: Using default tokenizer.
2024-03-17 18:02:00,552:INFO: Using default tokenizer.
2024-03-17 18:02:00,579:INFO: Using default tokenizer.
2024-03-17 18:02:00,607:INFO: Using default tokenizer.
2024-03-17 18:02:01,659:INFO: Using default tokenizer.
2024-03-17 18:02:01,688:INFO: Using default tokenizer.
2024-03-17 18:02:01,716:INFO: Using default tokenizer.
2024-03-17 18:02:02,726:INFO: Using default tokenizer.
2024-03-17 18:02:02,754:INFO: Using default tokenizer.
2024-03-17 18:02:02,782:INFO: Using default tokenizer.
2024-03-17 18:02:03,829:INFO: Using default tokenizer.
2024-03-17 18:02:03,858:INFO: Using default tokenizer.
2024-03-17 18:02:03,886:INFO: Using default tokenizer.
2024-03-17 18:02:05,164:INFO: Using default tokenizer.
2024-03-17 18:02:05,193:INFO: Using default tokenizer.
2024-03-17 18:02:05,222:INFO: Using default tokenizer.
2024-03-17 18:02:06,354:INFO: Using default tokenizer.
2024-03-17 18:02:06,383:INFO: Using default tokenizer.
2024-03-17 18:02:06,412:INFO: Using default tokenizer.
2024-03-17 18:02:07,560:INFO: Using default tokenizer.
2024-03-17 18:02:07,589:INFO: Using default tokenizer.
2024-03-17 18:02:07,617:INFO: Using default tokenizer.
2024-03-17 18:02:08,883:INFO: Using default tokenizer.
2024-03-17 18:02:08,912:INFO: Using default tokenizer.
2024-03-17 18:02:08,940:INFO: Using default tokenizer.
2024-03-17 18:02:09,789:INFO: Using default tokenizer.
2024-03-17 18:02:09,817:INFO: Using default tokenizer.
2024-03-17 18:02:09,845:INFO: Using default tokenizer.
2024-03-17 18:02:10,969:INFO: Using default tokenizer.
2024-03-17 18:02:10,998:INFO: Using default tokenizer.
2024-03-17 18:02:11,026:INFO: Using default tokenizer.
2024-03-17 18:02:14,307:INFO: - Evaluation metrics: loss: 1.4077; rouge1: 0.5143; rouge2: 0.2668; rougeL: 0.4275
2024-03-17 18:02:15,025:INFO: - Found new best objective
2024-03-17 18:02:15,604:INFO: Epoch 13/20
2024-03-17 18:05:45,782:INFO: - Train metrics: loss: 1.3668; lr:c: 2.86e-04
2024-03-17 18:05:46,852:INFO: Using default tokenizer.
2024-03-17 18:05:46,880:INFO: Using default tokenizer.
2024-03-17 18:05:46,908:INFO: Using default tokenizer.
2024-03-17 18:05:47,776:INFO: Using default tokenizer.
2024-03-17 18:05:47,803:INFO: Using default tokenizer.
2024-03-17 18:05:47,830:INFO: Using default tokenizer.
2024-03-17 18:05:48,785:INFO: Using default tokenizer.
2024-03-17 18:05:48,812:INFO: Using default tokenizer.
2024-03-17 18:05:48,840:INFO: Using default tokenizer.
2024-03-17 18:05:49,827:INFO: Using default tokenizer.
2024-03-17 18:05:49,855:INFO: Using default tokenizer.
2024-03-17 18:05:49,885:INFO: Using default tokenizer.
2024-03-17 18:05:50,882:INFO: Using default tokenizer.
2024-03-17 18:05:50,910:INFO: Using default tokenizer.
2024-03-17 18:05:50,938:INFO: Using default tokenizer.
2024-03-17 18:05:52,464:INFO: Using default tokenizer.
2024-03-17 18:05:52,492:INFO: Using default tokenizer.
2024-03-17 18:05:52,520:INFO: Using default tokenizer.
2024-03-17 18:05:53,589:INFO: Using default tokenizer.
2024-03-17 18:05:53,619:INFO: Using default tokenizer.
2024-03-17 18:05:53,647:INFO: Using default tokenizer.
2024-03-17 18:05:54,669:INFO: Using default tokenizer.
2024-03-17 18:05:54,696:INFO: Using default tokenizer.
2024-03-17 18:05:54,724:INFO: Using default tokenizer.
2024-03-17 18:05:56,060:INFO: Using default tokenizer.
2024-03-17 18:05:56,088:INFO: Using default tokenizer.
2024-03-17 18:05:56,116:INFO: Using default tokenizer.
2024-03-17 18:05:57,243:INFO: Using default tokenizer.
2024-03-17 18:05:57,274:INFO: Using default tokenizer.
2024-03-17 18:05:57,301:INFO: Using default tokenizer.
2024-03-17 18:05:58,277:INFO: Using default tokenizer.
2024-03-17 18:05:58,304:INFO: Using default tokenizer.
2024-03-17 18:05:58,332:INFO: Using default tokenizer.
2024-03-17 18:05:59,298:INFO: Using default tokenizer.
2024-03-17 18:05:59,327:INFO: Using default tokenizer.
2024-03-17 18:05:59,356:INFO: Using default tokenizer.
2024-03-17 18:06:00,536:INFO: Using default tokenizer.
2024-03-17 18:06:00,566:INFO: Using default tokenizer.
2024-03-17 18:06:00,594:INFO: Using default tokenizer.
2024-03-17 18:06:01,565:INFO: Using default tokenizer.
2024-03-17 18:06:01,593:INFO: Using default tokenizer.
2024-03-17 18:06:01,621:INFO: Using default tokenizer.
2024-03-17 18:06:02,655:INFO: Using default tokenizer.
2024-03-17 18:06:02,683:INFO: Using default tokenizer.
2024-03-17 18:06:02,711:INFO: Using default tokenizer.
2024-03-17 18:06:03,719:INFO: Using default tokenizer.
2024-03-17 18:06:03,747:INFO: Using default tokenizer.
2024-03-17 18:06:03,776:INFO: Using default tokenizer.
2024-03-17 18:06:04,571:INFO: Using default tokenizer.
2024-03-17 18:06:04,598:INFO: Using default tokenizer.
2024-03-17 18:06:04,625:INFO: Using default tokenizer.
2024-03-17 18:06:05,732:INFO: Using default tokenizer.
2024-03-17 18:06:05,761:INFO: Using default tokenizer.
2024-03-17 18:06:05,789:INFO: Using default tokenizer.
2024-03-17 18:06:06,780:INFO: Using default tokenizer.
2024-03-17 18:06:06,807:INFO: Using default tokenizer.
2024-03-17 18:06:06,835:INFO: Using default tokenizer.
2024-03-17 18:06:07,928:INFO: Using default tokenizer.
2024-03-17 18:06:07,956:INFO: Using default tokenizer.
2024-03-17 18:06:07,985:INFO: Using default tokenizer.
2024-03-17 18:06:09,267:INFO: Using default tokenizer.
2024-03-17 18:06:09,295:INFO: Using default tokenizer.
2024-03-17 18:06:09,323:INFO: Using default tokenizer.
2024-03-17 18:06:10,289:INFO: Using default tokenizer.
2024-03-17 18:06:10,317:INFO: Using default tokenizer.
2024-03-17 18:06:10,345:INFO: Using default tokenizer.
2024-03-17 18:06:11,541:INFO: Using default tokenizer.
2024-03-17 18:06:11,569:INFO: Using default tokenizer.
2024-03-17 18:06:11,597:INFO: Using default tokenizer.
2024-03-17 18:06:12,864:INFO: Using default tokenizer.
2024-03-17 18:06:12,892:INFO: Using default tokenizer.
2024-03-17 18:06:12,920:INFO: Using default tokenizer.
2024-03-17 18:06:13,854:INFO: Using default tokenizer.
2024-03-17 18:06:13,882:INFO: Using default tokenizer.
2024-03-17 18:06:13,910:INFO: Using default tokenizer.
2024-03-17 18:06:14,967:INFO: Using default tokenizer.
2024-03-17 18:06:14,996:INFO: Using default tokenizer.
2024-03-17 18:06:15,025:INFO: Using default tokenizer.
2024-03-17 18:06:18,477:INFO: - Evaluation metrics: loss: 1.4025; rouge1: 0.5114; rouge2: 0.2655; rougeL: 0.4225
2024-03-17 18:06:19,696:INFO: Epoch 14/20
2024-03-17 18:09:49,872:INFO: - Train metrics: loss: 1.3672; lr:c: 2.16e-04
2024-03-17 18:09:51,014:INFO: Using default tokenizer.
2024-03-17 18:09:51,042:INFO: Using default tokenizer.
2024-03-17 18:09:51,070:INFO: Using default tokenizer.
2024-03-17 18:09:52,059:INFO: Using default tokenizer.
2024-03-17 18:09:52,086:INFO: Using default tokenizer.
2024-03-17 18:09:52,114:INFO: Using default tokenizer.
2024-03-17 18:09:53,037:INFO: Using default tokenizer.
2024-03-17 18:09:53,066:INFO: Using default tokenizer.
2024-03-17 18:09:53,093:INFO: Using default tokenizer.
2024-03-17 18:09:54,003:INFO: Using default tokenizer.
2024-03-17 18:09:54,031:INFO: Using default tokenizer.
2024-03-17 18:09:54,058:INFO: Using default tokenizer.
2024-03-17 18:09:55,030:INFO: Using default tokenizer.
2024-03-17 18:09:55,058:INFO: Using default tokenizer.
2024-03-17 18:09:55,085:INFO: Using default tokenizer.
2024-03-17 18:09:56,467:INFO: Using default tokenizer.
2024-03-17 18:09:56,494:INFO: Using default tokenizer.
2024-03-17 18:09:56,522:INFO: Using default tokenizer.
2024-03-17 18:09:57,542:INFO: Using default tokenizer.
2024-03-17 18:09:57,570:INFO: Using default tokenizer.
2024-03-17 18:09:57,597:INFO: Using default tokenizer.
2024-03-17 18:09:58,635:INFO: Using default tokenizer.
2024-03-17 18:09:58,663:INFO: Using default tokenizer.
2024-03-17 18:09:58,690:INFO: Using default tokenizer.
2024-03-17 18:09:59,994:INFO: Using default tokenizer.
2024-03-17 18:10:00,023:INFO: Using default tokenizer.
2024-03-17 18:10:00,051:INFO: Using default tokenizer.
2024-03-17 18:10:01,199:INFO: Using default tokenizer.
2024-03-17 18:10:01,227:INFO: Using default tokenizer.
2024-03-17 18:10:01,255:INFO: Using default tokenizer.
2024-03-17 18:10:02,149:INFO: Using default tokenizer.
2024-03-17 18:10:02,178:INFO: Using default tokenizer.
2024-03-17 18:10:02,205:INFO: Using default tokenizer.
2024-03-17 18:10:03,452:INFO: Using default tokenizer.
2024-03-17 18:10:03,481:INFO: Using default tokenizer.
2024-03-17 18:10:03,510:INFO: Using default tokenizer.
2024-03-17 18:10:04,619:INFO: Using default tokenizer.
2024-03-17 18:10:04,647:INFO: Using default tokenizer.
2024-03-17 18:10:04,675:INFO: Using default tokenizer.
2024-03-17 18:10:05,900:INFO: Using default tokenizer.
2024-03-17 18:10:05,928:INFO: Using default tokenizer.
2024-03-17 18:10:05,956:INFO: Using default tokenizer.
2024-03-17 18:10:07,018:INFO: Using default tokenizer.
2024-03-17 18:10:07,047:INFO: Using default tokenizer.
2024-03-17 18:10:07,074:INFO: Using default tokenizer.
2024-03-17 18:10:08,139:INFO: Using default tokenizer.
2024-03-17 18:10:08,167:INFO: Using default tokenizer.
2024-03-17 18:10:08,196:INFO: Using default tokenizer.
2024-03-17 18:10:09,008:INFO: Using default tokenizer.
2024-03-17 18:10:09,036:INFO: Using default tokenizer.
2024-03-17 18:10:09,063:INFO: Using default tokenizer.
2024-03-17 18:10:10,116:INFO: Using default tokenizer.
2024-03-17 18:10:10,145:INFO: Using default tokenizer.
2024-03-17 18:10:10,173:INFO: Using default tokenizer.
2024-03-17 18:10:11,399:INFO: Using default tokenizer.
2024-03-17 18:10:11,427:INFO: Using default tokenizer.
2024-03-17 18:10:11,454:INFO: Using default tokenizer.
2024-03-17 18:10:12,520:INFO: Using default tokenizer.
2024-03-17 18:10:12,548:INFO: Using default tokenizer.
2024-03-17 18:10:12,576:INFO: Using default tokenizer.
2024-03-17 18:10:13,867:INFO: Using default tokenizer.
2024-03-17 18:10:13,896:INFO: Using default tokenizer.
2024-03-17 18:10:13,924:INFO: Using default tokenizer.
2024-03-17 18:10:15,037:INFO: Using default tokenizer.
2024-03-17 18:10:15,065:INFO: Using default tokenizer.
2024-03-17 18:10:15,093:INFO: Using default tokenizer.
2024-03-17 18:10:16,190:INFO: Using default tokenizer.
2024-03-17 18:10:16,219:INFO: Using default tokenizer.
2024-03-17 18:10:16,246:INFO: Using default tokenizer.
2024-03-17 18:10:17,553:INFO: Using default tokenizer.
2024-03-17 18:10:17,581:INFO: Using default tokenizer.
2024-03-17 18:10:17,608:INFO: Using default tokenizer.
2024-03-17 18:10:18,544:INFO: Using default tokenizer.
2024-03-17 18:10:18,571:INFO: Using default tokenizer.
2024-03-17 18:10:18,599:INFO: Using default tokenizer.
2024-03-17 18:10:19,725:INFO: Using default tokenizer.
2024-03-17 18:10:19,754:INFO: Using default tokenizer.
2024-03-17 18:10:19,782:INFO: Using default tokenizer.
2024-03-17 18:10:21,126:INFO: - Evaluation metrics: loss: 1.4052; rouge1: 0.5143; rouge2: 0.2665; rougeL: 0.4254
2024-03-17 18:10:22,328:INFO: - Found new best objective
2024-03-17 18:10:22,906:INFO: Epoch 15/20
2024-03-17 18:13:53,156:INFO: - Train metrics: loss: 1.3543; lr:c: 1.53e-04
2024-03-17 18:13:54,073:INFO: Using default tokenizer.
2024-03-17 18:13:54,101:INFO: Using default tokenizer.
2024-03-17 18:13:54,129:INFO: Using default tokenizer.
2024-03-17 18:13:55,176:INFO: Using default tokenizer.
2024-03-17 18:13:55,204:INFO: Using default tokenizer.
2024-03-17 18:13:55,231:INFO: Using default tokenizer.
2024-03-17 18:13:56,153:INFO: Using default tokenizer.
2024-03-17 18:13:56,181:INFO: Using default tokenizer.
2024-03-17 18:13:56,209:INFO: Using default tokenizer.
2024-03-17 18:13:57,196:INFO: Using default tokenizer.
2024-03-17 18:13:57,225:INFO: Using default tokenizer.
2024-03-17 18:13:57,254:INFO: Using default tokenizer.
2024-03-17 18:13:58,291:INFO: Using default tokenizer.
2024-03-17 18:13:58,319:INFO: Using default tokenizer.
2024-03-17 18:13:58,347:INFO: Using default tokenizer.
2024-03-17 18:13:59,734:INFO: Using default tokenizer.
2024-03-17 18:13:59,762:INFO: Using default tokenizer.
2024-03-17 18:13:59,790:INFO: Using default tokenizer.
2024-03-17 18:14:00,820:INFO: Using default tokenizer.
2024-03-17 18:14:00,847:INFO: Using default tokenizer.
2024-03-17 18:14:00,875:INFO: Using default tokenizer.
2024-03-17 18:14:02,033:INFO: Using default tokenizer.
2024-03-17 18:14:02,061:INFO: Using default tokenizer.
2024-03-17 18:14:02,088:INFO: Using default tokenizer.
2024-03-17 18:14:03,660:INFO: Using default tokenizer.
2024-03-17 18:14:03,688:INFO: Using default tokenizer.
2024-03-17 18:14:03,717:INFO: Using default tokenizer.
2024-03-17 18:14:04,903:INFO: Using default tokenizer.
2024-03-17 18:14:04,931:INFO: Using default tokenizer.
2024-03-17 18:14:04,959:INFO: Using default tokenizer.
2024-03-17 18:14:05,910:INFO: Using default tokenizer.
2024-03-17 18:14:05,938:INFO: Using default tokenizer.
2024-03-17 18:14:05,966:INFO: Using default tokenizer.
2024-03-17 18:14:06,968:INFO: Using default tokenizer.
2024-03-17 18:14:06,997:INFO: Using default tokenizer.
2024-03-17 18:14:07,025:INFO: Using default tokenizer.
2024-03-17 18:14:08,326:INFO: Using default tokenizer.
2024-03-17 18:14:08,357:INFO: Using default tokenizer.
2024-03-17 18:14:08,385:INFO: Using default tokenizer.
2024-03-17 18:14:09,369:INFO: Using default tokenizer.
2024-03-17 18:14:09,400:INFO: Using default tokenizer.
2024-03-17 18:14:09,428:INFO: Using default tokenizer.
2024-03-17 18:14:10,572:INFO: Using default tokenizer.
2024-03-17 18:14:10,602:INFO: Using default tokenizer.
2024-03-17 18:14:10,633:INFO: Using default tokenizer.
2024-03-17 18:14:11,652:INFO: Using default tokenizer.
2024-03-17 18:14:11,681:INFO: Using default tokenizer.
2024-03-17 18:14:11,709:INFO: Using default tokenizer.
2024-03-17 18:14:12,668:INFO: Using default tokenizer.
2024-03-17 18:14:12,696:INFO: Using default tokenizer.
2024-03-17 18:14:12,723:INFO: Using default tokenizer.
2024-03-17 18:14:13,781:INFO: Using default tokenizer.
2024-03-17 18:14:13,810:INFO: Using default tokenizer.
2024-03-17 18:14:13,838:INFO: Using default tokenizer.
2024-03-17 18:14:14,878:INFO: Using default tokenizer.
2024-03-17 18:14:14,906:INFO: Using default tokenizer.
2024-03-17 18:14:14,934:INFO: Using default tokenizer.
2024-03-17 18:14:15,978:INFO: Using default tokenizer.
2024-03-17 18:14:16,006:INFO: Using default tokenizer.
2024-03-17 18:14:16,034:INFO: Using default tokenizer.
2024-03-17 18:14:17,481:INFO: Using default tokenizer.
2024-03-17 18:14:17,509:INFO: Using default tokenizer.
2024-03-17 18:14:17,537:INFO: Using default tokenizer.
2024-03-17 18:14:18,621:INFO: Using default tokenizer.
2024-03-17 18:14:18,649:INFO: Using default tokenizer.
2024-03-17 18:14:18,679:INFO: Using default tokenizer.
2024-03-17 18:14:19,843:INFO: Using default tokenizer.
2024-03-17 18:14:19,872:INFO: Using default tokenizer.
2024-03-17 18:14:19,900:INFO: Using default tokenizer.
2024-03-17 18:14:21,214:INFO: Using default tokenizer.
2024-03-17 18:14:21,242:INFO: Using default tokenizer.
2024-03-17 18:14:21,271:INFO: Using default tokenizer.
2024-03-17 18:14:22,263:INFO: Using default tokenizer.
2024-03-17 18:14:22,293:INFO: Using default tokenizer.
2024-03-17 18:14:22,320:INFO: Using default tokenizer.
2024-03-17 18:14:23,866:INFO: Using default tokenizer.
2024-03-17 18:14:23,898:INFO: Using default tokenizer.
2024-03-17 18:14:23,927:INFO: Using default tokenizer.
2024-03-17 18:14:26,208:INFO: - Evaluation metrics: loss: 1.4033; rouge1: 0.5133; rouge2: 0.2664; rougeL: 0.4242
2024-03-17 18:14:27,416:INFO: Epoch 16/20
2024-03-17 18:17:57,601:INFO: - Train metrics: loss: 1.3538; lr:c: 9.99e-05
2024-03-17 18:17:58,490:INFO: Using default tokenizer.
2024-03-17 18:17:58,536:INFO: Using default tokenizer.
2024-03-17 18:17:58,565:INFO: Using default tokenizer.
2024-03-17 18:17:59,466:INFO: Using default tokenizer.
2024-03-17 18:17:59,493:INFO: Using default tokenizer.
2024-03-17 18:17:59,519:INFO: Using default tokenizer.
2024-03-17 18:18:00,449:INFO: Using default tokenizer.
2024-03-17 18:18:00,478:INFO: Using default tokenizer.
2024-03-17 18:18:00,506:INFO: Using default tokenizer.
2024-03-17 18:18:01,643:INFO: Using default tokenizer.
2024-03-17 18:18:01,671:INFO: Using default tokenizer.
2024-03-17 18:18:01,699:INFO: Using default tokenizer.
2024-03-17 18:18:02,741:INFO: Using default tokenizer.
2024-03-17 18:18:02,769:INFO: Using default tokenizer.
2024-03-17 18:18:02,798:INFO: Using default tokenizer.
2024-03-17 18:18:04,182:INFO: Using default tokenizer.
2024-03-17 18:18:04,210:INFO: Using default tokenizer.
2024-03-17 18:18:04,237:INFO: Using default tokenizer.
2024-03-17 18:18:05,266:INFO: Using default tokenizer.
2024-03-17 18:18:05,293:INFO: Using default tokenizer.
2024-03-17 18:18:05,321:INFO: Using default tokenizer.
2024-03-17 18:18:06,443:INFO: Using default tokenizer.
2024-03-17 18:18:06,470:INFO: Using default tokenizer.
2024-03-17 18:18:06,497:INFO: Using default tokenizer.
2024-03-17 18:18:07,846:INFO: Using default tokenizer.
2024-03-17 18:18:07,875:INFO: Using default tokenizer.
2024-03-17 18:18:07,903:INFO: Using default tokenizer.
2024-03-17 18:18:09,067:INFO: Using default tokenizer.
2024-03-17 18:18:09,095:INFO: Using default tokenizer.
2024-03-17 18:18:09,123:INFO: Using default tokenizer.
2024-03-17 18:18:10,137:INFO: Using default tokenizer.
2024-03-17 18:18:10,165:INFO: Using default tokenizer.
2024-03-17 18:18:10,193:INFO: Using default tokenizer.
2024-03-17 18:18:11,160:INFO: Using default tokenizer.
2024-03-17 18:18:11,188:INFO: Using default tokenizer.
2024-03-17 18:18:11,216:INFO: Using default tokenizer.
2024-03-17 18:18:12,305:INFO: Using default tokenizer.
2024-03-17 18:18:12,332:INFO: Using default tokenizer.
2024-03-17 18:18:12,360:INFO: Using default tokenizer.
2024-03-17 18:18:13,575:INFO: Using default tokenizer.
2024-03-17 18:18:13,603:INFO: Using default tokenizer.
2024-03-17 18:18:13,631:INFO: Using default tokenizer.
2024-03-17 18:18:14,689:INFO: Using default tokenizer.
2024-03-17 18:18:14,718:INFO: Using default tokenizer.
2024-03-17 18:18:14,746:INFO: Using default tokenizer.
2024-03-17 18:18:15,800:INFO: Using default tokenizer.
2024-03-17 18:18:15,828:INFO: Using default tokenizer.
2024-03-17 18:18:15,856:INFO: Using default tokenizer.
2024-03-17 18:18:16,660:INFO: Using default tokenizer.
2024-03-17 18:18:16,687:INFO: Using default tokenizer.
2024-03-17 18:18:16,715:INFO: Using default tokenizer.
2024-03-17 18:18:17,771:INFO: Using default tokenizer.
2024-03-17 18:18:17,800:INFO: Using default tokenizer.
2024-03-17 18:18:17,828:INFO: Using default tokenizer.
2024-03-17 18:18:18,870:INFO: Using default tokenizer.
2024-03-17 18:18:18,898:INFO: Using default tokenizer.
2024-03-17 18:18:18,926:INFO: Using default tokenizer.
2024-03-17 18:18:19,993:INFO: Using default tokenizer.
2024-03-17 18:18:20,022:INFO: Using default tokenizer.
2024-03-17 18:18:20,050:INFO: Using default tokenizer.
2024-03-17 18:18:21,228:INFO: Using default tokenizer.
2024-03-17 18:18:21,257:INFO: Using default tokenizer.
2024-03-17 18:18:21,285:INFO: Using default tokenizer.
2024-03-17 18:18:22,313:INFO: Using default tokenizer.
2024-03-17 18:18:22,341:INFO: Using default tokenizer.
2024-03-17 18:18:22,369:INFO: Using default tokenizer.
2024-03-17 18:18:23,502:INFO: Using default tokenizer.
2024-03-17 18:18:23,530:INFO: Using default tokenizer.
2024-03-17 18:18:23,558:INFO: Using default tokenizer.
2024-03-17 18:18:24,806:INFO: Using default tokenizer.
2024-03-17 18:18:24,834:INFO: Using default tokenizer.
2024-03-17 18:18:24,861:INFO: Using default tokenizer.
2024-03-17 18:18:25,788:INFO: Using default tokenizer.
2024-03-17 18:18:25,815:INFO: Using default tokenizer.
2024-03-17 18:18:25,842:INFO: Using default tokenizer.
2024-03-17 18:18:26,940:INFO: Using default tokenizer.
2024-03-17 18:18:26,969:INFO: Using default tokenizer.
2024-03-17 18:18:26,998:INFO: Using default tokenizer.
2024-03-17 18:18:28,679:INFO: - Evaluation metrics: loss: 1.4027; rouge1: 0.5143; rouge2: 0.2674; rougeL: 0.4264
2024-03-17 18:18:29,396:INFO: - Found new best objective
2024-03-17 18:18:30,110:INFO: Epoch 17/20
2024-03-17 18:22:00,430:INFO: - Train metrics: loss: 1.3519; lr:c: 5.68e-05
2024-03-17 18:22:01,398:INFO: Using default tokenizer.
2024-03-17 18:22:01,425:INFO: Using default tokenizer.
2024-03-17 18:22:01,453:INFO: Using default tokenizer.
2024-03-17 18:22:02,433:INFO: Using default tokenizer.
2024-03-17 18:22:02,462:INFO: Using default tokenizer.
2024-03-17 18:22:02,490:INFO: Using default tokenizer.
2024-03-17 18:22:03,460:INFO: Using default tokenizer.
2024-03-17 18:22:03,490:INFO: Using default tokenizer.
2024-03-17 18:22:03,527:INFO: Using default tokenizer.
2024-03-17 18:22:04,720:INFO: Using default tokenizer.
2024-03-17 18:22:04,748:INFO: Using default tokenizer.
2024-03-17 18:22:04,775:INFO: Using default tokenizer.
2024-03-17 18:22:05,850:INFO: Using default tokenizer.
2024-03-17 18:22:05,878:INFO: Using default tokenizer.
2024-03-17 18:22:05,906:INFO: Using default tokenizer.
2024-03-17 18:22:07,364:INFO: Using default tokenizer.
2024-03-17 18:22:07,393:INFO: Using default tokenizer.
2024-03-17 18:22:07,424:INFO: Using default tokenizer.
2024-03-17 18:22:08,525:INFO: Using default tokenizer.
2024-03-17 18:22:08,553:INFO: Using default tokenizer.
2024-03-17 18:22:08,580:INFO: Using default tokenizer.
2024-03-17 18:22:09,540:INFO: Using default tokenizer.
2024-03-17 18:22:09,567:INFO: Using default tokenizer.
2024-03-17 18:22:09,594:INFO: Using default tokenizer.
2024-03-17 18:22:10,927:INFO: Using default tokenizer.
2024-03-17 18:22:10,955:INFO: Using default tokenizer.
2024-03-17 18:22:10,984:INFO: Using default tokenizer.
2024-03-17 18:22:12,121:INFO: Using default tokenizer.
2024-03-17 18:22:12,149:INFO: Using default tokenizer.
2024-03-17 18:22:12,177:INFO: Using default tokenizer.
2024-03-17 18:22:13,135:INFO: Using default tokenizer.
2024-03-17 18:22:13,163:INFO: Using default tokenizer.
2024-03-17 18:22:13,190:INFO: Using default tokenizer.
2024-03-17 18:22:14,143:INFO: Using default tokenizer.
2024-03-17 18:22:14,172:INFO: Using default tokenizer.
2024-03-17 18:22:14,200:INFO: Using default tokenizer.
2024-03-17 18:22:15,248:INFO: Using default tokenizer.
2024-03-17 18:22:15,276:INFO: Using default tokenizer.
2024-03-17 18:22:15,304:INFO: Using default tokenizer.
2024-03-17 18:22:16,513:INFO: Using default tokenizer.
2024-03-17 18:22:16,541:INFO: Using default tokenizer.
2024-03-17 18:22:16,570:INFO: Using default tokenizer.
2024-03-17 18:22:17,545:INFO: Using default tokenizer.
2024-03-17 18:22:17,572:INFO: Using default tokenizer.
2024-03-17 18:22:17,600:INFO: Using default tokenizer.
2024-03-17 18:22:18,500:INFO: Using default tokenizer.
2024-03-17 18:22:18,528:INFO: Using default tokenizer.
2024-03-17 18:22:18,556:INFO: Using default tokenizer.
2024-03-17 18:22:19,365:INFO: Using default tokenizer.
2024-03-17 18:22:19,393:INFO: Using default tokenizer.
2024-03-17 18:22:19,420:INFO: Using default tokenizer.
2024-03-17 18:22:20,476:INFO: Using default tokenizer.
2024-03-17 18:22:20,505:INFO: Using default tokenizer.
2024-03-17 18:22:20,533:INFO: Using default tokenizer.
2024-03-17 18:22:21,568:INFO: Using default tokenizer.
2024-03-17 18:22:21,596:INFO: Using default tokenizer.
2024-03-17 18:22:21,623:INFO: Using default tokenizer.
2024-03-17 18:22:22,686:INFO: Using default tokenizer.
2024-03-17 18:22:22,714:INFO: Using default tokenizer.
2024-03-17 18:22:22,742:INFO: Using default tokenizer.
2024-03-17 18:22:23,978:INFO: Using default tokenizer.
2024-03-17 18:22:24,006:INFO: Using default tokenizer.
2024-03-17 18:22:24,034:INFO: Using default tokenizer.
2024-03-17 18:22:24,987:INFO: Using default tokenizer.
2024-03-17 18:22:25,015:INFO: Using default tokenizer.
2024-03-17 18:22:25,043:INFO: Using default tokenizer.
2024-03-17 18:22:26,181:INFO: Using default tokenizer.
2024-03-17 18:22:26,208:INFO: Using default tokenizer.
2024-03-17 18:22:26,236:INFO: Using default tokenizer.
2024-03-17 18:22:27,488:INFO: Using default tokenizer.
2024-03-17 18:22:27,516:INFO: Using default tokenizer.
2024-03-17 18:22:27,544:INFO: Using default tokenizer.
2024-03-17 18:22:28,518:INFO: Using default tokenizer.
2024-03-17 18:22:28,546:INFO: Using default tokenizer.
2024-03-17 18:22:28,573:INFO: Using default tokenizer.
2024-03-17 18:22:29,904:INFO: Using default tokenizer.
2024-03-17 18:22:29,933:INFO: Using default tokenizer.
2024-03-17 18:22:29,962:INFO: Using default tokenizer.
2024-03-17 18:22:31,353:INFO: - Evaluation metrics: loss: 1.4032; rouge1: 0.5144; rouge2: 0.2673; rougeL: 0.4255
2024-03-17 18:22:32,555:INFO: - Found new best objective
2024-03-17 18:22:33,185:INFO: Epoch 18/20
2024-03-17 18:26:03,260:INFO: - Train metrics: loss: 1.3539; lr:c: 2.53e-05
2024-03-17 18:26:04,134:INFO: Using default tokenizer.
2024-03-17 18:26:04,162:INFO: Using default tokenizer.
2024-03-17 18:26:04,189:INFO: Using default tokenizer.
2024-03-17 18:26:05,126:INFO: Using default tokenizer.
2024-03-17 18:26:05,154:INFO: Using default tokenizer.
2024-03-17 18:26:05,181:INFO: Using default tokenizer.
2024-03-17 18:26:06,104:INFO: Using default tokenizer.
2024-03-17 18:26:06,132:INFO: Using default tokenizer.
2024-03-17 18:26:06,160:INFO: Using default tokenizer.
2024-03-17 18:26:07,294:INFO: Using default tokenizer.
2024-03-17 18:26:07,322:INFO: Using default tokenizer.
2024-03-17 18:26:07,350:INFO: Using default tokenizer.
2024-03-17 18:26:08,409:INFO: Using default tokenizer.
2024-03-17 18:26:08,437:INFO: Using default tokenizer.
2024-03-17 18:26:08,464:INFO: Using default tokenizer.
2024-03-17 18:26:09,852:INFO: Using default tokenizer.
2024-03-17 18:26:09,880:INFO: Using default tokenizer.
2024-03-17 18:26:09,907:INFO: Using default tokenizer.
2024-03-17 18:26:10,940:INFO: Using default tokenizer.
2024-03-17 18:26:10,968:INFO: Using default tokenizer.
2024-03-17 18:26:10,996:INFO: Using default tokenizer.
2024-03-17 18:26:12,034:INFO: Using default tokenizer.
2024-03-17 18:26:12,062:INFO: Using default tokenizer.
2024-03-17 18:26:12,089:INFO: Using default tokenizer.
2024-03-17 18:26:13,436:INFO: Using default tokenizer.
2024-03-17 18:26:13,465:INFO: Using default tokenizer.
2024-03-17 18:26:13,494:INFO: Using default tokenizer.
2024-03-17 18:26:14,682:INFO: Using default tokenizer.
2024-03-17 18:26:14,710:INFO: Using default tokenizer.
2024-03-17 18:26:14,737:INFO: Using default tokenizer.
2024-03-17 18:26:15,700:INFO: Using default tokenizer.
2024-03-17 18:26:15,728:INFO: Using default tokenizer.
2024-03-17 18:26:15,756:INFO: Using default tokenizer.
2024-03-17 18:26:16,767:INFO: Using default tokenizer.
2024-03-17 18:26:16,795:INFO: Using default tokenizer.
2024-03-17 18:26:16,823:INFO: Using default tokenizer.
2024-03-17 18:26:17,876:INFO: Using default tokenizer.
2024-03-17 18:26:17,904:INFO: Using default tokenizer.
2024-03-17 18:26:17,932:INFO: Using default tokenizer.
2024-03-17 18:26:18,986:INFO: Using default tokenizer.
2024-03-17 18:26:19,014:INFO: Using default tokenizer.
2024-03-17 18:26:19,042:INFO: Using default tokenizer.
2024-03-17 18:26:20,026:INFO: Using default tokenizer.
2024-03-17 18:26:20,053:INFO: Using default tokenizer.
2024-03-17 18:26:20,081:INFO: Using default tokenizer.
2024-03-17 18:26:21,011:INFO: Using default tokenizer.
2024-03-17 18:26:21,041:INFO: Using default tokenizer.
2024-03-17 18:26:21,071:INFO: Using default tokenizer.
2024-03-17 18:26:21,894:INFO: Using default tokenizer.
2024-03-17 18:26:21,921:INFO: Using default tokenizer.
2024-03-17 18:26:21,948:INFO: Using default tokenizer.
2024-03-17 18:26:23,007:INFO: Using default tokenizer.
2024-03-17 18:26:23,036:INFO: Using default tokenizer.
2024-03-17 18:26:23,064:INFO: Using default tokenizer.
2024-03-17 18:26:24,147:INFO: Using default tokenizer.
2024-03-17 18:26:24,174:INFO: Using default tokenizer.
2024-03-17 18:26:24,202:INFO: Using default tokenizer.
2024-03-17 18:26:25,280:INFO: Using default tokenizer.
2024-03-17 18:26:25,307:INFO: Using default tokenizer.
2024-03-17 18:26:25,335:INFO: Using default tokenizer.
2024-03-17 18:26:26,632:INFO: Using default tokenizer.
2024-03-17 18:26:26,661:INFO: Using default tokenizer.
2024-03-17 18:26:26,689:INFO: Using default tokenizer.
2024-03-17 18:26:27,660:INFO: Using default tokenizer.
2024-03-17 18:26:27,688:INFO: Using default tokenizer.
2024-03-17 18:26:27,716:INFO: Using default tokenizer.
2024-03-17 18:26:28,885:INFO: Using default tokenizer.
2024-03-17 18:26:28,913:INFO: Using default tokenizer.
2024-03-17 18:26:28,940:INFO: Using default tokenizer.
2024-03-17 18:26:30,227:INFO: Using default tokenizer.
2024-03-17 18:26:30,255:INFO: Using default tokenizer.
2024-03-17 18:26:30,283:INFO: Using default tokenizer.
2024-03-17 18:26:31,259:INFO: Using default tokenizer.
2024-03-17 18:26:31,287:INFO: Using default tokenizer.
2024-03-17 18:26:31,315:INFO: Using default tokenizer.
2024-03-17 18:26:32,403:INFO: Using default tokenizer.
2024-03-17 18:26:32,432:INFO: Using default tokenizer.
2024-03-17 18:26:32,460:INFO: Using default tokenizer.
2024-03-17 18:26:34,180:INFO: - Evaluation metrics: loss: 1.4030; rouge1: 0.5155; rouge2: 0.2690; rougeL: 0.4272
2024-03-17 18:26:35,613:INFO: - Found new best objective
2024-03-17 18:26:36,205:INFO: Epoch 19/20
2024-03-17 18:30:06,364:INFO: - Train metrics: loss: 1.3502; lr:c: 6.24e-06
2024-03-17 18:30:07,239:INFO: Using default tokenizer.
2024-03-17 18:30:07,266:INFO: Using default tokenizer.
2024-03-17 18:30:07,294:INFO: Using default tokenizer.
2024-03-17 18:30:08,235:INFO: Using default tokenizer.
2024-03-17 18:30:08,263:INFO: Using default tokenizer.
2024-03-17 18:30:08,290:INFO: Using default tokenizer.
2024-03-17 18:30:09,216:INFO: Using default tokenizer.
2024-03-17 18:30:09,243:INFO: Using default tokenizer.
2024-03-17 18:30:09,271:INFO: Using default tokenizer.
2024-03-17 18:30:10,416:INFO: Using default tokenizer.
2024-03-17 18:30:10,444:INFO: Using default tokenizer.
2024-03-17 18:30:10,472:INFO: Using default tokenizer.
2024-03-17 18:30:11,578:INFO: Using default tokenizer.
2024-03-17 18:30:11,606:INFO: Using default tokenizer.
2024-03-17 18:30:11,634:INFO: Using default tokenizer.
2024-03-17 18:30:13,033:INFO: Using default tokenizer.
2024-03-17 18:30:13,062:INFO: Using default tokenizer.
2024-03-17 18:30:13,090:INFO: Using default tokenizer.
2024-03-17 18:30:14,135:INFO: Using default tokenizer.
2024-03-17 18:30:14,163:INFO: Using default tokenizer.
2024-03-17 18:30:14,190:INFO: Using default tokenizer.
2024-03-17 18:30:15,189:INFO: Using default tokenizer.
2024-03-17 18:30:15,216:INFO: Using default tokenizer.
2024-03-17 18:30:15,243:INFO: Using default tokenizer.
2024-03-17 18:30:16,585:INFO: Using default tokenizer.
2024-03-17 18:30:16,614:INFO: Using default tokenizer.
2024-03-17 18:30:16,642:INFO: Using default tokenizer.
2024-03-17 18:30:17,787:INFO: Using default tokenizer.
2024-03-17 18:30:17,816:INFO: Using default tokenizer.
2024-03-17 18:30:17,844:INFO: Using default tokenizer.
2024-03-17 18:30:18,809:INFO: Using default tokenizer.
2024-03-17 18:30:18,838:INFO: Using default tokenizer.
2024-03-17 18:30:18,865:INFO: Using default tokenizer.
2024-03-17 18:30:19,829:INFO: Using default tokenizer.
2024-03-17 18:30:19,858:INFO: Using default tokenizer.
2024-03-17 18:30:19,886:INFO: Using default tokenizer.
2024-03-17 18:30:20,949:INFO: Using default tokenizer.
2024-03-17 18:30:20,977:INFO: Using default tokenizer.
2024-03-17 18:30:21,005:INFO: Using default tokenizer.
2024-03-17 18:30:22,064:INFO: Using default tokenizer.
2024-03-17 18:30:22,093:INFO: Using default tokenizer.
2024-03-17 18:30:22,121:INFO: Using default tokenizer.
2024-03-17 18:30:23,104:INFO: Using default tokenizer.
2024-03-17 18:30:23,132:INFO: Using default tokenizer.
2024-03-17 18:30:23,159:INFO: Using default tokenizer.
2024-03-17 18:30:24,187:INFO: Using default tokenizer.
2024-03-17 18:30:24,215:INFO: Using default tokenizer.
2024-03-17 18:30:24,243:INFO: Using default tokenizer.
2024-03-17 18:30:25,062:INFO: Using default tokenizer.
2024-03-17 18:30:25,089:INFO: Using default tokenizer.
2024-03-17 18:30:25,117:INFO: Using default tokenizer.
2024-03-17 18:30:26,171:INFO: Using default tokenizer.
2024-03-17 18:30:26,199:INFO: Using default tokenizer.
2024-03-17 18:30:26,227:INFO: Using default tokenizer.
2024-03-17 18:30:27,258:INFO: Using default tokenizer.
2024-03-17 18:30:27,286:INFO: Using default tokenizer.
2024-03-17 18:30:27,313:INFO: Using default tokenizer.
2024-03-17 18:30:28,434:INFO: Using default tokenizer.
2024-03-17 18:30:28,464:INFO: Using default tokenizer.
2024-03-17 18:30:28,494:INFO: Using default tokenizer.
2024-03-17 18:30:29,750:INFO: Using default tokenizer.
2024-03-17 18:30:29,778:INFO: Using default tokenizer.
2024-03-17 18:30:29,806:INFO: Using default tokenizer.
2024-03-17 18:30:30,827:INFO: Using default tokenizer.
2024-03-17 18:30:30,855:INFO: Using default tokenizer.
2024-03-17 18:30:30,883:INFO: Using default tokenizer.
2024-03-17 18:30:32,017:INFO: Using default tokenizer.
2024-03-17 18:30:32,045:INFO: Using default tokenizer.
2024-03-17 18:30:32,072:INFO: Using default tokenizer.
2024-03-17 18:30:33,330:INFO: Using default tokenizer.
2024-03-17 18:30:33,358:INFO: Using default tokenizer.
2024-03-17 18:30:33,385:INFO: Using default tokenizer.
2024-03-17 18:30:34,322:INFO: Using default tokenizer.
2024-03-17 18:30:34,350:INFO: Using default tokenizer.
2024-03-17 18:30:34,377:INFO: Using default tokenizer.
2024-03-17 18:30:35,434:INFO: Using default tokenizer.
2024-03-17 18:30:35,463:INFO: Using default tokenizer.
2024-03-17 18:30:35,491:INFO: Using default tokenizer.
2024-03-17 18:30:37,985:INFO: - Evaluation metrics: loss: 1.4034; rouge1: 0.5148; rouge2: 0.2679; rougeL: 0.4264
2024-03-17 18:30:39,141:INFO: Epoch 20/20
2024-03-17 18:34:09,309:INFO: - Train metrics: loss: 1.3496; lr:c: 3.07e-09
2024-03-17 18:34:10,197:INFO: Using default tokenizer.
2024-03-17 18:34:10,227:INFO: Using default tokenizer.
2024-03-17 18:34:10,254:INFO: Using default tokenizer.
2024-03-17 18:34:11,195:INFO: Using default tokenizer.
2024-03-17 18:34:11,223:INFO: Using default tokenizer.
2024-03-17 18:34:11,255:INFO: Using default tokenizer.
2024-03-17 18:34:12,195:INFO: Using default tokenizer.
2024-03-17 18:34:12,223:INFO: Using default tokenizer.
2024-03-17 18:34:12,252:INFO: Using default tokenizer.
2024-03-17 18:34:13,386:INFO: Using default tokenizer.
2024-03-17 18:34:13,414:INFO: Using default tokenizer.
2024-03-17 18:34:13,442:INFO: Using default tokenizer.
2024-03-17 18:34:14,550:INFO: Using default tokenizer.
2024-03-17 18:34:14,578:INFO: Using default tokenizer.
2024-03-17 18:34:14,606:INFO: Using default tokenizer.
2024-03-17 18:34:16,038:INFO: Using default tokenizer.
2024-03-17 18:34:16,066:INFO: Using default tokenizer.
2024-03-17 18:34:16,100:INFO: Using default tokenizer.
2024-03-17 18:34:17,134:INFO: Using default tokenizer.
2024-03-17 18:34:17,162:INFO: Using default tokenizer.
2024-03-17 18:34:17,189:INFO: Using default tokenizer.
2024-03-17 18:34:18,127:INFO: Using default tokenizer.
2024-03-17 18:34:18,154:INFO: Using default tokenizer.
2024-03-17 18:34:18,181:INFO: Using default tokenizer.
2024-03-17 18:34:19,624:INFO: Using default tokenizer.
2024-03-17 18:34:19,653:INFO: Using default tokenizer.
2024-03-17 18:34:19,682:INFO: Using default tokenizer.
2024-03-17 18:34:20,897:INFO: Using default tokenizer.
2024-03-17 18:34:20,925:INFO: Using default tokenizer.
2024-03-17 18:34:20,953:INFO: Using default tokenizer.
2024-03-17 18:34:21,927:INFO: Using default tokenizer.
2024-03-17 18:34:21,955:INFO: Using default tokenizer.
2024-03-17 18:34:21,983:INFO: Using default tokenizer.
2024-03-17 18:34:22,954:INFO: Using default tokenizer.
2024-03-17 18:34:22,982:INFO: Using default tokenizer.
2024-03-17 18:34:23,010:INFO: Using default tokenizer.
2024-03-17 18:34:24,074:INFO: Using default tokenizer.
2024-03-17 18:34:24,108:INFO: Using default tokenizer.
2024-03-17 18:34:24,136:INFO: Using default tokenizer.
2024-03-17 18:34:25,205:INFO: Using default tokenizer.
2024-03-17 18:34:25,234:INFO: Using default tokenizer.
2024-03-17 18:34:25,263:INFO: Using default tokenizer.
2024-03-17 18:34:26,278:INFO: Using default tokenizer.
2024-03-17 18:34:26,307:INFO: Using default tokenizer.
2024-03-17 18:34:26,335:INFO: Using default tokenizer.
2024-03-17 18:34:27,272:INFO: Using default tokenizer.
2024-03-17 18:34:27,300:INFO: Using default tokenizer.
2024-03-17 18:34:27,329:INFO: Using default tokenizer.
2024-03-17 18:34:28,157:INFO: Using default tokenizer.
2024-03-17 18:34:28,185:INFO: Using default tokenizer.
2024-03-17 18:34:28,313:INFO: Using default tokenizer.
2024-03-17 18:34:29,423:INFO: Using default tokenizer.
2024-03-17 18:34:29,454:INFO: Using default tokenizer.
2024-03-17 18:34:29,482:INFO: Using default tokenizer.
2024-03-17 18:34:30,523:INFO: Using default tokenizer.
2024-03-17 18:34:30,551:INFO: Using default tokenizer.
2024-03-17 18:34:30,580:INFO: Using default tokenizer.
2024-03-17 18:34:31,652:INFO: Using default tokenizer.
2024-03-17 18:34:31,680:INFO: Using default tokenizer.
2024-03-17 18:34:31,708:INFO: Using default tokenizer.
2024-03-17 18:34:32,953:INFO: Using default tokenizer.
2024-03-17 18:34:32,981:INFO: Using default tokenizer.
2024-03-17 18:34:33,009:INFO: Using default tokenizer.
2024-03-17 18:34:34,041:INFO: Using default tokenizer.
2024-03-17 18:34:34,069:INFO: Using default tokenizer.
2024-03-17 18:34:34,097:INFO: Using default tokenizer.
2024-03-17 18:34:35,276:INFO: Using default tokenizer.
2024-03-17 18:34:35,304:INFO: Using default tokenizer.
2024-03-17 18:34:35,332:INFO: Using default tokenizer.
2024-03-17 18:34:36,579:INFO: Using default tokenizer.
2024-03-17 18:34:36,607:INFO: Using default tokenizer.
2024-03-17 18:34:36,635:INFO: Using default tokenizer.
2024-03-17 18:34:37,564:INFO: Using default tokenizer.
2024-03-17 18:34:37,592:INFO: Using default tokenizer.
2024-03-17 18:34:37,619:INFO: Using default tokenizer.
2024-03-17 18:34:38,671:INFO: Using default tokenizer.
2024-03-17 18:34:38,700:INFO: Using default tokenizer.
2024-03-17 18:34:38,728:INFO: Using default tokenizer.
2024-03-17 18:34:41,411:INFO: - Evaluation metrics: loss: 1.4031; rouge1: 0.5148; rouge2: 0.2681; rougeL: 0.4265
