2024-03-17 18:35:05,261:INFO: Epoch 1/20
2024-03-17 18:38:24,144:INFO: - Train metrics: loss: 1.4952; lr:c: 9.99e-04
2024-03-17 18:38:25,103:INFO: Using default tokenizer.
2024-03-17 18:38:25,131:INFO: Using default tokenizer.
2024-03-17 18:38:25,159:INFO: Using default tokenizer.
2024-03-17 18:38:26,117:INFO: Using default tokenizer.
2024-03-17 18:38:26,145:INFO: Using default tokenizer.
2024-03-17 18:38:26,171:INFO: Using default tokenizer.
2024-03-17 18:38:27,208:INFO: Using default tokenizer.
2024-03-17 18:38:27,236:INFO: Using default tokenizer.
2024-03-17 18:38:27,264:INFO: Using default tokenizer.
2024-03-17 18:38:28,346:INFO: Using default tokenizer.
2024-03-17 18:38:28,374:INFO: Using default tokenizer.
2024-03-17 18:38:28,401:INFO: Using default tokenizer.
2024-03-17 18:38:29,373:INFO: Using default tokenizer.
2024-03-17 18:38:29,401:INFO: Using default tokenizer.
2024-03-17 18:38:29,429:INFO: Using default tokenizer.
2024-03-17 18:38:30,768:INFO: Using default tokenizer.
2024-03-17 18:38:30,801:INFO: Using default tokenizer.
2024-03-17 18:38:30,829:INFO: Using default tokenizer.
2024-03-17 18:38:31,629:INFO: Using default tokenizer.
2024-03-17 18:38:31,657:INFO: Using default tokenizer.
2024-03-17 18:38:31,683:INFO: Using default tokenizer.
2024-03-17 18:38:32,801:INFO: Using default tokenizer.
2024-03-17 18:38:32,830:INFO: Using default tokenizer.
2024-03-17 18:38:32,858:INFO: Using default tokenizer.
2024-03-17 18:38:34,599:INFO: Using default tokenizer.
2024-03-17 18:38:34,628:INFO: Using default tokenizer.
2024-03-17 18:38:34,656:INFO: Using default tokenizer.
2024-03-17 18:38:35,728:INFO: Using default tokenizer.
2024-03-17 18:38:35,757:INFO: Using default tokenizer.
2024-03-17 18:38:35,784:INFO: Using default tokenizer.
2024-03-17 18:38:36,642:INFO: Using default tokenizer.
2024-03-17 18:38:36,670:INFO: Using default tokenizer.
2024-03-17 18:38:36,698:INFO: Using default tokenizer.
2024-03-17 18:38:37,524:INFO: Using default tokenizer.
2024-03-17 18:38:37,553:INFO: Using default tokenizer.
2024-03-17 18:38:37,581:INFO: Using default tokenizer.
2024-03-17 18:38:38,515:INFO: Using default tokenizer.
2024-03-17 18:38:38,544:INFO: Using default tokenizer.
2024-03-17 18:38:38,571:INFO: Using default tokenizer.
2024-03-17 18:38:39,519:INFO: Using default tokenizer.
2024-03-17 18:38:39,548:INFO: Using default tokenizer.
2024-03-17 18:38:39,576:INFO: Using default tokenizer.
2024-03-17 18:38:40,576:INFO: Using default tokenizer.
2024-03-17 18:38:40,604:INFO: Using default tokenizer.
2024-03-17 18:38:40,632:INFO: Using default tokenizer.
2024-03-17 18:38:41,566:INFO: Using default tokenizer.
2024-03-17 18:38:41,594:INFO: Using default tokenizer.
2024-03-17 18:38:41,621:INFO: Using default tokenizer.
2024-03-17 18:38:42,348:INFO: Using default tokenizer.
2024-03-17 18:38:42,376:INFO: Using default tokenizer.
2024-03-17 18:38:42,403:INFO: Using default tokenizer.
2024-03-17 18:38:43,292:INFO: Using default tokenizer.
2024-03-17 18:38:43,321:INFO: Using default tokenizer.
2024-03-17 18:38:43,349:INFO: Using default tokenizer.
2024-03-17 18:38:44,268:INFO: Using default tokenizer.
2024-03-17 18:38:44,296:INFO: Using default tokenizer.
2024-03-17 18:38:44,323:INFO: Using default tokenizer.
2024-03-17 18:38:45,402:INFO: Using default tokenizer.
2024-03-17 18:38:45,431:INFO: Using default tokenizer.
2024-03-17 18:38:45,460:INFO: Using default tokenizer.
2024-03-17 18:38:46,677:INFO: Using default tokenizer.
2024-03-17 18:38:46,706:INFO: Using default tokenizer.
2024-03-17 18:38:46,735:INFO: Using default tokenizer.
2024-03-17 18:38:47,841:INFO: Using default tokenizer.
2024-03-17 18:38:47,870:INFO: Using default tokenizer.
2024-03-17 18:38:47,898:INFO: Using default tokenizer.
2024-03-17 18:38:49,006:INFO: Using default tokenizer.
2024-03-17 18:38:49,035:INFO: Using default tokenizer.
2024-03-17 18:38:49,063:INFO: Using default tokenizer.
2024-03-17 18:38:49,995:INFO: Using default tokenizer.
2024-03-17 18:38:50,023:INFO: Using default tokenizer.
2024-03-17 18:38:50,051:INFO: Using default tokenizer.
2024-03-17 18:38:50,874:INFO: Using default tokenizer.
2024-03-17 18:38:50,902:INFO: Using default tokenizer.
2024-03-17 18:38:50,930:INFO: Using default tokenizer.
2024-03-17 18:38:52,097:INFO: Using default tokenizer.
2024-03-17 18:38:52,126:INFO: Using default tokenizer.
2024-03-17 18:38:52,155:INFO: Using default tokenizer.
2024-03-17 18:38:54,868:INFO: - Evaluation metrics: loss: 1.4146; rouge1: 0.5052; rouge2: 0.2567; rougeL: 0.4185
2024-03-17 18:38:55,475:INFO: - Found new best objective
2024-03-17 18:38:56,057:INFO: Epoch 2/20
2024-03-17 18:42:14,438:INFO: - Train metrics: loss: 1.4485; lr:c: 9.86e-04
2024-03-17 18:42:15,791:INFO: Using default tokenizer.
2024-03-17 18:42:15,820:INFO: Using default tokenizer.
2024-03-17 18:42:15,848:INFO: Using default tokenizer.
2024-03-17 18:42:16,736:INFO: Using default tokenizer.
2024-03-17 18:42:16,764:INFO: Using default tokenizer.
2024-03-17 18:42:16,791:INFO: Using default tokenizer.
2024-03-17 18:42:17,746:INFO: Using default tokenizer.
2024-03-17 18:42:17,774:INFO: Using default tokenizer.
2024-03-17 18:42:17,801:INFO: Using default tokenizer.
2024-03-17 18:42:18,673:INFO: Using default tokenizer.
2024-03-17 18:42:18,701:INFO: Using default tokenizer.
2024-03-17 18:42:18,728:INFO: Using default tokenizer.
2024-03-17 18:42:19,551:INFO: Using default tokenizer.
2024-03-17 18:42:19,579:INFO: Using default tokenizer.
2024-03-17 18:42:19,607:INFO: Using default tokenizer.
2024-03-17 18:42:20,956:INFO: Using default tokenizer.
2024-03-17 18:42:20,984:INFO: Using default tokenizer.
2024-03-17 18:42:21,012:INFO: Using default tokenizer.
2024-03-17 18:42:21,862:INFO: Using default tokenizer.
2024-03-17 18:42:21,889:INFO: Using default tokenizer.
2024-03-17 18:42:21,916:INFO: Using default tokenizer.
2024-03-17 18:42:22,862:INFO: Using default tokenizer.
2024-03-17 18:42:22,890:INFO: Using default tokenizer.
2024-03-17 18:42:22,917:INFO: Using default tokenizer.
2024-03-17 18:42:24,519:INFO: Using default tokenizer.
2024-03-17 18:42:24,548:INFO: Using default tokenizer.
2024-03-17 18:42:24,576:INFO: Using default tokenizer.
2024-03-17 18:42:25,565:INFO: Using default tokenizer.
2024-03-17 18:42:25,593:INFO: Using default tokenizer.
2024-03-17 18:42:25,621:INFO: Using default tokenizer.
2024-03-17 18:42:26,501:INFO: Using default tokenizer.
2024-03-17 18:42:26,530:INFO: Using default tokenizer.
2024-03-17 18:42:26,557:INFO: Using default tokenizer.
2024-03-17 18:42:27,544:INFO: Using default tokenizer.
2024-03-17 18:42:27,572:INFO: Using default tokenizer.
2024-03-17 18:42:27,600:INFO: Using default tokenizer.
2024-03-17 18:42:28,506:INFO: Using default tokenizer.
2024-03-17 18:42:28,534:INFO: Using default tokenizer.
2024-03-17 18:42:28,561:INFO: Using default tokenizer.
2024-03-17 18:42:29,508:INFO: Using default tokenizer.
2024-03-17 18:42:29,537:INFO: Using default tokenizer.
2024-03-17 18:42:29,565:INFO: Using default tokenizer.
2024-03-17 18:42:30,637:INFO: Using default tokenizer.
2024-03-17 18:42:30,666:INFO: Using default tokenizer.
2024-03-17 18:42:30,694:INFO: Using default tokenizer.
2024-03-17 18:42:31,564:INFO: Using default tokenizer.
2024-03-17 18:42:31,592:INFO: Using default tokenizer.
2024-03-17 18:42:31,620:INFO: Using default tokenizer.
2024-03-17 18:42:32,388:INFO: Using default tokenizer.
2024-03-17 18:42:32,416:INFO: Using default tokenizer.
2024-03-17 18:42:32,443:INFO: Using default tokenizer.
2024-03-17 18:42:33,413:INFO: Using default tokenizer.
2024-03-17 18:42:33,441:INFO: Using default tokenizer.
2024-03-17 18:42:33,470:INFO: Using default tokenizer.
2024-03-17 18:42:34,508:INFO: Using default tokenizer.
2024-03-17 18:42:34,536:INFO: Using default tokenizer.
2024-03-17 18:42:34,563:INFO: Using default tokenizer.
2024-03-17 18:42:35,714:INFO: Using default tokenizer.
2024-03-17 18:42:35,742:INFO: Using default tokenizer.
2024-03-17 18:42:35,769:INFO: Using default tokenizer.
2024-03-17 18:42:37,400:INFO: Using default tokenizer.
2024-03-17 18:42:37,429:INFO: Using default tokenizer.
2024-03-17 18:42:37,457:INFO: Using default tokenizer.
2024-03-17 18:42:38,566:INFO: Using default tokenizer.
2024-03-17 18:42:38,595:INFO: Using default tokenizer.
2024-03-17 18:42:38,623:INFO: Using default tokenizer.
2024-03-17 18:42:39,742:INFO: Using default tokenizer.
2024-03-17 18:42:39,769:INFO: Using default tokenizer.
2024-03-17 18:42:39,797:INFO: Using default tokenizer.
2024-03-17 18:42:40,783:INFO: Using default tokenizer.
2024-03-17 18:42:40,811:INFO: Using default tokenizer.
2024-03-17 18:42:40,840:INFO: Using default tokenizer.
2024-03-17 18:42:41,687:INFO: Using default tokenizer.
2024-03-17 18:42:41,715:INFO: Using default tokenizer.
2024-03-17 18:42:41,742:INFO: Using default tokenizer.
2024-03-17 18:42:43,003:INFO: Using default tokenizer.
2024-03-17 18:42:43,032:INFO: Using default tokenizer.
2024-03-17 18:42:43,060:INFO: Using default tokenizer.
2024-03-17 18:42:43,220:INFO: - Evaluation metrics: loss: 1.4125; rouge1: 0.5038; rouge2: 0.2570; rougeL: 0.4182
2024-03-17 18:42:44,376:INFO: Epoch 3/20
2024-03-17 18:46:02,781:INFO: - Train metrics: loss: 1.4344; lr:c: 9.61e-04
2024-03-17 18:46:03,838:INFO: Using default tokenizer.
2024-03-17 18:46:03,868:INFO: Using default tokenizer.
2024-03-17 18:46:03,897:INFO: Using default tokenizer.
2024-03-17 18:46:04,801:INFO: Using default tokenizer.
2024-03-17 18:46:04,828:INFO: Using default tokenizer.
2024-03-17 18:46:04,855:INFO: Using default tokenizer.
2024-03-17 18:46:05,716:INFO: Using default tokenizer.
2024-03-17 18:46:05,744:INFO: Using default tokenizer.
2024-03-17 18:46:05,773:INFO: Using default tokenizer.
2024-03-17 18:46:06,650:INFO: Using default tokenizer.
2024-03-17 18:46:06,678:INFO: Using default tokenizer.
2024-03-17 18:46:06,705:INFO: Using default tokenizer.
2024-03-17 18:46:07,675:INFO: Using default tokenizer.
2024-03-17 18:46:07,703:INFO: Using default tokenizer.
2024-03-17 18:46:07,730:INFO: Using default tokenizer.
2024-03-17 18:46:09,245:INFO: Using default tokenizer.
2024-03-17 18:46:09,273:INFO: Using default tokenizer.
2024-03-17 18:46:09,301:INFO: Using default tokenizer.
2024-03-17 18:46:10,225:INFO: Using default tokenizer.
2024-03-17 18:46:10,253:INFO: Using default tokenizer.
2024-03-17 18:46:10,281:INFO: Using default tokenizer.
2024-03-17 18:46:11,106:INFO: Using default tokenizer.
2024-03-17 18:46:11,133:INFO: Using default tokenizer.
2024-03-17 18:46:11,160:INFO: Using default tokenizer.
2024-03-17 18:46:12,398:INFO: Using default tokenizer.
2024-03-17 18:46:12,426:INFO: Using default tokenizer.
2024-03-17 18:46:12,455:INFO: Using default tokenizer.
2024-03-17 18:46:13,497:INFO: Using default tokenizer.
2024-03-17 18:46:13,525:INFO: Using default tokenizer.
2024-03-17 18:46:13,553:INFO: Using default tokenizer.
2024-03-17 18:46:14,557:INFO: Using default tokenizer.
2024-03-17 18:46:14,587:INFO: Using default tokenizer.
2024-03-17 18:46:14,616:INFO: Using default tokenizer.
2024-03-17 18:46:15,715:INFO: Using default tokenizer.
2024-03-17 18:46:15,744:INFO: Using default tokenizer.
2024-03-17 18:46:15,771:INFO: Using default tokenizer.
2024-03-17 18:46:16,554:INFO: Using default tokenizer.
2024-03-17 18:46:16,582:INFO: Using default tokenizer.
2024-03-17 18:46:16,610:INFO: Using default tokenizer.
2024-03-17 18:46:17,539:INFO: Using default tokenizer.
2024-03-17 18:46:17,570:INFO: Using default tokenizer.
2024-03-17 18:46:17,600:INFO: Using default tokenizer.
2024-03-17 18:46:18,808:INFO: Using default tokenizer.
2024-03-17 18:46:18,837:INFO: Using default tokenizer.
2024-03-17 18:46:18,864:INFO: Using default tokenizer.
2024-03-17 18:46:19,697:INFO: Using default tokenizer.
2024-03-17 18:46:19,724:INFO: Using default tokenizer.
2024-03-17 18:46:19,752:INFO: Using default tokenizer.
2024-03-17 18:46:20,796:INFO: Using default tokenizer.
2024-03-17 18:46:20,824:INFO: Using default tokenizer.
2024-03-17 18:46:20,852:INFO: Using default tokenizer.
2024-03-17 18:46:21,975:INFO: Using default tokenizer.
2024-03-17 18:46:22,004:INFO: Using default tokenizer.
2024-03-17 18:46:22,033:INFO: Using default tokenizer.
2024-03-17 18:46:23,151:INFO: Using default tokenizer.
2024-03-17 18:46:23,180:INFO: Using default tokenizer.
2024-03-17 18:46:23,207:INFO: Using default tokenizer.
2024-03-17 18:46:24,272:INFO: Using default tokenizer.
2024-03-17 18:46:24,300:INFO: Using default tokenizer.
2024-03-17 18:46:24,328:INFO: Using default tokenizer.
2024-03-17 18:46:25,832:INFO: Using default tokenizer.
2024-03-17 18:46:25,861:INFO: Using default tokenizer.
2024-03-17 18:46:25,889:INFO: Using default tokenizer.
2024-03-17 18:46:26,955:INFO: Using default tokenizer.
2024-03-17 18:46:26,983:INFO: Using default tokenizer.
2024-03-17 18:46:27,012:INFO: Using default tokenizer.
2024-03-17 18:46:27,836:INFO: Using default tokenizer.
2024-03-17 18:46:27,864:INFO: Using default tokenizer.
2024-03-17 18:46:27,891:INFO: Using default tokenizer.
2024-03-17 18:46:28,790:INFO: Using default tokenizer.
2024-03-17 18:46:28,818:INFO: Using default tokenizer.
2024-03-17 18:46:28,846:INFO: Using default tokenizer.
2024-03-17 18:46:29,678:INFO: Using default tokenizer.
2024-03-17 18:46:29,706:INFO: Using default tokenizer.
2024-03-17 18:46:29,733:INFO: Using default tokenizer.
2024-03-17 18:46:30,798:INFO: Using default tokenizer.
2024-03-17 18:46:30,827:INFO: Using default tokenizer.
2024-03-17 18:46:30,855:INFO: Using default tokenizer.
2024-03-17 18:46:33,528:INFO: - Evaluation metrics: loss: 1.4078; rouge1: 0.5082; rouge2: 0.2604; rougeL: 0.4210
2024-03-17 18:46:34,611:INFO: - Found new best objective
2024-03-17 18:46:35,203:INFO: Epoch 4/20
2024-03-17 18:49:53,521:INFO: - Train metrics: loss: 1.4164; lr:c: 9.24e-04
2024-03-17 18:49:54,547:INFO: Using default tokenizer.
2024-03-17 18:49:54,575:INFO: Using default tokenizer.
2024-03-17 18:49:54,603:INFO: Using default tokenizer.
2024-03-17 18:49:55,530:INFO: Using default tokenizer.
2024-03-17 18:49:55,562:INFO: Using default tokenizer.
2024-03-17 18:49:55,589:INFO: Using default tokenizer.
2024-03-17 18:49:56,459:INFO: Using default tokenizer.
2024-03-17 18:49:56,487:INFO: Using default tokenizer.
2024-03-17 18:49:56,515:INFO: Using default tokenizer.
2024-03-17 18:49:57,399:INFO: Using default tokenizer.
2024-03-17 18:49:57,427:INFO: Using default tokenizer.
2024-03-17 18:49:57,455:INFO: Using default tokenizer.
2024-03-17 18:49:58,500:INFO: Using default tokenizer.
2024-03-17 18:49:58,528:INFO: Using default tokenizer.
2024-03-17 18:49:58,556:INFO: Using default tokenizer.
2024-03-17 18:50:00,018:INFO: Using default tokenizer.
2024-03-17 18:50:00,046:INFO: Using default tokenizer.
2024-03-17 18:50:00,073:INFO: Using default tokenizer.
2024-03-17 18:50:00,990:INFO: Using default tokenizer.
2024-03-17 18:50:01,018:INFO: Using default tokenizer.
2024-03-17 18:50:01,045:INFO: Using default tokenizer.
2024-03-17 18:50:01,897:INFO: Using default tokenizer.
2024-03-17 18:50:01,925:INFO: Using default tokenizer.
2024-03-17 18:50:01,953:INFO: Using default tokenizer.
2024-03-17 18:50:03,091:INFO: Using default tokenizer.
2024-03-17 18:50:03,120:INFO: Using default tokenizer.
2024-03-17 18:50:03,149:INFO: Using default tokenizer.
2024-03-17 18:50:04,303:INFO: Using default tokenizer.
2024-03-17 18:50:04,331:INFO: Using default tokenizer.
2024-03-17 18:50:04,359:INFO: Using default tokenizer.
2024-03-17 18:50:05,273:INFO: Using default tokenizer.
2024-03-17 18:50:05,303:INFO: Using default tokenizer.
2024-03-17 18:50:05,334:INFO: Using default tokenizer.
2024-03-17 18:50:06,338:INFO: Using default tokenizer.
2024-03-17 18:50:06,366:INFO: Using default tokenizer.
2024-03-17 18:50:06,395:INFO: Using default tokenizer.
2024-03-17 18:50:07,499:INFO: Using default tokenizer.
2024-03-17 18:50:07,528:INFO: Using default tokenizer.
2024-03-17 18:50:07,556:INFO: Using default tokenizer.
2024-03-17 18:50:08,530:INFO: Using default tokenizer.
2024-03-17 18:50:08,559:INFO: Using default tokenizer.
2024-03-17 18:50:08,587:INFO: Using default tokenizer.
2024-03-17 18:50:09,650:INFO: Using default tokenizer.
2024-03-17 18:50:09,679:INFO: Using default tokenizer.
2024-03-17 18:50:09,707:INFO: Using default tokenizer.
2024-03-17 18:50:10,555:INFO: Using default tokenizer.
2024-03-17 18:50:10,583:INFO: Using default tokenizer.
2024-03-17 18:50:10,612:INFO: Using default tokenizer.
2024-03-17 18:50:11,502:INFO: Using default tokenizer.
2024-03-17 18:50:11,530:INFO: Using default tokenizer.
2024-03-17 18:50:11,557:INFO: Using default tokenizer.
2024-03-17 18:50:12,578:INFO: Using default tokenizer.
2024-03-17 18:50:12,607:INFO: Using default tokenizer.
2024-03-17 18:50:12,636:INFO: Using default tokenizer.
2024-03-17 18:50:13,719:INFO: Using default tokenizer.
2024-03-17 18:50:13,747:INFO: Using default tokenizer.
2024-03-17 18:50:13,774:INFO: Using default tokenizer.
2024-03-17 18:50:14,889:INFO: Using default tokenizer.
2024-03-17 18:50:14,917:INFO: Using default tokenizer.
2024-03-17 18:50:14,945:INFO: Using default tokenizer.
2024-03-17 18:50:16,562:INFO: Using default tokenizer.
2024-03-17 18:50:16,591:INFO: Using default tokenizer.
2024-03-17 18:50:16,620:INFO: Using default tokenizer.
2024-03-17 18:50:17,577:INFO: Using default tokenizer.
2024-03-17 18:50:17,606:INFO: Using default tokenizer.
2024-03-17 18:50:17,634:INFO: Using default tokenizer.
2024-03-17 18:50:18,761:INFO: Using default tokenizer.
2024-03-17 18:50:18,790:INFO: Using default tokenizer.
2024-03-17 18:50:18,817:INFO: Using default tokenizer.
2024-03-17 18:50:20,090:INFO: Using default tokenizer.
2024-03-17 18:50:20,118:INFO: Using default tokenizer.
2024-03-17 18:50:20,146:INFO: Using default tokenizer.
2024-03-17 18:50:21,093:INFO: Using default tokenizer.
2024-03-17 18:50:21,121:INFO: Using default tokenizer.
2024-03-17 18:50:21,149:INFO: Using default tokenizer.
2024-03-17 18:50:22,488:INFO: Using default tokenizer.
2024-03-17 18:50:22,517:INFO: Using default tokenizer.
2024-03-17 18:50:22,545:INFO: Using default tokenizer.
2024-03-17 18:50:24,008:INFO: - Evaluation metrics: loss: 1.4102; rouge1: 0.5075; rouge2: 0.2600; rougeL: 0.4207
2024-03-17 18:50:24,593:INFO: Epoch 5/20
2024-03-17 18:53:42,904:INFO: - Train metrics: loss: 1.4079; lr:c: 8.76e-04
2024-03-17 18:53:43,880:INFO: Using default tokenizer.
2024-03-17 18:53:43,908:INFO: Using default tokenizer.
2024-03-17 18:53:43,936:INFO: Using default tokenizer.
2024-03-17 18:53:44,789:INFO: Using default tokenizer.
2024-03-17 18:53:44,817:INFO: Using default tokenizer.
2024-03-17 18:53:44,844:INFO: Using default tokenizer.
2024-03-17 18:53:45,730:INFO: Using default tokenizer.
2024-03-17 18:53:45,760:INFO: Using default tokenizer.
2024-03-17 18:53:45,788:INFO: Using default tokenizer.
2024-03-17 18:53:46,855:INFO: Using default tokenizer.
2024-03-17 18:53:46,884:INFO: Using default tokenizer.
2024-03-17 18:53:46,912:INFO: Using default tokenizer.
2024-03-17 18:53:47,752:INFO: Using default tokenizer.
2024-03-17 18:53:47,782:INFO: Using default tokenizer.
2024-03-17 18:53:47,810:INFO: Using default tokenizer.
2024-03-17 18:53:49,400:INFO: Using default tokenizer.
2024-03-17 18:53:49,428:INFO: Using default tokenizer.
2024-03-17 18:53:49,458:INFO: Using default tokenizer.
2024-03-17 18:53:50,396:INFO: Using default tokenizer.
2024-03-17 18:53:50,424:INFO: Using default tokenizer.
2024-03-17 18:53:50,453:INFO: Using default tokenizer.
2024-03-17 18:53:51,336:INFO: Using default tokenizer.
2024-03-17 18:53:51,366:INFO: Using default tokenizer.
2024-03-17 18:53:51,394:INFO: Using default tokenizer.
2024-03-17 18:53:53,049:INFO: Using default tokenizer.
2024-03-17 18:53:53,080:INFO: Using default tokenizer.
2024-03-17 18:53:53,109:INFO: Using default tokenizer.
2024-03-17 18:53:54,339:INFO: Using default tokenizer.
2024-03-17 18:53:54,370:INFO: Using default tokenizer.
2024-03-17 18:53:54,401:INFO: Using default tokenizer.
2024-03-17 18:53:55,422:INFO: Using default tokenizer.
2024-03-17 18:53:55,453:INFO: Using default tokenizer.
2024-03-17 18:53:55,485:INFO: Using default tokenizer.
2024-03-17 18:53:56,463:INFO: Using default tokenizer.
2024-03-17 18:53:56,493:INFO: Using default tokenizer.
2024-03-17 18:53:56,522:INFO: Using default tokenizer.
2024-03-17 18:53:57,524:INFO: Using default tokenizer.
2024-03-17 18:53:57,553:INFO: Using default tokenizer.
2024-03-17 18:53:57,581:INFO: Using default tokenizer.
2024-03-17 18:53:58,536:INFO: Using default tokenizer.
2024-03-17 18:53:58,565:INFO: Using default tokenizer.
2024-03-17 18:53:58,593:INFO: Using default tokenizer.
2024-03-17 18:53:59,594:INFO: Using default tokenizer.
2024-03-17 18:53:59,623:INFO: Using default tokenizer.
2024-03-17 18:53:59,652:INFO: Using default tokenizer.
2024-03-17 18:54:00,658:INFO: Using default tokenizer.
2024-03-17 18:54:00,686:INFO: Using default tokenizer.
2024-03-17 18:54:00,714:INFO: Using default tokenizer.
2024-03-17 18:54:01,553:INFO: Using default tokenizer.
2024-03-17 18:54:01,581:INFO: Using default tokenizer.
2024-03-17 18:54:01,608:INFO: Using default tokenizer.
2024-03-17 18:54:02,609:INFO: Using default tokenizer.
2024-03-17 18:54:02,638:INFO: Using default tokenizer.
2024-03-17 18:54:02,667:INFO: Using default tokenizer.
2024-03-17 18:54:03,589:INFO: Using default tokenizer.
2024-03-17 18:54:03,617:INFO: Using default tokenizer.
2024-03-17 18:54:03,645:INFO: Using default tokenizer.
2024-03-17 18:54:04,888:INFO: Using default tokenizer.
2024-03-17 18:54:04,921:INFO: Using default tokenizer.
2024-03-17 18:54:04,959:INFO: Using default tokenizer.
2024-03-17 18:54:06,361:INFO: Using default tokenizer.
2024-03-17 18:54:06,389:INFO: Using default tokenizer.
2024-03-17 18:54:06,417:INFO: Using default tokenizer.
2024-03-17 18:54:07,560:INFO: Using default tokenizer.
2024-03-17 18:54:07,595:INFO: Using default tokenizer.
2024-03-17 18:54:07,625:INFO: Using default tokenizer.
2024-03-17 18:54:08,791:INFO: Using default tokenizer.
2024-03-17 18:54:08,819:INFO: Using default tokenizer.
2024-03-17 18:54:08,847:INFO: Using default tokenizer.
2024-03-17 18:54:10,256:INFO: Using default tokenizer.
2024-03-17 18:54:10,284:INFO: Using default tokenizer.
2024-03-17 18:54:10,316:INFO: Using default tokenizer.
2024-03-17 18:54:11,287:INFO: Using default tokenizer.
2024-03-17 18:54:11,315:INFO: Using default tokenizer.
2024-03-17 18:54:11,342:INFO: Using default tokenizer.
2024-03-17 18:54:12,372:INFO: Using default tokenizer.
2024-03-17 18:54:12,401:INFO: Using default tokenizer.
2024-03-17 18:54:12,429:INFO: Using default tokenizer.
2024-03-17 18:54:14,215:INFO: - Evaluation metrics: loss: 1.4053; rouge1: 0.5065; rouge2: 0.2554; rougeL: 0.4197
2024-03-17 18:54:15,306:INFO: Epoch 6/20
2024-03-17 18:57:33,623:INFO: - Train metrics: loss: 1.4025; lr:c: 8.18e-04
2024-03-17 18:57:34,544:INFO: Using default tokenizer.
2024-03-17 18:57:34,573:INFO: Using default tokenizer.
2024-03-17 18:57:34,600:INFO: Using default tokenizer.
2024-03-17 18:57:35,519:INFO: Using default tokenizer.
2024-03-17 18:57:35,547:INFO: Using default tokenizer.
2024-03-17 18:57:35,575:INFO: Using default tokenizer.
2024-03-17 18:57:36,452:INFO: Using default tokenizer.
2024-03-17 18:57:36,481:INFO: Using default tokenizer.
2024-03-17 18:57:36,509:INFO: Using default tokenizer.
2024-03-17 18:57:37,523:INFO: Using default tokenizer.
2024-03-17 18:57:37,552:INFO: Using default tokenizer.
2024-03-17 18:57:37,579:INFO: Using default tokenizer.
2024-03-17 18:57:38,404:INFO: Using default tokenizer.
2024-03-17 18:57:38,432:INFO: Using default tokenizer.
2024-03-17 18:57:38,459:INFO: Using default tokenizer.
2024-03-17 18:57:39,837:INFO: Using default tokenizer.
2024-03-17 18:57:39,866:INFO: Using default tokenizer.
2024-03-17 18:57:39,893:INFO: Using default tokenizer.
2024-03-17 18:57:40,979:INFO: Using default tokenizer.
2024-03-17 18:57:41,007:INFO: Using default tokenizer.
2024-03-17 18:57:41,034:INFO: Using default tokenizer.
2024-03-17 18:57:42,401:INFO: Using default tokenizer.
2024-03-17 18:57:42,429:INFO: Using default tokenizer.
2024-03-17 18:57:42,459:INFO: Using default tokenizer.
2024-03-17 18:57:43,968:INFO: Using default tokenizer.
2024-03-17 18:57:43,997:INFO: Using default tokenizer.
2024-03-17 18:57:44,026:INFO: Using default tokenizer.
2024-03-17 18:57:45,173:INFO: Using default tokenizer.
2024-03-17 18:57:45,201:INFO: Using default tokenizer.
2024-03-17 18:57:45,229:INFO: Using default tokenizer.
2024-03-17 18:57:46,111:INFO: Using default tokenizer.
2024-03-17 18:57:46,139:INFO: Using default tokenizer.
2024-03-17 18:57:46,167:INFO: Using default tokenizer.
2024-03-17 18:57:47,520:INFO: Using default tokenizer.
2024-03-17 18:57:47,550:INFO: Using default tokenizer.
2024-03-17 18:57:47,578:INFO: Using default tokenizer.
2024-03-17 18:57:48,512:INFO: Using default tokenizer.
2024-03-17 18:57:48,540:INFO: Using default tokenizer.
2024-03-17 18:57:48,568:INFO: Using default tokenizer.
2024-03-17 18:57:49,515:INFO: Using default tokenizer.
2024-03-17 18:57:49,544:INFO: Using default tokenizer.
2024-03-17 18:57:49,572:INFO: Using default tokenizer.
2024-03-17 18:57:50,520:INFO: Using default tokenizer.
2024-03-17 18:57:50,548:INFO: Using default tokenizer.
2024-03-17 18:57:50,576:INFO: Using default tokenizer.
2024-03-17 18:57:51,485:INFO: Using default tokenizer.
2024-03-17 18:57:51,513:INFO: Using default tokenizer.
2024-03-17 18:57:51,541:INFO: Using default tokenizer.
2024-03-17 18:57:52,497:INFO: Using default tokenizer.
2024-03-17 18:57:52,524:INFO: Using default tokenizer.
2024-03-17 18:57:52,552:INFO: Using default tokenizer.
2024-03-17 18:57:53,558:INFO: Using default tokenizer.
2024-03-17 18:57:53,587:INFO: Using default tokenizer.
2024-03-17 18:57:53,616:INFO: Using default tokenizer.
2024-03-17 18:57:54,809:INFO: Using default tokenizer.
2024-03-17 18:57:54,837:INFO: Using default tokenizer.
2024-03-17 18:57:54,866:INFO: Using default tokenizer.
2024-03-17 18:57:56,072:INFO: Using default tokenizer.
2024-03-17 18:57:56,103:INFO: Using default tokenizer.
2024-03-17 18:57:56,132:INFO: Using default tokenizer.
2024-03-17 18:57:57,713:INFO: Using default tokenizer.
2024-03-17 18:57:57,742:INFO: Using default tokenizer.
2024-03-17 18:57:57,770:INFO: Using default tokenizer.
2024-03-17 18:57:58,886:INFO: Using default tokenizer.
2024-03-17 18:57:58,915:INFO: Using default tokenizer.
2024-03-17 18:57:58,943:INFO: Using default tokenizer.
2024-03-17 18:58:00,027:INFO: Using default tokenizer.
2024-03-17 18:58:00,055:INFO: Using default tokenizer.
2024-03-17 18:58:00,083:INFO: Using default tokenizer.
2024-03-17 18:58:00,989:INFO: Using default tokenizer.
2024-03-17 18:58:01,017:INFO: Using default tokenizer.
2024-03-17 18:58:01,045:INFO: Using default tokenizer.
2024-03-17 18:58:01,893:INFO: Using default tokenizer.
2024-03-17 18:58:01,921:INFO: Using default tokenizer.
2024-03-17 18:58:01,949:INFO: Using default tokenizer.
2024-03-17 18:58:03,305:INFO: Using default tokenizer.
2024-03-17 18:58:03,334:INFO: Using default tokenizer.
2024-03-17 18:58:03,363:INFO: Using default tokenizer.
2024-03-17 18:58:05,621:INFO: - Evaluation metrics: loss: 1.4150; rouge1: 0.5107; rouge2: 0.2640; rougeL: 0.4232
2024-03-17 18:58:06,197:INFO: - Found new best objective
2024-03-17 18:58:07,288:INFO: Epoch 7/20
2024-03-17 19:01:25,772:INFO: - Train metrics: loss: 1.3965; lr:c: 7.51e-04
2024-03-17 19:01:26,959:INFO: Using default tokenizer.
2024-03-17 19:01:26,987:INFO: Using default tokenizer.
2024-03-17 19:01:27,015:INFO: Using default tokenizer.
2024-03-17 19:01:27,997:INFO: Using default tokenizer.
2024-03-17 19:01:28,025:INFO: Using default tokenizer.
2024-03-17 19:01:28,052:INFO: Using default tokenizer.
2024-03-17 19:01:29,011:INFO: Using default tokenizer.
2024-03-17 19:01:29,039:INFO: Using default tokenizer.
2024-03-17 19:01:29,067:INFO: Using default tokenizer.
2024-03-17 19:01:30,051:INFO: Using default tokenizer.
2024-03-17 19:01:30,079:INFO: Using default tokenizer.
2024-03-17 19:01:30,106:INFO: Using default tokenizer.
2024-03-17 19:01:31,273:INFO: Using default tokenizer.
2024-03-17 19:01:31,301:INFO: Using default tokenizer.
2024-03-17 19:01:31,329:INFO: Using default tokenizer.
2024-03-17 19:01:32,818:INFO: Using default tokenizer.
2024-03-17 19:01:32,847:INFO: Using default tokenizer.
2024-03-17 19:01:32,875:INFO: Using default tokenizer.
2024-03-17 19:01:34,095:INFO: Using default tokenizer.
2024-03-17 19:01:34,125:INFO: Using default tokenizer.
2024-03-17 19:01:34,153:INFO: Using default tokenizer.
2024-03-17 19:01:35,168:INFO: Using default tokenizer.
2024-03-17 19:01:35,196:INFO: Using default tokenizer.
2024-03-17 19:01:35,223:INFO: Using default tokenizer.
2024-03-17 19:01:36,828:INFO: Using default tokenizer.
2024-03-17 19:01:36,858:INFO: Using default tokenizer.
2024-03-17 19:01:36,887:INFO: Using default tokenizer.
2024-03-17 19:01:38,008:INFO: Using default tokenizer.
2024-03-17 19:01:38,036:INFO: Using default tokenizer.
2024-03-17 19:01:38,065:INFO: Using default tokenizer.
2024-03-17 19:01:39,149:INFO: Using default tokenizer.
2024-03-17 19:01:39,178:INFO: Using default tokenizer.
2024-03-17 19:01:39,207:INFO: Using default tokenizer.
2024-03-17 19:01:40,246:INFO: Using default tokenizer.
2024-03-17 19:01:40,281:INFO: Using default tokenizer.
2024-03-17 19:01:40,314:INFO: Using default tokenizer.
2024-03-17 19:01:41,520:INFO: Using default tokenizer.
2024-03-17 19:01:41,553:INFO: Using default tokenizer.
2024-03-17 19:01:41,588:INFO: Using default tokenizer.
2024-03-17 19:01:42,676:INFO: Using default tokenizer.
2024-03-17 19:01:42,705:INFO: Using default tokenizer.
2024-03-17 19:01:42,734:INFO: Using default tokenizer.
2024-03-17 19:01:43,683:INFO: Using default tokenizer.
2024-03-17 19:01:43,712:INFO: Using default tokenizer.
2024-03-17 19:01:43,740:INFO: Using default tokenizer.
2024-03-17 19:01:44,627:INFO: Using default tokenizer.
2024-03-17 19:01:44,656:INFO: Using default tokenizer.
2024-03-17 19:01:44,684:INFO: Using default tokenizer.
2024-03-17 19:01:45,487:INFO: Using default tokenizer.
2024-03-17 19:01:45,516:INFO: Using default tokenizer.
2024-03-17 19:01:45,544:INFO: Using default tokenizer.
2024-03-17 19:01:46,544:INFO: Using default tokenizer.
2024-03-17 19:01:46,574:INFO: Using default tokenizer.
2024-03-17 19:01:46,603:INFO: Using default tokenizer.
2024-03-17 19:01:47,548:INFO: Using default tokenizer.
2024-03-17 19:01:47,577:INFO: Using default tokenizer.
2024-03-17 19:01:47,605:INFO: Using default tokenizer.
2024-03-17 19:01:48,589:INFO: Using default tokenizer.
2024-03-17 19:01:48,618:INFO: Using default tokenizer.
2024-03-17 19:01:48,646:INFO: Using default tokenizer.
2024-03-17 19:01:50,309:INFO: Using default tokenizer.
2024-03-17 19:01:50,339:INFO: Using default tokenizer.
2024-03-17 19:01:50,369:INFO: Using default tokenizer.
2024-03-17 19:01:51,297:INFO: Using default tokenizer.
2024-03-17 19:01:51,326:INFO: Using default tokenizer.
2024-03-17 19:01:51,354:INFO: Using default tokenizer.
2024-03-17 19:01:52,629:INFO: Using default tokenizer.
2024-03-17 19:01:52,657:INFO: Using default tokenizer.
2024-03-17 19:01:52,685:INFO: Using default tokenizer.
2024-03-17 19:01:53,710:INFO: Using default tokenizer.
2024-03-17 19:01:53,739:INFO: Using default tokenizer.
2024-03-17 19:01:53,767:INFO: Using default tokenizer.
2024-03-17 19:01:54,627:INFO: Using default tokenizer.
2024-03-17 19:01:54,656:INFO: Using default tokenizer.
2024-03-17 19:01:54,684:INFO: Using default tokenizer.
2024-03-17 19:01:55,919:INFO: Using default tokenizer.
2024-03-17 19:01:55,948:INFO: Using default tokenizer.
2024-03-17 19:01:55,976:INFO: Using default tokenizer.
2024-03-17 19:01:56,926:INFO: - Evaluation metrics: loss: 1.4054; rouge1: 0.5101; rouge2: 0.2622; rougeL: 0.4243
2024-03-17 19:01:57,523:INFO: Epoch 8/20
2024-03-17 19:05:15,889:INFO: - Train metrics: loss: 1.3926; lr:c: 6.79e-04
2024-03-17 19:05:16,842:INFO: Using default tokenizer.
2024-03-17 19:05:16,870:INFO: Using default tokenizer.
2024-03-17 19:05:16,898:INFO: Using default tokenizer.
2024-03-17 19:05:17,962:INFO: Using default tokenizer.
2024-03-17 19:05:17,990:INFO: Using default tokenizer.
2024-03-17 19:05:18,017:INFO: Using default tokenizer.
2024-03-17 19:05:18,930:INFO: Using default tokenizer.
2024-03-17 19:05:18,959:INFO: Using default tokenizer.
2024-03-17 19:05:18,987:INFO: Using default tokenizer.
2024-03-17 19:05:19,986:INFO: Using default tokenizer.
2024-03-17 19:05:20,014:INFO: Using default tokenizer.
2024-03-17 19:05:20,042:INFO: Using default tokenizer.
2024-03-17 19:05:20,977:INFO: Using default tokenizer.
2024-03-17 19:05:21,006:INFO: Using default tokenizer.
2024-03-17 19:05:21,033:INFO: Using default tokenizer.
2024-03-17 19:05:22,179:INFO: Using default tokenizer.
2024-03-17 19:05:22,208:INFO: Using default tokenizer.
2024-03-17 19:05:22,236:INFO: Using default tokenizer.
2024-03-17 19:05:23,153:INFO: Using default tokenizer.
2024-03-17 19:05:23,182:INFO: Using default tokenizer.
2024-03-17 19:05:23,210:INFO: Using default tokenizer.
2024-03-17 19:05:24,416:INFO: Using default tokenizer.
2024-03-17 19:05:24,444:INFO: Using default tokenizer.
2024-03-17 19:05:24,472:INFO: Using default tokenizer.
2024-03-17 19:05:25,416:INFO: Using default tokenizer.
2024-03-17 19:05:25,445:INFO: Using default tokenizer.
2024-03-17 19:05:25,473:INFO: Using default tokenizer.
2024-03-17 19:05:26,626:INFO: Using default tokenizer.
2024-03-17 19:05:26,654:INFO: Using default tokenizer.
2024-03-17 19:05:26,682:INFO: Using default tokenizer.
2024-03-17 19:05:27,682:INFO: Using default tokenizer.
2024-03-17 19:05:27,710:INFO: Using default tokenizer.
2024-03-17 19:05:27,739:INFO: Using default tokenizer.
2024-03-17 19:05:28,744:INFO: Using default tokenizer.
2024-03-17 19:05:28,773:INFO: Using default tokenizer.
2024-03-17 19:05:28,801:INFO: Using default tokenizer.
2024-03-17 19:05:29,785:INFO: Using default tokenizer.
2024-03-17 19:05:29,812:INFO: Using default tokenizer.
2024-03-17 19:05:29,840:INFO: Using default tokenizer.
2024-03-17 19:05:30,794:INFO: Using default tokenizer.
2024-03-17 19:05:30,823:INFO: Using default tokenizer.
2024-03-17 19:05:30,852:INFO: Using default tokenizer.
2024-03-17 19:05:31,896:INFO: Using default tokenizer.
2024-03-17 19:05:31,925:INFO: Using default tokenizer.
2024-03-17 19:05:31,953:INFO: Using default tokenizer.
2024-03-17 19:05:32,910:INFO: Using default tokenizer.
2024-03-17 19:05:32,939:INFO: Using default tokenizer.
2024-03-17 19:05:32,967:INFO: Using default tokenizer.
2024-03-17 19:05:33,821:INFO: Using default tokenizer.
2024-03-17 19:05:33,849:INFO: Using default tokenizer.
2024-03-17 19:05:33,877:INFO: Using default tokenizer.
2024-03-17 19:05:34,954:INFO: Using default tokenizer.
2024-03-17 19:05:34,983:INFO: Using default tokenizer.
2024-03-17 19:05:35,011:INFO: Using default tokenizer.
2024-03-17 19:05:36,174:INFO: Using default tokenizer.
2024-03-17 19:05:36,202:INFO: Using default tokenizer.
2024-03-17 19:05:36,230:INFO: Using default tokenizer.
2024-03-17 19:05:37,309:INFO: Using default tokenizer.
2024-03-17 19:05:37,338:INFO: Using default tokenizer.
2024-03-17 19:05:37,366:INFO: Using default tokenizer.
2024-03-17 19:05:39,036:INFO: Using default tokenizer.
2024-03-17 19:05:39,065:INFO: Using default tokenizer.
2024-03-17 19:05:39,094:INFO: Using default tokenizer.
2024-03-17 19:05:40,030:INFO: Using default tokenizer.
2024-03-17 19:05:40,059:INFO: Using default tokenizer.
2024-03-17 19:05:40,087:INFO: Using default tokenizer.
2024-03-17 19:05:41,274:INFO: Using default tokenizer.
2024-03-17 19:05:41,302:INFO: Using default tokenizer.
2024-03-17 19:05:41,330:INFO: Using default tokenizer.
2024-03-17 19:05:42,620:INFO: Using default tokenizer.
2024-03-17 19:05:42,648:INFO: Using default tokenizer.
2024-03-17 19:05:42,676:INFO: Using default tokenizer.
2024-03-17 19:05:43,667:INFO: Using default tokenizer.
2024-03-17 19:05:43,695:INFO: Using default tokenizer.
2024-03-17 19:05:43,722:INFO: Using default tokenizer.
2024-03-17 19:05:44,782:INFO: Using default tokenizer.
2024-03-17 19:05:44,811:INFO: Using default tokenizer.
2024-03-17 19:05:44,840:INFO: Using default tokenizer.
2024-03-17 19:05:45,690:INFO: - Evaluation metrics: loss: 1.4039; rouge1: 0.5102; rouge2: 0.2633; rougeL: 0.4238
2024-03-17 19:05:46,771:INFO: Epoch 9/20
2024-03-17 19:09:05,136:INFO: - Train metrics: loss: 1.3800; lr:c: 6.01e-04
2024-03-17 19:09:06,205:INFO: Using default tokenizer.
2024-03-17 19:09:06,234:INFO: Using default tokenizer.
2024-03-17 19:09:06,262:INFO: Using default tokenizer.
2024-03-17 19:09:07,100:INFO: Using default tokenizer.
2024-03-17 19:09:07,128:INFO: Using default tokenizer.
2024-03-17 19:09:07,155:INFO: Using default tokenizer.
2024-03-17 19:09:08,022:INFO: Using default tokenizer.
2024-03-17 19:09:08,050:INFO: Using default tokenizer.
2024-03-17 19:09:08,078:INFO: Using default tokenizer.
2024-03-17 19:09:08,948:INFO: Using default tokenizer.
2024-03-17 19:09:08,975:INFO: Using default tokenizer.
2024-03-17 19:09:09,003:INFO: Using default tokenizer.
2024-03-17 19:09:09,883:INFO: Using default tokenizer.
2024-03-17 19:09:09,912:INFO: Using default tokenizer.
2024-03-17 19:09:09,940:INFO: Using default tokenizer.
2024-03-17 19:09:11,378:INFO: Using default tokenizer.
2024-03-17 19:09:11,406:INFO: Using default tokenizer.
2024-03-17 19:09:11,433:INFO: Using default tokenizer.
2024-03-17 19:09:12,531:INFO: Using default tokenizer.
2024-03-17 19:09:12,559:INFO: Using default tokenizer.
2024-03-17 19:09:12,587:INFO: Using default tokenizer.
2024-03-17 19:09:13,398:INFO: Using default tokenizer.
2024-03-17 19:09:13,426:INFO: Using default tokenizer.
2024-03-17 19:09:13,454:INFO: Using default tokenizer.
2024-03-17 19:09:14,642:INFO: Using default tokenizer.
2024-03-17 19:09:14,671:INFO: Using default tokenizer.
2024-03-17 19:09:14,699:INFO: Using default tokenizer.
2024-03-17 19:09:15,883:INFO: Using default tokenizer.
2024-03-17 19:09:15,912:INFO: Using default tokenizer.
2024-03-17 19:09:15,940:INFO: Using default tokenizer.
2024-03-17 19:09:16,844:INFO: Using default tokenizer.
2024-03-17 19:09:16,872:INFO: Using default tokenizer.
2024-03-17 19:09:16,902:INFO: Using default tokenizer.
2024-03-17 19:09:17,794:INFO: Using default tokenizer.
2024-03-17 19:09:17,822:INFO: Using default tokenizer.
2024-03-17 19:09:17,850:INFO: Using default tokenizer.
2024-03-17 19:09:18,861:INFO: Using default tokenizer.
2024-03-17 19:09:18,890:INFO: Using default tokenizer.
2024-03-17 19:09:18,917:INFO: Using default tokenizer.
2024-03-17 19:09:19,865:INFO: Using default tokenizer.
2024-03-17 19:09:19,894:INFO: Using default tokenizer.
2024-03-17 19:09:19,922:INFO: Using default tokenizer.
2024-03-17 19:09:20,940:INFO: Using default tokenizer.
2024-03-17 19:09:20,969:INFO: Using default tokenizer.
2024-03-17 19:09:20,997:INFO: Using default tokenizer.
2024-03-17 19:09:21,884:INFO: Using default tokenizer.
2024-03-17 19:09:21,912:INFO: Using default tokenizer.
2024-03-17 19:09:21,940:INFO: Using default tokenizer.
2024-03-17 19:09:22,754:INFO: Using default tokenizer.
2024-03-17 19:09:22,782:INFO: Using default tokenizer.
2024-03-17 19:09:22,809:INFO: Using default tokenizer.
2024-03-17 19:09:23,759:INFO: Using default tokenizer.
2024-03-17 19:09:23,787:INFO: Using default tokenizer.
2024-03-17 19:09:23,815:INFO: Using default tokenizer.
2024-03-17 19:09:24,922:INFO: Using default tokenizer.
2024-03-17 19:09:24,949:INFO: Using default tokenizer.
2024-03-17 19:09:24,976:INFO: Using default tokenizer.
2024-03-17 19:09:26,066:INFO: Using default tokenizer.
2024-03-17 19:09:26,094:INFO: Using default tokenizer.
2024-03-17 19:09:26,122:INFO: Using default tokenizer.
2024-03-17 19:09:27,678:INFO: Using default tokenizer.
2024-03-17 19:09:27,707:INFO: Using default tokenizer.
2024-03-17 19:09:27,736:INFO: Using default tokenizer.
2024-03-17 19:09:28,632:INFO: Using default tokenizer.
2024-03-17 19:09:28,660:INFO: Using default tokenizer.
2024-03-17 19:09:28,689:INFO: Using default tokenizer.
2024-03-17 19:09:29,865:INFO: Using default tokenizer.
2024-03-17 19:09:29,893:INFO: Using default tokenizer.
2024-03-17 19:09:29,921:INFO: Using default tokenizer.
2024-03-17 19:09:31,098:INFO: Using default tokenizer.
2024-03-17 19:09:31,126:INFO: Using default tokenizer.
2024-03-17 19:09:31,154:INFO: Using default tokenizer.
2024-03-17 19:09:31,986:INFO: Using default tokenizer.
2024-03-17 19:09:32,014:INFO: Using default tokenizer.
2024-03-17 19:09:32,042:INFO: Using default tokenizer.
2024-03-17 19:09:33,087:INFO: Using default tokenizer.
2024-03-17 19:09:33,116:INFO: Using default tokenizer.
2024-03-17 19:09:33,144:INFO: Using default tokenizer.
2024-03-17 19:09:35,775:INFO: - Evaluation metrics: loss: 1.4040; rouge1: 0.5054; rouge2: 0.2587; rougeL: 0.4193
2024-03-17 19:09:36,362:INFO: Epoch 10/20
2024-03-17 19:12:54,734:INFO: - Train metrics: loss: 1.3728; lr:c: 5.21e-04
2024-03-17 19:12:55,660:INFO: Using default tokenizer.
2024-03-17 19:12:55,689:INFO: Using default tokenizer.
2024-03-17 19:12:55,716:INFO: Using default tokenizer.
2024-03-17 19:12:56,636:INFO: Using default tokenizer.
2024-03-17 19:12:56,663:INFO: Using default tokenizer.
2024-03-17 19:12:56,690:INFO: Using default tokenizer.
2024-03-17 19:12:57,649:INFO: Using default tokenizer.
2024-03-17 19:12:57,677:INFO: Using default tokenizer.
2024-03-17 19:12:57,705:INFO: Using default tokenizer.
2024-03-17 19:12:58,641:INFO: Using default tokenizer.
2024-03-17 19:12:58,669:INFO: Using default tokenizer.
2024-03-17 19:12:58,696:INFO: Using default tokenizer.
2024-03-17 19:12:59,597:INFO: Using default tokenizer.
2024-03-17 19:12:59,625:INFO: Using default tokenizer.
2024-03-17 19:12:59,652:INFO: Using default tokenizer.
2024-03-17 19:13:00,864:INFO: Using default tokenizer.
2024-03-17 19:13:00,892:INFO: Using default tokenizer.
2024-03-17 19:13:00,920:INFO: Using default tokenizer.
2024-03-17 19:13:01,869:INFO: Using default tokenizer.
2024-03-17 19:13:01,898:INFO: Using default tokenizer.
2024-03-17 19:13:01,926:INFO: Using default tokenizer.
2024-03-17 19:13:03,200:INFO: Using default tokenizer.
2024-03-17 19:13:03,229:INFO: Using default tokenizer.
2024-03-17 19:13:03,257:INFO: Using default tokenizer.
2024-03-17 19:13:04,592:INFO: Using default tokenizer.
2024-03-17 19:13:04,630:INFO: Using default tokenizer.
2024-03-17 19:13:04,659:INFO: Using default tokenizer.
2024-03-17 19:13:05,831:INFO: Using default tokenizer.
2024-03-17 19:13:05,859:INFO: Using default tokenizer.
2024-03-17 19:13:05,887:INFO: Using default tokenizer.
2024-03-17 19:13:06,892:INFO: Using default tokenizer.
2024-03-17 19:13:06,920:INFO: Using default tokenizer.
2024-03-17 19:13:06,948:INFO: Using default tokenizer.
2024-03-17 19:13:08,037:INFO: Using default tokenizer.
2024-03-17 19:13:08,065:INFO: Using default tokenizer.
2024-03-17 19:13:08,097:INFO: Using default tokenizer.
2024-03-17 19:13:09,080:INFO: Using default tokenizer.
2024-03-17 19:13:09,108:INFO: Using default tokenizer.
2024-03-17 19:13:09,136:INFO: Using default tokenizer.
2024-03-17 19:13:10,206:INFO: Using default tokenizer.
2024-03-17 19:13:10,234:INFO: Using default tokenizer.
2024-03-17 19:13:10,263:INFO: Using default tokenizer.
2024-03-17 19:13:11,355:INFO: Using default tokenizer.
2024-03-17 19:13:11,383:INFO: Using default tokenizer.
2024-03-17 19:13:11,411:INFO: Using default tokenizer.
2024-03-17 19:13:12,508:INFO: Using default tokenizer.
2024-03-17 19:13:12,537:INFO: Using default tokenizer.
2024-03-17 19:13:12,565:INFO: Using default tokenizer.
2024-03-17 19:13:13,516:INFO: Using default tokenizer.
2024-03-17 19:13:13,544:INFO: Using default tokenizer.
2024-03-17 19:13:13,572:INFO: Using default tokenizer.
2024-03-17 19:13:14,697:INFO: Using default tokenizer.
2024-03-17 19:13:14,726:INFO: Using default tokenizer.
2024-03-17 19:13:14,755:INFO: Using default tokenizer.
2024-03-17 19:13:15,961:INFO: Using default tokenizer.
2024-03-17 19:13:15,989:INFO: Using default tokenizer.
2024-03-17 19:13:16,017:INFO: Using default tokenizer.
2024-03-17 19:13:19,016:INFO: Using default tokenizer.
2024-03-17 19:13:19,045:INFO: Using default tokenizer.
2024-03-17 19:13:19,074:INFO: Using default tokenizer.
2024-03-17 19:13:20,695:INFO: Using default tokenizer.
2024-03-17 19:13:20,725:INFO: Using default tokenizer.
2024-03-17 19:13:20,754:INFO: Using default tokenizer.
2024-03-17 19:13:21,849:INFO: Using default tokenizer.
2024-03-17 19:13:21,877:INFO: Using default tokenizer.
2024-03-17 19:13:21,906:INFO: Using default tokenizer.
2024-03-17 19:13:23,003:INFO: Using default tokenizer.
2024-03-17 19:13:23,031:INFO: Using default tokenizer.
2024-03-17 19:13:23,059:INFO: Using default tokenizer.
2024-03-17 19:13:24,311:INFO: Using default tokenizer.
2024-03-17 19:13:24,340:INFO: Using default tokenizer.
2024-03-17 19:13:24,368:INFO: Using default tokenizer.
2024-03-17 19:13:25,308:INFO: Using default tokenizer.
2024-03-17 19:13:25,337:INFO: Using default tokenizer.
2024-03-17 19:13:25,367:INFO: Using default tokenizer.
2024-03-17 19:13:26,601:INFO: Using default tokenizer.
2024-03-17 19:13:26,633:INFO: Using default tokenizer.
2024-03-17 19:13:26,662:INFO: Using default tokenizer.
2024-03-17 19:13:28,748:INFO: - Evaluation metrics: loss: 1.4054; rouge1: 0.5095; rouge2: 0.2633; rougeL: 0.4232
2024-03-17 19:13:29,337:INFO: Epoch 11/20
2024-03-17 19:16:47,800:INFO: - Train metrics: loss: 1.3665; lr:c: 4.40e-04
2024-03-17 19:16:48,770:INFO: Using default tokenizer.
2024-03-17 19:16:48,798:INFO: Using default tokenizer.
2024-03-17 19:16:48,826:INFO: Using default tokenizer.
2024-03-17 19:16:49,707:INFO: Using default tokenizer.
2024-03-17 19:16:49,735:INFO: Using default tokenizer.
2024-03-17 19:16:49,762:INFO: Using default tokenizer.
2024-03-17 19:16:50,635:INFO: Using default tokenizer.
2024-03-17 19:16:50,664:INFO: Using default tokenizer.
2024-03-17 19:16:50,692:INFO: Using default tokenizer.
2024-03-17 19:16:51,637:INFO: Using default tokenizer.
2024-03-17 19:16:51,667:INFO: Using default tokenizer.
2024-03-17 19:16:51,695:INFO: Using default tokenizer.
2024-03-17 19:16:52,581:INFO: Using default tokenizer.
2024-03-17 19:16:52,609:INFO: Using default tokenizer.
2024-03-17 19:16:52,636:INFO: Using default tokenizer.
2024-03-17 19:16:54,010:INFO: Using default tokenizer.
2024-03-17 19:16:54,038:INFO: Using default tokenizer.
2024-03-17 19:16:54,065:INFO: Using default tokenizer.
2024-03-17 19:16:54,990:INFO: Using default tokenizer.
2024-03-17 19:16:55,018:INFO: Using default tokenizer.
2024-03-17 19:16:55,046:INFO: Using default tokenizer.
2024-03-17 19:16:55,890:INFO: Using default tokenizer.
2024-03-17 19:16:55,918:INFO: Using default tokenizer.
2024-03-17 19:16:55,945:INFO: Using default tokenizer.
2024-03-17 19:16:57,161:INFO: Using default tokenizer.
2024-03-17 19:16:57,189:INFO: Using default tokenizer.
2024-03-17 19:16:57,217:INFO: Using default tokenizer.
2024-03-17 19:16:58,236:INFO: Using default tokenizer.
2024-03-17 19:16:58,265:INFO: Using default tokenizer.
2024-03-17 19:16:58,293:INFO: Using default tokenizer.
2024-03-17 19:16:59,179:INFO: Using default tokenizer.
2024-03-17 19:16:59,208:INFO: Using default tokenizer.
2024-03-17 19:16:59,236:INFO: Using default tokenizer.
2024-03-17 19:17:00,357:INFO: Using default tokenizer.
2024-03-17 19:17:00,386:INFO: Using default tokenizer.
2024-03-17 19:17:00,414:INFO: Using default tokenizer.
2024-03-17 19:17:01,379:INFO: Using default tokenizer.
2024-03-17 19:17:01,406:INFO: Using default tokenizer.
2024-03-17 19:17:01,434:INFO: Using default tokenizer.
2024-03-17 19:17:02,417:INFO: Using default tokenizer.
2024-03-17 19:17:02,446:INFO: Using default tokenizer.
2024-03-17 19:17:02,474:INFO: Using default tokenizer.
2024-03-17 19:17:03,593:INFO: Using default tokenizer.
2024-03-17 19:17:03,622:INFO: Using default tokenizer.
2024-03-17 19:17:03,651:INFO: Using default tokenizer.
2024-03-17 19:17:04,600:INFO: Using default tokenizer.
2024-03-17 19:17:04,628:INFO: Using default tokenizer.
2024-03-17 19:17:04,656:INFO: Using default tokenizer.
2024-03-17 19:17:05,518:INFO: Using default tokenizer.
2024-03-17 19:17:05,554:INFO: Using default tokenizer.
2024-03-17 19:17:05,585:INFO: Using default tokenizer.
2024-03-17 19:17:06,637:INFO: Using default tokenizer.
2024-03-17 19:17:06,666:INFO: Using default tokenizer.
2024-03-17 19:17:06,694:INFO: Using default tokenizer.
2024-03-17 19:17:07,779:INFO: Using default tokenizer.
2024-03-17 19:17:07,807:INFO: Using default tokenizer.
2024-03-17 19:17:07,834:INFO: Using default tokenizer.
2024-03-17 19:17:08,943:INFO: Using default tokenizer.
2024-03-17 19:17:08,972:INFO: Using default tokenizer.
2024-03-17 19:17:08,999:INFO: Using default tokenizer.
2024-03-17 19:17:10,648:INFO: Using default tokenizer.
2024-03-17 19:17:10,677:INFO: Using default tokenizer.
2024-03-17 19:17:10,705:INFO: Using default tokenizer.
2024-03-17 19:17:11,665:INFO: Using default tokenizer.
2024-03-17 19:17:11,694:INFO: Using default tokenizer.
2024-03-17 19:17:11,722:INFO: Using default tokenizer.
2024-03-17 19:17:12,858:INFO: Using default tokenizer.
2024-03-17 19:17:12,886:INFO: Using default tokenizer.
2024-03-17 19:17:12,914:INFO: Using default tokenizer.
2024-03-17 19:17:14,182:INFO: Using default tokenizer.
2024-03-17 19:17:14,210:INFO: Using default tokenizer.
2024-03-17 19:17:14,238:INFO: Using default tokenizer.
2024-03-17 19:17:15,073:INFO: Using default tokenizer.
2024-03-17 19:17:15,101:INFO: Using default tokenizer.
2024-03-17 19:17:15,129:INFO: Using default tokenizer.
2024-03-17 19:17:16,158:INFO: Using default tokenizer.
2024-03-17 19:17:16,187:INFO: Using default tokenizer.
2024-03-17 19:17:16,215:INFO: Using default tokenizer.
2024-03-17 19:17:19,921:INFO: - Evaluation metrics: loss: 1.4035; rouge1: 0.5073; rouge2: 0.2632; rougeL: 0.4211
2024-03-17 19:17:20,497:INFO: Epoch 12/20
2024-03-17 19:20:38,777:INFO: - Train metrics: loss: 1.3725; lr:c: 3.61e-04
2024-03-17 19:20:39,606:INFO: Using default tokenizer.
2024-03-17 19:20:39,634:INFO: Using default tokenizer.
2024-03-17 19:20:39,661:INFO: Using default tokenizer.
2024-03-17 19:20:40,503:INFO: Using default tokenizer.
2024-03-17 19:20:40,531:INFO: Using default tokenizer.
2024-03-17 19:20:40,558:INFO: Using default tokenizer.
2024-03-17 19:20:41,426:INFO: Using default tokenizer.
2024-03-17 19:20:41,453:INFO: Using default tokenizer.
2024-03-17 19:20:41,481:INFO: Using default tokenizer.
2024-03-17 19:20:42,334:INFO: Using default tokenizer.
2024-03-17 19:20:42,361:INFO: Using default tokenizer.
2024-03-17 19:20:42,389:INFO: Using default tokenizer.
2024-03-17 19:20:43,283:INFO: Using default tokenizer.
2024-03-17 19:20:43,311:INFO: Using default tokenizer.
2024-03-17 19:20:43,338:INFO: Using default tokenizer.
2024-03-17 19:20:44,772:INFO: Using default tokenizer.
2024-03-17 19:20:44,800:INFO: Using default tokenizer.
2024-03-17 19:20:44,827:INFO: Using default tokenizer.
2024-03-17 19:20:45,743:INFO: Using default tokenizer.
2024-03-17 19:20:45,771:INFO: Using default tokenizer.
2024-03-17 19:20:45,798:INFO: Using default tokenizer.
2024-03-17 19:20:46,751:INFO: Using default tokenizer.
2024-03-17 19:20:46,778:INFO: Using default tokenizer.
2024-03-17 19:20:46,806:INFO: Using default tokenizer.
2024-03-17 19:20:48,033:INFO: Using default tokenizer.
2024-03-17 19:20:48,062:INFO: Using default tokenizer.
2024-03-17 19:20:48,090:INFO: Using default tokenizer.
2024-03-17 19:20:49,145:INFO: Using default tokenizer.
2024-03-17 19:20:49,174:INFO: Using default tokenizer.
2024-03-17 19:20:49,202:INFO: Using default tokenizer.
2024-03-17 19:20:50,109:INFO: Using default tokenizer.
2024-03-17 19:20:50,138:INFO: Using default tokenizer.
2024-03-17 19:20:50,166:INFO: Using default tokenizer.
2024-03-17 19:20:51,059:INFO: Using default tokenizer.
2024-03-17 19:20:51,087:INFO: Using default tokenizer.
2024-03-17 19:20:51,115:INFO: Using default tokenizer.
2024-03-17 19:20:52,084:INFO: Using default tokenizer.
2024-03-17 19:20:52,112:INFO: Using default tokenizer.
2024-03-17 19:20:52,140:INFO: Using default tokenizer.
2024-03-17 19:20:53,070:INFO: Using default tokenizer.
2024-03-17 19:20:53,099:INFO: Using default tokenizer.
2024-03-17 19:20:53,127:INFO: Using default tokenizer.
2024-03-17 19:20:54,071:INFO: Using default tokenizer.
2024-03-17 19:20:54,099:INFO: Using default tokenizer.
2024-03-17 19:20:54,127:INFO: Using default tokenizer.
2024-03-17 19:20:55,165:INFO: Using default tokenizer.
2024-03-17 19:20:55,193:INFO: Using default tokenizer.
2024-03-17 19:20:55,221:INFO: Using default tokenizer.
2024-03-17 19:20:56,045:INFO: Using default tokenizer.
2024-03-17 19:20:56,073:INFO: Using default tokenizer.
2024-03-17 19:20:56,100:INFO: Using default tokenizer.
2024-03-17 19:20:57,099:INFO: Using default tokenizer.
2024-03-17 19:20:57,128:INFO: Using default tokenizer.
2024-03-17 19:20:57,156:INFO: Using default tokenizer.
2024-03-17 19:20:58,182:INFO: Using default tokenizer.
2024-03-17 19:20:58,209:INFO: Using default tokenizer.
2024-03-17 19:20:58,238:INFO: Using default tokenizer.
2024-03-17 19:20:59,415:INFO: Using default tokenizer.
2024-03-17 19:20:59,443:INFO: Using default tokenizer.
2024-03-17 19:20:59,471:INFO: Using default tokenizer.
2024-03-17 19:21:01,079:INFO: Using default tokenizer.
2024-03-17 19:21:01,108:INFO: Using default tokenizer.
2024-03-17 19:21:01,137:INFO: Using default tokenizer.
2024-03-17 19:21:02,000:INFO: Using default tokenizer.
2024-03-17 19:21:02,028:INFO: Using default tokenizer.
2024-03-17 19:21:02,056:INFO: Using default tokenizer.
2024-03-17 19:21:03,177:INFO: Using default tokenizer.
2024-03-17 19:21:03,206:INFO: Using default tokenizer.
2024-03-17 19:21:03,233:INFO: Using default tokenizer.
2024-03-17 19:21:04,499:INFO: Using default tokenizer.
2024-03-17 19:21:04,527:INFO: Using default tokenizer.
2024-03-17 19:21:04,555:INFO: Using default tokenizer.
2024-03-17 19:21:05,388:INFO: Using default tokenizer.
2024-03-17 19:21:05,417:INFO: Using default tokenizer.
2024-03-17 19:21:05,445:INFO: Using default tokenizer.
2024-03-17 19:21:06,472:INFO: Using default tokenizer.
2024-03-17 19:21:06,501:INFO: Using default tokenizer.
2024-03-17 19:21:06,529:INFO: Using default tokenizer.
2024-03-17 19:21:11,438:INFO: - Evaluation metrics: loss: 1.4005; rouge1: 0.5050; rouge2: 0.2577; rougeL: 0.4183
2024-03-17 19:21:12,013:INFO: Epoch 13/20
2024-03-17 19:24:30,297:INFO: - Train metrics: loss: 1.3647; lr:c: 2.86e-04
2024-03-17 19:24:31,369:INFO: Using default tokenizer.
2024-03-17 19:24:31,397:INFO: Using default tokenizer.
2024-03-17 19:24:31,425:INFO: Using default tokenizer.
2024-03-17 19:24:32,268:INFO: Using default tokenizer.
2024-03-17 19:24:32,296:INFO: Using default tokenizer.
2024-03-17 19:24:32,323:INFO: Using default tokenizer.
2024-03-17 19:24:33,135:INFO: Using default tokenizer.
2024-03-17 19:24:33,163:INFO: Using default tokenizer.
2024-03-17 19:24:33,191:INFO: Using default tokenizer.
2024-03-17 19:24:34,046:INFO: Using default tokenizer.
2024-03-17 19:24:34,074:INFO: Using default tokenizer.
2024-03-17 19:24:34,101:INFO: Using default tokenizer.
2024-03-17 19:24:34,980:INFO: Using default tokenizer.
2024-03-17 19:24:35,008:INFO: Using default tokenizer.
2024-03-17 19:24:35,035:INFO: Using default tokenizer.
2024-03-17 19:24:36,554:INFO: Using default tokenizer.
2024-03-17 19:24:36,582:INFO: Using default tokenizer.
2024-03-17 19:24:36,610:INFO: Using default tokenizer.
2024-03-17 19:24:37,565:INFO: Using default tokenizer.
2024-03-17 19:24:37,597:INFO: Using default tokenizer.
2024-03-17 19:24:37,624:INFO: Using default tokenizer.
2024-03-17 19:24:38,605:INFO: Using default tokenizer.
2024-03-17 19:24:38,633:INFO: Using default tokenizer.
2024-03-17 19:24:38,661:INFO: Using default tokenizer.
2024-03-17 19:24:39,889:INFO: Using default tokenizer.
2024-03-17 19:24:39,918:INFO: Using default tokenizer.
2024-03-17 19:24:39,947:INFO: Using default tokenizer.
2024-03-17 19:24:41,074:INFO: Using default tokenizer.
2024-03-17 19:24:41,102:INFO: Using default tokenizer.
2024-03-17 19:24:41,129:INFO: Using default tokenizer.
2024-03-17 19:24:42,066:INFO: Using default tokenizer.
2024-03-17 19:24:42,095:INFO: Using default tokenizer.
2024-03-17 19:24:42,123:INFO: Using default tokenizer.
2024-03-17 19:24:43,325:INFO: Using default tokenizer.
2024-03-17 19:24:43,356:INFO: Using default tokenizer.
2024-03-17 19:24:43,384:INFO: Using default tokenizer.
2024-03-17 19:24:44,318:INFO: Using default tokenizer.
2024-03-17 19:24:44,346:INFO: Using default tokenizer.
2024-03-17 19:24:44,374:INFO: Using default tokenizer.
2024-03-17 19:24:45,468:INFO: Using default tokenizer.
2024-03-17 19:24:45,496:INFO: Using default tokenizer.
2024-03-17 19:24:45,524:INFO: Using default tokenizer.
2024-03-17 19:24:46,543:INFO: Using default tokenizer.
2024-03-17 19:24:46,571:INFO: Using default tokenizer.
2024-03-17 19:24:46,600:INFO: Using default tokenizer.
2024-03-17 19:24:47,569:INFO: Using default tokenizer.
2024-03-17 19:24:47,598:INFO: Using default tokenizer.
2024-03-17 19:24:47,626:INFO: Using default tokenizer.
2024-03-17 19:24:48,449:INFO: Using default tokenizer.
2024-03-17 19:24:48,477:INFO: Using default tokenizer.
2024-03-17 19:24:48,505:INFO: Using default tokenizer.
2024-03-17 19:24:49,655:INFO: Using default tokenizer.
2024-03-17 19:24:49,685:INFO: Using default tokenizer.
2024-03-17 19:24:49,713:INFO: Using default tokenizer.
2024-03-17 19:24:50,841:INFO: Using default tokenizer.
2024-03-17 19:24:50,869:INFO: Using default tokenizer.
2024-03-17 19:24:50,896:INFO: Using default tokenizer.
2024-03-17 19:24:52,132:INFO: Using default tokenizer.
2024-03-17 19:24:52,160:INFO: Using default tokenizer.
2024-03-17 19:24:52,189:INFO: Using default tokenizer.
2024-03-17 19:24:53,671:INFO: Using default tokenizer.
2024-03-17 19:24:53,700:INFO: Using default tokenizer.
2024-03-17 19:24:53,729:INFO: Using default tokenizer.
2024-03-17 19:24:54,704:INFO: Using default tokenizer.
2024-03-17 19:24:54,732:INFO: Using default tokenizer.
2024-03-17 19:24:54,761:INFO: Using default tokenizer.
2024-03-17 19:24:55,953:INFO: Using default tokenizer.
2024-03-17 19:24:55,982:INFO: Using default tokenizer.
2024-03-17 19:24:56,010:INFO: Using default tokenizer.
2024-03-17 19:24:57,130:INFO: Using default tokenizer.
2024-03-17 19:24:57,158:INFO: Using default tokenizer.
2024-03-17 19:24:57,186:INFO: Using default tokenizer.
2024-03-17 19:24:58,081:INFO: Using default tokenizer.
2024-03-17 19:24:58,109:INFO: Using default tokenizer.
2024-03-17 19:24:58,137:INFO: Using default tokenizer.
2024-03-17 19:24:59,217:INFO: Using default tokenizer.
2024-03-17 19:24:59,246:INFO: Using default tokenizer.
2024-03-17 19:24:59,274:INFO: Using default tokenizer.
2024-03-17 19:25:01,206:INFO: - Evaluation metrics: loss: 1.4032; rouge1: 0.5060; rouge2: 0.2590; rougeL: 0.4206
2024-03-17 19:25:01,851:INFO: Epoch 14/20
2024-03-17 19:28:20,141:INFO: - Train metrics: loss: 1.3574; lr:c: 2.16e-04
2024-03-17 19:28:21,372:INFO: Using default tokenizer.
2024-03-17 19:28:21,400:INFO: Using default tokenizer.
2024-03-17 19:28:21,428:INFO: Using default tokenizer.
2024-03-17 19:28:22,360:INFO: Using default tokenizer.
2024-03-17 19:28:22,388:INFO: Using default tokenizer.
2024-03-17 19:28:22,415:INFO: Using default tokenizer.
2024-03-17 19:28:23,328:INFO: Using default tokenizer.
2024-03-17 19:28:23,357:INFO: Using default tokenizer.
2024-03-17 19:28:23,384:INFO: Using default tokenizer.
2024-03-17 19:28:24,237:INFO: Using default tokenizer.
2024-03-17 19:28:24,265:INFO: Using default tokenizer.
2024-03-17 19:28:24,293:INFO: Using default tokenizer.
2024-03-17 19:28:25,170:INFO: Using default tokenizer.
2024-03-17 19:28:25,198:INFO: Using default tokenizer.
2024-03-17 19:28:25,225:INFO: Using default tokenizer.
2024-03-17 19:28:26,602:INFO: Using default tokenizer.
2024-03-17 19:28:26,630:INFO: Using default tokenizer.
2024-03-17 19:28:26,658:INFO: Using default tokenizer.
2024-03-17 19:28:27,548:INFO: Using default tokenizer.
2024-03-17 19:28:27,576:INFO: Using default tokenizer.
2024-03-17 19:28:27,605:INFO: Using default tokenizer.
2024-03-17 19:28:28,842:INFO: Using default tokenizer.
2024-03-17 19:28:28,869:INFO: Using default tokenizer.
2024-03-17 19:28:28,897:INFO: Using default tokenizer.
2024-03-17 19:28:30,045:INFO: Using default tokenizer.
2024-03-17 19:28:30,074:INFO: Using default tokenizer.
2024-03-17 19:28:30,102:INFO: Using default tokenizer.
2024-03-17 19:28:31,228:INFO: Using default tokenizer.
2024-03-17 19:28:31,256:INFO: Using default tokenizer.
2024-03-17 19:28:31,284:INFO: Using default tokenizer.
2024-03-17 19:28:32,204:INFO: Using default tokenizer.
2024-03-17 19:28:32,232:INFO: Using default tokenizer.
2024-03-17 19:28:32,260:INFO: Using default tokenizer.
2024-03-17 19:28:33,501:INFO: Using default tokenizer.
2024-03-17 19:28:33,530:INFO: Using default tokenizer.
2024-03-17 19:28:33,559:INFO: Using default tokenizer.
2024-03-17 19:28:34,530:INFO: Using default tokenizer.
2024-03-17 19:28:34,559:INFO: Using default tokenizer.
2024-03-17 19:28:34,587:INFO: Using default tokenizer.
2024-03-17 19:28:35,553:INFO: Using default tokenizer.
2024-03-17 19:28:35,582:INFO: Using default tokenizer.
2024-03-17 19:28:35,610:INFO: Using default tokenizer.
2024-03-17 19:28:36,560:INFO: Using default tokenizer.
2024-03-17 19:28:36,588:INFO: Using default tokenizer.
2024-03-17 19:28:36,616:INFO: Using default tokenizer.
2024-03-17 19:28:37,593:INFO: Using default tokenizer.
2024-03-17 19:28:37,622:INFO: Using default tokenizer.
2024-03-17 19:28:37,649:INFO: Using default tokenizer.
2024-03-17 19:28:38,480:INFO: Using default tokenizer.
2024-03-17 19:28:38,508:INFO: Using default tokenizer.
2024-03-17 19:28:38,535:INFO: Using default tokenizer.
2024-03-17 19:28:39,681:INFO: Using default tokenizer.
2024-03-17 19:28:39,710:INFO: Using default tokenizer.
2024-03-17 19:28:39,738:INFO: Using default tokenizer.
2024-03-17 19:28:40,824:INFO: Using default tokenizer.
2024-03-17 19:28:40,851:INFO: Using default tokenizer.
2024-03-17 19:28:40,879:INFO: Using default tokenizer.
2024-03-17 19:28:42,070:INFO: Using default tokenizer.
2024-03-17 19:28:42,098:INFO: Using default tokenizer.
2024-03-17 19:28:42,127:INFO: Using default tokenizer.
2024-03-17 19:28:43,670:INFO: Using default tokenizer.
2024-03-17 19:28:43,699:INFO: Using default tokenizer.
2024-03-17 19:28:43,728:INFO: Using default tokenizer.
2024-03-17 19:28:44,597:INFO: Using default tokenizer.
2024-03-17 19:28:44,626:INFO: Using default tokenizer.
2024-03-17 19:28:44,654:INFO: Using default tokenizer.
2024-03-17 19:28:45,791:INFO: Using default tokenizer.
2024-03-17 19:28:45,820:INFO: Using default tokenizer.
2024-03-17 19:28:45,847:INFO: Using default tokenizer.
2024-03-17 19:28:46,981:INFO: Using default tokenizer.
2024-03-17 19:28:47,009:INFO: Using default tokenizer.
2024-03-17 19:28:47,037:INFO: Using default tokenizer.
2024-03-17 19:28:47,873:INFO: Using default tokenizer.
2024-03-17 19:28:47,901:INFO: Using default tokenizer.
2024-03-17 19:28:47,929:INFO: Using default tokenizer.
2024-03-17 19:28:48,934:INFO: Using default tokenizer.
2024-03-17 19:28:48,963:INFO: Using default tokenizer.
2024-03-17 19:28:48,991:INFO: Using default tokenizer.
2024-03-17 19:28:51,430:INFO: - Evaluation metrics: loss: 1.4003; rouge1: 0.5089; rouge2: 0.2603; rougeL: 0.4220
2024-03-17 19:28:52,521:INFO: Epoch 15/20
2024-03-17 19:32:10,903:INFO: - Train metrics: loss: 1.3577; lr:c: 1.53e-04
2024-03-17 19:32:11,918:INFO: Using default tokenizer.
2024-03-17 19:32:11,946:INFO: Using default tokenizer.
2024-03-17 19:32:12,074:INFO: Using default tokenizer.
2024-03-17 19:32:13,067:INFO: Using default tokenizer.
2024-03-17 19:32:13,094:INFO: Using default tokenizer.
2024-03-17 19:32:13,121:INFO: Using default tokenizer.
2024-03-17 19:32:13,991:INFO: Using default tokenizer.
2024-03-17 19:32:14,020:INFO: Using default tokenizer.
2024-03-17 19:32:14,048:INFO: Using default tokenizer.
2024-03-17 19:32:14,904:INFO: Using default tokenizer.
2024-03-17 19:32:14,932:INFO: Using default tokenizer.
2024-03-17 19:32:14,960:INFO: Using default tokenizer.
2024-03-17 19:32:15,807:INFO: Using default tokenizer.
2024-03-17 19:32:15,835:INFO: Using default tokenizer.
2024-03-17 19:32:15,864:INFO: Using default tokenizer.
2024-03-17 19:32:16,974:INFO: Using default tokenizer.
2024-03-17 19:32:17,002:INFO: Using default tokenizer.
2024-03-17 19:32:17,029:INFO: Using default tokenizer.
2024-03-17 19:32:17,927:INFO: Using default tokenizer.
2024-03-17 19:32:17,955:INFO: Using default tokenizer.
2024-03-17 19:32:17,982:INFO: Using default tokenizer.
2024-03-17 19:32:18,783:INFO: Using default tokenizer.
2024-03-17 19:32:18,811:INFO: Using default tokenizer.
2024-03-17 19:32:18,838:INFO: Using default tokenizer.
2024-03-17 19:32:20,005:INFO: Using default tokenizer.
2024-03-17 19:32:20,034:INFO: Using default tokenizer.
2024-03-17 19:32:20,062:INFO: Using default tokenizer.
2024-03-17 19:32:21,237:INFO: Using default tokenizer.
2024-03-17 19:32:21,266:INFO: Using default tokenizer.
2024-03-17 19:32:21,294:INFO: Using default tokenizer.
2024-03-17 19:32:22,288:INFO: Using default tokenizer.
2024-03-17 19:32:22,317:INFO: Using default tokenizer.
2024-03-17 19:32:22,347:INFO: Using default tokenizer.
2024-03-17 19:32:23,719:INFO: Using default tokenizer.
2024-03-17 19:32:23,747:INFO: Using default tokenizer.
2024-03-17 19:32:23,776:INFO: Using default tokenizer.
2024-03-17 19:32:24,697:INFO: Using default tokenizer.
2024-03-17 19:32:24,725:INFO: Using default tokenizer.
2024-03-17 19:32:24,752:INFO: Using default tokenizer.
2024-03-17 19:32:25,689:INFO: Using default tokenizer.
2024-03-17 19:32:25,718:INFO: Using default tokenizer.
2024-03-17 19:32:25,746:INFO: Using default tokenizer.
2024-03-17 19:32:26,671:INFO: Using default tokenizer.
2024-03-17 19:32:26,700:INFO: Using default tokenizer.
2024-03-17 19:32:26,728:INFO: Using default tokenizer.
2024-03-17 19:32:27,703:INFO: Using default tokenizer.
2024-03-17 19:32:27,733:INFO: Using default tokenizer.
2024-03-17 19:32:27,761:INFO: Using default tokenizer.
2024-03-17 19:32:28,626:INFO: Using default tokenizer.
2024-03-17 19:32:28,653:INFO: Using default tokenizer.
2024-03-17 19:32:28,681:INFO: Using default tokenizer.
2024-03-17 19:32:29,561:INFO: Using default tokenizer.
2024-03-17 19:32:29,590:INFO: Using default tokenizer.
2024-03-17 19:32:29,618:INFO: Using default tokenizer.
2024-03-17 19:32:30,646:INFO: Using default tokenizer.
2024-03-17 19:32:30,674:INFO: Using default tokenizer.
2024-03-17 19:32:30,701:INFO: Using default tokenizer.
2024-03-17 19:32:31,870:INFO: Using default tokenizer.
2024-03-17 19:32:31,898:INFO: Using default tokenizer.
2024-03-17 19:32:31,926:INFO: Using default tokenizer.
2024-03-17 19:32:32,904:INFO: Using default tokenizer.
2024-03-17 19:32:32,932:INFO: Using default tokenizer.
2024-03-17 19:32:32,960:INFO: Using default tokenizer.
2024-03-17 19:32:33,825:INFO: Using default tokenizer.
2024-03-17 19:32:33,853:INFO: Using default tokenizer.
2024-03-17 19:32:33,881:INFO: Using default tokenizer.
2024-03-17 19:32:35,004:INFO: Using default tokenizer.
2024-03-17 19:32:35,033:INFO: Using default tokenizer.
2024-03-17 19:32:35,060:INFO: Using default tokenizer.
2024-03-17 19:32:36,131:INFO: Using default tokenizer.
2024-03-17 19:32:36,159:INFO: Using default tokenizer.
2024-03-17 19:32:36,187:INFO: Using default tokenizer.
2024-03-17 19:32:37,020:INFO: Using default tokenizer.
2024-03-17 19:32:37,047:INFO: Using default tokenizer.
2024-03-17 19:32:37,075:INFO: Using default tokenizer.
2024-03-17 19:32:38,117:INFO: Using default tokenizer.
2024-03-17 19:32:38,145:INFO: Using default tokenizer.
2024-03-17 19:32:38,175:INFO: Using default tokenizer.
2024-03-17 19:32:40,668:INFO: - Evaluation metrics: loss: 1.4012; rouge1: 0.5130; rouge2: 0.2643; rougeL: 0.4266
2024-03-17 19:32:41,745:INFO: - Found new best objective
2024-03-17 19:32:42,432:INFO: Epoch 16/20
2024-03-17 19:36:00,843:INFO: - Train metrics: loss: 1.3528; lr:c: 9.99e-05
2024-03-17 19:36:01,767:INFO: Using default tokenizer.
2024-03-17 19:36:01,796:INFO: Using default tokenizer.
2024-03-17 19:36:01,823:INFO: Using default tokenizer.
2024-03-17 19:36:02,812:INFO: Using default tokenizer.
2024-03-17 19:36:02,841:INFO: Using default tokenizer.
2024-03-17 19:36:02,868:INFO: Using default tokenizer.
2024-03-17 19:36:03,820:INFO: Using default tokenizer.
2024-03-17 19:36:03,848:INFO: Using default tokenizer.
2024-03-17 19:36:03,876:INFO: Using default tokenizer.
2024-03-17 19:36:04,778:INFO: Using default tokenizer.
2024-03-17 19:36:04,806:INFO: Using default tokenizer.
2024-03-17 19:36:04,833:INFO: Using default tokenizer.
2024-03-17 19:36:05,692:INFO: Using default tokenizer.
2024-03-17 19:36:05,720:INFO: Using default tokenizer.
2024-03-17 19:36:05,748:INFO: Using default tokenizer.
2024-03-17 19:36:07,191:INFO: Using default tokenizer.
2024-03-17 19:36:07,218:INFO: Using default tokenizer.
2024-03-17 19:36:07,246:INFO: Using default tokenizer.
2024-03-17 19:36:08,237:INFO: Using default tokenizer.
2024-03-17 19:36:08,265:INFO: Using default tokenizer.
2024-03-17 19:36:08,292:INFO: Using default tokenizer.
2024-03-17 19:36:09,682:INFO: Using default tokenizer.
2024-03-17 19:36:09,713:INFO: Using default tokenizer.
2024-03-17 19:36:09,748:INFO: Using default tokenizer.
2024-03-17 19:36:11,049:INFO: Using default tokenizer.
2024-03-17 19:36:11,078:INFO: Using default tokenizer.
2024-03-17 19:36:11,110:INFO: Using default tokenizer.
2024-03-17 19:36:12,236:INFO: Using default tokenizer.
2024-03-17 19:36:12,265:INFO: Using default tokenizer.
2024-03-17 19:36:12,294:INFO: Using default tokenizer.
2024-03-17 19:36:13,213:INFO: Using default tokenizer.
2024-03-17 19:36:13,242:INFO: Using default tokenizer.
2024-03-17 19:36:13,270:INFO: Using default tokenizer.
2024-03-17 19:36:14,467:INFO: Using default tokenizer.
2024-03-17 19:36:14,495:INFO: Using default tokenizer.
2024-03-17 19:36:14,523:INFO: Using default tokenizer.
2024-03-17 19:36:15,481:INFO: Using default tokenizer.
2024-03-17 19:36:15,510:INFO: Using default tokenizer.
2024-03-17 19:36:15,537:INFO: Using default tokenizer.
2024-03-17 19:36:16,574:INFO: Using default tokenizer.
2024-03-17 19:36:16,603:INFO: Using default tokenizer.
2024-03-17 19:36:16,631:INFO: Using default tokenizer.
2024-03-17 19:36:17,656:INFO: Using default tokenizer.
2024-03-17 19:36:17,687:INFO: Using default tokenizer.
2024-03-17 19:36:17,715:INFO: Using default tokenizer.
2024-03-17 19:36:18,787:INFO: Using default tokenizer.
2024-03-17 19:36:18,815:INFO: Using default tokenizer.
2024-03-17 19:36:18,843:INFO: Using default tokenizer.
2024-03-17 19:36:19,755:INFO: Using default tokenizer.
2024-03-17 19:36:19,785:INFO: Using default tokenizer.
2024-03-17 19:36:19,812:INFO: Using default tokenizer.
2024-03-17 19:36:20,941:INFO: Using default tokenizer.
2024-03-17 19:36:20,970:INFO: Using default tokenizer.
2024-03-17 19:36:20,999:INFO: Using default tokenizer.
2024-03-17 19:36:22,096:INFO: Using default tokenizer.
2024-03-17 19:36:22,124:INFO: Using default tokenizer.
2024-03-17 19:36:22,152:INFO: Using default tokenizer.
2024-03-17 19:36:23,233:INFO: Using default tokenizer.
2024-03-17 19:36:23,261:INFO: Using default tokenizer.
2024-03-17 19:36:23,290:INFO: Using default tokenizer.
2024-03-17 19:36:24,806:INFO: Using default tokenizer.
2024-03-17 19:36:24,835:INFO: Using default tokenizer.
2024-03-17 19:36:24,863:INFO: Using default tokenizer.
2024-03-17 19:36:25,845:INFO: Using default tokenizer.
2024-03-17 19:36:25,874:INFO: Using default tokenizer.
2024-03-17 19:36:25,902:INFO: Using default tokenizer.
2024-03-17 19:36:27,015:INFO: Using default tokenizer.
2024-03-17 19:36:27,043:INFO: Using default tokenizer.
2024-03-17 19:36:27,070:INFO: Using default tokenizer.
2024-03-17 19:36:28,394:INFO: Using default tokenizer.
2024-03-17 19:36:28,423:INFO: Using default tokenizer.
2024-03-17 19:36:28,451:INFO: Using default tokenizer.
2024-03-17 19:36:29,295:INFO: Using default tokenizer.
2024-03-17 19:36:29,323:INFO: Using default tokenizer.
2024-03-17 19:36:29,350:INFO: Using default tokenizer.
2024-03-17 19:36:30,423:INFO: Using default tokenizer.
2024-03-17 19:36:30,452:INFO: Using default tokenizer.
2024-03-17 19:36:30,484:INFO: Using default tokenizer.
2024-03-17 19:36:30,511:INFO: - Evaluation metrics: loss: 1.4033; rouge1: 0.5119; rouge2: 0.2629; rougeL: 0.4256
2024-03-17 19:36:31,091:INFO: Epoch 17/20
2024-03-17 19:39:49,504:INFO: - Train metrics: loss: 1.3485; lr:c: 5.68e-05
2024-03-17 19:39:50,568:INFO: Using default tokenizer.
2024-03-17 19:39:50,596:INFO: Using default tokenizer.
2024-03-17 19:39:50,625:INFO: Using default tokenizer.
2024-03-17 19:39:51,623:INFO: Using default tokenizer.
2024-03-17 19:39:51,651:INFO: Using default tokenizer.
2024-03-17 19:39:51,678:INFO: Using default tokenizer.
2024-03-17 19:39:52,634:INFO: Using default tokenizer.
2024-03-17 19:39:52,663:INFO: Using default tokenizer.
2024-03-17 19:39:52,691:INFO: Using default tokenizer.
2024-03-17 19:39:53,547:INFO: Using default tokenizer.
2024-03-17 19:39:53,575:INFO: Using default tokenizer.
2024-03-17 19:39:53,603:INFO: Using default tokenizer.
2024-03-17 19:39:54,512:INFO: Using default tokenizer.
2024-03-17 19:39:54,541:INFO: Using default tokenizer.
2024-03-17 19:39:54,569:INFO: Using default tokenizer.
2024-03-17 19:39:56,055:INFO: Using default tokenizer.
2024-03-17 19:39:56,083:INFO: Using default tokenizer.
2024-03-17 19:39:56,111:INFO: Using default tokenizer.
2024-03-17 19:39:57,073:INFO: Using default tokenizer.
2024-03-17 19:39:57,101:INFO: Using default tokenizer.
2024-03-17 19:39:57,129:INFO: Using default tokenizer.
2024-03-17 19:39:58,376:INFO: Using default tokenizer.
2024-03-17 19:39:58,405:INFO: Using default tokenizer.
2024-03-17 19:39:58,434:INFO: Using default tokenizer.
2024-03-17 19:39:59,597:INFO: Using default tokenizer.
2024-03-17 19:39:59,625:INFO: Using default tokenizer.
2024-03-17 19:39:59,654:INFO: Using default tokenizer.
2024-03-17 19:40:00,793:INFO: Using default tokenizer.
2024-03-17 19:40:00,821:INFO: Using default tokenizer.
2024-03-17 19:40:00,850:INFO: Using default tokenizer.
2024-03-17 19:40:01,805:INFO: Using default tokenizer.
2024-03-17 19:40:01,833:INFO: Using default tokenizer.
2024-03-17 19:40:01,861:INFO: Using default tokenizer.
2024-03-17 19:40:03,121:INFO: Using default tokenizer.
2024-03-17 19:40:03,149:INFO: Using default tokenizer.
2024-03-17 19:40:03,177:INFO: Using default tokenizer.
2024-03-17 19:40:04,043:INFO: Using default tokenizer.
2024-03-17 19:40:04,071:INFO: Using default tokenizer.
2024-03-17 19:40:04,100:INFO: Using default tokenizer.
2024-03-17 19:40:05,093:INFO: Using default tokenizer.
2024-03-17 19:40:05,121:INFO: Using default tokenizer.
2024-03-17 19:40:05,149:INFO: Using default tokenizer.
2024-03-17 19:40:06,244:INFO: Using default tokenizer.
2024-03-17 19:40:06,273:INFO: Using default tokenizer.
2024-03-17 19:40:06,301:INFO: Using default tokenizer.
2024-03-17 19:40:07,330:INFO: Using default tokenizer.
2024-03-17 19:40:07,359:INFO: Using default tokenizer.
2024-03-17 19:40:07,387:INFO: Using default tokenizer.
2024-03-17 19:40:08,290:INFO: Using default tokenizer.
2024-03-17 19:40:08,318:INFO: Using default tokenizer.
2024-03-17 19:40:08,346:INFO: Using default tokenizer.
2024-03-17 19:40:09,391:INFO: Using default tokenizer.
2024-03-17 19:40:09,419:INFO: Using default tokenizer.
2024-03-17 19:40:09,448:INFO: Using default tokenizer.
2024-03-17 19:40:10,544:INFO: Using default tokenizer.
2024-03-17 19:40:10,572:INFO: Using default tokenizer.
2024-03-17 19:40:10,600:INFO: Using default tokenizer.
2024-03-17 19:40:11,793:INFO: Using default tokenizer.
2024-03-17 19:40:11,822:INFO: Using default tokenizer.
2024-03-17 19:40:11,850:INFO: Using default tokenizer.
2024-03-17 19:40:13,071:INFO: Using default tokenizer.
2024-03-17 19:40:13,100:INFO: Using default tokenizer.
2024-03-17 19:40:13,129:INFO: Using default tokenizer.
2024-03-17 19:40:14,017:INFO: Using default tokenizer.
2024-03-17 19:40:14,047:INFO: Using default tokenizer.
2024-03-17 19:40:14,075:INFO: Using default tokenizer.
2024-03-17 19:40:14,947:INFO: Using default tokenizer.
2024-03-17 19:40:14,975:INFO: Using default tokenizer.
2024-03-17 19:40:15,002:INFO: Using default tokenizer.
2024-03-17 19:40:16,293:INFO: Using default tokenizer.
2024-03-17 19:40:16,322:INFO: Using default tokenizer.
2024-03-17 19:40:16,349:INFO: Using default tokenizer.
2024-03-17 19:40:17,187:INFO: Using default tokenizer.
2024-03-17 19:40:17,215:INFO: Using default tokenizer.
2024-03-17 19:40:17,242:INFO: Using default tokenizer.
2024-03-17 19:40:18,280:INFO: Using default tokenizer.
2024-03-17 19:40:18,308:INFO: Using default tokenizer.
2024-03-17 19:40:18,337:INFO: Using default tokenizer.
2024-03-17 19:40:19,548:INFO: - Evaluation metrics: loss: 1.4027; rouge1: 0.5107; rouge2: 0.2614; rougeL: 0.4242
2024-03-17 19:40:20,141:INFO: Epoch 18/20
2024-03-17 19:43:38,529:INFO: - Train metrics: loss: 1.3496; lr:c: 2.53e-05
2024-03-17 19:43:39,484:INFO: Using default tokenizer.
2024-03-17 19:43:39,512:INFO: Using default tokenizer.
2024-03-17 19:43:39,540:INFO: Using default tokenizer.
2024-03-17 19:43:40,541:INFO: Using default tokenizer.
2024-03-17 19:43:40,569:INFO: Using default tokenizer.
2024-03-17 19:43:40,597:INFO: Using default tokenizer.
2024-03-17 19:43:41,476:INFO: Using default tokenizer.
2024-03-17 19:43:41,505:INFO: Using default tokenizer.
2024-03-17 19:43:41,534:INFO: Using default tokenizer.
2024-03-17 19:43:42,385:INFO: Using default tokenizer.
2024-03-17 19:43:42,413:INFO: Using default tokenizer.
2024-03-17 19:43:42,440:INFO: Using default tokenizer.
2024-03-17 19:43:43,335:INFO: Using default tokenizer.
2024-03-17 19:43:43,363:INFO: Using default tokenizer.
2024-03-17 19:43:43,394:INFO: Using default tokenizer.
2024-03-17 19:43:44,916:INFO: Using default tokenizer.
2024-03-17 19:43:44,944:INFO: Using default tokenizer.
2024-03-17 19:43:44,972:INFO: Using default tokenizer.
2024-03-17 19:43:45,881:INFO: Using default tokenizer.
2024-03-17 19:43:45,908:INFO: Using default tokenizer.
2024-03-17 19:43:45,936:INFO: Using default tokenizer.
2024-03-17 19:43:47,176:INFO: Using default tokenizer.
2024-03-17 19:43:47,203:INFO: Using default tokenizer.
2024-03-17 19:43:47,230:INFO: Using default tokenizer.
2024-03-17 19:43:48,384:INFO: Using default tokenizer.
2024-03-17 19:43:48,413:INFO: Using default tokenizer.
2024-03-17 19:43:48,441:INFO: Using default tokenizer.
2024-03-17 19:43:49,530:INFO: Using default tokenizer.
2024-03-17 19:43:49,558:INFO: Using default tokenizer.
2024-03-17 19:43:49,585:INFO: Using default tokenizer.
2024-03-17 19:43:50,480:INFO: Using default tokenizer.
2024-03-17 19:43:50,508:INFO: Using default tokenizer.
2024-03-17 19:43:50,537:INFO: Using default tokenizer.
2024-03-17 19:43:51,880:INFO: Using default tokenizer.
2024-03-17 19:43:51,909:INFO: Using default tokenizer.
2024-03-17 19:43:51,938:INFO: Using default tokenizer.
2024-03-17 19:43:52,976:INFO: Using default tokenizer.
2024-03-17 19:43:53,004:INFO: Using default tokenizer.
2024-03-17 19:43:53,032:INFO: Using default tokenizer.
2024-03-17 19:43:54,020:INFO: Using default tokenizer.
2024-03-17 19:43:54,048:INFO: Using default tokenizer.
2024-03-17 19:43:54,076:INFO: Using default tokenizer.
2024-03-17 19:43:55,058:INFO: Using default tokenizer.
2024-03-17 19:43:55,087:INFO: Using default tokenizer.
2024-03-17 19:43:55,115:INFO: Using default tokenizer.
2024-03-17 19:43:56,111:INFO: Using default tokenizer.
2024-03-17 19:43:56,140:INFO: Using default tokenizer.
2024-03-17 19:43:56,169:INFO: Using default tokenizer.
2024-03-17 19:43:57,032:INFO: Using default tokenizer.
2024-03-17 19:43:57,060:INFO: Using default tokenizer.
2024-03-17 19:43:57,087:INFO: Using default tokenizer.
2024-03-17 19:43:58,125:INFO: Using default tokenizer.
2024-03-17 19:43:58,154:INFO: Using default tokenizer.
2024-03-17 19:43:58,182:INFO: Using default tokenizer.
2024-03-17 19:43:59,266:INFO: Using default tokenizer.
2024-03-17 19:43:59,294:INFO: Using default tokenizer.
2024-03-17 19:43:59,321:INFO: Using default tokenizer.
2024-03-17 19:44:00,451:INFO: Using default tokenizer.
2024-03-17 19:44:00,480:INFO: Using default tokenizer.
2024-03-17 19:44:00,508:INFO: Using default tokenizer.
2024-03-17 19:44:01,547:INFO: Using default tokenizer.
2024-03-17 19:44:01,575:INFO: Using default tokenizer.
2024-03-17 19:44:01,603:INFO: Using default tokenizer.
2024-03-17 19:44:02,551:INFO: Using default tokenizer.
2024-03-17 19:44:02,579:INFO: Using default tokenizer.
2024-03-17 19:44:02,607:INFO: Using default tokenizer.
2024-03-17 19:44:03,472:INFO: Using default tokenizer.
2024-03-17 19:44:03,500:INFO: Using default tokenizer.
2024-03-17 19:44:03,527:INFO: Using default tokenizer.
2024-03-17 19:44:04,594:INFO: Using default tokenizer.
2024-03-17 19:44:04,622:INFO: Using default tokenizer.
2024-03-17 19:44:04,649:INFO: Using default tokenizer.
2024-03-17 19:44:05,487:INFO: Using default tokenizer.
2024-03-17 19:44:05,515:INFO: Using default tokenizer.
2024-03-17 19:44:05,543:INFO: Using default tokenizer.
2024-03-17 19:44:06,574:INFO: Using default tokenizer.
2024-03-17 19:44:06,602:INFO: Using default tokenizer.
2024-03-17 19:44:06,630:INFO: Using default tokenizer.
2024-03-17 19:44:08,437:INFO: - Evaluation metrics: loss: 1.4016; rouge1: 0.5127; rouge2: 0.2638; rougeL: 0.4274
2024-03-17 19:44:09,110:INFO: Epoch 19/20
2024-03-17 19:47:27,371:INFO: - Train metrics: loss: 1.3547; lr:c: 6.24e-06
2024-03-17 19:47:28,325:INFO: Using default tokenizer.
2024-03-17 19:47:28,353:INFO: Using default tokenizer.
2024-03-17 19:47:28,380:INFO: Using default tokenizer.
2024-03-17 19:47:29,375:INFO: Using default tokenizer.
2024-03-17 19:47:29,402:INFO: Using default tokenizer.
2024-03-17 19:47:29,429:INFO: Using default tokenizer.
2024-03-17 19:47:30,309:INFO: Using default tokenizer.
2024-03-17 19:47:30,337:INFO: Using default tokenizer.
2024-03-17 19:47:30,365:INFO: Using default tokenizer.
2024-03-17 19:47:31,221:INFO: Using default tokenizer.
2024-03-17 19:47:31,249:INFO: Using default tokenizer.
2024-03-17 19:47:31,276:INFO: Using default tokenizer.
2024-03-17 19:47:32,117:INFO: Using default tokenizer.
2024-03-17 19:47:32,145:INFO: Using default tokenizer.
2024-03-17 19:47:32,173:INFO: Using default tokenizer.
2024-03-17 19:47:33,570:INFO: Using default tokenizer.
2024-03-17 19:47:33,598:INFO: Using default tokenizer.
2024-03-17 19:47:33,626:INFO: Using default tokenizer.
2024-03-17 19:47:34,622:INFO: Using default tokenizer.
2024-03-17 19:47:34,650:INFO: Using default tokenizer.
2024-03-17 19:47:34,678:INFO: Using default tokenizer.
2024-03-17 19:47:35,478:INFO: Using default tokenizer.
2024-03-17 19:47:35,506:INFO: Using default tokenizer.
2024-03-17 19:47:35,533:INFO: Using default tokenizer.
2024-03-17 19:47:36,684:INFO: Using default tokenizer.
2024-03-17 19:47:36,713:INFO: Using default tokenizer.
2024-03-17 19:47:36,741:INFO: Using default tokenizer.
2024-03-17 19:47:37,825:INFO: Using default tokenizer.
2024-03-17 19:47:37,853:INFO: Using default tokenizer.
2024-03-17 19:47:37,880:INFO: Using default tokenizer.
2024-03-17 19:47:38,775:INFO: Using default tokenizer.
2024-03-17 19:47:38,803:INFO: Using default tokenizer.
2024-03-17 19:47:38,831:INFO: Using default tokenizer.
2024-03-17 19:47:40,085:INFO: Using default tokenizer.
2024-03-17 19:47:40,114:INFO: Using default tokenizer.
2024-03-17 19:47:40,142:INFO: Using default tokenizer.
2024-03-17 19:47:41,143:INFO: Using default tokenizer.
2024-03-17 19:47:41,172:INFO: Using default tokenizer.
2024-03-17 19:47:41,201:INFO: Using default tokenizer.
2024-03-17 19:47:42,150:INFO: Using default tokenizer.
2024-03-17 19:47:42,179:INFO: Using default tokenizer.
2024-03-17 19:47:42,207:INFO: Using default tokenizer.
2024-03-17 19:47:43,271:INFO: Using default tokenizer.
2024-03-17 19:47:43,300:INFO: Using default tokenizer.
2024-03-17 19:47:43,329:INFO: Using default tokenizer.
2024-03-17 19:47:44,323:INFO: Using default tokenizer.
2024-03-17 19:47:44,353:INFO: Using default tokenizer.
2024-03-17 19:47:44,381:INFO: Using default tokenizer.
2024-03-17 19:47:45,304:INFO: Using default tokenizer.
2024-03-17 19:47:45,333:INFO: Using default tokenizer.
2024-03-17 19:47:45,362:INFO: Using default tokenizer.
2024-03-17 19:47:46,457:INFO: Using default tokenizer.
2024-03-17 19:47:46,487:INFO: Using default tokenizer.
2024-03-17 19:47:46,517:INFO: Using default tokenizer.
2024-03-17 19:47:47,700:INFO: Using default tokenizer.
2024-03-17 19:47:47,728:INFO: Using default tokenizer.
2024-03-17 19:47:47,755:INFO: Using default tokenizer.
2024-03-17 19:47:48,835:INFO: Using default tokenizer.
2024-03-17 19:47:48,864:INFO: Using default tokenizer.
2024-03-17 19:47:48,892:INFO: Using default tokenizer.
2024-03-17 19:47:49,919:INFO: Using default tokenizer.
2024-03-17 19:47:49,947:INFO: Using default tokenizer.
2024-03-17 19:47:49,975:INFO: Using default tokenizer.
2024-03-17 19:47:50,918:INFO: Using default tokenizer.
2024-03-17 19:47:50,946:INFO: Using default tokenizer.
2024-03-17 19:47:50,974:INFO: Using default tokenizer.
2024-03-17 19:47:51,840:INFO: Using default tokenizer.
2024-03-17 19:47:51,868:INFO: Using default tokenizer.
2024-03-17 19:47:51,896:INFO: Using default tokenizer.
2024-03-17 19:47:52,962:INFO: Using default tokenizer.
2024-03-17 19:47:52,990:INFO: Using default tokenizer.
2024-03-17 19:47:53,017:INFO: Using default tokenizer.
2024-03-17 19:47:53,852:INFO: Using default tokenizer.
2024-03-17 19:47:53,880:INFO: Using default tokenizer.
2024-03-17 19:47:53,908:INFO: Using default tokenizer.
2024-03-17 19:47:55,040:INFO: Using default tokenizer.
2024-03-17 19:47:55,069:INFO: Using default tokenizer.
2024-03-17 19:47:55,097:INFO: Using default tokenizer.
2024-03-17 19:47:57,088:INFO: - Evaluation metrics: loss: 1.4010; rouge1: 0.5130; rouge2: 0.2641; rougeL: 0.4279
2024-03-17 19:47:57,700:INFO: - Found new best objective
2024-03-17 19:47:59,286:INFO: Epoch 20/20
2024-03-17 19:51:17,508:INFO: - Train metrics: loss: 1.3490; lr:c: 3.07e-09
2024-03-17 19:51:18,466:INFO: Using default tokenizer.
2024-03-17 19:51:18,494:INFO: Using default tokenizer.
2024-03-17 19:51:18,522:INFO: Using default tokenizer.
2024-03-17 19:51:19,519:INFO: Using default tokenizer.
2024-03-17 19:51:19,547:INFO: Using default tokenizer.
2024-03-17 19:51:19,574:INFO: Using default tokenizer.
2024-03-17 19:51:20,465:INFO: Using default tokenizer.
2024-03-17 19:51:20,495:INFO: Using default tokenizer.
2024-03-17 19:51:20,523:INFO: Using default tokenizer.
2024-03-17 19:51:21,394:INFO: Using default tokenizer.
2024-03-17 19:51:21,423:INFO: Using default tokenizer.
2024-03-17 19:51:21,451:INFO: Using default tokenizer.
2024-03-17 19:51:22,312:INFO: Using default tokenizer.
2024-03-17 19:51:22,340:INFO: Using default tokenizer.
2024-03-17 19:51:22,368:INFO: Using default tokenizer.
2024-03-17 19:51:23,890:INFO: Using default tokenizer.
2024-03-17 19:51:23,918:INFO: Using default tokenizer.
2024-03-17 19:51:23,945:INFO: Using default tokenizer.
2024-03-17 19:51:24,840:INFO: Using default tokenizer.
2024-03-17 19:51:24,868:INFO: Using default tokenizer.
2024-03-17 19:51:24,896:INFO: Using default tokenizer.
2024-03-17 19:51:26,127:INFO: Using default tokenizer.
2024-03-17 19:51:26,155:INFO: Using default tokenizer.
2024-03-17 19:51:26,183:INFO: Using default tokenizer.
2024-03-17 19:51:27,411:INFO: Using default tokenizer.
2024-03-17 19:51:27,440:INFO: Using default tokenizer.
2024-03-17 19:51:27,468:INFO: Using default tokenizer.
2024-03-17 19:51:28,557:INFO: Using default tokenizer.
2024-03-17 19:51:28,585:INFO: Using default tokenizer.
2024-03-17 19:51:28,613:INFO: Using default tokenizer.
2024-03-17 19:51:29,511:INFO: Using default tokenizer.
2024-03-17 19:51:29,540:INFO: Using default tokenizer.
2024-03-17 19:51:29,569:INFO: Using default tokenizer.
2024-03-17 19:51:30,831:INFO: Using default tokenizer.
2024-03-17 19:51:30,860:INFO: Using default tokenizer.
2024-03-17 19:51:30,888:INFO: Using default tokenizer.
2024-03-17 19:51:31,920:INFO: Using default tokenizer.
2024-03-17 19:51:31,949:INFO: Using default tokenizer.
2024-03-17 19:51:31,976:INFO: Using default tokenizer.
2024-03-17 19:51:32,962:INFO: Using default tokenizer.
2024-03-17 19:51:32,991:INFO: Using default tokenizer.
2024-03-17 19:51:33,020:INFO: Using default tokenizer.
2024-03-17 19:51:34,186:INFO: Using default tokenizer.
2024-03-17 19:51:34,215:INFO: Using default tokenizer.
2024-03-17 19:51:34,244:INFO: Using default tokenizer.
2024-03-17 19:51:35,233:INFO: Using default tokenizer.
2024-03-17 19:51:35,263:INFO: Using default tokenizer.
2024-03-17 19:51:35,291:INFO: Using default tokenizer.
2024-03-17 19:51:36,170:INFO: Using default tokenizer.
2024-03-17 19:51:36,199:INFO: Using default tokenizer.
2024-03-17 19:51:36,227:INFO: Using default tokenizer.
2024-03-17 19:51:37,285:INFO: Using default tokenizer.
2024-03-17 19:51:37,315:INFO: Using default tokenizer.
2024-03-17 19:51:37,344:INFO: Using default tokenizer.
2024-03-17 19:51:38,444:INFO: Using default tokenizer.
2024-03-17 19:51:38,473:INFO: Using default tokenizer.
2024-03-17 19:51:38,501:INFO: Using default tokenizer.
2024-03-17 19:51:39,661:INFO: Using default tokenizer.
2024-03-17 19:51:39,691:INFO: Using default tokenizer.
2024-03-17 19:51:39,719:INFO: Using default tokenizer.
2024-03-17 19:51:40,831:INFO: Using default tokenizer.
2024-03-17 19:51:40,860:INFO: Using default tokenizer.
2024-03-17 19:51:40,889:INFO: Using default tokenizer.
2024-03-17 19:51:41,772:INFO: Using default tokenizer.
2024-03-17 19:51:41,801:INFO: Using default tokenizer.
2024-03-17 19:51:41,830:INFO: Using default tokenizer.
2024-03-17 19:51:42,711:INFO: Using default tokenizer.
2024-03-17 19:51:42,740:INFO: Using default tokenizer.
2024-03-17 19:51:42,768:INFO: Using default tokenizer.
2024-03-17 19:51:44,061:INFO: Using default tokenizer.
2024-03-17 19:51:44,090:INFO: Using default tokenizer.
2024-03-17 19:51:44,118:INFO: Using default tokenizer.
2024-03-17 19:51:45,062:INFO: Using default tokenizer.
2024-03-17 19:51:45,090:INFO: Using default tokenizer.
2024-03-17 19:51:45,120:INFO: Using default tokenizer.
2024-03-17 19:51:46,220:INFO: Using default tokenizer.
2024-03-17 19:51:46,248:INFO: Using default tokenizer.
2024-03-17 19:51:46,276:INFO: Using default tokenizer.
2024-03-17 19:51:47,080:INFO: - Evaluation metrics: loss: 1.4011; rouge1: 0.5122; rouge2: 0.2634; rougeL: 0.4265
