2024-03-17 20:57:45,641:INFO: Epoch 1/20
2024-03-17 21:01:01,603:INFO: - Train metrics: loss: 1.6704; lr:c: 9.99e-04
2024-03-17 21:01:02,373:INFO: Using default tokenizer.
2024-03-17 21:01:02,402:INFO: Using default tokenizer.
2024-03-17 21:01:02,429:INFO: Using default tokenizer.
2024-03-17 21:01:03,403:INFO: Using default tokenizer.
2024-03-17 21:01:03,430:INFO: Using default tokenizer.
2024-03-17 21:01:03,457:INFO: Using default tokenizer.
2024-03-17 21:01:04,325:INFO: Using default tokenizer.
2024-03-17 21:01:04,353:INFO: Using default tokenizer.
2024-03-17 21:01:04,384:INFO: Using default tokenizer.
2024-03-17 21:01:04,974:INFO: Using default tokenizer.
2024-03-17 21:01:05,004:INFO: Using default tokenizer.
2024-03-17 21:01:05,031:INFO: Using default tokenizer.
2024-03-17 21:01:05,879:INFO: Using default tokenizer.
2024-03-17 21:01:05,907:INFO: Using default tokenizer.
2024-03-17 21:01:05,934:INFO: Using default tokenizer.
2024-03-17 21:01:07,343:INFO: Using default tokenizer.
2024-03-17 21:01:07,371:INFO: Using default tokenizer.
2024-03-17 21:01:07,399:INFO: Using default tokenizer.
2024-03-17 21:01:08,192:INFO: Using default tokenizer.
2024-03-17 21:01:08,220:INFO: Using default tokenizer.
2024-03-17 21:01:08,248:INFO: Using default tokenizer.
2024-03-17 21:01:09,189:INFO: Using default tokenizer.
2024-03-17 21:01:09,217:INFO: Using default tokenizer.
2024-03-17 21:01:09,243:INFO: Using default tokenizer.
2024-03-17 21:01:10,306:INFO: Using default tokenizer.
2024-03-17 21:01:10,338:INFO: Using default tokenizer.
2024-03-17 21:01:10,365:INFO: Using default tokenizer.
2024-03-17 21:01:11,408:INFO: Using default tokenizer.
2024-03-17 21:01:11,440:INFO: Using default tokenizer.
2024-03-17 21:01:11,468:INFO: Using default tokenizer.
2024-03-17 21:01:12,325:INFO: Using default tokenizer.
2024-03-17 21:01:12,353:INFO: Using default tokenizer.
2024-03-17 21:01:12,380:INFO: Using default tokenizer.
2024-03-17 21:01:13,334:INFO: Using default tokenizer.
2024-03-17 21:01:13,366:INFO: Using default tokenizer.
2024-03-17 21:01:13,393:INFO: Using default tokenizer.
2024-03-17 21:01:14,067:INFO: Using default tokenizer.
2024-03-17 21:01:14,095:INFO: Using default tokenizer.
2024-03-17 21:01:14,122:INFO: Using default tokenizer.
2024-03-17 21:01:14,951:INFO: Using default tokenizer.
2024-03-17 21:01:14,979:INFO: Using default tokenizer.
2024-03-17 21:01:15,007:INFO: Using default tokenizer.
2024-03-17 21:01:16,066:INFO: Using default tokenizer.
2024-03-17 21:01:16,094:INFO: Using default tokenizer.
2024-03-17 21:01:16,121:INFO: Using default tokenizer.
2024-03-17 21:01:17,077:INFO: Using default tokenizer.
2024-03-17 21:01:17,105:INFO: Using default tokenizer.
2024-03-17 21:01:17,133:INFO: Using default tokenizer.
2024-03-17 21:01:17,915:INFO: Using default tokenizer.
2024-03-17 21:01:17,942:INFO: Using default tokenizer.
2024-03-17 21:01:17,969:INFO: Using default tokenizer.
2024-03-17 21:01:18,897:INFO: Using default tokenizer.
2024-03-17 21:01:18,925:INFO: Using default tokenizer.
2024-03-17 21:01:18,952:INFO: Using default tokenizer.
2024-03-17 21:01:19,717:INFO: Using default tokenizer.
2024-03-17 21:01:19,744:INFO: Using default tokenizer.
2024-03-17 21:01:19,771:INFO: Using default tokenizer.
2024-03-17 21:01:20,775:INFO: Using default tokenizer.
2024-03-17 21:01:20,803:INFO: Using default tokenizer.
2024-03-17 21:01:20,830:INFO: Using default tokenizer.
2024-03-17 21:01:23,390:INFO: Using default tokenizer.
2024-03-17 21:01:23,419:INFO: Using default tokenizer.
2024-03-17 21:01:23,448:INFO: Using default tokenizer.
2024-03-17 21:01:24,292:INFO: Using default tokenizer.
2024-03-17 21:01:24,323:INFO: Using default tokenizer.
2024-03-17 21:01:24,351:INFO: Using default tokenizer.
2024-03-17 21:01:25,167:INFO: Using default tokenizer.
2024-03-17 21:01:25,194:INFO: Using default tokenizer.
2024-03-17 21:01:25,221:INFO: Using default tokenizer.
2024-03-17 21:01:27,885:INFO: Using default tokenizer.
2024-03-17 21:01:27,913:INFO: Using default tokenizer.
2024-03-17 21:01:27,942:INFO: Using default tokenizer.
2024-03-17 21:01:28,790:INFO: Using default tokenizer.
2024-03-17 21:01:28,818:INFO: Using default tokenizer.
2024-03-17 21:01:28,844:INFO: Using default tokenizer.
2024-03-17 21:01:31,572:INFO: Using default tokenizer.
2024-03-17 21:01:31,603:INFO: Using default tokenizer.
2024-03-17 21:01:31,636:INFO: Using default tokenizer.
2024-03-17 21:01:32,098:INFO: - Evaluation metrics: loss: 1.5044; rouge1: 0.4666; rouge2: 0.2253; rougeL: 0.3854
2024-03-17 21:01:32,100:INFO: - Found new best objective
2024-03-17 21:01:32,100:INFO: Epoch 2/20
2024-03-17 21:04:48,305:INFO: - Train metrics: loss: 1.6524; lr:c: 9.86e-04
2024-03-17 21:04:49,145:INFO: Using default tokenizer.
2024-03-17 21:04:49,176:INFO: Using default tokenizer.
2024-03-17 21:04:49,306:INFO: Using default tokenizer.
2024-03-17 21:04:50,210:INFO: Using default tokenizer.
2024-03-17 21:04:50,236:INFO: Using default tokenizer.
2024-03-17 21:04:50,263:INFO: Using default tokenizer.
2024-03-17 21:04:51,164:INFO: Using default tokenizer.
2024-03-17 21:04:51,191:INFO: Using default tokenizer.
2024-03-17 21:04:51,218:INFO: Using default tokenizer.
2024-03-17 21:04:51,813:INFO: Using default tokenizer.
2024-03-17 21:04:51,840:INFO: Using default tokenizer.
2024-03-17 21:04:51,867:INFO: Using default tokenizer.
2024-03-17 21:04:52,602:INFO: Using default tokenizer.
2024-03-17 21:04:52,629:INFO: Using default tokenizer.
2024-03-17 21:04:52,657:INFO: Using default tokenizer.
2024-03-17 21:04:53,567:INFO: Using default tokenizer.
2024-03-17 21:04:53,594:INFO: Using default tokenizer.
2024-03-17 21:04:53,722:INFO: Using default tokenizer.
2024-03-17 21:04:54,514:INFO: Using default tokenizer.
2024-03-17 21:04:54,541:INFO: Using default tokenizer.
2024-03-17 21:04:54,567:INFO: Using default tokenizer.
2024-03-17 21:04:55,628:INFO: Using default tokenizer.
2024-03-17 21:04:55,655:INFO: Using default tokenizer.
2024-03-17 21:04:55,682:INFO: Using default tokenizer.
2024-03-17 21:04:56,726:INFO: Using default tokenizer.
2024-03-17 21:04:56,754:INFO: Using default tokenizer.
2024-03-17 21:04:56,782:INFO: Using default tokenizer.
2024-03-17 21:04:57,717:INFO: Using default tokenizer.
2024-03-17 21:04:57,745:INFO: Using default tokenizer.
2024-03-17 21:04:57,772:INFO: Using default tokenizer.
2024-03-17 21:04:58,624:INFO: Using default tokenizer.
2024-03-17 21:04:58,651:INFO: Using default tokenizer.
2024-03-17 21:04:58,679:INFO: Using default tokenizer.
2024-03-17 21:04:59,573:INFO: Using default tokenizer.
2024-03-17 21:04:59,600:INFO: Using default tokenizer.
2024-03-17 21:04:59,628:INFO: Using default tokenizer.
2024-03-17 21:05:00,282:INFO: Using default tokenizer.
2024-03-17 21:05:00,309:INFO: Using default tokenizer.
2024-03-17 21:05:00,336:INFO: Using default tokenizer.
2024-03-17 21:05:01,379:INFO: Using default tokenizer.
2024-03-17 21:05:01,408:INFO: Using default tokenizer.
2024-03-17 21:05:01,437:INFO: Using default tokenizer.
2024-03-17 21:05:02,483:INFO: Using default tokenizer.
2024-03-17 21:05:02,510:INFO: Using default tokenizer.
2024-03-17 21:05:02,538:INFO: Using default tokenizer.
2024-03-17 21:05:03,456:INFO: Using default tokenizer.
2024-03-17 21:05:03,483:INFO: Using default tokenizer.
2024-03-17 21:05:03,510:INFO: Using default tokenizer.
2024-03-17 21:05:04,260:INFO: Using default tokenizer.
2024-03-17 21:05:04,287:INFO: Using default tokenizer.
2024-03-17 21:05:04,314:INFO: Using default tokenizer.
2024-03-17 21:05:05,187:INFO: Using default tokenizer.
2024-03-17 21:05:05,215:INFO: Using default tokenizer.
2024-03-17 21:05:05,242:INFO: Using default tokenizer.
2024-03-17 21:05:06,120:INFO: Using default tokenizer.
2024-03-17 21:05:06,149:INFO: Using default tokenizer.
2024-03-17 21:05:06,175:INFO: Using default tokenizer.
2024-03-17 21:05:07,201:INFO: Using default tokenizer.
2024-03-17 21:05:07,229:INFO: Using default tokenizer.
2024-03-17 21:05:07,256:INFO: Using default tokenizer.
2024-03-17 21:05:09,976:INFO: Using default tokenizer.
2024-03-17 21:05:10,005:INFO: Using default tokenizer.
2024-03-17 21:05:10,034:INFO: Using default tokenizer.
2024-03-17 21:05:10,817:INFO: Using default tokenizer.
2024-03-17 21:05:10,845:INFO: Using default tokenizer.
2024-03-17 21:05:10,872:INFO: Using default tokenizer.
2024-03-17 21:05:11,687:INFO: Using default tokenizer.
2024-03-17 21:05:11,714:INFO: Using default tokenizer.
2024-03-17 21:05:11,741:INFO: Using default tokenizer.
2024-03-17 21:05:14,248:INFO: Using default tokenizer.
2024-03-17 21:05:14,276:INFO: Using default tokenizer.
2024-03-17 21:05:14,305:INFO: Using default tokenizer.
2024-03-17 21:05:15,147:INFO: Using default tokenizer.
2024-03-17 21:05:15,175:INFO: Using default tokenizer.
2024-03-17 21:05:15,202:INFO: Using default tokenizer.
2024-03-17 21:05:17,693:INFO: Using default tokenizer.
2024-03-17 21:05:17,722:INFO: Using default tokenizer.
2024-03-17 21:05:17,751:INFO: Using default tokenizer.
2024-03-17 21:05:19,015:INFO: - Evaluation metrics: loss: 1.4937; rouge1: 0.4728; rouge2: 0.2309; rougeL: 0.3918
2024-03-17 21:05:19,016:INFO: - Found new best objective
2024-03-17 21:05:19,017:INFO: Epoch 3/20
2024-03-17 21:08:35,110:INFO: - Train metrics: loss: 1.6326; lr:c: 9.61e-04
2024-03-17 21:08:36,037:INFO: Using default tokenizer.
2024-03-17 21:08:36,064:INFO: Using default tokenizer.
2024-03-17 21:08:36,092:INFO: Using default tokenizer.
2024-03-17 21:08:36,866:INFO: Using default tokenizer.
2024-03-17 21:08:36,893:INFO: Using default tokenizer.
2024-03-17 21:08:36,921:INFO: Using default tokenizer.
2024-03-17 21:08:37,791:INFO: Using default tokenizer.
2024-03-17 21:08:37,819:INFO: Using default tokenizer.
2024-03-17 21:08:37,846:INFO: Using default tokenizer.
2024-03-17 21:08:38,576:INFO: Using default tokenizer.
2024-03-17 21:08:38,603:INFO: Using default tokenizer.
2024-03-17 21:08:38,630:INFO: Using default tokenizer.
2024-03-17 21:08:39,368:INFO: Using default tokenizer.
2024-03-17 21:08:39,396:INFO: Using default tokenizer.
2024-03-17 21:08:39,423:INFO: Using default tokenizer.
2024-03-17 21:08:40,314:INFO: Using default tokenizer.
2024-03-17 21:08:40,342:INFO: Using default tokenizer.
2024-03-17 21:08:40,370:INFO: Using default tokenizer.
2024-03-17 21:08:41,157:INFO: Using default tokenizer.
2024-03-17 21:08:41,184:INFO: Using default tokenizer.
2024-03-17 21:08:41,212:INFO: Using default tokenizer.
2024-03-17 21:08:42,048:INFO: Using default tokenizer.
2024-03-17 21:08:42,075:INFO: Using default tokenizer.
2024-03-17 21:08:42,102:INFO: Using default tokenizer.
2024-03-17 21:08:43,268:INFO: Using default tokenizer.
2024-03-17 21:08:43,297:INFO: Using default tokenizer.
2024-03-17 21:08:43,325:INFO: Using default tokenizer.
2024-03-17 21:08:44,256:INFO: Using default tokenizer.
2024-03-17 21:08:44,283:INFO: Using default tokenizer.
2024-03-17 21:08:44,310:INFO: Using default tokenizer.
2024-03-17 21:08:45,182:INFO: Using default tokenizer.
2024-03-17 21:08:45,210:INFO: Using default tokenizer.
2024-03-17 21:08:45,238:INFO: Using default tokenizer.
2024-03-17 21:08:46,112:INFO: Using default tokenizer.
2024-03-17 21:08:46,140:INFO: Using default tokenizer.
2024-03-17 21:08:46,167:INFO: Using default tokenizer.
2024-03-17 21:08:48,697:INFO: Using default tokenizer.
2024-03-17 21:08:48,726:INFO: Using default tokenizer.
2024-03-17 21:08:48,754:INFO: Using default tokenizer.
2024-03-17 21:08:49,804:INFO: Using default tokenizer.
2024-03-17 21:08:49,832:INFO: Using default tokenizer.
2024-03-17 21:08:49,860:INFO: Using default tokenizer.
2024-03-17 21:08:50,726:INFO: Using default tokenizer.
2024-03-17 21:08:50,753:INFO: Using default tokenizer.
2024-03-17 21:08:50,781:INFO: Using default tokenizer.
2024-03-17 21:08:51,638:INFO: Using default tokenizer.
2024-03-17 21:08:51,665:INFO: Using default tokenizer.
2024-03-17 21:08:51,693:INFO: Using default tokenizer.
2024-03-17 21:08:52,486:INFO: Using default tokenizer.
2024-03-17 21:08:52,513:INFO: Using default tokenizer.
2024-03-17 21:08:52,540:INFO: Using default tokenizer.
2024-03-17 21:08:53,449:INFO: Using default tokenizer.
2024-03-17 21:08:53,477:INFO: Using default tokenizer.
2024-03-17 21:08:53,504:INFO: Using default tokenizer.
2024-03-17 21:08:54,399:INFO: Using default tokenizer.
2024-03-17 21:08:54,426:INFO: Using default tokenizer.
2024-03-17 21:08:54,454:INFO: Using default tokenizer.
2024-03-17 21:08:55,458:INFO: Using default tokenizer.
2024-03-17 21:08:55,485:INFO: Using default tokenizer.
2024-03-17 21:08:55,513:INFO: Using default tokenizer.
2024-03-17 21:08:58,019:INFO: Using default tokenizer.
2024-03-17 21:08:58,049:INFO: Using default tokenizer.
2024-03-17 21:08:58,079:INFO: Using default tokenizer.
2024-03-17 21:08:58,874:INFO: Using default tokenizer.
2024-03-17 21:08:58,902:INFO: Using default tokenizer.
2024-03-17 21:08:58,930:INFO: Using default tokenizer.
2024-03-17 21:08:59,954:INFO: Using default tokenizer.
2024-03-17 21:08:59,982:INFO: Using default tokenizer.
2024-03-17 21:09:00,011:INFO: Using default tokenizer.
2024-03-17 21:09:02,548:INFO: Using default tokenizer.
2024-03-17 21:09:02,577:INFO: Using default tokenizer.
2024-03-17 21:09:02,605:INFO: Using default tokenizer.
2024-03-17 21:09:03,449:INFO: Using default tokenizer.
2024-03-17 21:09:03,476:INFO: Using default tokenizer.
2024-03-17 21:09:03,504:INFO: Using default tokenizer.
2024-03-17 21:09:06,159:INFO: Using default tokenizer.
2024-03-17 21:09:06,188:INFO: Using default tokenizer.
2024-03-17 21:09:06,217:INFO: Using default tokenizer.
2024-03-17 21:09:06,244:INFO: - Evaluation metrics: loss: 1.4862; rouge1: 0.4776; rouge2: 0.2340; rougeL: 0.3956
2024-03-17 21:09:06,245:INFO: - Found new best objective
2024-03-17 21:09:06,245:INFO: Epoch 4/20
2024-03-17 21:12:22,293:INFO: - Train metrics: loss: 1.6202; lr:c: 9.24e-04
2024-03-17 21:12:23,084:INFO: Using default tokenizer.
2024-03-17 21:12:23,112:INFO: Using default tokenizer.
2024-03-17 21:12:23,139:INFO: Using default tokenizer.
2024-03-17 21:12:23,919:INFO: Using default tokenizer.
2024-03-17 21:12:23,946:INFO: Using default tokenizer.
2024-03-17 21:12:23,972:INFO: Using default tokenizer.
2024-03-17 21:12:24,798:INFO: Using default tokenizer.
2024-03-17 21:12:24,825:INFO: Using default tokenizer.
2024-03-17 21:12:24,852:INFO: Using default tokenizer.
2024-03-17 21:12:25,562:INFO: Using default tokenizer.
2024-03-17 21:12:25,589:INFO: Using default tokenizer.
2024-03-17 21:12:25,617:INFO: Using default tokenizer.
2024-03-17 21:12:26,456:INFO: Using default tokenizer.
2024-03-17 21:12:26,483:INFO: Using default tokenizer.
2024-03-17 21:12:26,511:INFO: Using default tokenizer.
2024-03-17 21:12:27,402:INFO: Using default tokenizer.
2024-03-17 21:12:27,429:INFO: Using default tokenizer.
2024-03-17 21:12:27,456:INFO: Using default tokenizer.
2024-03-17 21:12:28,235:INFO: Using default tokenizer.
2024-03-17 21:12:28,262:INFO: Using default tokenizer.
2024-03-17 21:12:28,289:INFO: Using default tokenizer.
2024-03-17 21:12:29,218:INFO: Using default tokenizer.
2024-03-17 21:12:29,246:INFO: Using default tokenizer.
2024-03-17 21:12:29,273:INFO: Using default tokenizer.
2024-03-17 21:12:30,403:INFO: Using default tokenizer.
2024-03-17 21:12:30,432:INFO: Using default tokenizer.
2024-03-17 21:12:30,460:INFO: Using default tokenizer.
2024-03-17 21:12:31,644:INFO: Using default tokenizer.
2024-03-17 21:12:31,672:INFO: Using default tokenizer.
2024-03-17 21:12:31,700:INFO: Using default tokenizer.
2024-03-17 21:12:32,577:INFO: Using default tokenizer.
2024-03-17 21:12:32,605:INFO: Using default tokenizer.
2024-03-17 21:12:32,633:INFO: Using default tokenizer.
2024-03-17 21:12:33,428:INFO: Using default tokenizer.
2024-03-17 21:12:33,456:INFO: Using default tokenizer.
2024-03-17 21:12:33,484:INFO: Using default tokenizer.
2024-03-17 21:12:34,246:INFO: Using default tokenizer.
2024-03-17 21:12:34,274:INFO: Using default tokenizer.
2024-03-17 21:12:34,302:INFO: Using default tokenizer.
2024-03-17 21:12:35,306:INFO: Using default tokenizer.
2024-03-17 21:12:35,336:INFO: Using default tokenizer.
2024-03-17 21:12:35,365:INFO: Using default tokenizer.
2024-03-17 21:12:36,218:INFO: Using default tokenizer.
2024-03-17 21:12:36,246:INFO: Using default tokenizer.
2024-03-17 21:12:36,273:INFO: Using default tokenizer.
2024-03-17 21:12:37,119:INFO: Using default tokenizer.
2024-03-17 21:12:37,150:INFO: Using default tokenizer.
2024-03-17 21:12:37,178:INFO: Using default tokenizer.
2024-03-17 21:12:37,930:INFO: Using default tokenizer.
2024-03-17 21:12:37,957:INFO: Using default tokenizer.
2024-03-17 21:12:37,986:INFO: Using default tokenizer.
2024-03-17 21:12:38,980:INFO: Using default tokenizer.
2024-03-17 21:12:39,008:INFO: Using default tokenizer.
2024-03-17 21:12:39,036:INFO: Using default tokenizer.
2024-03-17 21:12:39,883:INFO: Using default tokenizer.
2024-03-17 21:12:39,911:INFO: Using default tokenizer.
2024-03-17 21:12:39,938:INFO: Using default tokenizer.
2024-03-17 21:12:40,948:INFO: Using default tokenizer.
2024-03-17 21:12:40,976:INFO: Using default tokenizer.
2024-03-17 21:12:41,004:INFO: Using default tokenizer.
2024-03-17 21:12:43,582:INFO: Using default tokenizer.
2024-03-17 21:12:43,611:INFO: Using default tokenizer.
2024-03-17 21:12:43,641:INFO: Using default tokenizer.
2024-03-17 21:12:44,457:INFO: Using default tokenizer.
2024-03-17 21:12:44,485:INFO: Using default tokenizer.
2024-03-17 21:12:44,513:INFO: Using default tokenizer.
2024-03-17 21:12:45,363:INFO: Using default tokenizer.
2024-03-17 21:12:45,391:INFO: Using default tokenizer.
2024-03-17 21:12:45,421:INFO: Using default tokenizer.
2024-03-17 21:12:46,586:INFO: Using default tokenizer.
2024-03-17 21:12:46,614:INFO: Using default tokenizer.
2024-03-17 21:12:46,642:INFO: Using default tokenizer.
2024-03-17 21:12:47,488:INFO: Using default tokenizer.
2024-03-17 21:12:47,515:INFO: Using default tokenizer.
2024-03-17 21:12:47,542:INFO: Using default tokenizer.
2024-03-17 21:12:50,227:INFO: Using default tokenizer.
2024-03-17 21:12:50,256:INFO: Using default tokenizer.
2024-03-17 21:12:50,289:INFO: Using default tokenizer.
2024-03-17 21:12:51,890:INFO: - Evaluation metrics: loss: 1.4817; rouge1: 0.4809; rouge2: 0.2384; rougeL: 0.3983
2024-03-17 21:12:51,891:INFO: - Found new best objective
2024-03-17 21:12:51,892:INFO: Epoch 5/20
2024-03-17 21:16:07,942:INFO: - Train metrics: loss: 1.6161; lr:c: 8.76e-04
2024-03-17 21:16:08,735:INFO: Using default tokenizer.
2024-03-17 21:16:08,762:INFO: Using default tokenizer.
2024-03-17 21:16:08,789:INFO: Using default tokenizer.
2024-03-17 21:16:09,570:INFO: Using default tokenizer.
2024-03-17 21:16:09,597:INFO: Using default tokenizer.
2024-03-17 21:16:09,624:INFO: Using default tokenizer.
2024-03-17 21:16:10,447:INFO: Using default tokenizer.
2024-03-17 21:16:10,475:INFO: Using default tokenizer.
2024-03-17 21:16:10,502:INFO: Using default tokenizer.
2024-03-17 21:16:11,208:INFO: Using default tokenizer.
2024-03-17 21:16:11,235:INFO: Using default tokenizer.
2024-03-17 21:16:11,262:INFO: Using default tokenizer.
2024-03-17 21:16:11,978:INFO: Using default tokenizer.
2024-03-17 21:16:12,005:INFO: Using default tokenizer.
2024-03-17 21:16:12,032:INFO: Using default tokenizer.
2024-03-17 21:16:12,922:INFO: Using default tokenizer.
2024-03-17 21:16:12,949:INFO: Using default tokenizer.
2024-03-17 21:16:12,976:INFO: Using default tokenizer.
2024-03-17 21:16:13,759:INFO: Using default tokenizer.
2024-03-17 21:16:13,786:INFO: Using default tokenizer.
2024-03-17 21:16:13,813:INFO: Using default tokenizer.
2024-03-17 21:16:14,766:INFO: Using default tokenizer.
2024-03-17 21:16:14,793:INFO: Using default tokenizer.
2024-03-17 21:16:14,820:INFO: Using default tokenizer.
2024-03-17 21:16:15,949:INFO: Using default tokenizer.
2024-03-17 21:16:15,977:INFO: Using default tokenizer.
2024-03-17 21:16:16,006:INFO: Using default tokenizer.
2024-03-17 21:16:17,011:INFO: Using default tokenizer.
2024-03-17 21:16:17,039:INFO: Using default tokenizer.
2024-03-17 21:16:17,066:INFO: Using default tokenizer.
2024-03-17 21:16:17,967:INFO: Using default tokenizer.
2024-03-17 21:16:17,995:INFO: Using default tokenizer.
2024-03-17 21:16:18,022:INFO: Using default tokenizer.
2024-03-17 21:16:18,744:INFO: Using default tokenizer.
2024-03-17 21:16:18,772:INFO: Using default tokenizer.
2024-03-17 21:16:18,799:INFO: Using default tokenizer.
2024-03-17 21:16:19,556:INFO: Using default tokenizer.
2024-03-17 21:16:19,583:INFO: Using default tokenizer.
2024-03-17 21:16:19,611:INFO: Using default tokenizer.
2024-03-17 21:16:20,609:INFO: Using default tokenizer.
2024-03-17 21:16:20,638:INFO: Using default tokenizer.
2024-03-17 21:16:20,666:INFO: Using default tokenizer.
2024-03-17 21:16:21,502:INFO: Using default tokenizer.
2024-03-17 21:16:21,530:INFO: Using default tokenizer.
2024-03-17 21:16:21,558:INFO: Using default tokenizer.
2024-03-17 21:16:22,348:INFO: Using default tokenizer.
2024-03-17 21:16:22,376:INFO: Using default tokenizer.
2024-03-17 21:16:22,404:INFO: Using default tokenizer.
2024-03-17 21:16:23,157:INFO: Using default tokenizer.
2024-03-17 21:16:23,185:INFO: Using default tokenizer.
2024-03-17 21:16:23,213:INFO: Using default tokenizer.
2024-03-17 21:16:24,122:INFO: Using default tokenizer.
2024-03-17 21:16:24,154:INFO: Using default tokenizer.
2024-03-17 21:16:24,182:INFO: Using default tokenizer.
2024-03-17 21:16:25,130:INFO: Using default tokenizer.
2024-03-17 21:16:25,158:INFO: Using default tokenizer.
2024-03-17 21:16:25,185:INFO: Using default tokenizer.
2024-03-17 21:16:26,264:INFO: Using default tokenizer.
2024-03-17 21:16:26,297:INFO: Using default tokenizer.
2024-03-17 21:16:26,325:INFO: Using default tokenizer.
2024-03-17 21:16:28,899:INFO: Using default tokenizer.
2024-03-17 21:16:28,929:INFO: Using default tokenizer.
2024-03-17 21:16:28,958:INFO: Using default tokenizer.
2024-03-17 21:16:29,800:INFO: Using default tokenizer.
2024-03-17 21:16:29,828:INFO: Using default tokenizer.
2024-03-17 21:16:29,856:INFO: Using default tokenizer.
2024-03-17 21:16:30,561:INFO: Using default tokenizer.
2024-03-17 21:16:30,589:INFO: Using default tokenizer.
2024-03-17 21:16:30,616:INFO: Using default tokenizer.
2024-03-17 21:16:31,703:INFO: Using default tokenizer.
2024-03-17 21:16:31,731:INFO: Using default tokenizer.
2024-03-17 21:16:31,759:INFO: Using default tokenizer.
2024-03-17 21:16:32,629:INFO: Using default tokenizer.
2024-03-17 21:16:32,656:INFO: Using default tokenizer.
2024-03-17 21:16:32,683:INFO: Using default tokenizer.
2024-03-17 21:16:33,749:INFO: Using default tokenizer.
2024-03-17 21:16:33,778:INFO: Using default tokenizer.
2024-03-17 21:16:33,806:INFO: Using default tokenizer.
2024-03-17 21:16:36,779:INFO: - Evaluation metrics: loss: 1.4792; rouge1: 0.4809; rouge2: 0.2400; rougeL: 0.4000
2024-03-17 21:16:36,780:INFO: - Found new best objective
2024-03-17 21:16:36,781:INFO: Epoch 6/20
2024-03-17 21:19:52,823:INFO: - Train metrics: loss: 1.6052; lr:c: 8.18e-04
2024-03-17 21:19:55,455:INFO: Using default tokenizer.
2024-03-17 21:19:55,483:INFO: Using default tokenizer.
2024-03-17 21:19:55,511:INFO: Using default tokenizer.
2024-03-17 21:19:56,360:INFO: Using default tokenizer.
2024-03-17 21:19:56,387:INFO: Using default tokenizer.
2024-03-17 21:19:56,413:INFO: Using default tokenizer.
2024-03-17 21:19:57,265:INFO: Using default tokenizer.
2024-03-17 21:19:57,293:INFO: Using default tokenizer.
2024-03-17 21:19:57,320:INFO: Using default tokenizer.
2024-03-17 21:19:58,066:INFO: Using default tokenizer.
2024-03-17 21:19:58,093:INFO: Using default tokenizer.
2024-03-17 21:19:58,120:INFO: Using default tokenizer.
2024-03-17 21:19:58,840:INFO: Using default tokenizer.
2024-03-17 21:19:58,867:INFO: Using default tokenizer.
2024-03-17 21:19:58,894:INFO: Using default tokenizer.
2024-03-17 21:19:59,788:INFO: Using default tokenizer.
2024-03-17 21:19:59,815:INFO: Using default tokenizer.
2024-03-17 21:19:59,842:INFO: Using default tokenizer.
2024-03-17 21:20:00,637:INFO: Using default tokenizer.
2024-03-17 21:20:00,664:INFO: Using default tokenizer.
2024-03-17 21:20:00,691:INFO: Using default tokenizer.
2024-03-17 21:20:01,695:INFO: Using default tokenizer.
2024-03-17 21:20:01,722:INFO: Using default tokenizer.
2024-03-17 21:20:01,749:INFO: Using default tokenizer.
2024-03-17 21:20:02,947:INFO: Using default tokenizer.
2024-03-17 21:20:02,976:INFO: Using default tokenizer.
2024-03-17 21:20:03,004:INFO: Using default tokenizer.
2024-03-17 21:20:04,037:INFO: Using default tokenizer.
2024-03-17 21:20:04,065:INFO: Using default tokenizer.
2024-03-17 21:20:04,092:INFO: Using default tokenizer.
2024-03-17 21:20:04,946:INFO: Using default tokenizer.
2024-03-17 21:20:04,973:INFO: Using default tokenizer.
2024-03-17 21:20:05,001:INFO: Using default tokenizer.
2024-03-17 21:20:05,779:INFO: Using default tokenizer.
2024-03-17 21:20:05,807:INFO: Using default tokenizer.
2024-03-17 21:20:05,835:INFO: Using default tokenizer.
2024-03-17 21:20:06,610:INFO: Using default tokenizer.
2024-03-17 21:20:06,639:INFO: Using default tokenizer.
2024-03-17 21:20:06,666:INFO: Using default tokenizer.
2024-03-17 21:20:07,743:INFO: Using default tokenizer.
2024-03-17 21:20:07,772:INFO: Using default tokenizer.
2024-03-17 21:20:07,800:INFO: Using default tokenizer.
2024-03-17 21:20:08,708:INFO: Using default tokenizer.
2024-03-17 21:20:08,736:INFO: Using default tokenizer.
2024-03-17 21:20:08,764:INFO: Using default tokenizer.
2024-03-17 21:20:09,603:INFO: Using default tokenizer.
2024-03-17 21:20:09,630:INFO: Using default tokenizer.
2024-03-17 21:20:09,658:INFO: Using default tokenizer.
2024-03-17 21:20:10,402:INFO: Using default tokenizer.
2024-03-17 21:20:10,429:INFO: Using default tokenizer.
2024-03-17 21:20:10,457:INFO: Using default tokenizer.
2024-03-17 21:20:11,392:INFO: Using default tokenizer.
2024-03-17 21:20:11,422:INFO: Using default tokenizer.
2024-03-17 21:20:11,450:INFO: Using default tokenizer.
2024-03-17 21:20:12,349:INFO: Using default tokenizer.
2024-03-17 21:20:12,376:INFO: Using default tokenizer.
2024-03-17 21:20:12,403:INFO: Using default tokenizer.
2024-03-17 21:20:13,431:INFO: Using default tokenizer.
2024-03-17 21:20:13,459:INFO: Using default tokenizer.
2024-03-17 21:20:13,487:INFO: Using default tokenizer.
2024-03-17 21:20:16,027:INFO: Using default tokenizer.
2024-03-17 21:20:16,057:INFO: Using default tokenizer.
2024-03-17 21:20:16,086:INFO: Using default tokenizer.
2024-03-17 21:20:16,980:INFO: Using default tokenizer.
2024-03-17 21:20:17,008:INFO: Using default tokenizer.
2024-03-17 21:20:17,035:INFO: Using default tokenizer.
2024-03-17 21:20:17,742:INFO: Using default tokenizer.
2024-03-17 21:20:17,769:INFO: Using default tokenizer.
2024-03-17 21:20:17,797:INFO: Using default tokenizer.
2024-03-17 21:20:18,886:INFO: Using default tokenizer.
2024-03-17 21:20:18,914:INFO: Using default tokenizer.
2024-03-17 21:20:18,941:INFO: Using default tokenizer.
2024-03-17 21:20:19,809:INFO: Using default tokenizer.
2024-03-17 21:20:19,837:INFO: Using default tokenizer.
2024-03-17 21:20:19,864:INFO: Using default tokenizer.
2024-03-17 21:20:20,897:INFO: Using default tokenizer.
2024-03-17 21:20:20,925:INFO: Using default tokenizer.
2024-03-17 21:20:20,953:INFO: Using default tokenizer.
2024-03-17 21:20:23,127:INFO: - Evaluation metrics: loss: 1.4776; rouge1: 0.4807; rouge2: 0.2389; rougeL: 0.3975
2024-03-17 21:20:23,128:INFO: Epoch 7/20
2024-03-17 21:23:39,155:INFO: - Train metrics: loss: 1.6062; lr:c: 7.51e-04
2024-03-17 21:23:40,099:INFO: Using default tokenizer.
2024-03-17 21:23:40,126:INFO: Using default tokenizer.
2024-03-17 21:23:40,153:INFO: Using default tokenizer.
2024-03-17 21:23:40,944:INFO: Using default tokenizer.
2024-03-17 21:23:40,971:INFO: Using default tokenizer.
2024-03-17 21:23:40,997:INFO: Using default tokenizer.
2024-03-17 21:23:41,825:INFO: Using default tokenizer.
2024-03-17 21:23:41,853:INFO: Using default tokenizer.
2024-03-17 21:23:41,880:INFO: Using default tokenizer.
2024-03-17 21:23:42,619:INFO: Using default tokenizer.
2024-03-17 21:23:42,647:INFO: Using default tokenizer.
2024-03-17 21:23:42,674:INFO: Using default tokenizer.
2024-03-17 21:23:43,387:INFO: Using default tokenizer.
2024-03-17 21:23:43,414:INFO: Using default tokenizer.
2024-03-17 21:23:43,441:INFO: Using default tokenizer.
2024-03-17 21:23:44,329:INFO: Using default tokenizer.
2024-03-17 21:23:44,357:INFO: Using default tokenizer.
2024-03-17 21:23:44,384:INFO: Using default tokenizer.
2024-03-17 21:23:45,135:INFO: Using default tokenizer.
2024-03-17 21:23:45,162:INFO: Using default tokenizer.
2024-03-17 21:23:45,189:INFO: Using default tokenizer.
2024-03-17 21:23:46,139:INFO: Using default tokenizer.
2024-03-17 21:23:46,166:INFO: Using default tokenizer.
2024-03-17 21:23:46,193:INFO: Using default tokenizer.
2024-03-17 21:23:47,228:INFO: Using default tokenizer.
2024-03-17 21:23:47,256:INFO: Using default tokenizer.
2024-03-17 21:23:47,284:INFO: Using default tokenizer.
2024-03-17 21:23:48,291:INFO: Using default tokenizer.
2024-03-17 21:23:48,319:INFO: Using default tokenizer.
2024-03-17 21:23:48,347:INFO: Using default tokenizer.
2024-03-17 21:23:49,194:INFO: Using default tokenizer.
2024-03-17 21:23:49,222:INFO: Using default tokenizer.
2024-03-17 21:23:49,249:INFO: Using default tokenizer.
2024-03-17 21:23:49,974:INFO: Using default tokenizer.
2024-03-17 21:23:50,002:INFO: Using default tokenizer.
2024-03-17 21:23:50,029:INFO: Using default tokenizer.
2024-03-17 21:23:50,796:INFO: Using default tokenizer.
2024-03-17 21:23:50,824:INFO: Using default tokenizer.
2024-03-17 21:23:50,851:INFO: Using default tokenizer.
2024-03-17 21:23:51,879:INFO: Using default tokenizer.
2024-03-17 21:23:51,907:INFO: Using default tokenizer.
2024-03-17 21:23:51,935:INFO: Using default tokenizer.
2024-03-17 21:23:52,797:INFO: Using default tokenizer.
2024-03-17 21:23:52,825:INFO: Using default tokenizer.
2024-03-17 21:23:52,853:INFO: Using default tokenizer.
2024-03-17 21:23:53,644:INFO: Using default tokenizer.
2024-03-17 21:23:53,671:INFO: Using default tokenizer.
2024-03-17 21:23:53,698:INFO: Using default tokenizer.
2024-03-17 21:23:54,448:INFO: Using default tokenizer.
2024-03-17 21:23:54,476:INFO: Using default tokenizer.
2024-03-17 21:23:54,503:INFO: Using default tokenizer.
2024-03-17 21:23:55,404:INFO: Using default tokenizer.
2024-03-17 21:23:55,432:INFO: Using default tokenizer.
2024-03-17 21:23:55,460:INFO: Using default tokenizer.
2024-03-17 21:23:56,350:INFO: Using default tokenizer.
2024-03-17 21:23:56,377:INFO: Using default tokenizer.
2024-03-17 21:23:56,404:INFO: Using default tokenizer.
2024-03-17 21:23:57,395:INFO: Using default tokenizer.
2024-03-17 21:23:57,423:INFO: Using default tokenizer.
2024-03-17 21:23:57,450:INFO: Using default tokenizer.
2024-03-17 21:23:58,689:INFO: Using default tokenizer.
2024-03-17 21:23:58,718:INFO: Using default tokenizer.
2024-03-17 21:23:58,746:INFO: Using default tokenizer.
2024-03-17 21:23:59,636:INFO: Using default tokenizer.
2024-03-17 21:23:59,664:INFO: Using default tokenizer.
2024-03-17 21:23:59,692:INFO: Using default tokenizer.
2024-03-17 21:24:00,514:INFO: Using default tokenizer.
2024-03-17 21:24:00,541:INFO: Using default tokenizer.
2024-03-17 21:24:00,569:INFO: Using default tokenizer.
2024-03-17 21:24:01,750:INFO: Using default tokenizer.
2024-03-17 21:24:01,779:INFO: Using default tokenizer.
2024-03-17 21:24:01,807:INFO: Using default tokenizer.
2024-03-17 21:24:02,697:INFO: Using default tokenizer.
2024-03-17 21:24:02,724:INFO: Using default tokenizer.
2024-03-17 21:24:02,751:INFO: Using default tokenizer.
2024-03-17 21:24:03,790:INFO: Using default tokenizer.
2024-03-17 21:24:03,817:INFO: Using default tokenizer.
2024-03-17 21:24:03,845:INFO: Using default tokenizer.
2024-03-17 21:24:08,333:INFO: - Evaluation metrics: loss: 1.4761; rouge1: 0.4822; rouge2: 0.2393; rougeL: 0.3987
2024-03-17 21:24:08,335:INFO: - Found new best objective
2024-03-17 21:24:08,335:INFO: Epoch 8/20
2024-03-17 21:27:24,346:INFO: - Train metrics: loss: 1.5986; lr:c: 6.79e-04
2024-03-17 21:27:25,295:INFO: Using default tokenizer.
2024-03-17 21:27:25,322:INFO: Using default tokenizer.
2024-03-17 21:27:25,350:INFO: Using default tokenizer.
2024-03-17 21:27:26,123:INFO: Using default tokenizer.
2024-03-17 21:27:26,150:INFO: Using default tokenizer.
2024-03-17 21:27:26,176:INFO: Using default tokenizer.
2024-03-17 21:27:27,002:INFO: Using default tokenizer.
2024-03-17 21:27:27,030:INFO: Using default tokenizer.
2024-03-17 21:27:27,057:INFO: Using default tokenizer.
2024-03-17 21:27:27,799:INFO: Using default tokenizer.
2024-03-17 21:27:27,827:INFO: Using default tokenizer.
2024-03-17 21:27:27,855:INFO: Using default tokenizer.
2024-03-17 21:27:28,575:INFO: Using default tokenizer.
2024-03-17 21:27:28,603:INFO: Using default tokenizer.
2024-03-17 21:27:28,631:INFO: Using default tokenizer.
2024-03-17 21:27:29,525:INFO: Using default tokenizer.
2024-03-17 21:27:29,560:INFO: Using default tokenizer.
2024-03-17 21:27:29,591:INFO: Using default tokenizer.
2024-03-17 21:27:30,392:INFO: Using default tokenizer.
2024-03-17 21:27:30,419:INFO: Using default tokenizer.
2024-03-17 21:27:30,445:INFO: Using default tokenizer.
2024-03-17 21:27:31,240:INFO: Using default tokenizer.
2024-03-17 21:27:31,267:INFO: Using default tokenizer.
2024-03-17 21:27:31,294:INFO: Using default tokenizer.
2024-03-17 21:27:32,339:INFO: Using default tokenizer.
2024-03-17 21:27:32,468:INFO: Using default tokenizer.
2024-03-17 21:27:32,497:INFO: Using default tokenizer.
2024-03-17 21:27:33,430:INFO: Using default tokenizer.
2024-03-17 21:27:33,458:INFO: Using default tokenizer.
2024-03-17 21:27:33,485:INFO: Using default tokenizer.
2024-03-17 21:27:34,333:INFO: Using default tokenizer.
2024-03-17 21:27:34,361:INFO: Using default tokenizer.
2024-03-17 21:27:34,388:INFO: Using default tokenizer.
2024-03-17 21:27:35,115:INFO: Using default tokenizer.
2024-03-17 21:27:35,143:INFO: Using default tokenizer.
2024-03-17 21:27:35,170:INFO: Using default tokenizer.
2024-03-17 21:27:35,933:INFO: Using default tokenizer.
2024-03-17 21:27:35,961:INFO: Using default tokenizer.
2024-03-17 21:27:35,988:INFO: Using default tokenizer.
2024-03-17 21:27:36,990:INFO: Using default tokenizer.
2024-03-17 21:27:37,018:INFO: Using default tokenizer.
2024-03-17 21:27:37,046:INFO: Using default tokenizer.
2024-03-17 21:27:37,914:INFO: Using default tokenizer.
2024-03-17 21:27:37,942:INFO: Using default tokenizer.
2024-03-17 21:27:37,970:INFO: Using default tokenizer.
2024-03-17 21:27:38,772:INFO: Using default tokenizer.
2024-03-17 21:27:38,799:INFO: Using default tokenizer.
2024-03-17 21:27:38,827:INFO: Using default tokenizer.
2024-03-17 21:27:39,623:INFO: Using default tokenizer.
2024-03-17 21:27:39,650:INFO: Using default tokenizer.
2024-03-17 21:27:39,677:INFO: Using default tokenizer.
2024-03-17 21:27:40,582:INFO: Using default tokenizer.
2024-03-17 21:27:40,614:INFO: Using default tokenizer.
2024-03-17 21:27:40,642:INFO: Using default tokenizer.
2024-03-17 21:27:41,599:INFO: Using default tokenizer.
2024-03-17 21:27:41,627:INFO: Using default tokenizer.
2024-03-17 21:27:41,655:INFO: Using default tokenizer.
2024-03-17 21:27:42,619:INFO: Using default tokenizer.
2024-03-17 21:27:42,647:INFO: Using default tokenizer.
2024-03-17 21:27:42,674:INFO: Using default tokenizer.
2024-03-17 21:27:43,949:INFO: Using default tokenizer.
2024-03-17 21:27:43,977:INFO: Using default tokenizer.
2024-03-17 21:27:44,005:INFO: Using default tokenizer.
2024-03-17 21:27:44,799:INFO: Using default tokenizer.
2024-03-17 21:27:44,827:INFO: Using default tokenizer.
2024-03-17 21:27:44,855:INFO: Using default tokenizer.
2024-03-17 21:27:45,548:INFO: Using default tokenizer.
2024-03-17 21:27:45,576:INFO: Using default tokenizer.
2024-03-17 21:27:45,603:INFO: Using default tokenizer.
2024-03-17 21:27:46,692:INFO: Using default tokenizer.
2024-03-17 21:27:46,719:INFO: Using default tokenizer.
2024-03-17 21:27:46,746:INFO: Using default tokenizer.
2024-03-17 21:27:47,613:INFO: Using default tokenizer.
2024-03-17 21:27:47,640:INFO: Using default tokenizer.
2024-03-17 21:27:47,668:INFO: Using default tokenizer.
2024-03-17 21:27:48,705:INFO: Using default tokenizer.
2024-03-17 21:27:48,733:INFO: Using default tokenizer.
2024-03-17 21:27:48,761:INFO: Using default tokenizer.
2024-03-17 21:27:53,782:INFO: - Evaluation metrics: loss: 1.4751; rouge1: 0.4836; rouge2: 0.2408; rougeL: 0.4011
2024-03-17 21:27:53,784:INFO: - Found new best objective
2024-03-17 21:27:53,784:INFO: Epoch 9/20
2024-03-17 21:31:09,864:INFO: - Train metrics: loss: 1.5938; lr:c: 6.01e-04
2024-03-17 21:31:10,639:INFO: Using default tokenizer.
2024-03-17 21:31:10,667:INFO: Using default tokenizer.
2024-03-17 21:31:10,694:INFO: Using default tokenizer.
2024-03-17 21:31:11,522:INFO: Using default tokenizer.
2024-03-17 21:31:11,549:INFO: Using default tokenizer.
2024-03-17 21:31:11,576:INFO: Using default tokenizer.
2024-03-17 21:31:12,446:INFO: Using default tokenizer.
2024-03-17 21:31:12,474:INFO: Using default tokenizer.
2024-03-17 21:31:12,501:INFO: Using default tokenizer.
2024-03-17 21:31:13,228:INFO: Using default tokenizer.
2024-03-17 21:31:13,255:INFO: Using default tokenizer.
2024-03-17 21:31:13,283:INFO: Using default tokenizer.
2024-03-17 21:31:14,010:INFO: Using default tokenizer.
2024-03-17 21:31:14,038:INFO: Using default tokenizer.
2024-03-17 21:31:14,065:INFO: Using default tokenizer.
2024-03-17 21:31:14,962:INFO: Using default tokenizer.
2024-03-17 21:31:14,990:INFO: Using default tokenizer.
2024-03-17 21:31:15,017:INFO: Using default tokenizer.
2024-03-17 21:31:15,768:INFO: Using default tokenizer.
2024-03-17 21:31:15,795:INFO: Using default tokenizer.
2024-03-17 21:31:15,822:INFO: Using default tokenizer.
2024-03-17 21:31:16,617:INFO: Using default tokenizer.
2024-03-17 21:31:16,644:INFO: Using default tokenizer.
2024-03-17 21:31:16,671:INFO: Using default tokenizer.
2024-03-17 21:31:17,718:INFO: Using default tokenizer.
2024-03-17 21:31:17,747:INFO: Using default tokenizer.
2024-03-17 21:31:17,775:INFO: Using default tokenizer.
2024-03-17 21:31:18,668:INFO: Using default tokenizer.
2024-03-17 21:31:18,695:INFO: Using default tokenizer.
2024-03-17 21:31:18,723:INFO: Using default tokenizer.
2024-03-17 21:31:19,573:INFO: Using default tokenizer.
2024-03-17 21:31:19,601:INFO: Using default tokenizer.
2024-03-17 21:31:19,628:INFO: Using default tokenizer.
2024-03-17 21:31:20,357:INFO: Using default tokenizer.
2024-03-17 21:31:20,384:INFO: Using default tokenizer.
2024-03-17 21:31:20,412:INFO: Using default tokenizer.
2024-03-17 21:31:21,507:INFO: Using default tokenizer.
2024-03-17 21:31:21,535:INFO: Using default tokenizer.
2024-03-17 21:31:21,563:INFO: Using default tokenizer.
2024-03-17 21:31:22,544:INFO: Using default tokenizer.
2024-03-17 21:31:22,573:INFO: Using default tokenizer.
2024-03-17 21:31:22,601:INFO: Using default tokenizer.
2024-03-17 21:31:23,463:INFO: Using default tokenizer.
2024-03-17 21:31:23,491:INFO: Using default tokenizer.
2024-03-17 21:31:23,518:INFO: Using default tokenizer.
2024-03-17 21:31:24,312:INFO: Using default tokenizer.
2024-03-17 21:31:24,340:INFO: Using default tokenizer.
2024-03-17 21:31:24,368:INFO: Using default tokenizer.
2024-03-17 21:31:25,125:INFO: Using default tokenizer.
2024-03-17 21:31:25,153:INFO: Using default tokenizer.
2024-03-17 21:31:25,181:INFO: Using default tokenizer.
2024-03-17 21:31:26,091:INFO: Using default tokenizer.
2024-03-17 21:31:26,119:INFO: Using default tokenizer.
2024-03-17 21:31:26,147:INFO: Using default tokenizer.
2024-03-17 21:31:26,979:INFO: Using default tokenizer.
2024-03-17 21:31:27,009:INFO: Using default tokenizer.
2024-03-17 21:31:27,036:INFO: Using default tokenizer.
2024-03-17 21:31:28,041:INFO: Using default tokenizer.
2024-03-17 21:31:28,071:INFO: Using default tokenizer.
2024-03-17 21:31:28,099:INFO: Using default tokenizer.
2024-03-17 21:31:29,485:INFO: Using default tokenizer.
2024-03-17 21:31:29,513:INFO: Using default tokenizer.
2024-03-17 21:31:29,541:INFO: Using default tokenizer.
2024-03-17 21:31:30,331:INFO: Using default tokenizer.
2024-03-17 21:31:30,360:INFO: Using default tokenizer.
2024-03-17 21:31:30,388:INFO: Using default tokenizer.
2024-03-17 21:31:31,237:INFO: Using default tokenizer.
2024-03-17 21:31:31,265:INFO: Using default tokenizer.
2024-03-17 21:31:31,293:INFO: Using default tokenizer.
2024-03-17 21:31:32,388:INFO: Using default tokenizer.
2024-03-17 21:31:32,416:INFO: Using default tokenizer.
2024-03-17 21:31:32,444:INFO: Using default tokenizer.
2024-03-17 21:31:33,325:INFO: Using default tokenizer.
2024-03-17 21:31:33,353:INFO: Using default tokenizer.
2024-03-17 21:31:33,381:INFO: Using default tokenizer.
2024-03-17 21:31:34,357:INFO: Using default tokenizer.
2024-03-17 21:31:34,386:INFO: Using default tokenizer.
2024-03-17 21:31:34,413:INFO: Using default tokenizer.
2024-03-17 21:31:37,808:INFO: - Evaluation metrics: loss: 1.4743; rouge1: 0.4854; rouge2: 0.2430; rougeL: 0.4029
2024-03-17 21:31:37,810:INFO: - Found new best objective
2024-03-17 21:31:37,810:INFO: Epoch 10/20
2024-03-17 21:34:53,939:INFO: - Train metrics: loss: 1.5974; lr:c: 5.21e-04
2024-03-17 21:34:54,719:INFO: Using default tokenizer.
2024-03-17 21:34:54,746:INFO: Using default tokenizer.
2024-03-17 21:34:54,774:INFO: Using default tokenizer.
2024-03-17 21:34:55,553:INFO: Using default tokenizer.
2024-03-17 21:34:55,579:INFO: Using default tokenizer.
2024-03-17 21:34:55,607:INFO: Using default tokenizer.
2024-03-17 21:34:56,437:INFO: Using default tokenizer.
2024-03-17 21:34:56,464:INFO: Using default tokenizer.
2024-03-17 21:34:56,492:INFO: Using default tokenizer.
2024-03-17 21:34:57,256:INFO: Using default tokenizer.
2024-03-17 21:34:57,289:INFO: Using default tokenizer.
2024-03-17 21:34:57,321:INFO: Using default tokenizer.
2024-03-17 21:34:58,067:INFO: Using default tokenizer.
2024-03-17 21:34:58,097:INFO: Using default tokenizer.
2024-03-17 21:34:58,126:INFO: Using default tokenizer.
2024-03-17 21:34:59,022:INFO: Using default tokenizer.
2024-03-17 21:34:59,049:INFO: Using default tokenizer.
2024-03-17 21:34:59,076:INFO: Using default tokenizer.
2024-03-17 21:34:59,838:INFO: Using default tokenizer.
2024-03-17 21:34:59,865:INFO: Using default tokenizer.
2024-03-17 21:34:59,892:INFO: Using default tokenizer.
2024-03-17 21:35:00,716:INFO: Using default tokenizer.
2024-03-17 21:35:00,744:INFO: Using default tokenizer.
2024-03-17 21:35:00,771:INFO: Using default tokenizer.
2024-03-17 21:35:01,823:INFO: Using default tokenizer.
2024-03-17 21:35:01,851:INFO: Using default tokenizer.
2024-03-17 21:35:01,879:INFO: Using default tokenizer.
2024-03-17 21:35:02,769:INFO: Using default tokenizer.
2024-03-17 21:35:02,797:INFO: Using default tokenizer.
2024-03-17 21:35:02,824:INFO: Using default tokenizer.
2024-03-17 21:35:03,678:INFO: Using default tokenizer.
2024-03-17 21:35:03,706:INFO: Using default tokenizer.
2024-03-17 21:35:03,733:INFO: Using default tokenizer.
2024-03-17 21:35:04,493:INFO: Using default tokenizer.
2024-03-17 21:35:04,521:INFO: Using default tokenizer.
2024-03-17 21:35:04,549:INFO: Using default tokenizer.
2024-03-17 21:35:05,710:INFO: Using default tokenizer.
2024-03-17 21:35:05,742:INFO: Using default tokenizer.
2024-03-17 21:35:05,771:INFO: Using default tokenizer.
2024-03-17 21:35:06,821:INFO: Using default tokenizer.
2024-03-17 21:35:06,849:INFO: Using default tokenizer.
2024-03-17 21:35:06,877:INFO: Using default tokenizer.
2024-03-17 21:35:07,737:INFO: Using default tokenizer.
2024-03-17 21:35:07,764:INFO: Using default tokenizer.
2024-03-17 21:35:07,792:INFO: Using default tokenizer.
2024-03-17 21:35:08,585:INFO: Using default tokenizer.
2024-03-17 21:35:08,613:INFO: Using default tokenizer.
2024-03-17 21:35:08,640:INFO: Using default tokenizer.
2024-03-17 21:35:09,455:INFO: Using default tokenizer.
2024-03-17 21:35:09,483:INFO: Using default tokenizer.
2024-03-17 21:35:09,510:INFO: Using default tokenizer.
2024-03-17 21:35:10,415:INFO: Using default tokenizer.
2024-03-17 21:35:10,443:INFO: Using default tokenizer.
2024-03-17 21:35:10,471:INFO: Using default tokenizer.
2024-03-17 21:35:11,335:INFO: Using default tokenizer.
2024-03-17 21:35:11,362:INFO: Using default tokenizer.
2024-03-17 21:35:11,390:INFO: Using default tokenizer.
2024-03-17 21:35:12,356:INFO: Using default tokenizer.
2024-03-17 21:35:12,383:INFO: Using default tokenizer.
2024-03-17 21:35:12,411:INFO: Using default tokenizer.
2024-03-17 21:35:13,690:INFO: Using default tokenizer.
2024-03-17 21:35:13,726:INFO: Using default tokenizer.
2024-03-17 21:35:13,760:INFO: Using default tokenizer.
2024-03-17 21:35:14,587:INFO: Using default tokenizer.
2024-03-17 21:35:14,615:INFO: Using default tokenizer.
2024-03-17 21:35:14,643:INFO: Using default tokenizer.
2024-03-17 21:35:15,526:INFO: Using default tokenizer.
2024-03-17 21:35:15,554:INFO: Using default tokenizer.
2024-03-17 21:35:15,582:INFO: Using default tokenizer.
2024-03-17 21:35:16,721:INFO: Using default tokenizer.
2024-03-17 21:35:16,749:INFO: Using default tokenizer.
2024-03-17 21:35:16,777:INFO: Using default tokenizer.
2024-03-17 21:35:17,646:INFO: Using default tokenizer.
2024-03-17 21:35:17,674:INFO: Using default tokenizer.
2024-03-17 21:35:17,701:INFO: Using default tokenizer.
2024-03-17 21:35:18,613:INFO: Using default tokenizer.
2024-03-17 21:35:18,641:INFO: Using default tokenizer.
2024-03-17 21:35:18,670:INFO: Using default tokenizer.
2024-03-17 21:35:21,379:INFO: - Evaluation metrics: loss: 1.4734; rouge1: 0.4874; rouge2: 0.2444; rougeL: 0.4041
2024-03-17 21:35:21,380:INFO: - Found new best objective
2024-03-17 21:35:21,381:INFO: Epoch 11/20
2024-03-17 21:38:37,507:INFO: - Train metrics: loss: 1.5929; lr:c: 4.40e-04
2024-03-17 21:38:38,339:INFO: Using default tokenizer.
2024-03-17 21:38:38,367:INFO: Using default tokenizer.
2024-03-17 21:38:38,397:INFO: Using default tokenizer.
2024-03-17 21:38:39,249:INFO: Using default tokenizer.
2024-03-17 21:38:39,276:INFO: Using default tokenizer.
2024-03-17 21:38:39,302:INFO: Using default tokenizer.
2024-03-17 21:38:40,135:INFO: Using default tokenizer.
2024-03-17 21:38:40,163:INFO: Using default tokenizer.
2024-03-17 21:38:40,190:INFO: Using default tokenizer.
2024-03-17 21:38:40,965:INFO: Using default tokenizer.
2024-03-17 21:38:40,994:INFO: Using default tokenizer.
2024-03-17 21:38:41,022:INFO: Using default tokenizer.
2024-03-17 21:38:41,759:INFO: Using default tokenizer.
2024-03-17 21:38:41,787:INFO: Using default tokenizer.
2024-03-17 21:38:41,814:INFO: Using default tokenizer.
2024-03-17 21:38:42,708:INFO: Using default tokenizer.
2024-03-17 21:38:42,736:INFO: Using default tokenizer.
2024-03-17 21:38:42,763:INFO: Using default tokenizer.
2024-03-17 21:38:43,527:INFO: Using default tokenizer.
2024-03-17 21:38:43,554:INFO: Using default tokenizer.
2024-03-17 21:38:43,580:INFO: Using default tokenizer.
2024-03-17 21:38:44,377:INFO: Using default tokenizer.
2024-03-17 21:38:44,404:INFO: Using default tokenizer.
2024-03-17 21:38:44,431:INFO: Using default tokenizer.
2024-03-17 21:38:45,481:INFO: Using default tokenizer.
2024-03-17 21:38:45,509:INFO: Using default tokenizer.
2024-03-17 21:38:45,536:INFO: Using default tokenizer.
2024-03-17 21:38:46,435:INFO: Using default tokenizer.
2024-03-17 21:38:46,463:INFO: Using default tokenizer.
2024-03-17 21:38:46,491:INFO: Using default tokenizer.
2024-03-17 21:38:47,343:INFO: Using default tokenizer.
2024-03-17 21:38:47,371:INFO: Using default tokenizer.
2024-03-17 21:38:47,398:INFO: Using default tokenizer.
2024-03-17 21:38:48,125:INFO: Using default tokenizer.
2024-03-17 21:38:48,154:INFO: Using default tokenizer.
2024-03-17 21:38:48,181:INFO: Using default tokenizer.
2024-03-17 21:38:49,288:INFO: Using default tokenizer.
2024-03-17 21:38:49,316:INFO: Using default tokenizer.
2024-03-17 21:38:49,344:INFO: Using default tokenizer.
2024-03-17 21:38:50,344:INFO: Using default tokenizer.
2024-03-17 21:38:50,373:INFO: Using default tokenizer.
2024-03-17 21:38:50,401:INFO: Using default tokenizer.
2024-03-17 21:38:51,265:INFO: Using default tokenizer.
2024-03-17 21:38:51,292:INFO: Using default tokenizer.
2024-03-17 21:38:51,320:INFO: Using default tokenizer.
2024-03-17 21:38:52,117:INFO: Using default tokenizer.
2024-03-17 21:38:52,144:INFO: Using default tokenizer.
2024-03-17 21:38:52,172:INFO: Using default tokenizer.
2024-03-17 21:38:52,921:INFO: Using default tokenizer.
2024-03-17 21:38:52,948:INFO: Using default tokenizer.
2024-03-17 21:38:52,975:INFO: Using default tokenizer.
2024-03-17 21:38:53,881:INFO: Using default tokenizer.
2024-03-17 21:38:53,909:INFO: Using default tokenizer.
2024-03-17 21:38:53,937:INFO: Using default tokenizer.
2024-03-17 21:38:54,753:INFO: Using default tokenizer.
2024-03-17 21:38:54,780:INFO: Using default tokenizer.
2024-03-17 21:38:54,807:INFO: Using default tokenizer.
2024-03-17 21:38:55,779:INFO: Using default tokenizer.
2024-03-17 21:38:55,806:INFO: Using default tokenizer.
2024-03-17 21:38:55,833:INFO: Using default tokenizer.
2024-03-17 21:38:57,109:INFO: Using default tokenizer.
2024-03-17 21:38:57,137:INFO: Using default tokenizer.
2024-03-17 21:38:57,165:INFO: Using default tokenizer.
2024-03-17 21:38:57,943:INFO: Using default tokenizer.
2024-03-17 21:38:57,970:INFO: Using default tokenizer.
2024-03-17 21:38:57,998:INFO: Using default tokenizer.
2024-03-17 21:38:58,828:INFO: Using default tokenizer.
2024-03-17 21:38:58,855:INFO: Using default tokenizer.
2024-03-17 21:38:58,882:INFO: Using default tokenizer.
2024-03-17 21:38:59,967:INFO: Using default tokenizer.
2024-03-17 21:38:59,995:INFO: Using default tokenizer.
2024-03-17 21:39:00,022:INFO: Using default tokenizer.
2024-03-17 21:39:00,893:INFO: Using default tokenizer.
2024-03-17 21:39:00,920:INFO: Using default tokenizer.
2024-03-17 21:39:00,948:INFO: Using default tokenizer.
2024-03-17 21:39:01,858:INFO: Using default tokenizer.
2024-03-17 21:39:01,886:INFO: Using default tokenizer.
2024-03-17 21:39:01,914:INFO: Using default tokenizer.
2024-03-17 21:39:04,805:INFO: - Evaluation metrics: loss: 1.4730; rouge1: 0.4875; rouge2: 0.2437; rougeL: 0.4036
2024-03-17 21:39:04,806:INFO: - Found new best objective
2024-03-17 21:39:04,807:INFO: Epoch 12/20
2024-03-17 21:42:20,842:INFO: - Train metrics: loss: 1.5956; lr:c: 3.61e-04
2024-03-17 21:42:21,617:INFO: Using default tokenizer.
2024-03-17 21:42:21,645:INFO: Using default tokenizer.
2024-03-17 21:42:21,673:INFO: Using default tokenizer.
2024-03-17 21:42:22,449:INFO: Using default tokenizer.
2024-03-17 21:42:22,476:INFO: Using default tokenizer.
2024-03-17 21:42:22,502:INFO: Using default tokenizer.
2024-03-17 21:42:23,332:INFO: Using default tokenizer.
2024-03-17 21:42:23,360:INFO: Using default tokenizer.
2024-03-17 21:42:23,387:INFO: Using default tokenizer.
2024-03-17 21:42:24,157:INFO: Using default tokenizer.
2024-03-17 21:42:24,186:INFO: Using default tokenizer.
2024-03-17 21:42:24,214:INFO: Using default tokenizer.
2024-03-17 21:42:24,936:INFO: Using default tokenizer.
2024-03-17 21:42:24,964:INFO: Using default tokenizer.
2024-03-17 21:42:24,992:INFO: Using default tokenizer.
2024-03-17 21:42:25,879:INFO: Using default tokenizer.
2024-03-17 21:42:25,907:INFO: Using default tokenizer.
2024-03-17 21:42:25,934:INFO: Using default tokenizer.
2024-03-17 21:42:26,693:INFO: Using default tokenizer.
2024-03-17 21:42:26,720:INFO: Using default tokenizer.
2024-03-17 21:42:26,746:INFO: Using default tokenizer.
2024-03-17 21:42:27,540:INFO: Using default tokenizer.
2024-03-17 21:42:27,567:INFO: Using default tokenizer.
2024-03-17 21:42:27,594:INFO: Using default tokenizer.
2024-03-17 21:42:28,745:INFO: Using default tokenizer.
2024-03-17 21:42:28,773:INFO: Using default tokenizer.
2024-03-17 21:42:28,801:INFO: Using default tokenizer.
2024-03-17 21:42:29,740:INFO: Using default tokenizer.
2024-03-17 21:42:29,768:INFO: Using default tokenizer.
2024-03-17 21:42:29,795:INFO: Using default tokenizer.
2024-03-17 21:42:30,657:INFO: Using default tokenizer.
2024-03-17 21:42:30,685:INFO: Using default tokenizer.
2024-03-17 21:42:30,712:INFO: Using default tokenizer.
2024-03-17 21:42:31,441:INFO: Using default tokenizer.
2024-03-17 21:42:31,468:INFO: Using default tokenizer.
2024-03-17 21:42:31,496:INFO: Using default tokenizer.
2024-03-17 21:42:32,651:INFO: Using default tokenizer.
2024-03-17 21:42:32,679:INFO: Using default tokenizer.
2024-03-17 21:42:32,706:INFO: Using default tokenizer.
2024-03-17 21:42:33,813:INFO: Using default tokenizer.
2024-03-17 21:42:33,841:INFO: Using default tokenizer.
2024-03-17 21:42:33,869:INFO: Using default tokenizer.
2024-03-17 21:42:34,735:INFO: Using default tokenizer.
2024-03-17 21:42:34,763:INFO: Using default tokenizer.
2024-03-17 21:42:34,790:INFO: Using default tokenizer.
2024-03-17 21:42:35,640:INFO: Using default tokenizer.
2024-03-17 21:42:35,668:INFO: Using default tokenizer.
2024-03-17 21:42:35,696:INFO: Using default tokenizer.
2024-03-17 21:42:36,446:INFO: Using default tokenizer.
2024-03-17 21:42:36,473:INFO: Using default tokenizer.
2024-03-17 21:42:36,500:INFO: Using default tokenizer.
2024-03-17 21:42:37,465:INFO: Using default tokenizer.
2024-03-17 21:42:37,493:INFO: Using default tokenizer.
2024-03-17 21:42:37,521:INFO: Using default tokenizer.
2024-03-17 21:42:38,342:INFO: Using default tokenizer.
2024-03-17 21:42:38,370:INFO: Using default tokenizer.
2024-03-17 21:42:38,397:INFO: Using default tokenizer.
2024-03-17 21:42:39,376:INFO: Using default tokenizer.
2024-03-17 21:42:39,404:INFO: Using default tokenizer.
2024-03-17 21:42:39,435:INFO: Using default tokenizer.
2024-03-17 21:42:40,734:INFO: Using default tokenizer.
2024-03-17 21:42:40,763:INFO: Using default tokenizer.
2024-03-17 21:42:40,791:INFO: Using default tokenizer.
2024-03-17 21:42:41,628:INFO: Using default tokenizer.
2024-03-17 21:42:41,656:INFO: Using default tokenizer.
2024-03-17 21:42:41,684:INFO: Using default tokenizer.
2024-03-17 21:42:42,523:INFO: Using default tokenizer.
2024-03-17 21:42:42,551:INFO: Using default tokenizer.
2024-03-17 21:42:42,578:INFO: Using default tokenizer.
2024-03-17 21:42:43,670:INFO: Using default tokenizer.
2024-03-17 21:42:43,698:INFO: Using default tokenizer.
2024-03-17 21:42:43,725:INFO: Using default tokenizer.
2024-03-17 21:42:44,599:INFO: Using default tokenizer.
2024-03-17 21:42:44,627:INFO: Using default tokenizer.
2024-03-17 21:42:44,654:INFO: Using default tokenizer.
2024-03-17 21:42:45,619:INFO: Using default tokenizer.
2024-03-17 21:42:45,647:INFO: Using default tokenizer.
2024-03-17 21:42:45,675:INFO: Using default tokenizer.
2024-03-17 21:42:49,386:INFO: - Evaluation metrics: loss: 1.4727; rouge1: 0.4896; rouge2: 0.2458; rougeL: 0.4056
2024-03-17 21:42:49,387:INFO: - Found new best objective
2024-03-17 21:42:49,388:INFO: Epoch 13/20
2024-03-17 21:46:05,396:INFO: - Train metrics: loss: 1.5814; lr:c: 2.86e-04
2024-03-17 21:46:06,170:INFO: Using default tokenizer.
2024-03-17 21:46:06,197:INFO: Using default tokenizer.
2024-03-17 21:46:06,224:INFO: Using default tokenizer.
2024-03-17 21:46:06,997:INFO: Using default tokenizer.
2024-03-17 21:46:07,024:INFO: Using default tokenizer.
2024-03-17 21:46:07,050:INFO: Using default tokenizer.
2024-03-17 21:46:07,978:INFO: Using default tokenizer.
2024-03-17 21:46:08,006:INFO: Using default tokenizer.
2024-03-17 21:46:08,033:INFO: Using default tokenizer.
2024-03-17 21:46:08,823:INFO: Using default tokenizer.
2024-03-17 21:46:08,851:INFO: Using default tokenizer.
2024-03-17 21:46:08,878:INFO: Using default tokenizer.
2024-03-17 21:46:09,604:INFO: Using default tokenizer.
2024-03-17 21:46:09,633:INFO: Using default tokenizer.
2024-03-17 21:46:09,661:INFO: Using default tokenizer.
2024-03-17 21:46:10,597:INFO: Using default tokenizer.
2024-03-17 21:46:10,628:INFO: Using default tokenizer.
2024-03-17 21:46:10,657:INFO: Using default tokenizer.
2024-03-17 21:46:11,498:INFO: Using default tokenizer.
2024-03-17 21:46:11,527:INFO: Using default tokenizer.
2024-03-17 21:46:11,553:INFO: Using default tokenizer.
2024-03-17 21:46:12,396:INFO: Using default tokenizer.
2024-03-17 21:46:12,424:INFO: Using default tokenizer.
2024-03-17 21:46:12,451:INFO: Using default tokenizer.
2024-03-17 21:46:13,517:INFO: Using default tokenizer.
2024-03-17 21:46:13,546:INFO: Using default tokenizer.
2024-03-17 21:46:13,575:INFO: Using default tokenizer.
2024-03-17 21:46:14,483:INFO: Using default tokenizer.
2024-03-17 21:46:14,512:INFO: Using default tokenizer.
2024-03-17 21:46:14,540:INFO: Using default tokenizer.
2024-03-17 21:46:15,402:INFO: Using default tokenizer.
2024-03-17 21:46:15,430:INFO: Using default tokenizer.
2024-03-17 21:46:15,458:INFO: Using default tokenizer.
2024-03-17 21:46:16,197:INFO: Using default tokenizer.
2024-03-17 21:46:16,224:INFO: Using default tokenizer.
2024-03-17 21:46:16,252:INFO: Using default tokenizer.
2024-03-17 21:46:17,445:INFO: Using default tokenizer.
2024-03-17 21:46:17,473:INFO: Using default tokenizer.
2024-03-17 21:46:17,500:INFO: Using default tokenizer.
2024-03-17 21:46:18,519:INFO: Using default tokenizer.
2024-03-17 21:46:18,547:INFO: Using default tokenizer.
2024-03-17 21:46:18,575:INFO: Using default tokenizer.
2024-03-17 21:46:19,456:INFO: Using default tokenizer.
2024-03-17 21:46:19,484:INFO: Using default tokenizer.
2024-03-17 21:46:19,511:INFO: Using default tokenizer.
2024-03-17 21:46:20,302:INFO: Using default tokenizer.
2024-03-17 21:46:20,329:INFO: Using default tokenizer.
2024-03-17 21:46:20,357:INFO: Using default tokenizer.
2024-03-17 21:46:21,107:INFO: Using default tokenizer.
2024-03-17 21:46:21,137:INFO: Using default tokenizer.
2024-03-17 21:46:21,164:INFO: Using default tokenizer.
2024-03-17 21:46:22,067:INFO: Using default tokenizer.
2024-03-17 21:46:22,095:INFO: Using default tokenizer.
2024-03-17 21:46:22,124:INFO: Using default tokenizer.
2024-03-17 21:46:22,938:INFO: Using default tokenizer.
2024-03-17 21:46:22,966:INFO: Using default tokenizer.
2024-03-17 21:46:22,993:INFO: Using default tokenizer.
2024-03-17 21:46:24,009:INFO: Using default tokenizer.
2024-03-17 21:46:24,037:INFO: Using default tokenizer.
2024-03-17 21:46:24,064:INFO: Using default tokenizer.
2024-03-17 21:46:25,347:INFO: Using default tokenizer.
2024-03-17 21:46:25,377:INFO: Using default tokenizer.
2024-03-17 21:46:25,421:INFO: Using default tokenizer.
2024-03-17 21:46:26,350:INFO: Using default tokenizer.
2024-03-17 21:46:26,378:INFO: Using default tokenizer.
2024-03-17 21:46:26,407:INFO: Using default tokenizer.
2024-03-17 21:46:27,158:INFO: Using default tokenizer.
2024-03-17 21:46:27,186:INFO: Using default tokenizer.
2024-03-17 21:46:27,213:INFO: Using default tokenizer.
2024-03-17 21:46:28,366:INFO: Using default tokenizer.
2024-03-17 21:46:28,395:INFO: Using default tokenizer.
2024-03-17 21:46:28,423:INFO: Using default tokenizer.
2024-03-17 21:46:29,296:INFO: Using default tokenizer.
2024-03-17 21:46:29,323:INFO: Using default tokenizer.
2024-03-17 21:46:29,351:INFO: Using default tokenizer.
2024-03-17 21:46:30,319:INFO: Using default tokenizer.
2024-03-17 21:46:30,347:INFO: Using default tokenizer.
2024-03-17 21:46:30,376:INFO: Using default tokenizer.
2024-03-17 21:46:33,504:INFO: - Evaluation metrics: loss: 1.4723; rouge1: 0.4904; rouge2: 0.2461; rougeL: 0.4063
2024-03-17 21:46:33,505:INFO: - Found new best objective
2024-03-17 21:46:33,505:INFO: Epoch 14/20
2024-03-17 21:49:49,633:INFO: - Train metrics: loss: 1.5847; lr:c: 2.16e-04
2024-03-17 21:49:50,399:INFO: Using default tokenizer.
2024-03-17 21:49:50,426:INFO: Using default tokenizer.
2024-03-17 21:49:50,453:INFO: Using default tokenizer.
2024-03-17 21:49:51,249:INFO: Using default tokenizer.
2024-03-17 21:49:51,275:INFO: Using default tokenizer.
2024-03-17 21:49:51,302:INFO: Using default tokenizer.
2024-03-17 21:49:52,222:INFO: Using default tokenizer.
2024-03-17 21:49:52,249:INFO: Using default tokenizer.
2024-03-17 21:49:52,277:INFO: Using default tokenizer.
2024-03-17 21:49:53,040:INFO: Using default tokenizer.
2024-03-17 21:49:53,067:INFO: Using default tokenizer.
2024-03-17 21:49:53,094:INFO: Using default tokenizer.
2024-03-17 21:49:53,811:INFO: Using default tokenizer.
2024-03-17 21:49:53,839:INFO: Using default tokenizer.
2024-03-17 21:49:53,866:INFO: Using default tokenizer.
2024-03-17 21:49:54,759:INFO: Using default tokenizer.
2024-03-17 21:49:54,786:INFO: Using default tokenizer.
2024-03-17 21:49:54,813:INFO: Using default tokenizer.
2024-03-17 21:49:55,574:INFO: Using default tokenizer.
2024-03-17 21:49:55,601:INFO: Using default tokenizer.
2024-03-17 21:49:55,627:INFO: Using default tokenizer.
2024-03-17 21:49:56,451:INFO: Using default tokenizer.
2024-03-17 21:49:56,477:INFO: Using default tokenizer.
2024-03-17 21:49:56,504:INFO: Using default tokenizer.
2024-03-17 21:49:57,543:INFO: Using default tokenizer.
2024-03-17 21:49:57,571:INFO: Using default tokenizer.
2024-03-17 21:49:57,599:INFO: Using default tokenizer.
2024-03-17 21:49:58,529:INFO: Using default tokenizer.
2024-03-17 21:49:58,556:INFO: Using default tokenizer.
2024-03-17 21:49:58,584:INFO: Using default tokenizer.
2024-03-17 21:49:59,463:INFO: Using default tokenizer.
2024-03-17 21:49:59,491:INFO: Using default tokenizer.
2024-03-17 21:49:59,518:INFO: Using default tokenizer.
2024-03-17 21:50:00,261:INFO: Using default tokenizer.
2024-03-17 21:50:00,292:INFO: Using default tokenizer.
2024-03-17 21:50:00,321:INFO: Using default tokenizer.
2024-03-17 21:50:01,460:INFO: Using default tokenizer.
2024-03-17 21:50:01,488:INFO: Using default tokenizer.
2024-03-17 21:50:01,517:INFO: Using default tokenizer.
2024-03-17 21:50:02,494:INFO: Using default tokenizer.
2024-03-17 21:50:02,522:INFO: Using default tokenizer.
2024-03-17 21:50:02,549:INFO: Using default tokenizer.
2024-03-17 21:50:03,510:INFO: Using default tokenizer.
2024-03-17 21:50:03,538:INFO: Using default tokenizer.
2024-03-17 21:50:03,565:INFO: Using default tokenizer.
2024-03-17 21:50:04,379:INFO: Using default tokenizer.
2024-03-17 21:50:04,406:INFO: Using default tokenizer.
2024-03-17 21:50:04,433:INFO: Using default tokenizer.
2024-03-17 21:50:05,285:INFO: Using default tokenizer.
2024-03-17 21:50:05,312:INFO: Using default tokenizer.
2024-03-17 21:50:05,339:INFO: Using default tokenizer.
2024-03-17 21:50:06,248:INFO: Using default tokenizer.
2024-03-17 21:50:06,276:INFO: Using default tokenizer.
2024-03-17 21:50:06,304:INFO: Using default tokenizer.
2024-03-17 21:50:07,119:INFO: Using default tokenizer.
2024-03-17 21:50:07,147:INFO: Using default tokenizer.
2024-03-17 21:50:07,174:INFO: Using default tokenizer.
2024-03-17 21:50:08,139:INFO: Using default tokenizer.
2024-03-17 21:50:08,167:INFO: Using default tokenizer.
2024-03-17 21:50:08,195:INFO: Using default tokenizer.
2024-03-17 21:50:09,264:INFO: Using default tokenizer.
2024-03-17 21:50:09,292:INFO: Using default tokenizer.
2024-03-17 21:50:09,325:INFO: Using default tokenizer.
2024-03-17 21:50:10,252:INFO: Using default tokenizer.
2024-03-17 21:50:10,280:INFO: Using default tokenizer.
2024-03-17 21:50:10,307:INFO: Using default tokenizer.
2024-03-17 21:50:11,007:INFO: Using default tokenizer.
2024-03-17 21:50:11,037:INFO: Using default tokenizer.
2024-03-17 21:50:11,065:INFO: Using default tokenizer.
2024-03-17 21:50:12,215:INFO: Using default tokenizer.
2024-03-17 21:50:12,245:INFO: Using default tokenizer.
2024-03-17 21:50:12,272:INFO: Using default tokenizer.
2024-03-17 21:50:13,192:INFO: Using default tokenizer.
2024-03-17 21:50:13,218:INFO: Using default tokenizer.
2024-03-17 21:50:13,246:INFO: Using default tokenizer.
2024-03-17 21:50:14,225:INFO: Using default tokenizer.
2024-03-17 21:50:14,254:INFO: Using default tokenizer.
2024-03-17 21:50:14,282:INFO: Using default tokenizer.
2024-03-17 21:50:17,916:INFO: - Evaluation metrics: loss: 1.4719; rouge1: 0.4903; rouge2: 0.2460; rougeL: 0.4064
2024-03-17 21:50:17,918:INFO: Epoch 15/20
2024-03-17 21:53:33,991:INFO: - Train metrics: loss: 1.5851; lr:c: 1.53e-04
2024-03-17 21:53:34,765:INFO: Using default tokenizer.
2024-03-17 21:53:34,792:INFO: Using default tokenizer.
2024-03-17 21:53:34,820:INFO: Using default tokenizer.
2024-03-17 21:53:35,598:INFO: Using default tokenizer.
2024-03-17 21:53:35,625:INFO: Using default tokenizer.
2024-03-17 21:53:35,652:INFO: Using default tokenizer.
2024-03-17 21:53:36,484:INFO: Using default tokenizer.
2024-03-17 21:53:36,512:INFO: Using default tokenizer.
2024-03-17 21:53:36,539:INFO: Using default tokenizer.
2024-03-17 21:53:37,304:INFO: Using default tokenizer.
2024-03-17 21:53:37,331:INFO: Using default tokenizer.
2024-03-17 21:53:37,358:INFO: Using default tokenizer.
2024-03-17 21:53:38,081:INFO: Using default tokenizer.
2024-03-17 21:53:38,109:INFO: Using default tokenizer.
2024-03-17 21:53:38,136:INFO: Using default tokenizer.
2024-03-17 21:53:39,030:INFO: Using default tokenizer.
2024-03-17 21:53:39,058:INFO: Using default tokenizer.
2024-03-17 21:53:39,085:INFO: Using default tokenizer.
2024-03-17 21:53:39,848:INFO: Using default tokenizer.
2024-03-17 21:53:39,874:INFO: Using default tokenizer.
2024-03-17 21:53:39,902:INFO: Using default tokenizer.
2024-03-17 21:53:40,705:INFO: Using default tokenizer.
2024-03-17 21:53:40,732:INFO: Using default tokenizer.
2024-03-17 21:53:40,762:INFO: Using default tokenizer.
2024-03-17 21:53:41,866:INFO: Using default tokenizer.
2024-03-17 21:53:41,895:INFO: Using default tokenizer.
2024-03-17 21:53:41,922:INFO: Using default tokenizer.
2024-03-17 21:53:42,817:INFO: Using default tokenizer.
2024-03-17 21:53:42,844:INFO: Using default tokenizer.
2024-03-17 21:53:42,872:INFO: Using default tokenizer.
2024-03-17 21:53:43,723:INFO: Using default tokenizer.
2024-03-17 21:53:43,751:INFO: Using default tokenizer.
2024-03-17 21:53:43,779:INFO: Using default tokenizer.
2024-03-17 21:53:44,497:INFO: Using default tokenizer.
2024-03-17 21:53:44,525:INFO: Using default tokenizer.
2024-03-17 21:53:44,552:INFO: Using default tokenizer.
2024-03-17 21:53:45,655:INFO: Using default tokenizer.
2024-03-17 21:53:45,683:INFO: Using default tokenizer.
2024-03-17 21:53:45,710:INFO: Using default tokenizer.
2024-03-17 21:53:46,693:INFO: Using default tokenizer.
2024-03-17 21:53:46,721:INFO: Using default tokenizer.
2024-03-17 21:53:46,749:INFO: Using default tokenizer.
2024-03-17 21:53:47,610:INFO: Using default tokenizer.
2024-03-17 21:53:47,638:INFO: Using default tokenizer.
2024-03-17 21:53:47,665:INFO: Using default tokenizer.
2024-03-17 21:53:48,423:INFO: Using default tokenizer.
2024-03-17 21:53:48,450:INFO: Using default tokenizer.
2024-03-17 21:53:48,477:INFO: Using default tokenizer.
2024-03-17 21:53:49,228:INFO: Using default tokenizer.
2024-03-17 21:53:49,255:INFO: Using default tokenizer.
2024-03-17 21:53:49,282:INFO: Using default tokenizer.
2024-03-17 21:53:50,191:INFO: Using default tokenizer.
2024-03-17 21:53:50,219:INFO: Using default tokenizer.
2024-03-17 21:53:50,247:INFO: Using default tokenizer.
2024-03-17 21:53:51,081:INFO: Using default tokenizer.
2024-03-17 21:53:51,108:INFO: Using default tokenizer.
2024-03-17 21:53:51,135:INFO: Using default tokenizer.
2024-03-17 21:53:52,107:INFO: Using default tokenizer.
2024-03-17 21:53:52,134:INFO: Using default tokenizer.
2024-03-17 21:53:52,162:INFO: Using default tokenizer.
2024-03-17 21:53:53,236:INFO: Using default tokenizer.
2024-03-17 21:53:53,264:INFO: Using default tokenizer.
2024-03-17 21:53:53,292:INFO: Using default tokenizer.
2024-03-17 21:53:54,258:INFO: Using default tokenizer.
2024-03-17 21:53:54,286:INFO: Using default tokenizer.
2024-03-17 21:53:54,314:INFO: Using default tokenizer.
2024-03-17 21:53:55,035:INFO: Using default tokenizer.
2024-03-17 21:53:55,063:INFO: Using default tokenizer.
2024-03-17 21:53:55,090:INFO: Using default tokenizer.
2024-03-17 21:53:56,276:INFO: Using default tokenizer.
2024-03-17 21:53:56,304:INFO: Using default tokenizer.
2024-03-17 21:53:56,331:INFO: Using default tokenizer.
2024-03-17 21:53:57,198:INFO: Using default tokenizer.
2024-03-17 21:53:57,225:INFO: Using default tokenizer.
2024-03-17 21:53:57,252:INFO: Using default tokenizer.
2024-03-17 21:53:58,285:INFO: Using default tokenizer.
2024-03-17 21:53:58,322:INFO: Using default tokenizer.
2024-03-17 21:53:58,361:INFO: Using default tokenizer.
2024-03-17 21:54:03,004:INFO: - Evaluation metrics: loss: 1.4719; rouge1: 0.4903; rouge2: 0.2463; rougeL: 0.4061
2024-03-17 21:54:03,006:INFO: Epoch 16/20
2024-03-17 21:57:19,154:INFO: - Train metrics: loss: 1.5864; lr:c: 9.99e-05
2024-03-17 21:57:19,968:INFO: Using default tokenizer.
2024-03-17 21:57:19,995:INFO: Using default tokenizer.
2024-03-17 21:57:20,023:INFO: Using default tokenizer.
2024-03-17 21:57:20,825:INFO: Using default tokenizer.
2024-03-17 21:57:20,852:INFO: Using default tokenizer.
2024-03-17 21:57:20,883:INFO: Using default tokenizer.
2024-03-17 21:57:21,739:INFO: Using default tokenizer.
2024-03-17 21:57:21,767:INFO: Using default tokenizer.
2024-03-17 21:57:21,794:INFO: Using default tokenizer.
2024-03-17 21:57:22,597:INFO: Using default tokenizer.
2024-03-17 21:57:22,625:INFO: Using default tokenizer.
2024-03-17 21:57:22,654:INFO: Using default tokenizer.
2024-03-17 21:57:23,398:INFO: Using default tokenizer.
2024-03-17 21:57:23,425:INFO: Using default tokenizer.
2024-03-17 21:57:23,453:INFO: Using default tokenizer.
2024-03-17 21:57:24,389:INFO: Using default tokenizer.
2024-03-17 21:57:24,417:INFO: Using default tokenizer.
2024-03-17 21:57:24,444:INFO: Using default tokenizer.
2024-03-17 21:57:25,212:INFO: Using default tokenizer.
2024-03-17 21:57:25,240:INFO: Using default tokenizer.
2024-03-17 21:57:25,267:INFO: Using default tokenizer.
2024-03-17 21:57:26,061:INFO: Using default tokenizer.
2024-03-17 21:57:26,088:INFO: Using default tokenizer.
2024-03-17 21:57:26,114:INFO: Using default tokenizer.
2024-03-17 21:57:27,161:INFO: Using default tokenizer.
2024-03-17 21:57:27,189:INFO: Using default tokenizer.
2024-03-17 21:57:27,217:INFO: Using default tokenizer.
2024-03-17 21:57:28,269:INFO: Using default tokenizer.
2024-03-17 21:57:28,299:INFO: Using default tokenizer.
2024-03-17 21:57:28,337:INFO: Using default tokenizer.
2024-03-17 21:57:29,302:INFO: Using default tokenizer.
2024-03-17 21:57:29,333:INFO: Using default tokenizer.
2024-03-17 21:57:29,364:INFO: Using default tokenizer.
2024-03-17 21:57:30,114:INFO: Using default tokenizer.
2024-03-17 21:57:30,142:INFO: Using default tokenizer.
2024-03-17 21:57:30,170:INFO: Using default tokenizer.
2024-03-17 21:57:31,388:INFO: Using default tokenizer.
2024-03-17 21:57:31,421:INFO: Using default tokenizer.
2024-03-17 21:57:31,449:INFO: Using default tokenizer.
2024-03-17 21:57:32,430:INFO: Using default tokenizer.
2024-03-17 21:57:32,458:INFO: Using default tokenizer.
2024-03-17 21:57:32,486:INFO: Using default tokenizer.
2024-03-17 21:57:33,344:INFO: Using default tokenizer.
2024-03-17 21:57:33,372:INFO: Using default tokenizer.
2024-03-17 21:57:33,399:INFO: Using default tokenizer.
2024-03-17 21:57:34,175:INFO: Using default tokenizer.
2024-03-17 21:57:34,203:INFO: Using default tokenizer.
2024-03-17 21:57:34,231:INFO: Using default tokenizer.
2024-03-17 21:57:34,991:INFO: Using default tokenizer.
2024-03-17 21:57:35,018:INFO: Using default tokenizer.
2024-03-17 21:57:35,045:INFO: Using default tokenizer.
2024-03-17 21:57:35,952:INFO: Using default tokenizer.
2024-03-17 21:57:35,981:INFO: Using default tokenizer.
2024-03-17 21:57:36,009:INFO: Using default tokenizer.
2024-03-17 21:57:36,907:INFO: Using default tokenizer.
2024-03-17 21:57:36,935:INFO: Using default tokenizer.
2024-03-17 21:57:36,965:INFO: Using default tokenizer.
2024-03-17 21:57:37,964:INFO: Using default tokenizer.
2024-03-17 21:57:37,992:INFO: Using default tokenizer.
2024-03-17 21:57:38,020:INFO: Using default tokenizer.
2024-03-17 21:57:39,084:INFO: Using default tokenizer.
2024-03-17 21:57:39,112:INFO: Using default tokenizer.
2024-03-17 21:57:39,140:INFO: Using default tokenizer.
2024-03-17 21:57:40,068:INFO: Using default tokenizer.
2024-03-17 21:57:40,095:INFO: Using default tokenizer.
2024-03-17 21:57:40,123:INFO: Using default tokenizer.
2024-03-17 21:57:40,822:INFO: Using default tokenizer.
2024-03-17 21:57:40,849:INFO: Using default tokenizer.
2024-03-17 21:57:40,876:INFO: Using default tokenizer.
2024-03-17 21:57:41,974:INFO: Using default tokenizer.
2024-03-17 21:57:42,003:INFO: Using default tokenizer.
2024-03-17 21:57:42,030:INFO: Using default tokenizer.
2024-03-17 21:57:42,901:INFO: Using default tokenizer.
2024-03-17 21:57:42,929:INFO: Using default tokenizer.
2024-03-17 21:57:42,957:INFO: Using default tokenizer.
2024-03-17 21:57:43,883:INFO: Using default tokenizer.
2024-03-17 21:57:43,912:INFO: Using default tokenizer.
2024-03-17 21:57:43,940:INFO: Using default tokenizer.
2024-03-17 21:57:47,781:INFO: - Evaluation metrics: loss: 1.4718; rouge1: 0.4906; rouge2: 0.2467; rougeL: 0.4063
2024-03-17 21:57:47,782:INFO: - Found new best objective
2024-03-17 21:57:47,783:INFO: Epoch 17/20
2024-03-17 22:01:03,887:INFO: - Train metrics: loss: 1.5843; lr:c: 5.68e-05
2024-03-17 22:01:04,661:INFO: Using default tokenizer.
2024-03-17 22:01:04,688:INFO: Using default tokenizer.
2024-03-17 22:01:04,715:INFO: Using default tokenizer.
2024-03-17 22:01:05,491:INFO: Using default tokenizer.
2024-03-17 22:01:05,518:INFO: Using default tokenizer.
2024-03-17 22:01:05,545:INFO: Using default tokenizer.
2024-03-17 22:01:06,337:INFO: Using default tokenizer.
2024-03-17 22:01:06,365:INFO: Using default tokenizer.
2024-03-17 22:01:06,393:INFO: Using default tokenizer.
2024-03-17 22:01:07,156:INFO: Using default tokenizer.
2024-03-17 22:01:07,183:INFO: Using default tokenizer.
2024-03-17 22:01:07,210:INFO: Using default tokenizer.
2024-03-17 22:01:07,929:INFO: Using default tokenizer.
2024-03-17 22:01:07,956:INFO: Using default tokenizer.
2024-03-17 22:01:07,984:INFO: Using default tokenizer.
2024-03-17 22:01:08,874:INFO: Using default tokenizer.
2024-03-17 22:01:08,902:INFO: Using default tokenizer.
2024-03-17 22:01:08,929:INFO: Using default tokenizer.
2024-03-17 22:01:09,690:INFO: Using default tokenizer.
2024-03-17 22:01:09,717:INFO: Using default tokenizer.
2024-03-17 22:01:09,744:INFO: Using default tokenizer.
2024-03-17 22:01:10,536:INFO: Using default tokenizer.
2024-03-17 22:01:10,563:INFO: Using default tokenizer.
2024-03-17 22:01:10,591:INFO: Using default tokenizer.
2024-03-17 22:01:11,640:INFO: Using default tokenizer.
2024-03-17 22:01:11,668:INFO: Using default tokenizer.
2024-03-17 22:01:11,696:INFO: Using default tokenizer.
2024-03-17 22:01:12,588:INFO: Using default tokenizer.
2024-03-17 22:01:12,616:INFO: Using default tokenizer.
2024-03-17 22:01:12,644:INFO: Using default tokenizer.
2024-03-17 22:01:13,525:INFO: Using default tokenizer.
2024-03-17 22:01:13,552:INFO: Using default tokenizer.
2024-03-17 22:01:13,580:INFO: Using default tokenizer.
2024-03-17 22:01:14,297:INFO: Using default tokenizer.
2024-03-17 22:01:14,325:INFO: Using default tokenizer.
2024-03-17 22:01:14,352:INFO: Using default tokenizer.
2024-03-17 22:01:15,451:INFO: Using default tokenizer.
2024-03-17 22:01:15,480:INFO: Using default tokenizer.
2024-03-17 22:01:15,507:INFO: Using default tokenizer.
2024-03-17 22:01:16,483:INFO: Using default tokenizer.
2024-03-17 22:01:16,510:INFO: Using default tokenizer.
2024-03-17 22:01:16,538:INFO: Using default tokenizer.
2024-03-17 22:01:17,408:INFO: Using default tokenizer.
2024-03-17 22:01:17,439:INFO: Using default tokenizer.
2024-03-17 22:01:17,469:INFO: Using default tokenizer.
2024-03-17 22:01:18,296:INFO: Using default tokenizer.
2024-03-17 22:01:18,324:INFO: Using default tokenizer.
2024-03-17 22:01:18,351:INFO: Using default tokenizer.
2024-03-17 22:01:19,100:INFO: Using default tokenizer.
2024-03-17 22:01:19,127:INFO: Using default tokenizer.
2024-03-17 22:01:19,154:INFO: Using default tokenizer.
2024-03-17 22:01:20,054:INFO: Using default tokenizer.
2024-03-17 22:01:20,082:INFO: Using default tokenizer.
2024-03-17 22:01:20,110:INFO: Using default tokenizer.
2024-03-17 22:01:20,923:INFO: Using default tokenizer.
2024-03-17 22:01:20,950:INFO: Using default tokenizer.
2024-03-17 22:01:20,977:INFO: Using default tokenizer.
2024-03-17 22:01:21,936:INFO: Using default tokenizer.
2024-03-17 22:01:21,964:INFO: Using default tokenizer.
2024-03-17 22:01:21,991:INFO: Using default tokenizer.
2024-03-17 22:01:23,061:INFO: Using default tokenizer.
2024-03-17 22:01:23,089:INFO: Using default tokenizer.
2024-03-17 22:01:23,117:INFO: Using default tokenizer.
2024-03-17 22:01:24,043:INFO: Using default tokenizer.
2024-03-17 22:01:24,071:INFO: Using default tokenizer.
2024-03-17 22:01:24,098:INFO: Using default tokenizer.
2024-03-17 22:01:24,794:INFO: Using default tokenizer.
2024-03-17 22:01:24,821:INFO: Using default tokenizer.
2024-03-17 22:01:24,848:INFO: Using default tokenizer.
2024-03-17 22:01:26,086:INFO: Using default tokenizer.
2024-03-17 22:01:26,114:INFO: Using default tokenizer.
2024-03-17 22:01:26,141:INFO: Using default tokenizer.
2024-03-17 22:01:27,124:INFO: Using default tokenizer.
2024-03-17 22:01:27,151:INFO: Using default tokenizer.
2024-03-17 22:01:27,178:INFO: Using default tokenizer.
2024-03-17 22:01:28,114:INFO: Using default tokenizer.
2024-03-17 22:01:28,146:INFO: Using default tokenizer.
2024-03-17 22:01:28,178:INFO: Using default tokenizer.
2024-03-17 22:01:32,202:INFO: - Evaluation metrics: loss: 1.4716; rouge1: 0.4906; rouge2: 0.2467; rougeL: 0.4064
2024-03-17 22:01:32,203:INFO: - Found new best objective
2024-03-17 22:01:32,204:INFO: Epoch 18/20
2024-03-17 22:04:48,316:INFO: - Train metrics: loss: 1.5857; lr:c: 2.53e-05
2024-03-17 22:04:49,094:INFO: Using default tokenizer.
2024-03-17 22:04:49,122:INFO: Using default tokenizer.
2024-03-17 22:04:49,150:INFO: Using default tokenizer.
2024-03-17 22:04:49,923:INFO: Using default tokenizer.
2024-03-17 22:04:49,950:INFO: Using default tokenizer.
2024-03-17 22:04:49,977:INFO: Using default tokenizer.
2024-03-17 22:04:50,773:INFO: Using default tokenizer.
2024-03-17 22:04:50,800:INFO: Using default tokenizer.
2024-03-17 22:04:50,929:INFO: Using default tokenizer.
2024-03-17 22:04:51,694:INFO: Using default tokenizer.
2024-03-17 22:04:51,721:INFO: Using default tokenizer.
2024-03-17 22:04:51,748:INFO: Using default tokenizer.
2024-03-17 22:04:52,465:INFO: Using default tokenizer.
2024-03-17 22:04:52,493:INFO: Using default tokenizer.
2024-03-17 22:04:52,520:INFO: Using default tokenizer.
2024-03-17 22:04:53,409:INFO: Using default tokenizer.
2024-03-17 22:04:53,436:INFO: Using default tokenizer.
2024-03-17 22:04:53,464:INFO: Using default tokenizer.
2024-03-17 22:04:54,218:INFO: Using default tokenizer.
2024-03-17 22:04:54,244:INFO: Using default tokenizer.
2024-03-17 22:04:54,271:INFO: Using default tokenizer.
2024-03-17 22:04:55,060:INFO: Using default tokenizer.
2024-03-17 22:04:55,087:INFO: Using default tokenizer.
2024-03-17 22:04:55,114:INFO: Using default tokenizer.
2024-03-17 22:04:56,160:INFO: Using default tokenizer.
2024-03-17 22:04:56,188:INFO: Using default tokenizer.
2024-03-17 22:04:56,216:INFO: Using default tokenizer.
2024-03-17 22:04:57,105:INFO: Using default tokenizer.
2024-03-17 22:04:57,133:INFO: Using default tokenizer.
2024-03-17 22:04:57,160:INFO: Using default tokenizer.
2024-03-17 22:04:58,006:INFO: Using default tokenizer.
2024-03-17 22:04:58,033:INFO: Using default tokenizer.
2024-03-17 22:04:58,061:INFO: Using default tokenizer.
2024-03-17 22:04:58,772:INFO: Using default tokenizer.
2024-03-17 22:04:58,800:INFO: Using default tokenizer.
2024-03-17 22:04:58,828:INFO: Using default tokenizer.
2024-03-17 22:04:59,921:INFO: Using default tokenizer.
2024-03-17 22:04:59,949:INFO: Using default tokenizer.
2024-03-17 22:04:59,977:INFO: Using default tokenizer.
2024-03-17 22:05:01,051:INFO: Using default tokenizer.
2024-03-17 22:05:01,080:INFO: Using default tokenizer.
2024-03-17 22:05:01,108:INFO: Using default tokenizer.
2024-03-17 22:05:01,964:INFO: Using default tokenizer.
2024-03-17 22:05:01,992:INFO: Using default tokenizer.
2024-03-17 22:05:02,019:INFO: Using default tokenizer.
2024-03-17 22:05:02,778:INFO: Using default tokenizer.
2024-03-17 22:05:02,806:INFO: Using default tokenizer.
2024-03-17 22:05:02,833:INFO: Using default tokenizer.
2024-03-17 22:05:03,577:INFO: Using default tokenizer.
2024-03-17 22:05:03,604:INFO: Using default tokenizer.
2024-03-17 22:05:03,635:INFO: Using default tokenizer.
2024-03-17 22:05:04,588:INFO: Using default tokenizer.
2024-03-17 22:05:04,617:INFO: Using default tokenizer.
2024-03-17 22:05:04,649:INFO: Using default tokenizer.
2024-03-17 22:05:05,542:INFO: Using default tokenizer.
2024-03-17 22:05:05,570:INFO: Using default tokenizer.
2024-03-17 22:05:05,608:INFO: Using default tokenizer.
2024-03-17 22:05:06,572:INFO: Using default tokenizer.
2024-03-17 22:05:06,599:INFO: Using default tokenizer.
2024-03-17 22:05:06,626:INFO: Using default tokenizer.
2024-03-17 22:05:07,808:INFO: Using default tokenizer.
2024-03-17 22:05:07,836:INFO: Using default tokenizer.
2024-03-17 22:05:07,864:INFO: Using default tokenizer.
2024-03-17 22:05:08,871:INFO: Using default tokenizer.
2024-03-17 22:05:08,904:INFO: Using default tokenizer.
2024-03-17 22:05:08,936:INFO: Using default tokenizer.
2024-03-17 22:05:09,639:INFO: Using default tokenizer.
2024-03-17 22:05:09,666:INFO: Using default tokenizer.
2024-03-17 22:05:09,693:INFO: Using default tokenizer.
2024-03-17 22:05:10,878:INFO: Using default tokenizer.
2024-03-17 22:05:10,909:INFO: Using default tokenizer.
2024-03-17 22:05:10,941:INFO: Using default tokenizer.
2024-03-17 22:05:11,937:INFO: Using default tokenizer.
2024-03-17 22:05:11,966:INFO: Using default tokenizer.
2024-03-17 22:05:11,994:INFO: Using default tokenizer.
2024-03-17 22:05:12,974:INFO: Using default tokenizer.
2024-03-17 22:05:13,002:INFO: Using default tokenizer.
2024-03-17 22:05:13,030:INFO: Using default tokenizer.
2024-03-17 22:05:16,591:INFO: - Evaluation metrics: loss: 1.4717; rouge1: 0.4907; rouge2: 0.2470; rougeL: 0.4067
2024-03-17 22:05:16,592:INFO: - Found new best objective
2024-03-17 22:05:16,593:INFO: Epoch 19/20
2024-03-17 22:08:32,620:INFO: - Train metrics: loss: 1.5855; lr:c: 6.24e-06
2024-03-17 22:08:33,395:INFO: Using default tokenizer.
2024-03-17 22:08:33,422:INFO: Using default tokenizer.
2024-03-17 22:08:33,449:INFO: Using default tokenizer.
2024-03-17 22:08:34,227:INFO: Using default tokenizer.
2024-03-17 22:08:34,254:INFO: Using default tokenizer.
2024-03-17 22:08:34,280:INFO: Using default tokenizer.
2024-03-17 22:08:35,075:INFO: Using default tokenizer.
2024-03-17 22:08:35,103:INFO: Using default tokenizer.
2024-03-17 22:08:35,130:INFO: Using default tokenizer.
2024-03-17 22:08:35,895:INFO: Using default tokenizer.
2024-03-17 22:08:35,922:INFO: Using default tokenizer.
2024-03-17 22:08:35,949:INFO: Using default tokenizer.
2024-03-17 22:08:36,671:INFO: Using default tokenizer.
2024-03-17 22:08:36,698:INFO: Using default tokenizer.
2024-03-17 22:08:36,726:INFO: Using default tokenizer.
2024-03-17 22:08:37,622:INFO: Using default tokenizer.
2024-03-17 22:08:37,649:INFO: Using default tokenizer.
2024-03-17 22:08:37,676:INFO: Using default tokenizer.
2024-03-17 22:08:38,439:INFO: Using default tokenizer.
2024-03-17 22:08:38,466:INFO: Using default tokenizer.
2024-03-17 22:08:38,493:INFO: Using default tokenizer.
2024-03-17 22:08:39,289:INFO: Using default tokenizer.
2024-03-17 22:08:39,316:INFO: Using default tokenizer.
2024-03-17 22:08:39,343:INFO: Using default tokenizer.
2024-03-17 22:08:40,392:INFO: Using default tokenizer.
2024-03-17 22:08:40,420:INFO: Using default tokenizer.
2024-03-17 22:08:40,448:INFO: Using default tokenizer.
2024-03-17 22:08:41,341:INFO: Using default tokenizer.
2024-03-17 22:08:41,369:INFO: Using default tokenizer.
2024-03-17 22:08:41,396:INFO: Using default tokenizer.
2024-03-17 22:08:42,244:INFO: Using default tokenizer.
2024-03-17 22:08:42,272:INFO: Using default tokenizer.
2024-03-17 22:08:42,299:INFO: Using default tokenizer.
2024-03-17 22:08:43,016:INFO: Using default tokenizer.
2024-03-17 22:08:43,044:INFO: Using default tokenizer.
2024-03-17 22:08:43,071:INFO: Using default tokenizer.
2024-03-17 22:08:44,171:INFO: Using default tokenizer.
2024-03-17 22:08:44,200:INFO: Using default tokenizer.
2024-03-17 22:08:44,227:INFO: Using default tokenizer.
2024-03-17 22:08:45,207:INFO: Using default tokenizer.
2024-03-17 22:08:45,235:INFO: Using default tokenizer.
2024-03-17 22:08:45,263:INFO: Using default tokenizer.
2024-03-17 22:08:46,125:INFO: Using default tokenizer.
2024-03-17 22:08:46,153:INFO: Using default tokenizer.
2024-03-17 22:08:46,180:INFO: Using default tokenizer.
2024-03-17 22:08:46,937:INFO: Using default tokenizer.
2024-03-17 22:08:46,965:INFO: Using default tokenizer.
2024-03-17 22:08:46,992:INFO: Using default tokenizer.
2024-03-17 22:08:47,742:INFO: Using default tokenizer.
2024-03-17 22:08:47,769:INFO: Using default tokenizer.
2024-03-17 22:08:47,797:INFO: Using default tokenizer.
2024-03-17 22:08:48,702:INFO: Using default tokenizer.
2024-03-17 22:08:48,730:INFO: Using default tokenizer.
2024-03-17 22:08:48,758:INFO: Using default tokenizer.
2024-03-17 22:08:49,573:INFO: Using default tokenizer.
2024-03-17 22:08:49,600:INFO: Using default tokenizer.
2024-03-17 22:08:49,627:INFO: Using default tokenizer.
2024-03-17 22:08:50,596:INFO: Using default tokenizer.
2024-03-17 22:08:50,624:INFO: Using default tokenizer.
2024-03-17 22:08:50,652:INFO: Using default tokenizer.
2024-03-17 22:08:51,720:INFO: Using default tokenizer.
2024-03-17 22:08:51,748:INFO: Using default tokenizer.
2024-03-17 22:08:51,776:INFO: Using default tokenizer.
2024-03-17 22:08:52,696:INFO: Using default tokenizer.
2024-03-17 22:08:52,723:INFO: Using default tokenizer.
2024-03-17 22:08:52,751:INFO: Using default tokenizer.
2024-03-17 22:08:53,853:INFO: Using default tokenizer.
2024-03-17 22:08:53,881:INFO: Using default tokenizer.
2024-03-17 22:08:53,908:INFO: Using default tokenizer.
2024-03-17 22:08:54,998:INFO: Using default tokenizer.
2024-03-17 22:08:55,026:INFO: Using default tokenizer.
2024-03-17 22:08:55,054:INFO: Using default tokenizer.
2024-03-17 22:08:55,921:INFO: Using default tokenizer.
2024-03-17 22:08:55,948:INFO: Using default tokenizer.
2024-03-17 22:08:55,975:INFO: Using default tokenizer.
2024-03-17 22:08:56,890:INFO: Using default tokenizer.
2024-03-17 22:08:56,917:INFO: Using default tokenizer.
2024-03-17 22:08:56,945:INFO: Using default tokenizer.
2024-03-17 22:09:01,122:INFO: - Evaluation metrics: loss: 1.4716; rouge1: 0.4909; rouge2: 0.2472; rougeL: 0.4070
2024-03-17 22:09:01,123:INFO: - Found new best objective
2024-03-17 22:09:01,123:INFO: Epoch 20/20
2024-03-17 22:12:17,204:INFO: - Train metrics: loss: 1.5861; lr:c: 3.07e-09
2024-03-17 22:12:17,972:INFO: Using default tokenizer.
2024-03-17 22:12:17,999:INFO: Using default tokenizer.
2024-03-17 22:12:18,026:INFO: Using default tokenizer.
2024-03-17 22:12:18,796:INFO: Using default tokenizer.
2024-03-17 22:12:18,823:INFO: Using default tokenizer.
2024-03-17 22:12:18,849:INFO: Using default tokenizer.
2024-03-17 22:12:19,641:INFO: Using default tokenizer.
2024-03-17 22:12:19,668:INFO: Using default tokenizer.
2024-03-17 22:12:19,695:INFO: Using default tokenizer.
2024-03-17 22:12:20,501:INFO: Using default tokenizer.
2024-03-17 22:12:20,529:INFO: Using default tokenizer.
2024-03-17 22:12:20,557:INFO: Using default tokenizer.
2024-03-17 22:12:21,284:INFO: Using default tokenizer.
2024-03-17 22:12:21,311:INFO: Using default tokenizer.
2024-03-17 22:12:21,339:INFO: Using default tokenizer.
2024-03-17 22:12:22,305:INFO: Using default tokenizer.
2024-03-17 22:12:22,332:INFO: Using default tokenizer.
2024-03-17 22:12:22,359:INFO: Using default tokenizer.
2024-03-17 22:12:23,132:INFO: Using default tokenizer.
2024-03-17 22:12:23,159:INFO: Using default tokenizer.
2024-03-17 22:12:23,186:INFO: Using default tokenizer.
2024-03-17 22:12:24,029:INFO: Using default tokenizer.
2024-03-17 22:12:24,056:INFO: Using default tokenizer.
2024-03-17 22:12:24,083:INFO: Using default tokenizer.
2024-03-17 22:12:25,185:INFO: Using default tokenizer.
2024-03-17 22:12:25,215:INFO: Using default tokenizer.
2024-03-17 22:12:25,243:INFO: Using default tokenizer.
2024-03-17 22:12:26,139:INFO: Using default tokenizer.
2024-03-17 22:12:26,167:INFO: Using default tokenizer.
2024-03-17 22:12:26,194:INFO: Using default tokenizer.
2024-03-17 22:12:27,044:INFO: Using default tokenizer.
2024-03-17 22:12:27,072:INFO: Using default tokenizer.
2024-03-17 22:12:27,099:INFO: Using default tokenizer.
2024-03-17 22:12:27,865:INFO: Using default tokenizer.
2024-03-17 22:12:27,893:INFO: Using default tokenizer.
2024-03-17 22:12:27,920:INFO: Using default tokenizer.
2024-03-17 22:12:29,131:INFO: Using default tokenizer.
2024-03-17 22:12:29,166:INFO: Using default tokenizer.
2024-03-17 22:12:29,199:INFO: Using default tokenizer.
2024-03-17 22:12:30,187:INFO: Using default tokenizer.
2024-03-17 22:12:30,215:INFO: Using default tokenizer.
2024-03-17 22:12:30,243:INFO: Using default tokenizer.
2024-03-17 22:12:31,114:INFO: Using default tokenizer.
2024-03-17 22:12:31,142:INFO: Using default tokenizer.
2024-03-17 22:12:31,170:INFO: Using default tokenizer.
2024-03-17 22:12:31,957:INFO: Using default tokenizer.
2024-03-17 22:12:31,984:INFO: Using default tokenizer.
2024-03-17 22:12:32,011:INFO: Using default tokenizer.
2024-03-17 22:12:32,761:INFO: Using default tokenizer.
2024-03-17 22:12:32,789:INFO: Using default tokenizer.
2024-03-17 22:12:32,816:INFO: Using default tokenizer.
2024-03-17 22:12:33,722:INFO: Using default tokenizer.
2024-03-17 22:12:33,750:INFO: Using default tokenizer.
2024-03-17 22:12:33,778:INFO: Using default tokenizer.
2024-03-17 22:12:34,597:INFO: Using default tokenizer.
2024-03-17 22:12:34,625:INFO: Using default tokenizer.
2024-03-17 22:12:34,652:INFO: Using default tokenizer.
2024-03-17 22:12:35,618:INFO: Using default tokenizer.
2024-03-17 22:12:35,646:INFO: Using default tokenizer.
2024-03-17 22:12:35,673:INFO: Using default tokenizer.
2024-03-17 22:12:36,768:INFO: Using default tokenizer.
2024-03-17 22:12:36,796:INFO: Using default tokenizer.
2024-03-17 22:12:36,824:INFO: Using default tokenizer.
2024-03-17 22:12:37,800:INFO: Using default tokenizer.
2024-03-17 22:12:37,828:INFO: Using default tokenizer.
2024-03-17 22:12:37,855:INFO: Using default tokenizer.
2024-03-17 22:12:38,909:INFO: Using default tokenizer.
2024-03-17 22:12:38,936:INFO: Using default tokenizer.
2024-03-17 22:12:38,963:INFO: Using default tokenizer.
2024-03-17 22:12:40,043:INFO: Using default tokenizer.
2024-03-17 22:12:40,071:INFO: Using default tokenizer.
2024-03-17 22:12:40,098:INFO: Using default tokenizer.
2024-03-17 22:12:40,964:INFO: Using default tokenizer.
2024-03-17 22:12:40,991:INFO: Using default tokenizer.
2024-03-17 22:12:41,019:INFO: Using default tokenizer.
2024-03-17 22:12:41,931:INFO: Using default tokenizer.
2024-03-17 22:12:41,959:INFO: Using default tokenizer.
2024-03-17 22:12:41,986:INFO: Using default tokenizer.
2024-03-17 22:12:45,785:INFO: - Evaluation metrics: loss: 1.4717; rouge1: 0.4909; rouge2: 0.2472; rougeL: 0.4070
