2024-03-17 22:13:08,055:INFO: Epoch 1/20
2024-03-17 22:17:13,756:INFO: - Train metrics: loss: 1.5225; lr:c: 9.99e-04
2024-03-17 22:17:14,558:INFO: Using default tokenizer.
2024-03-17 22:17:14,587:INFO: Using default tokenizer.
2024-03-17 22:17:14,615:INFO: Using default tokenizer.
2024-03-17 22:17:15,405:INFO: Using default tokenizer.
2024-03-17 22:17:15,432:INFO: Using default tokenizer.
2024-03-17 22:17:15,460:INFO: Using default tokenizer.
2024-03-17 22:17:16,316:INFO: Using default tokenizer.
2024-03-17 22:17:16,344:INFO: Using default tokenizer.
2024-03-17 22:17:16,372:INFO: Using default tokenizer.
2024-03-17 22:17:17,034:INFO: Using default tokenizer.
2024-03-17 22:17:17,062:INFO: Using default tokenizer.
2024-03-17 22:17:17,089:INFO: Using default tokenizer.
2024-03-17 22:17:17,792:INFO: Using default tokenizer.
2024-03-17 22:17:17,820:INFO: Using default tokenizer.
2024-03-17 22:17:17,848:INFO: Using default tokenizer.
2024-03-17 22:17:18,526:INFO: Using default tokenizer.
2024-03-17 22:17:18,553:INFO: Using default tokenizer.
2024-03-17 22:17:18,581:INFO: Using default tokenizer.
2024-03-17 22:17:19,303:INFO: Using default tokenizer.
2024-03-17 22:17:19,330:INFO: Using default tokenizer.
2024-03-17 22:17:19,358:INFO: Using default tokenizer.
2024-03-17 22:17:20,049:INFO: Using default tokenizer.
2024-03-17 22:17:20,077:INFO: Using default tokenizer.
2024-03-17 22:17:20,105:INFO: Using default tokenizer.
2024-03-17 22:17:21,033:INFO: Using default tokenizer.
2024-03-17 22:17:21,061:INFO: Using default tokenizer.
2024-03-17 22:17:21,090:INFO: Using default tokenizer.
2024-03-17 22:17:21,937:INFO: Using default tokenizer.
2024-03-17 22:17:21,966:INFO: Using default tokenizer.
2024-03-17 22:17:21,997:INFO: Using default tokenizer.
2024-03-17 22:17:22,913:INFO: Using default tokenizer.
2024-03-17 22:17:22,948:INFO: Using default tokenizer.
2024-03-17 22:17:22,976:INFO: Using default tokenizer.
2024-03-17 22:17:23,802:INFO: Using default tokenizer.
2024-03-17 22:17:23,831:INFO: Using default tokenizer.
2024-03-17 22:17:23,861:INFO: Using default tokenizer.
2024-03-17 22:17:24,936:INFO: Using default tokenizer.
2024-03-17 22:17:24,965:INFO: Using default tokenizer.
2024-03-17 22:17:24,997:INFO: Using default tokenizer.
2024-03-17 22:17:25,749:INFO: Using default tokenizer.
2024-03-17 22:17:25,777:INFO: Using default tokenizer.
2024-03-17 22:17:25,807:INFO: Using default tokenizer.
2024-03-17 22:17:26,600:INFO: Using default tokenizer.
2024-03-17 22:17:26,628:INFO: Using default tokenizer.
2024-03-17 22:17:26,656:INFO: Using default tokenizer.
2024-03-17 22:17:27,331:INFO: Using default tokenizer.
2024-03-17 22:17:27,358:INFO: Using default tokenizer.
2024-03-17 22:17:27,386:INFO: Using default tokenizer.
2024-03-17 22:17:28,002:INFO: Using default tokenizer.
2024-03-17 22:17:28,029:INFO: Using default tokenizer.
2024-03-17 22:17:28,056:INFO: Using default tokenizer.
2024-03-17 22:17:28,992:INFO: Using default tokenizer.
2024-03-17 22:17:29,021:INFO: Using default tokenizer.
2024-03-17 22:17:29,050:INFO: Using default tokenizer.
2024-03-17 22:17:30,050:INFO: Using default tokenizer.
2024-03-17 22:17:30,078:INFO: Using default tokenizer.
2024-03-17 22:17:30,106:INFO: Using default tokenizer.
2024-03-17 22:17:31,030:INFO: Using default tokenizer.
2024-03-17 22:17:31,058:INFO: Using default tokenizer.
2024-03-17 22:17:31,086:INFO: Using default tokenizer.
2024-03-17 22:17:31,879:INFO: Using default tokenizer.
2024-03-17 22:17:31,908:INFO: Using default tokenizer.
2024-03-17 22:17:31,936:INFO: Using default tokenizer.
2024-03-17 22:17:32,653:INFO: Using default tokenizer.
2024-03-17 22:17:32,681:INFO: Using default tokenizer.
2024-03-17 22:17:32,709:INFO: Using default tokenizer.
2024-03-17 22:17:33,359:INFO: Using default tokenizer.
2024-03-17 22:17:33,387:INFO: Using default tokenizer.
2024-03-17 22:17:33,414:INFO: Using default tokenizer.
2024-03-17 22:17:34,127:INFO: Using default tokenizer.
2024-03-17 22:17:34,155:INFO: Using default tokenizer.
2024-03-17 22:17:34,183:INFO: Using default tokenizer.
2024-03-17 22:17:34,855:INFO: Using default tokenizer.
2024-03-17 22:17:34,883:INFO: Using default tokenizer.
2024-03-17 22:17:34,910:INFO: Using default tokenizer.
2024-03-17 22:17:35,716:INFO: Using default tokenizer.
2024-03-17 22:17:35,744:INFO: Using default tokenizer.
2024-03-17 22:17:35,772:INFO: Using default tokenizer.
2024-03-17 22:17:37,461:INFO: - Evaluation metrics: loss: 1.5376; rouge1: 0.4806; rouge2: 0.2401; rougeL: 0.4028
2024-03-17 22:17:39,405:INFO: - Found new best objective
2024-03-17 22:17:41,251:INFO: Epoch 2/20
2024-03-17 22:21:46,372:INFO: - Train metrics: loss: 1.3256; lr:c: 9.86e-04
2024-03-17 22:21:47,227:INFO: Using default tokenizer.
2024-03-17 22:21:47,256:INFO: Using default tokenizer.
2024-03-17 22:21:47,284:INFO: Using default tokenizer.
2024-03-17 22:21:48,092:INFO: Using default tokenizer.
2024-03-17 22:21:48,120:INFO: Using default tokenizer.
2024-03-17 22:21:48,147:INFO: Using default tokenizer.
2024-03-17 22:21:48,867:INFO: Using default tokenizer.
2024-03-17 22:21:48,895:INFO: Using default tokenizer.
2024-03-17 22:21:48,924:INFO: Using default tokenizer.
2024-03-17 22:21:49,846:INFO: Using default tokenizer.
2024-03-17 22:21:49,874:INFO: Using default tokenizer.
2024-03-17 22:21:49,902:INFO: Using default tokenizer.
2024-03-17 22:21:50,612:INFO: Using default tokenizer.
2024-03-17 22:21:50,641:INFO: Using default tokenizer.
2024-03-17 22:21:50,669:INFO: Using default tokenizer.
2024-03-17 22:21:51,615:INFO: Using default tokenizer.
2024-03-17 22:21:51,644:INFO: Using default tokenizer.
2024-03-17 22:21:51,671:INFO: Using default tokenizer.
2024-03-17 22:21:52,316:INFO: Using default tokenizer.
2024-03-17 22:21:52,344:INFO: Using default tokenizer.
2024-03-17 22:21:52,371:INFO: Using default tokenizer.
2024-03-17 22:21:53,076:INFO: Using default tokenizer.
2024-03-17 22:21:53,103:INFO: Using default tokenizer.
2024-03-17 22:21:53,131:INFO: Using default tokenizer.
2024-03-17 22:21:54,148:INFO: Using default tokenizer.
2024-03-17 22:21:54,176:INFO: Using default tokenizer.
2024-03-17 22:21:54,204:INFO: Using default tokenizer.
2024-03-17 22:21:54,967:INFO: Using default tokenizer.
2024-03-17 22:21:54,996:INFO: Using default tokenizer.
2024-03-17 22:21:55,024:INFO: Using default tokenizer.
2024-03-17 22:21:55,849:INFO: Using default tokenizer.
2024-03-17 22:21:55,877:INFO: Using default tokenizer.
2024-03-17 22:21:55,905:INFO: Using default tokenizer.
2024-03-17 22:21:56,679:INFO: Using default tokenizer.
2024-03-17 22:21:56,707:INFO: Using default tokenizer.
2024-03-17 22:21:56,735:INFO: Using default tokenizer.
2024-03-17 22:21:57,465:INFO: Using default tokenizer.
2024-03-17 22:21:57,493:INFO: Using default tokenizer.
2024-03-17 22:21:57,521:INFO: Using default tokenizer.
2024-03-17 22:21:58,374:INFO: Using default tokenizer.
2024-03-17 22:21:58,403:INFO: Using default tokenizer.
2024-03-17 22:21:58,431:INFO: Using default tokenizer.
2024-03-17 22:21:59,355:INFO: Using default tokenizer.
2024-03-17 22:21:59,387:INFO: Using default tokenizer.
2024-03-17 22:21:59,416:INFO: Using default tokenizer.
2024-03-17 22:22:00,129:INFO: Using default tokenizer.
2024-03-17 22:22:00,157:INFO: Using default tokenizer.
2024-03-17 22:22:00,188:INFO: Using default tokenizer.
2024-03-17 22:22:00,975:INFO: Using default tokenizer.
2024-03-17 22:22:01,007:INFO: Using default tokenizer.
2024-03-17 22:22:01,035:INFO: Using default tokenizer.
2024-03-17 22:22:01,808:INFO: Using default tokenizer.
2024-03-17 22:22:01,837:INFO: Using default tokenizer.
2024-03-17 22:22:01,865:INFO: Using default tokenizer.
2024-03-17 22:22:02,745:INFO: Using default tokenizer.
2024-03-17 22:22:02,773:INFO: Using default tokenizer.
2024-03-17 22:22:02,801:INFO: Using default tokenizer.
2024-03-17 22:22:03,861:INFO: Using default tokenizer.
2024-03-17 22:22:03,890:INFO: Using default tokenizer.
2024-03-17 22:22:03,918:INFO: Using default tokenizer.
2024-03-17 22:22:04,833:INFO: Using default tokenizer.
2024-03-17 22:22:04,861:INFO: Using default tokenizer.
2024-03-17 22:22:04,890:INFO: Using default tokenizer.
2024-03-17 22:22:05,731:INFO: Using default tokenizer.
2024-03-17 22:22:05,760:INFO: Using default tokenizer.
2024-03-17 22:22:05,788:INFO: Using default tokenizer.
2024-03-17 22:22:06,615:INFO: Using default tokenizer.
2024-03-17 22:22:06,643:INFO: Using default tokenizer.
2024-03-17 22:22:06,671:INFO: Using default tokenizer.
2024-03-17 22:22:07,637:INFO: Using default tokenizer.
2024-03-17 22:22:07,666:INFO: Using default tokenizer.
2024-03-17 22:22:07,694:INFO: Using default tokenizer.
2024-03-17 22:22:08,434:INFO: Using default tokenizer.
2024-03-17 22:22:08,462:INFO: Using default tokenizer.
2024-03-17 22:22:08,490:INFO: Using default tokenizer.
2024-03-17 22:22:09,495:INFO: Using default tokenizer.
2024-03-17 22:22:09,524:INFO: Using default tokenizer.
2024-03-17 22:22:09,552:INFO: Using default tokenizer.
2024-03-17 22:22:10,146:INFO: - Evaluation metrics: loss: 1.5313; rouge1: 0.5067; rouge2: 0.2665; rougeL: 0.4293
2024-03-17 22:22:12,120:INFO: - Found new best objective
2024-03-17 22:22:14,016:INFO: Epoch 3/20
2024-03-17 22:26:19,038:INFO: - Train metrics: loss: 1.1009; lr:c: 9.61e-04
2024-03-17 22:26:19,969:INFO: Using default tokenizer.
2024-03-17 22:26:19,998:INFO: Using default tokenizer.
2024-03-17 22:26:20,026:INFO: Using default tokenizer.
2024-03-17 22:26:21,064:INFO: Using default tokenizer.
2024-03-17 22:26:21,092:INFO: Using default tokenizer.
2024-03-17 22:26:21,120:INFO: Using default tokenizer.
2024-03-17 22:26:21,981:INFO: Using default tokenizer.
2024-03-17 22:26:22,010:INFO: Using default tokenizer.
2024-03-17 22:26:22,038:INFO: Using default tokenizer.
2024-03-17 22:26:22,853:INFO: Using default tokenizer.
2024-03-17 22:26:22,881:INFO: Using default tokenizer.
2024-03-17 22:26:22,909:INFO: Using default tokenizer.
2024-03-17 22:26:23,716:INFO: Using default tokenizer.
2024-03-17 22:26:23,744:INFO: Using default tokenizer.
2024-03-17 22:26:23,772:INFO: Using default tokenizer.
2024-03-17 22:26:24,946:INFO: Using default tokenizer.
2024-03-17 22:26:24,974:INFO: Using default tokenizer.
2024-03-17 22:26:25,001:INFO: Using default tokenizer.
2024-03-17 22:26:25,842:INFO: Using default tokenizer.
2024-03-17 22:26:25,869:INFO: Using default tokenizer.
2024-03-17 22:26:25,897:INFO: Using default tokenizer.
2024-03-17 22:26:26,873:INFO: Using default tokenizer.
2024-03-17 22:26:26,900:INFO: Using default tokenizer.
2024-03-17 22:26:26,928:INFO: Using default tokenizer.
2024-03-17 22:26:27,818:INFO: Using default tokenizer.
2024-03-17 22:26:27,847:INFO: Using default tokenizer.
2024-03-17 22:26:27,875:INFO: Using default tokenizer.
2024-03-17 22:26:28,778:INFO: Using default tokenizer.
2024-03-17 22:26:28,807:INFO: Using default tokenizer.
2024-03-17 22:26:28,835:INFO: Using default tokenizer.
2024-03-17 22:26:29,735:INFO: Using default tokenizer.
2024-03-17 22:26:29,765:INFO: Using default tokenizer.
2024-03-17 22:26:29,793:INFO: Using default tokenizer.
2024-03-17 22:26:30,765:INFO: Using default tokenizer.
2024-03-17 22:26:30,794:INFO: Using default tokenizer.
2024-03-17 22:26:30,822:INFO: Using default tokenizer.
2024-03-17 22:26:31,980:INFO: Using default tokenizer.
2024-03-17 22:26:32,009:INFO: Using default tokenizer.
2024-03-17 22:26:32,038:INFO: Using default tokenizer.
2024-03-17 22:26:32,918:INFO: Using default tokenizer.
2024-03-17 22:26:32,947:INFO: Using default tokenizer.
2024-03-17 22:26:32,975:INFO: Using default tokenizer.
2024-03-17 22:26:33,965:INFO: Using default tokenizer.
2024-03-17 22:26:33,994:INFO: Using default tokenizer.
2024-03-17 22:26:34,022:INFO: Using default tokenizer.
2024-03-17 22:26:34,832:INFO: Using default tokenizer.
2024-03-17 22:26:34,861:INFO: Using default tokenizer.
2024-03-17 22:26:34,889:INFO: Using default tokenizer.
2024-03-17 22:26:35,630:INFO: Using default tokenizer.
2024-03-17 22:26:35,659:INFO: Using default tokenizer.
2024-03-17 22:26:35,686:INFO: Using default tokenizer.
2024-03-17 22:26:36,431:INFO: Using default tokenizer.
2024-03-17 22:26:36,461:INFO: Using default tokenizer.
2024-03-17 22:26:36,490:INFO: Using default tokenizer.
2024-03-17 22:26:37,335:INFO: Using default tokenizer.
2024-03-17 22:26:37,365:INFO: Using default tokenizer.
2024-03-17 22:26:37,393:INFO: Using default tokenizer.
2024-03-17 22:26:38,332:INFO: Using default tokenizer.
2024-03-17 22:26:38,361:INFO: Using default tokenizer.
2024-03-17 22:26:38,390:INFO: Using default tokenizer.
2024-03-17 22:26:39,643:INFO: Using default tokenizer.
2024-03-17 22:26:39,672:INFO: Using default tokenizer.
2024-03-17 22:26:39,700:INFO: Using default tokenizer.
2024-03-17 22:26:40,559:INFO: Using default tokenizer.
2024-03-17 22:26:40,588:INFO: Using default tokenizer.
2024-03-17 22:26:40,617:INFO: Using default tokenizer.
2024-03-17 22:26:41,455:INFO: Using default tokenizer.
2024-03-17 22:26:41,485:INFO: Using default tokenizer.
2024-03-17 22:26:41,514:INFO: Using default tokenizer.
2024-03-17 22:26:42,447:INFO: Using default tokenizer.
2024-03-17 22:26:42,476:INFO: Using default tokenizer.
2024-03-17 22:26:42,504:INFO: Using default tokenizer.
2024-03-17 22:26:43,228:INFO: Using default tokenizer.
2024-03-17 22:26:43,256:INFO: Using default tokenizer.
2024-03-17 22:26:43,284:INFO: Using default tokenizer.
2024-03-17 22:26:44,434:INFO: Using default tokenizer.
2024-03-17 22:26:44,464:INFO: Using default tokenizer.
2024-03-17 22:26:44,492:INFO: Using default tokenizer.
2024-03-17 22:26:45,496:INFO: - Evaluation metrics: loss: 1.5816; rouge1: 0.4989; rouge2: 0.2581; rougeL: 0.4146
2024-03-17 22:26:47,480:INFO: Epoch 4/20
2024-03-17 22:30:52,707:INFO: - Train metrics: loss: 0.9148; lr:c: 9.24e-04
2024-03-17 22:30:53,579:INFO: Using default tokenizer.
2024-03-17 22:30:53,610:INFO: Using default tokenizer.
2024-03-17 22:30:53,638:INFO: Using default tokenizer.
2024-03-17 22:30:54,386:INFO: Using default tokenizer.
2024-03-17 22:30:54,413:INFO: Using default tokenizer.
2024-03-17 22:30:54,443:INFO: Using default tokenizer.
2024-03-17 22:30:55,197:INFO: Using default tokenizer.
2024-03-17 22:30:55,225:INFO: Using default tokenizer.
2024-03-17 22:30:55,256:INFO: Using default tokenizer.
2024-03-17 22:30:56,138:INFO: Using default tokenizer.
2024-03-17 22:30:56,166:INFO: Using default tokenizer.
2024-03-17 22:30:56,194:INFO: Using default tokenizer.
2024-03-17 22:30:56,955:INFO: Using default tokenizer.
2024-03-17 22:30:56,983:INFO: Using default tokenizer.
2024-03-17 22:30:57,011:INFO: Using default tokenizer.
2024-03-17 22:30:57,897:INFO: Using default tokenizer.
2024-03-17 22:30:57,925:INFO: Using default tokenizer.
2024-03-17 22:30:57,952:INFO: Using default tokenizer.
2024-03-17 22:30:58,749:INFO: Using default tokenizer.
2024-03-17 22:30:58,781:INFO: Using default tokenizer.
2024-03-17 22:30:58,809:INFO: Using default tokenizer.
2024-03-17 22:30:59,725:INFO: Using default tokenizer.
2024-03-17 22:30:59,752:INFO: Using default tokenizer.
2024-03-17 22:30:59,780:INFO: Using default tokenizer.
2024-03-17 22:31:00,819:INFO: Using default tokenizer.
2024-03-17 22:31:00,850:INFO: Using default tokenizer.
2024-03-17 22:31:00,878:INFO: Using default tokenizer.
2024-03-17 22:31:01,741:INFO: Using default tokenizer.
2024-03-17 22:31:01,769:INFO: Using default tokenizer.
2024-03-17 22:31:01,798:INFO: Using default tokenizer.
2024-03-17 22:31:02,632:INFO: Using default tokenizer.
2024-03-17 22:31:02,660:INFO: Using default tokenizer.
2024-03-17 22:31:02,688:INFO: Using default tokenizer.
2024-03-17 22:31:03,367:INFO: Using default tokenizer.
2024-03-17 22:31:03,395:INFO: Using default tokenizer.
2024-03-17 22:31:03,423:INFO: Using default tokenizer.
2024-03-17 22:31:04,313:INFO: Using default tokenizer.
2024-03-17 22:31:04,342:INFO: Using default tokenizer.
2024-03-17 22:31:04,370:INFO: Using default tokenizer.
2024-03-17 22:31:05,123:INFO: Using default tokenizer.
2024-03-17 22:31:05,151:INFO: Using default tokenizer.
2024-03-17 22:31:05,180:INFO: Using default tokenizer.
2024-03-17 22:31:06,050:INFO: Using default tokenizer.
2024-03-17 22:31:06,078:INFO: Using default tokenizer.
2024-03-17 22:31:06,106:INFO: Using default tokenizer.
2024-03-17 22:31:06,793:INFO: Using default tokenizer.
2024-03-17 22:31:06,821:INFO: Using default tokenizer.
2024-03-17 22:31:06,849:INFO: Using default tokenizer.
2024-03-17 22:31:07,591:INFO: Using default tokenizer.
2024-03-17 22:31:07,619:INFO: Using default tokenizer.
2024-03-17 22:31:07,647:INFO: Using default tokenizer.
2024-03-17 22:31:08,409:INFO: Using default tokenizer.
2024-03-17 22:31:08,438:INFO: Using default tokenizer.
2024-03-17 22:31:08,466:INFO: Using default tokenizer.
2024-03-17 22:31:09,144:INFO: Using default tokenizer.
2024-03-17 22:31:09,172:INFO: Using default tokenizer.
2024-03-17 22:31:09,200:INFO: Using default tokenizer.
2024-03-17 22:31:10,150:INFO: Using default tokenizer.
2024-03-17 22:31:10,178:INFO: Using default tokenizer.
2024-03-17 22:31:10,206:INFO: Using default tokenizer.
2024-03-17 22:31:11,069:INFO: Using default tokenizer.
2024-03-17 22:31:11,098:INFO: Using default tokenizer.
2024-03-17 22:31:11,126:INFO: Using default tokenizer.
2024-03-17 22:31:12,145:INFO: Using default tokenizer.
2024-03-17 22:31:12,173:INFO: Using default tokenizer.
2024-03-17 22:31:12,202:INFO: Using default tokenizer.
2024-03-17 22:31:13,127:INFO: Using default tokenizer.
2024-03-17 22:31:13,156:INFO: Using default tokenizer.
2024-03-17 22:31:13,183:INFO: Using default tokenizer.
2024-03-17 22:31:14,078:INFO: Using default tokenizer.
2024-03-17 22:31:14,106:INFO: Using default tokenizer.
2024-03-17 22:31:14,135:INFO: Using default tokenizer.
2024-03-17 22:31:14,863:INFO: Using default tokenizer.
2024-03-17 22:31:14,891:INFO: Using default tokenizer.
2024-03-17 22:31:14,919:INFO: Using default tokenizer.
2024-03-17 22:31:15,913:INFO: Using default tokenizer.
2024-03-17 22:31:15,942:INFO: Using default tokenizer.
2024-03-17 22:31:15,970:INFO: Using default tokenizer.
2024-03-17 22:31:16,262:INFO: - Evaluation metrics: loss: 1.6763; rouge1: 0.5016; rouge2: 0.2563; rougeL: 0.4168
2024-03-17 22:31:18,243:INFO: Epoch 5/20
2024-03-17 22:35:23,379:INFO: - Train metrics: loss: 0.7574; lr:c: 8.76e-04
2024-03-17 22:35:24,450:INFO: Using default tokenizer.
2024-03-17 22:35:24,580:INFO: Using default tokenizer.
2024-03-17 22:35:24,609:INFO: Using default tokenizer.
2024-03-17 22:35:25,457:INFO: Using default tokenizer.
2024-03-17 22:35:25,487:INFO: Using default tokenizer.
2024-03-17 22:35:25,616:INFO: Using default tokenizer.
2024-03-17 22:35:26,401:INFO: Using default tokenizer.
2024-03-17 22:35:26,430:INFO: Using default tokenizer.
2024-03-17 22:35:26,459:INFO: Using default tokenizer.
2024-03-17 22:35:27,366:INFO: Using default tokenizer.
2024-03-17 22:35:27,394:INFO: Using default tokenizer.
2024-03-17 22:35:27,422:INFO: Using default tokenizer.
2024-03-17 22:35:28,172:INFO: Using default tokenizer.
2024-03-17 22:35:28,200:INFO: Using default tokenizer.
2024-03-17 22:35:28,229:INFO: Using default tokenizer.
2024-03-17 22:35:29,406:INFO: Using default tokenizer.
2024-03-17 22:35:29,435:INFO: Using default tokenizer.
2024-03-17 22:35:29,462:INFO: Using default tokenizer.
2024-03-17 22:35:30,300:INFO: Using default tokenizer.
2024-03-17 22:35:30,328:INFO: Using default tokenizer.
2024-03-17 22:35:30,356:INFO: Using default tokenizer.
2024-03-17 22:35:31,310:INFO: Using default tokenizer.
2024-03-17 22:35:31,338:INFO: Using default tokenizer.
2024-03-17 22:35:31,366:INFO: Using default tokenizer.
2024-03-17 22:35:32,376:INFO: Using default tokenizer.
2024-03-17 22:35:32,405:INFO: Using default tokenizer.
2024-03-17 22:35:32,434:INFO: Using default tokenizer.
2024-03-17 22:35:33,254:INFO: Using default tokenizer.
2024-03-17 22:35:33,283:INFO: Using default tokenizer.
2024-03-17 22:35:33,311:INFO: Using default tokenizer.
2024-03-17 22:35:34,150:INFO: Using default tokenizer.
2024-03-17 22:35:34,179:INFO: Using default tokenizer.
2024-03-17 22:35:34,208:INFO: Using default tokenizer.
2024-03-17 22:35:35,164:INFO: Using default tokenizer.
2024-03-17 22:35:35,193:INFO: Using default tokenizer.
2024-03-17 22:35:35,221:INFO: Using default tokenizer.
2024-03-17 22:35:36,016:INFO: Using default tokenizer.
2024-03-17 22:35:36,045:INFO: Using default tokenizer.
2024-03-17 22:35:36,073:INFO: Using default tokenizer.
2024-03-17 22:35:36,896:INFO: Using default tokenizer.
2024-03-17 22:35:36,925:INFO: Using default tokenizer.
2024-03-17 22:35:36,953:INFO: Using default tokenizer.
2024-03-17 22:35:38,015:INFO: Using default tokenizer.
2024-03-17 22:35:38,045:INFO: Using default tokenizer.
2024-03-17 22:35:38,074:INFO: Using default tokenizer.
2024-03-17 22:35:38,858:INFO: Using default tokenizer.
2024-03-17 22:35:38,886:INFO: Using default tokenizer.
2024-03-17 22:35:38,914:INFO: Using default tokenizer.
2024-03-17 22:35:39,799:INFO: Using default tokenizer.
2024-03-17 22:35:39,827:INFO: Using default tokenizer.
2024-03-17 22:35:39,855:INFO: Using default tokenizer.
2024-03-17 22:35:40,695:INFO: Using default tokenizer.
2024-03-17 22:35:40,724:INFO: Using default tokenizer.
2024-03-17 22:35:40,752:INFO: Using default tokenizer.
2024-03-17 22:35:41,735:INFO: Using default tokenizer.
2024-03-17 22:35:41,763:INFO: Using default tokenizer.
2024-03-17 22:35:41,791:INFO: Using default tokenizer.
2024-03-17 22:35:43,017:INFO: Using default tokenizer.
2024-03-17 22:35:43,048:INFO: Using default tokenizer.
2024-03-17 22:35:43,078:INFO: Using default tokenizer.
2024-03-17 22:35:43,985:INFO: Using default tokenizer.
2024-03-17 22:35:44,014:INFO: Using default tokenizer.
2024-03-17 22:35:44,043:INFO: Using default tokenizer.
2024-03-17 22:35:44,849:INFO: Using default tokenizer.
2024-03-17 22:35:44,878:INFO: Using default tokenizer.
2024-03-17 22:35:44,906:INFO: Using default tokenizer.
2024-03-17 22:35:45,809:INFO: Using default tokenizer.
2024-03-17 22:35:45,838:INFO: Using default tokenizer.
2024-03-17 22:35:45,866:INFO: Using default tokenizer.
2024-03-17 22:35:47,085:INFO: Using default tokenizer.
2024-03-17 22:35:47,113:INFO: Using default tokenizer.
2024-03-17 22:35:47,142:INFO: Using default tokenizer.
2024-03-17 22:35:48,105:INFO: Using default tokenizer.
2024-03-17 22:35:48,134:INFO: Using default tokenizer.
2024-03-17 22:35:48,162:INFO: Using default tokenizer.
2024-03-17 22:35:48,928:INFO: Using default tokenizer.
2024-03-17 22:35:48,957:INFO: Using default tokenizer.
2024-03-17 22:35:48,986:INFO: Using default tokenizer.
2024-03-17 22:35:50,204:INFO: - Evaluation metrics: loss: 1.7387; rouge1: 0.5049; rouge2: 0.2578; rougeL: 0.4160
2024-03-17 22:35:52,179:INFO: Epoch 6/20
2024-03-17 22:39:57,476:INFO: - Train metrics: loss: 0.6256; lr:c: 8.18e-04
2024-03-17 22:39:58,286:INFO: Using default tokenizer.
2024-03-17 22:39:58,317:INFO: Using default tokenizer.
2024-03-17 22:39:58,345:INFO: Using default tokenizer.
2024-03-17 22:39:59,317:INFO: Using default tokenizer.
2024-03-17 22:39:59,345:INFO: Using default tokenizer.
2024-03-17 22:39:59,374:INFO: Using default tokenizer.
2024-03-17 22:40:00,211:INFO: Using default tokenizer.
2024-03-17 22:40:00,239:INFO: Using default tokenizer.
2024-03-17 22:40:00,267:INFO: Using default tokenizer.
2024-03-17 22:40:01,114:INFO: Using default tokenizer.
2024-03-17 22:40:01,142:INFO: Using default tokenizer.
2024-03-17 22:40:01,170:INFO: Using default tokenizer.
2024-03-17 22:40:01,937:INFO: Using default tokenizer.
2024-03-17 22:40:01,965:INFO: Using default tokenizer.
2024-03-17 22:40:01,993:INFO: Using default tokenizer.
2024-03-17 22:40:03,094:INFO: Using default tokenizer.
2024-03-17 22:40:03,122:INFO: Using default tokenizer.
2024-03-17 22:40:03,150:INFO: Using default tokenizer.
2024-03-17 22:40:03,937:INFO: Using default tokenizer.
2024-03-17 22:40:03,965:INFO: Using default tokenizer.
2024-03-17 22:40:03,992:INFO: Using default tokenizer.
2024-03-17 22:40:04,793:INFO: Using default tokenizer.
2024-03-17 22:40:04,820:INFO: Using default tokenizer.
2024-03-17 22:40:04,848:INFO: Using default tokenizer.
2024-03-17 22:40:05,745:INFO: Using default tokenizer.
2024-03-17 22:40:05,773:INFO: Using default tokenizer.
2024-03-17 22:40:05,802:INFO: Using default tokenizer.
2024-03-17 22:40:06,571:INFO: Using default tokenizer.
2024-03-17 22:40:06,599:INFO: Using default tokenizer.
2024-03-17 22:40:06,627:INFO: Using default tokenizer.
2024-03-17 22:40:07,518:INFO: Using default tokenizer.
2024-03-17 22:40:07,547:INFO: Using default tokenizer.
2024-03-17 22:40:07,575:INFO: Using default tokenizer.
2024-03-17 22:40:08,295:INFO: Using default tokenizer.
2024-03-17 22:40:08,324:INFO: Using default tokenizer.
2024-03-17 22:40:08,352:INFO: Using default tokenizer.
2024-03-17 22:40:09,211:INFO: Using default tokenizer.
2024-03-17 22:40:09,240:INFO: Using default tokenizer.
2024-03-17 22:40:09,268:INFO: Using default tokenizer.
2024-03-17 22:40:09,990:INFO: Using default tokenizer.
2024-03-17 22:40:10,019:INFO: Using default tokenizer.
2024-03-17 22:40:10,047:INFO: Using default tokenizer.
2024-03-17 22:40:10,875:INFO: Using default tokenizer.
2024-03-17 22:40:10,903:INFO: Using default tokenizer.
2024-03-17 22:40:10,931:INFO: Using default tokenizer.
2024-03-17 22:40:11,694:INFO: Using default tokenizer.
2024-03-17 22:40:11,722:INFO: Using default tokenizer.
2024-03-17 22:40:11,750:INFO: Using default tokenizer.
2024-03-17 22:40:12,619:INFO: Using default tokenizer.
2024-03-17 22:40:12,647:INFO: Using default tokenizer.
2024-03-17 22:40:12,675:INFO: Using default tokenizer.
2024-03-17 22:40:13,482:INFO: Using default tokenizer.
2024-03-17 22:40:13,511:INFO: Using default tokenizer.
2024-03-17 22:40:13,540:INFO: Using default tokenizer.
2024-03-17 22:40:14,293:INFO: Using default tokenizer.
2024-03-17 22:40:14,320:INFO: Using default tokenizer.
2024-03-17 22:40:14,348:INFO: Using default tokenizer.
2024-03-17 22:40:15,159:INFO: Using default tokenizer.
2024-03-17 22:40:15,187:INFO: Using default tokenizer.
2024-03-17 22:40:15,215:INFO: Using default tokenizer.
2024-03-17 22:40:16,248:INFO: Using default tokenizer.
2024-03-17 22:40:16,276:INFO: Using default tokenizer.
2024-03-17 22:40:16,305:INFO: Using default tokenizer.
2024-03-17 22:40:17,126:INFO: Using default tokenizer.
2024-03-17 22:40:17,155:INFO: Using default tokenizer.
2024-03-17 22:40:17,183:INFO: Using default tokenizer.
2024-03-17 22:40:18,044:INFO: Using default tokenizer.
2024-03-17 22:40:18,073:INFO: Using default tokenizer.
2024-03-17 22:40:18,101:INFO: Using default tokenizer.
2024-03-17 22:40:18,910:INFO: Using default tokenizer.
2024-03-17 22:40:18,938:INFO: Using default tokenizer.
2024-03-17 22:40:18,966:INFO: Using default tokenizer.
2024-03-17 22:40:19,734:INFO: Using default tokenizer.
2024-03-17 22:40:19,763:INFO: Using default tokenizer.
2024-03-17 22:40:19,791:INFO: Using default tokenizer.
2024-03-17 22:40:20,939:INFO: Using default tokenizer.
2024-03-17 22:40:20,968:INFO: Using default tokenizer.
2024-03-17 22:40:20,997:INFO: Using default tokenizer.
2024-03-17 22:40:24,248:INFO: - Evaluation metrics: loss: 1.8652; rouge1: 0.5050; rouge2: 0.2560; rougeL: 0.4138
2024-03-17 22:40:26,205:INFO: Epoch 7/20
2024-03-17 22:44:31,377:INFO: - Train metrics: loss: 0.5141; lr:c: 7.51e-04
2024-03-17 22:44:32,228:INFO: Using default tokenizer.
2024-03-17 22:44:32,257:INFO: Using default tokenizer.
2024-03-17 22:44:32,285:INFO: Using default tokenizer.
2024-03-17 22:44:33,218:INFO: Using default tokenizer.
2024-03-17 22:44:33,246:INFO: Using default tokenizer.
2024-03-17 22:44:33,274:INFO: Using default tokenizer.
2024-03-17 22:44:34,143:INFO: Using default tokenizer.
2024-03-17 22:44:34,172:INFO: Using default tokenizer.
2024-03-17 22:44:34,200:INFO: Using default tokenizer.
2024-03-17 22:44:34,962:INFO: Using default tokenizer.
2024-03-17 22:44:34,991:INFO: Using default tokenizer.
2024-03-17 22:44:35,020:INFO: Using default tokenizer.
2024-03-17 22:44:36,046:INFO: Using default tokenizer.
2024-03-17 22:44:36,075:INFO: Using default tokenizer.
2024-03-17 22:44:36,108:INFO: Using default tokenizer.
2024-03-17 22:44:37,505:INFO: Using default tokenizer.
2024-03-17 22:44:37,534:INFO: Using default tokenizer.
2024-03-17 22:44:37,562:INFO: Using default tokenizer.
2024-03-17 22:44:38,543:INFO: Using default tokenizer.
2024-03-17 22:44:38,571:INFO: Using default tokenizer.
2024-03-17 22:44:38,599:INFO: Using default tokenizer.
2024-03-17 22:44:39,461:INFO: Using default tokenizer.
2024-03-17 22:44:39,490:INFO: Using default tokenizer.
2024-03-17 22:44:39,517:INFO: Using default tokenizer.
2024-03-17 22:44:40,722:INFO: Using default tokenizer.
2024-03-17 22:44:40,752:INFO: Using default tokenizer.
2024-03-17 22:44:40,781:INFO: Using default tokenizer.
2024-03-17 22:44:41,643:INFO: Using default tokenizer.
2024-03-17 22:44:41,672:INFO: Using default tokenizer.
2024-03-17 22:44:41,700:INFO: Using default tokenizer.
2024-03-17 22:44:42,627:INFO: Using default tokenizer.
2024-03-17 22:44:42,656:INFO: Using default tokenizer.
2024-03-17 22:44:42,685:INFO: Using default tokenizer.
2024-03-17 22:44:43,716:INFO: Using default tokenizer.
2024-03-17 22:44:43,745:INFO: Using default tokenizer.
2024-03-17 22:44:43,774:INFO: Using default tokenizer.
2024-03-17 22:44:44,912:INFO: Using default tokenizer.
2024-03-17 22:44:44,941:INFO: Using default tokenizer.
2024-03-17 22:44:44,970:INFO: Using default tokenizer.
2024-03-17 22:44:45,906:INFO: Using default tokenizer.
2024-03-17 22:44:45,935:INFO: Using default tokenizer.
2024-03-17 22:44:45,964:INFO: Using default tokenizer.
2024-03-17 22:44:46,976:INFO: Using default tokenizer.
2024-03-17 22:44:47,005:INFO: Using default tokenizer.
2024-03-17 22:44:47,034:INFO: Using default tokenizer.
2024-03-17 22:44:47,719:INFO: Using default tokenizer.
2024-03-17 22:44:47,747:INFO: Using default tokenizer.
2024-03-17 22:44:47,775:INFO: Using default tokenizer.
2024-03-17 22:44:48,614:INFO: Using default tokenizer.
2024-03-17 22:44:48,642:INFO: Using default tokenizer.
2024-03-17 22:44:48,670:INFO: Using default tokenizer.
2024-03-17 22:44:49,674:INFO: Using default tokenizer.
2024-03-17 22:44:49,705:INFO: Using default tokenizer.
2024-03-17 22:44:49,735:INFO: Using default tokenizer.
2024-03-17 22:44:50,521:INFO: Using default tokenizer.
2024-03-17 22:44:50,550:INFO: Using default tokenizer.
2024-03-17 22:44:50,579:INFO: Using default tokenizer.
2024-03-17 22:44:51,460:INFO: Using default tokenizer.
2024-03-17 22:44:51,489:INFO: Using default tokenizer.
2024-03-17 22:44:51,519:INFO: Using default tokenizer.
2024-03-17 22:44:52,584:INFO: Using default tokenizer.
2024-03-17 22:44:52,613:INFO: Using default tokenizer.
2024-03-17 22:44:52,642:INFO: Using default tokenizer.
2024-03-17 22:44:53,554:INFO: Using default tokenizer.
2024-03-17 22:44:53,583:INFO: Using default tokenizer.
2024-03-17 22:44:53,612:INFO: Using default tokenizer.
2024-03-17 22:44:54,601:INFO: Using default tokenizer.
2024-03-17 22:44:54,629:INFO: Using default tokenizer.
2024-03-17 22:44:54,658:INFO: Using default tokenizer.
2024-03-17 22:44:55,632:INFO: Using default tokenizer.
2024-03-17 22:44:55,661:INFO: Using default tokenizer.
2024-03-17 22:44:55,690:INFO: Using default tokenizer.
2024-03-17 22:44:56,549:INFO: Using default tokenizer.
2024-03-17 22:44:56,577:INFO: Using default tokenizer.
2024-03-17 22:44:56,604:INFO: Using default tokenizer.
2024-03-17 22:44:57,854:INFO: Using default tokenizer.
2024-03-17 22:44:57,883:INFO: Using default tokenizer.
2024-03-17 22:44:57,912:INFO: Using default tokenizer.
2024-03-17 22:45:00,127:INFO: - Evaluation metrics: loss: 2.0354; rouge1: 0.4945; rouge2: 0.2471; rougeL: 0.4021
2024-03-17 22:45:02,091:INFO: Epoch 8/20
2024-03-17 22:49:07,241:INFO: - Train metrics: loss: 0.4215; lr:c: 6.79e-04
2024-03-17 22:49:08,272:INFO: Using default tokenizer.
2024-03-17 22:49:08,301:INFO: Using default tokenizer.
2024-03-17 22:49:08,329:INFO: Using default tokenizer.
2024-03-17 22:49:09,251:INFO: Using default tokenizer.
2024-03-17 22:49:09,280:INFO: Using default tokenizer.
2024-03-17 22:49:09,307:INFO: Using default tokenizer.
2024-03-17 22:49:10,254:INFO: Using default tokenizer.
2024-03-17 22:49:10,282:INFO: Using default tokenizer.
2024-03-17 22:49:10,311:INFO: Using default tokenizer.
2024-03-17 22:49:11,175:INFO: Using default tokenizer.
2024-03-17 22:49:11,203:INFO: Using default tokenizer.
2024-03-17 22:49:11,231:INFO: Using default tokenizer.
2024-03-17 22:49:12,089:INFO: Using default tokenizer.
2024-03-17 22:49:12,121:INFO: Using default tokenizer.
2024-03-17 22:49:12,150:INFO: Using default tokenizer.
2024-03-17 22:49:13,175:INFO: Using default tokenizer.
2024-03-17 22:49:13,203:INFO: Using default tokenizer.
2024-03-17 22:49:13,232:INFO: Using default tokenizer.
2024-03-17 22:49:13,971:INFO: Using default tokenizer.
2024-03-17 22:49:13,999:INFO: Using default tokenizer.
2024-03-17 22:49:14,026:INFO: Using default tokenizer.
2024-03-17 22:49:14,840:INFO: Using default tokenizer.
2024-03-17 22:49:14,868:INFO: Using default tokenizer.
2024-03-17 22:49:14,895:INFO: Using default tokenizer.
2024-03-17 22:49:16,215:INFO: Using default tokenizer.
2024-03-17 22:49:16,244:INFO: Using default tokenizer.
2024-03-17 22:49:16,273:INFO: Using default tokenizer.
2024-03-17 22:49:17,093:INFO: Using default tokenizer.
2024-03-17 22:49:17,121:INFO: Using default tokenizer.
2024-03-17 22:49:17,150:INFO: Using default tokenizer.
2024-03-17 22:49:18,077:INFO: Using default tokenizer.
2024-03-17 22:49:18,106:INFO: Using default tokenizer.
2024-03-17 22:49:18,135:INFO: Using default tokenizer.
2024-03-17 22:49:18,948:INFO: Using default tokenizer.
2024-03-17 22:49:18,976:INFO: Using default tokenizer.
2024-03-17 22:49:19,004:INFO: Using default tokenizer.
2024-03-17 22:49:19,974:INFO: Using default tokenizer.
2024-03-17 22:49:20,002:INFO: Using default tokenizer.
2024-03-17 22:49:20,030:INFO: Using default tokenizer.
2024-03-17 22:49:20,839:INFO: Using default tokenizer.
2024-03-17 22:49:20,868:INFO: Using default tokenizer.
2024-03-17 22:49:20,896:INFO: Using default tokenizer.
2024-03-17 22:49:21,900:INFO: Using default tokenizer.
2024-03-17 22:49:21,929:INFO: Using default tokenizer.
2024-03-17 22:49:21,957:INFO: Using default tokenizer.
2024-03-17 22:49:22,785:INFO: Using default tokenizer.
2024-03-17 22:49:22,814:INFO: Using default tokenizer.
2024-03-17 22:49:22,842:INFO: Using default tokenizer.
2024-03-17 22:49:23,574:INFO: Using default tokenizer.
2024-03-17 22:49:23,602:INFO: Using default tokenizer.
2024-03-17 22:49:23,630:INFO: Using default tokenizer.
2024-03-17 22:49:24,546:INFO: Using default tokenizer.
2024-03-17 22:49:24,575:INFO: Using default tokenizer.
2024-03-17 22:49:24,605:INFO: Using default tokenizer.
2024-03-17 22:49:25,413:INFO: Using default tokenizer.
2024-03-17 22:49:25,441:INFO: Using default tokenizer.
2024-03-17 22:49:25,469:INFO: Using default tokenizer.
2024-03-17 22:49:26,476:INFO: Using default tokenizer.
2024-03-17 22:49:26,505:INFO: Using default tokenizer.
2024-03-17 22:49:26,534:INFO: Using default tokenizer.
2024-03-17 22:49:27,598:INFO: Using default tokenizer.
2024-03-17 22:49:27,627:INFO: Using default tokenizer.
2024-03-17 22:49:27,656:INFO: Using default tokenizer.
2024-03-17 22:49:28,510:INFO: Using default tokenizer.
2024-03-17 22:49:28,539:INFO: Using default tokenizer.
2024-03-17 22:49:28,567:INFO: Using default tokenizer.
2024-03-17 22:49:29,290:INFO: Using default tokenizer.
2024-03-17 22:49:29,319:INFO: Using default tokenizer.
2024-03-17 22:49:29,346:INFO: Using default tokenizer.
2024-03-17 22:49:30,375:INFO: Using default tokenizer.
2024-03-17 22:49:30,404:INFO: Using default tokenizer.
2024-03-17 22:49:30,433:INFO: Using default tokenizer.
2024-03-17 22:49:31,213:INFO: Using default tokenizer.
2024-03-17 22:49:31,241:INFO: Using default tokenizer.
2024-03-17 22:49:31,269:INFO: Using default tokenizer.
2024-03-17 22:49:32,207:INFO: Using default tokenizer.
2024-03-17 22:49:32,236:INFO: Using default tokenizer.
2024-03-17 22:49:32,265:INFO: Using default tokenizer.
2024-03-17 22:49:32,708:INFO: - Evaluation metrics: loss: 2.1282; rouge1: 0.4982; rouge2: 0.2463; rougeL: 0.4082
2024-03-17 22:49:34,672:INFO: Epoch 9/20
2024-03-17 22:53:39,829:INFO: - Train metrics: loss: 0.3423; lr:c: 6.01e-04
2024-03-17 22:53:40,815:INFO: Using default tokenizer.
2024-03-17 22:53:40,843:INFO: Using default tokenizer.
2024-03-17 22:53:40,871:INFO: Using default tokenizer.
2024-03-17 22:53:41,972:INFO: Using default tokenizer.
2024-03-17 22:53:42,000:INFO: Using default tokenizer.
2024-03-17 22:53:42,028:INFO: Using default tokenizer.
2024-03-17 22:53:43,105:INFO: Using default tokenizer.
2024-03-17 22:53:43,134:INFO: Using default tokenizer.
2024-03-17 22:53:43,163:INFO: Using default tokenizer.
2024-03-17 22:53:44,099:INFO: Using default tokenizer.
2024-03-17 22:53:44,127:INFO: Using default tokenizer.
2024-03-17 22:53:44,155:INFO: Using default tokenizer.
2024-03-17 22:53:44,904:INFO: Using default tokenizer.
2024-03-17 22:53:44,933:INFO: Using default tokenizer.
2024-03-17 22:53:44,962:INFO: Using default tokenizer.
2024-03-17 22:53:46,252:INFO: Using default tokenizer.
2024-03-17 22:53:46,281:INFO: Using default tokenizer.
2024-03-17 22:53:46,309:INFO: Using default tokenizer.
2024-03-17 22:53:47,172:INFO: Using default tokenizer.
2024-03-17 22:53:47,199:INFO: Using default tokenizer.
2024-03-17 22:53:47,227:INFO: Using default tokenizer.
2024-03-17 22:53:48,124:INFO: Using default tokenizer.
2024-03-17 22:53:48,152:INFO: Using default tokenizer.
2024-03-17 22:53:48,181:INFO: Using default tokenizer.
2024-03-17 22:53:48,971:INFO: Using default tokenizer.
2024-03-17 22:53:48,999:INFO: Using default tokenizer.
2024-03-17 22:53:49,028:INFO: Using default tokenizer.
2024-03-17 22:53:49,935:INFO: Using default tokenizer.
2024-03-17 22:53:49,964:INFO: Using default tokenizer.
2024-03-17 22:53:49,993:INFO: Using default tokenizer.
2024-03-17 22:53:50,886:INFO: Using default tokenizer.
2024-03-17 22:53:50,915:INFO: Using default tokenizer.
2024-03-17 22:53:50,944:INFO: Using default tokenizer.
2024-03-17 22:53:51,928:INFO: Using default tokenizer.
2024-03-17 22:53:51,957:INFO: Using default tokenizer.
2024-03-17 22:53:51,986:INFO: Using default tokenizer.
2024-03-17 22:53:53,115:INFO: Using default tokenizer.
2024-03-17 22:53:53,144:INFO: Using default tokenizer.
2024-03-17 22:53:53,173:INFO: Using default tokenizer.
2024-03-17 22:53:54,135:INFO: Using default tokenizer.
2024-03-17 22:53:54,164:INFO: Using default tokenizer.
2024-03-17 22:53:54,193:INFO: Using default tokenizer.
2024-03-17 22:53:55,241:INFO: Using default tokenizer.
2024-03-17 22:53:55,270:INFO: Using default tokenizer.
2024-03-17 22:53:55,299:INFO: Using default tokenizer.
2024-03-17 22:53:56,226:INFO: Using default tokenizer.
2024-03-17 22:53:56,254:INFO: Using default tokenizer.
2024-03-17 22:53:56,283:INFO: Using default tokenizer.
2024-03-17 22:53:57,155:INFO: Using default tokenizer.
2024-03-17 22:53:57,184:INFO: Using default tokenizer.
2024-03-17 22:53:57,212:INFO: Using default tokenizer.
2024-03-17 22:53:58,214:INFO: Using default tokenizer.
2024-03-17 22:53:58,243:INFO: Using default tokenizer.
2024-03-17 22:53:58,272:INFO: Using default tokenizer.
2024-03-17 22:53:59,094:INFO: Using default tokenizer.
2024-03-17 22:53:59,123:INFO: Using default tokenizer.
2024-03-17 22:53:59,152:INFO: Using default tokenizer.
2024-03-17 22:54:00,117:INFO: Using default tokenizer.
2024-03-17 22:54:00,145:INFO: Using default tokenizer.
2024-03-17 22:54:00,174:INFO: Using default tokenizer.
2024-03-17 22:54:01,199:INFO: Using default tokenizer.
2024-03-17 22:54:01,228:INFO: Using default tokenizer.
2024-03-17 22:54:01,256:INFO: Using default tokenizer.
2024-03-17 22:54:02,119:INFO: Using default tokenizer.
2024-03-17 22:54:02,148:INFO: Using default tokenizer.
2024-03-17 22:54:02,177:INFO: Using default tokenizer.
2024-03-17 22:54:02,985:INFO: Using default tokenizer.
2024-03-17 22:54:03,013:INFO: Using default tokenizer.
2024-03-17 22:54:03,142:INFO: Using default tokenizer.
2024-03-17 22:54:03,991:INFO: Using default tokenizer.
2024-03-17 22:54:04,019:INFO: Using default tokenizer.
2024-03-17 22:54:04,047:INFO: Using default tokenizer.
2024-03-17 22:54:04,818:INFO: Using default tokenizer.
2024-03-17 22:54:04,846:INFO: Using default tokenizer.
2024-03-17 22:54:04,874:INFO: Using default tokenizer.
2024-03-17 22:54:05,745:INFO: Using default tokenizer.
2024-03-17 22:54:05,775:INFO: Using default tokenizer.
2024-03-17 22:54:05,804:INFO: Using default tokenizer.
2024-03-17 22:54:06,079:INFO: - Evaluation metrics: loss: 2.3173; rouge1: 0.5005; rouge2: 0.2511; rougeL: 0.4093
2024-03-17 22:54:08,047:INFO: Epoch 10/20
2024-03-17 22:58:13,242:INFO: - Train metrics: loss: 0.2779; lr:c: 5.21e-04
2024-03-17 22:58:14,167:INFO: Using default tokenizer.
2024-03-17 22:58:14,195:INFO: Using default tokenizer.
2024-03-17 22:58:14,223:INFO: Using default tokenizer.
2024-03-17 22:58:15,153:INFO: Using default tokenizer.
2024-03-17 22:58:15,181:INFO: Using default tokenizer.
2024-03-17 22:58:15,209:INFO: Using default tokenizer.
2024-03-17 22:58:16,355:INFO: Using default tokenizer.
2024-03-17 22:58:16,384:INFO: Using default tokenizer.
2024-03-17 22:58:16,413:INFO: Using default tokenizer.
2024-03-17 22:58:17,394:INFO: Using default tokenizer.
2024-03-17 22:58:17,423:INFO: Using default tokenizer.
2024-03-17 22:58:17,455:INFO: Using default tokenizer.
2024-03-17 22:58:18,312:INFO: Using default tokenizer.
2024-03-17 22:58:18,341:INFO: Using default tokenizer.
2024-03-17 22:58:18,369:INFO: Using default tokenizer.
2024-03-17 22:58:19,420:INFO: Using default tokenizer.
2024-03-17 22:58:19,449:INFO: Using default tokenizer.
2024-03-17 22:58:19,477:INFO: Using default tokenizer.
2024-03-17 22:58:20,427:INFO: Using default tokenizer.
2024-03-17 22:58:20,457:INFO: Using default tokenizer.
2024-03-17 22:58:20,485:INFO: Using default tokenizer.
2024-03-17 22:58:21,402:INFO: Using default tokenizer.
2024-03-17 22:58:21,431:INFO: Using default tokenizer.
2024-03-17 22:58:21,459:INFO: Using default tokenizer.
2024-03-17 22:58:22,398:INFO: Using default tokenizer.
2024-03-17 22:58:22,428:INFO: Using default tokenizer.
2024-03-17 22:58:22,458:INFO: Using default tokenizer.
2024-03-17 22:58:23,267:INFO: Using default tokenizer.
2024-03-17 22:58:23,297:INFO: Using default tokenizer.
2024-03-17 22:58:23,325:INFO: Using default tokenizer.
2024-03-17 22:58:24,352:INFO: Using default tokenizer.
2024-03-17 22:58:24,381:INFO: Using default tokenizer.
2024-03-17 22:58:24,410:INFO: Using default tokenizer.
2024-03-17 22:58:25,475:INFO: Using default tokenizer.
2024-03-17 22:58:25,504:INFO: Using default tokenizer.
2024-03-17 22:58:25,533:INFO: Using default tokenizer.
2024-03-17 22:58:26,546:INFO: Using default tokenizer.
2024-03-17 22:58:26,577:INFO: Using default tokenizer.
2024-03-17 22:58:26,606:INFO: Using default tokenizer.
2024-03-17 22:58:27,427:INFO: Using default tokenizer.
2024-03-17 22:58:27,455:INFO: Using default tokenizer.
2024-03-17 22:58:27,484:INFO: Using default tokenizer.
2024-03-17 22:58:28,279:INFO: Using default tokenizer.
2024-03-17 22:58:28,307:INFO: Using default tokenizer.
2024-03-17 22:58:28,336:INFO: Using default tokenizer.
2024-03-17 22:58:29,168:INFO: Using default tokenizer.
2024-03-17 22:58:29,198:INFO: Using default tokenizer.
2024-03-17 22:58:29,227:INFO: Using default tokenizer.
2024-03-17 22:58:30,061:INFO: Using default tokenizer.
2024-03-17 22:58:30,089:INFO: Using default tokenizer.
2024-03-17 22:58:30,118:INFO: Using default tokenizer.
2024-03-17 22:58:31,325:INFO: Using default tokenizer.
2024-03-17 22:58:31,355:INFO: Using default tokenizer.
2024-03-17 22:58:31,385:INFO: Using default tokenizer.
2024-03-17 22:58:32,160:INFO: Using default tokenizer.
2024-03-17 22:58:32,188:INFO: Using default tokenizer.
2024-03-17 22:58:32,215:INFO: Using default tokenizer.
2024-03-17 22:58:33,116:INFO: Using default tokenizer.
2024-03-17 22:58:33,145:INFO: Using default tokenizer.
2024-03-17 22:58:33,174:INFO: Using default tokenizer.
2024-03-17 22:58:34,187:INFO: Using default tokenizer.
2024-03-17 22:58:34,215:INFO: Using default tokenizer.
2024-03-17 22:58:34,244:INFO: Using default tokenizer.
2024-03-17 22:58:35,168:INFO: Using default tokenizer.
2024-03-17 22:58:35,197:INFO: Using default tokenizer.
2024-03-17 22:58:35,225:INFO: Using default tokenizer.
2024-03-17 22:58:36,161:INFO: Using default tokenizer.
2024-03-17 22:58:36,190:INFO: Using default tokenizer.
2024-03-17 22:58:36,218:INFO: Using default tokenizer.
2024-03-17 22:58:37,310:INFO: Using default tokenizer.
2024-03-17 22:58:37,339:INFO: Using default tokenizer.
2024-03-17 22:58:37,367:INFO: Using default tokenizer.
2024-03-17 22:58:38,249:INFO: Using default tokenizer.
2024-03-17 22:58:38,277:INFO: Using default tokenizer.
2024-03-17 22:58:38,306:INFO: Using default tokenizer.
2024-03-17 22:58:39,215:INFO: Using default tokenizer.
2024-03-17 22:58:39,245:INFO: Using default tokenizer.
2024-03-17 22:58:39,274:INFO: Using default tokenizer.
2024-03-17 22:58:39,301:INFO: - Evaluation metrics: loss: 2.4495; rouge1: 0.4991; rouge2: 0.2470; rougeL: 0.4081
2024-03-17 22:58:41,262:INFO: Epoch 11/20
2024-03-17 23:02:46,427:INFO: - Train metrics: loss: 0.2203; lr:c: 4.40e-04
2024-03-17 23:02:47,179:INFO: Using default tokenizer.
2024-03-17 23:02:47,208:INFO: Using default tokenizer.
2024-03-17 23:02:47,235:INFO: Using default tokenizer.
2024-03-17 23:02:48,101:INFO: Using default tokenizer.
2024-03-17 23:02:48,128:INFO: Using default tokenizer.
2024-03-17 23:02:48,156:INFO: Using default tokenizer.
2024-03-17 23:02:49,371:INFO: Using default tokenizer.
2024-03-17 23:02:49,400:INFO: Using default tokenizer.
2024-03-17 23:02:49,431:INFO: Using default tokenizer.
2024-03-17 23:02:50,265:INFO: Using default tokenizer.
2024-03-17 23:02:50,293:INFO: Using default tokenizer.
2024-03-17 23:02:50,320:INFO: Using default tokenizer.
2024-03-17 23:02:51,163:INFO: Using default tokenizer.
2024-03-17 23:02:51,192:INFO: Using default tokenizer.
2024-03-17 23:02:51,220:INFO: Using default tokenizer.
2024-03-17 23:02:52,474:INFO: Using default tokenizer.
2024-03-17 23:02:52,503:INFO: Using default tokenizer.
2024-03-17 23:02:52,531:INFO: Using default tokenizer.
2024-03-17 23:02:53,461:INFO: Using default tokenizer.
2024-03-17 23:02:53,489:INFO: Using default tokenizer.
2024-03-17 23:02:53,518:INFO: Using default tokenizer.
2024-03-17 23:02:54,261:INFO: Using default tokenizer.
2024-03-17 23:02:54,289:INFO: Using default tokenizer.
2024-03-17 23:02:54,316:INFO: Using default tokenizer.
2024-03-17 23:02:55,138:INFO: Using default tokenizer.
2024-03-17 23:02:55,167:INFO: Using default tokenizer.
2024-03-17 23:02:55,196:INFO: Using default tokenizer.
2024-03-17 23:02:56,080:INFO: Using default tokenizer.
2024-03-17 23:02:56,109:INFO: Using default tokenizer.
2024-03-17 23:02:56,137:INFO: Using default tokenizer.
2024-03-17 23:02:57,063:INFO: Using default tokenizer.
2024-03-17 23:02:57,091:INFO: Using default tokenizer.
2024-03-17 23:02:57,120:INFO: Using default tokenizer.
2024-03-17 23:02:58,234:INFO: Using default tokenizer.
2024-03-17 23:02:58,264:INFO: Using default tokenizer.
2024-03-17 23:02:58,292:INFO: Using default tokenizer.
2024-03-17 23:02:59,460:INFO: Using default tokenizer.
2024-03-17 23:02:59,489:INFO: Using default tokenizer.
2024-03-17 23:02:59,519:INFO: Using default tokenizer.
2024-03-17 23:03:00,686:INFO: Using default tokenizer.
2024-03-17 23:03:00,715:INFO: Using default tokenizer.
2024-03-17 23:03:00,752:INFO: Using default tokenizer.
2024-03-17 23:03:01,775:INFO: Using default tokenizer.
2024-03-17 23:03:01,805:INFO: Using default tokenizer.
2024-03-17 23:03:01,833:INFO: Using default tokenizer.
2024-03-17 23:03:02,668:INFO: Using default tokenizer.
2024-03-17 23:03:02,698:INFO: Using default tokenizer.
2024-03-17 23:03:02,732:INFO: Using default tokenizer.
2024-03-17 23:03:03,589:INFO: Using default tokenizer.
2024-03-17 23:03:03,619:INFO: Using default tokenizer.
2024-03-17 23:03:03,649:INFO: Using default tokenizer.
2024-03-17 23:03:04,633:INFO: Using default tokenizer.
2024-03-17 23:03:04,662:INFO: Using default tokenizer.
2024-03-17 23:03:04,691:INFO: Using default tokenizer.
2024-03-17 23:03:05,489:INFO: Using default tokenizer.
2024-03-17 23:03:05,517:INFO: Using default tokenizer.
2024-03-17 23:03:05,545:INFO: Using default tokenizer.
2024-03-17 23:03:06,510:INFO: Using default tokenizer.
2024-03-17 23:03:06,539:INFO: Using default tokenizer.
2024-03-17 23:03:06,568:INFO: Using default tokenizer.
2024-03-17 23:03:07,630:INFO: Using default tokenizer.
2024-03-17 23:03:07,659:INFO: Using default tokenizer.
2024-03-17 23:03:07,688:INFO: Using default tokenizer.
2024-03-17 23:03:08,402:INFO: Using default tokenizer.
2024-03-17 23:03:08,430:INFO: Using default tokenizer.
2024-03-17 23:03:08,459:INFO: Using default tokenizer.
2024-03-17 23:03:09,291:INFO: Using default tokenizer.
2024-03-17 23:03:09,319:INFO: Using default tokenizer.
2024-03-17 23:03:09,348:INFO: Using default tokenizer.
2024-03-17 23:03:10,422:INFO: Using default tokenizer.
2024-03-17 23:03:10,452:INFO: Using default tokenizer.
2024-03-17 23:03:10,480:INFO: Using default tokenizer.
2024-03-17 23:03:11,358:INFO: Using default tokenizer.
2024-03-17 23:03:11,388:INFO: Using default tokenizer.
2024-03-17 23:03:11,423:INFO: Using default tokenizer.
2024-03-17 23:03:12,424:INFO: Using default tokenizer.
2024-03-17 23:03:12,454:INFO: Using default tokenizer.
2024-03-17 23:03:12,485:INFO: Using default tokenizer.
2024-03-17 23:03:12,513:INFO: - Evaluation metrics: loss: 2.5546; rouge1: 0.5011; rouge2: 0.2467; rougeL: 0.4108
2024-03-17 23:03:14,470:INFO: Epoch 12/20
2024-03-17 23:07:19,594:INFO: - Train metrics: loss: 0.1770; lr:c: 3.61e-04
2024-03-17 23:07:20,461:INFO: Using default tokenizer.
2024-03-17 23:07:20,489:INFO: Using default tokenizer.
2024-03-17 23:07:20,517:INFO: Using default tokenizer.
2024-03-17 23:07:21,441:INFO: Using default tokenizer.
2024-03-17 23:07:21,469:INFO: Using default tokenizer.
2024-03-17 23:07:21,497:INFO: Using default tokenizer.
2024-03-17 23:07:22,483:INFO: Using default tokenizer.
2024-03-17 23:07:22,511:INFO: Using default tokenizer.
2024-03-17 23:07:22,539:INFO: Using default tokenizer.
2024-03-17 23:07:23,578:INFO: Using default tokenizer.
2024-03-17 23:07:23,606:INFO: Using default tokenizer.
2024-03-17 23:07:23,634:INFO: Using default tokenizer.
2024-03-17 23:07:24,482:INFO: Using default tokenizer.
2024-03-17 23:07:24,511:INFO: Using default tokenizer.
2024-03-17 23:07:24,540:INFO: Using default tokenizer.
2024-03-17 23:07:25,496:INFO: Using default tokenizer.
2024-03-17 23:07:25,524:INFO: Using default tokenizer.
2024-03-17 23:07:25,553:INFO: Using default tokenizer.
2024-03-17 23:07:26,535:INFO: Using default tokenizer.
2024-03-17 23:07:26,563:INFO: Using default tokenizer.
2024-03-17 23:07:26,591:INFO: Using default tokenizer.
2024-03-17 23:07:27,485:INFO: Using default tokenizer.
2024-03-17 23:07:27,513:INFO: Using default tokenizer.
2024-03-17 23:07:27,540:INFO: Using default tokenizer.
2024-03-17 23:07:28,565:INFO: Using default tokenizer.
2024-03-17 23:07:28,593:INFO: Using default tokenizer.
2024-03-17 23:07:28,622:INFO: Using default tokenizer.
2024-03-17 23:07:29,613:INFO: Using default tokenizer.
2024-03-17 23:07:29,642:INFO: Using default tokenizer.
2024-03-17 23:07:29,671:INFO: Using default tokenizer.
2024-03-17 23:07:30,597:INFO: Using default tokenizer.
2024-03-17 23:07:30,629:INFO: Using default tokenizer.
2024-03-17 23:07:30,662:INFO: Using default tokenizer.
2024-03-17 23:07:31,568:INFO: Using default tokenizer.
2024-03-17 23:07:31,597:INFO: Using default tokenizer.
2024-03-17 23:07:31,626:INFO: Using default tokenizer.
2024-03-17 23:07:32,715:INFO: Using default tokenizer.
2024-03-17 23:07:32,744:INFO: Using default tokenizer.
2024-03-17 23:07:32,773:INFO: Using default tokenizer.
2024-03-17 23:07:33,654:INFO: Using default tokenizer.
2024-03-17 23:07:33,684:INFO: Using default tokenizer.
2024-03-17 23:07:33,712:INFO: Using default tokenizer.
2024-03-17 23:07:34,670:INFO: Using default tokenizer.
2024-03-17 23:07:34,699:INFO: Using default tokenizer.
2024-03-17 23:07:34,727:INFO: Using default tokenizer.
2024-03-17 23:07:35,718:INFO: Using default tokenizer.
2024-03-17 23:07:35,746:INFO: Using default tokenizer.
2024-03-17 23:07:35,774:INFO: Using default tokenizer.
2024-03-17 23:07:36,694:INFO: Using default tokenizer.
2024-03-17 23:07:36,722:INFO: Using default tokenizer.
2024-03-17 23:07:36,750:INFO: Using default tokenizer.
2024-03-17 23:07:37,619:INFO: Using default tokenizer.
2024-03-17 23:07:37,648:INFO: Using default tokenizer.
2024-03-17 23:07:37,677:INFO: Using default tokenizer.
2024-03-17 23:07:38,459:INFO: Using default tokenizer.
2024-03-17 23:07:38,487:INFO: Using default tokenizer.
2024-03-17 23:07:38,514:INFO: Using default tokenizer.
2024-03-17 23:07:39,468:INFO: Using default tokenizer.
2024-03-17 23:07:39,496:INFO: Using default tokenizer.
2024-03-17 23:07:39,525:INFO: Using default tokenizer.
2024-03-17 23:07:40,637:INFO: Using default tokenizer.
2024-03-17 23:07:40,667:INFO: Using default tokenizer.
2024-03-17 23:07:40,695:INFO: Using default tokenizer.
2024-03-17 23:07:41,435:INFO: Using default tokenizer.
2024-03-17 23:07:41,464:INFO: Using default tokenizer.
2024-03-17 23:07:41,492:INFO: Using default tokenizer.
2024-03-17 23:07:42,236:INFO: Using default tokenizer.
2024-03-17 23:07:42,264:INFO: Using default tokenizer.
2024-03-17 23:07:42,292:INFO: Using default tokenizer.
2024-03-17 23:07:43,363:INFO: Using default tokenizer.
2024-03-17 23:07:43,392:INFO: Using default tokenizer.
2024-03-17 23:07:43,420:INFO: Using default tokenizer.
2024-03-17 23:07:44,266:INFO: Using default tokenizer.
2024-03-17 23:07:44,294:INFO: Using default tokenizer.
2024-03-17 23:07:44,322:INFO: Using default tokenizer.
2024-03-17 23:07:45,476:INFO: Using default tokenizer.
2024-03-17 23:07:45,505:INFO: Using default tokenizer.
2024-03-17 23:07:45,534:INFO: Using default tokenizer.
2024-03-17 23:07:45,562:INFO: - Evaluation metrics: loss: 2.6916; rouge1: 0.4987; rouge2: 0.2495; rougeL: 0.4115
2024-03-17 23:07:47,575:INFO: Epoch 13/20
2024-03-17 23:11:52,635:INFO: - Train metrics: loss: 0.1431; lr:c: 2.86e-04
2024-03-17 23:11:53,483:INFO: Using default tokenizer.
2024-03-17 23:11:53,512:INFO: Using default tokenizer.
2024-03-17 23:11:53,544:INFO: Using default tokenizer.
2024-03-17 23:11:54,343:INFO: Using default tokenizer.
2024-03-17 23:11:54,371:INFO: Using default tokenizer.
2024-03-17 23:11:54,399:INFO: Using default tokenizer.
2024-03-17 23:11:55,630:INFO: Using default tokenizer.
2024-03-17 23:11:55,659:INFO: Using default tokenizer.
2024-03-17 23:11:55,687:INFO: Using default tokenizer.
2024-03-17 23:11:56,451:INFO: Using default tokenizer.
2024-03-17 23:11:56,479:INFO: Using default tokenizer.
2024-03-17 23:11:56,507:INFO: Using default tokenizer.
2024-03-17 23:11:57,392:INFO: Using default tokenizer.
2024-03-17 23:11:57,420:INFO: Using default tokenizer.
2024-03-17 23:11:57,449:INFO: Using default tokenizer.
2024-03-17 23:11:58,409:INFO: Using default tokenizer.
2024-03-17 23:11:58,437:INFO: Using default tokenizer.
2024-03-17 23:11:58,465:INFO: Using default tokenizer.
2024-03-17 23:11:59,451:INFO: Using default tokenizer.
2024-03-17 23:11:59,479:INFO: Using default tokenizer.
2024-03-17 23:11:59,507:INFO: Using default tokenizer.
2024-03-17 23:12:00,346:INFO: Using default tokenizer.
2024-03-17 23:12:00,374:INFO: Using default tokenizer.
2024-03-17 23:12:00,402:INFO: Using default tokenizer.
2024-03-17 23:12:01,368:INFO: Using default tokenizer.
2024-03-17 23:12:01,398:INFO: Using default tokenizer.
2024-03-17 23:12:01,426:INFO: Using default tokenizer.
2024-03-17 23:12:02,225:INFO: Using default tokenizer.
2024-03-17 23:12:02,253:INFO: Using default tokenizer.
2024-03-17 23:12:02,282:INFO: Using default tokenizer.
2024-03-17 23:12:03,175:INFO: Using default tokenizer.
2024-03-17 23:12:03,205:INFO: Using default tokenizer.
2024-03-17 23:12:03,233:INFO: Using default tokenizer.
2024-03-17 23:12:04,086:INFO: Using default tokenizer.
2024-03-17 23:12:04,115:INFO: Using default tokenizer.
2024-03-17 23:12:04,144:INFO: Using default tokenizer.
2024-03-17 23:12:05,157:INFO: Using default tokenizer.
2024-03-17 23:12:05,186:INFO: Using default tokenizer.
2024-03-17 23:12:05,215:INFO: Using default tokenizer.
2024-03-17 23:12:06,062:INFO: Using default tokenizer.
2024-03-17 23:12:06,091:INFO: Using default tokenizer.
2024-03-17 23:12:06,120:INFO: Using default tokenizer.
2024-03-17 23:12:07,046:INFO: Using default tokenizer.
2024-03-17 23:12:07,075:INFO: Using default tokenizer.
2024-03-17 23:12:07,103:INFO: Using default tokenizer.
2024-03-17 23:12:07,938:INFO: Using default tokenizer.
2024-03-17 23:12:07,967:INFO: Using default tokenizer.
2024-03-17 23:12:07,995:INFO: Using default tokenizer.
2024-03-17 23:12:08,801:INFO: Using default tokenizer.
2024-03-17 23:12:08,830:INFO: Using default tokenizer.
2024-03-17 23:12:08,858:INFO: Using default tokenizer.
2024-03-17 23:12:09,681:INFO: Using default tokenizer.
2024-03-17 23:12:09,710:INFO: Using default tokenizer.
2024-03-17 23:12:09,739:INFO: Using default tokenizer.
2024-03-17 23:12:10,563:INFO: Using default tokenizer.
2024-03-17 23:12:10,591:INFO: Using default tokenizer.
2024-03-17 23:12:10,623:INFO: Using default tokenizer.
2024-03-17 23:12:11,673:INFO: Using default tokenizer.
2024-03-17 23:12:11,702:INFO: Using default tokenizer.
2024-03-17 23:12:11,730:INFO: Using default tokenizer.
2024-03-17 23:12:12,796:INFO: Using default tokenizer.
2024-03-17 23:12:12,825:INFO: Using default tokenizer.
2024-03-17 23:12:12,854:INFO: Using default tokenizer.
2024-03-17 23:12:13,776:INFO: Using default tokenizer.
2024-03-17 23:12:13,805:INFO: Using default tokenizer.
2024-03-17 23:12:13,833:INFO: Using default tokenizer.
2024-03-17 23:12:14,568:INFO: Using default tokenizer.
2024-03-17 23:12:14,596:INFO: Using default tokenizer.
2024-03-17 23:12:14,624:INFO: Using default tokenizer.
2024-03-17 23:12:15,638:INFO: Using default tokenizer.
2024-03-17 23:12:15,667:INFO: Using default tokenizer.
2024-03-17 23:12:15,695:INFO: Using default tokenizer.
2024-03-17 23:12:16,543:INFO: Using default tokenizer.
2024-03-17 23:12:16,571:INFO: Using default tokenizer.
2024-03-17 23:12:16,599:INFO: Using default tokenizer.
2024-03-17 23:12:17,398:INFO: Using default tokenizer.
2024-03-17 23:12:17,426:INFO: Using default tokenizer.
2024-03-17 23:12:17,455:INFO: Using default tokenizer.
2024-03-17 23:12:18,004:INFO: - Evaluation metrics: loss: 2.8673; rouge1: 0.4986; rouge2: 0.2478; rougeL: 0.4066
2024-03-17 23:12:19,957:INFO: Epoch 14/20
2024-03-17 23:16:25,113:INFO: - Train metrics: loss: 0.1188; lr:c: 2.16e-04
2024-03-17 23:16:25,932:INFO: Using default tokenizer.
2024-03-17 23:16:25,960:INFO: Using default tokenizer.
2024-03-17 23:16:25,988:INFO: Using default tokenizer.
2024-03-17 23:16:26,882:INFO: Using default tokenizer.
2024-03-17 23:16:26,910:INFO: Using default tokenizer.
2024-03-17 23:16:26,937:INFO: Using default tokenizer.
2024-03-17 23:16:28,122:INFO: Using default tokenizer.
2024-03-17 23:16:28,151:INFO: Using default tokenizer.
2024-03-17 23:16:28,179:INFO: Using default tokenizer.
2024-03-17 23:16:28,844:INFO: Using default tokenizer.
2024-03-17 23:16:28,879:INFO: Using default tokenizer.
2024-03-17 23:16:28,907:INFO: Using default tokenizer.
2024-03-17 23:16:29,994:INFO: Using default tokenizer.
2024-03-17 23:16:30,023:INFO: Using default tokenizer.
2024-03-17 23:16:30,051:INFO: Using default tokenizer.
2024-03-17 23:16:30,979:INFO: Using default tokenizer.
2024-03-17 23:16:31,007:INFO: Using default tokenizer.
2024-03-17 23:16:31,035:INFO: Using default tokenizer.
2024-03-17 23:16:31,833:INFO: Using default tokenizer.
2024-03-17 23:16:31,861:INFO: Using default tokenizer.
2024-03-17 23:16:31,888:INFO: Using default tokenizer.
2024-03-17 23:16:32,633:INFO: Using default tokenizer.
2024-03-17 23:16:32,660:INFO: Using default tokenizer.
2024-03-17 23:16:32,689:INFO: Using default tokenizer.
2024-03-17 23:16:33,717:INFO: Using default tokenizer.
2024-03-17 23:16:33,746:INFO: Using default tokenizer.
2024-03-17 23:16:33,775:INFO: Using default tokenizer.
2024-03-17 23:16:34,727:INFO: Using default tokenizer.
2024-03-17 23:16:34,755:INFO: Using default tokenizer.
2024-03-17 23:16:34,784:INFO: Using default tokenizer.
2024-03-17 23:16:35,681:INFO: Using default tokenizer.
2024-03-17 23:16:35,709:INFO: Using default tokenizer.
2024-03-17 23:16:35,738:INFO: Using default tokenizer.
2024-03-17 23:16:36,660:INFO: Using default tokenizer.
2024-03-17 23:16:36,689:INFO: Using default tokenizer.
2024-03-17 23:16:36,717:INFO: Using default tokenizer.
2024-03-17 23:16:37,741:INFO: Using default tokenizer.
2024-03-17 23:16:37,770:INFO: Using default tokenizer.
2024-03-17 23:16:37,798:INFO: Using default tokenizer.
2024-03-17 23:16:38,758:INFO: Using default tokenizer.
2024-03-17 23:16:38,787:INFO: Using default tokenizer.
2024-03-17 23:16:38,817:INFO: Using default tokenizer.
2024-03-17 23:16:39,704:INFO: Using default tokenizer.
2024-03-17 23:16:39,733:INFO: Using default tokenizer.
2024-03-17 23:16:39,762:INFO: Using default tokenizer.
2024-03-17 23:16:40,558:INFO: Using default tokenizer.
2024-03-17 23:16:40,587:INFO: Using default tokenizer.
2024-03-17 23:16:40,616:INFO: Using default tokenizer.
2024-03-17 23:16:41,300:INFO: Using default tokenizer.
2024-03-17 23:16:41,328:INFO: Using default tokenizer.
2024-03-17 23:16:41,358:INFO: Using default tokenizer.
2024-03-17 23:16:42,265:INFO: Using default tokenizer.
2024-03-17 23:16:42,294:INFO: Using default tokenizer.
2024-03-17 23:16:42,323:INFO: Using default tokenizer.
2024-03-17 23:16:43,141:INFO: Using default tokenizer.
2024-03-17 23:16:43,170:INFO: Using default tokenizer.
2024-03-17 23:16:43,198:INFO: Using default tokenizer.
2024-03-17 23:16:44,137:INFO: Using default tokenizer.
2024-03-17 23:16:44,166:INFO: Using default tokenizer.
2024-03-17 23:16:44,194:INFO: Using default tokenizer.
2024-03-17 23:16:45,207:INFO: Using default tokenizer.
2024-03-17 23:16:45,236:INFO: Using default tokenizer.
2024-03-17 23:16:45,265:INFO: Using default tokenizer.
2024-03-17 23:16:46,213:INFO: Using default tokenizer.
2024-03-17 23:16:46,242:INFO: Using default tokenizer.
2024-03-17 23:16:46,271:INFO: Using default tokenizer.
2024-03-17 23:16:47,095:INFO: Using default tokenizer.
2024-03-17 23:16:47,123:INFO: Using default tokenizer.
2024-03-17 23:16:47,151:INFO: Using default tokenizer.
2024-03-17 23:16:48,106:INFO: Using default tokenizer.
2024-03-17 23:16:48,136:INFO: Using default tokenizer.
2024-03-17 23:16:48,164:INFO: Using default tokenizer.
2024-03-17 23:16:49,029:INFO: Using default tokenizer.
2024-03-17 23:16:49,061:INFO: Using default tokenizer.
2024-03-17 23:16:49,089:INFO: Using default tokenizer.
2024-03-17 23:16:50,061:INFO: Using default tokenizer.
2024-03-17 23:16:50,090:INFO: Using default tokenizer.
2024-03-17 23:16:50,119:INFO: Using default tokenizer.
2024-03-17 23:16:50,353:INFO: - Evaluation metrics: loss: 2.9176; rouge1: 0.5019; rouge2: 0.2524; rougeL: 0.4101
2024-03-17 23:16:52,330:INFO: Epoch 15/20
2024-03-17 23:20:57,490:INFO: - Train metrics: loss: 0.0981; lr:c: 1.53e-04
2024-03-17 23:20:58,223:INFO: Using default tokenizer.
2024-03-17 23:20:58,251:INFO: Using default tokenizer.
2024-03-17 23:20:58,279:INFO: Using default tokenizer.
2024-03-17 23:20:59,121:INFO: Using default tokenizer.
2024-03-17 23:20:59,150:INFO: Using default tokenizer.
2024-03-17 23:20:59,177:INFO: Using default tokenizer.
2024-03-17 23:21:00,224:INFO: Using default tokenizer.
2024-03-17 23:21:00,253:INFO: Using default tokenizer.
2024-03-17 23:21:00,281:INFO: Using default tokenizer.
2024-03-17 23:21:01,236:INFO: Using default tokenizer.
2024-03-17 23:21:01,265:INFO: Using default tokenizer.
2024-03-17 23:21:01,293:INFO: Using default tokenizer.
2024-03-17 23:21:02,047:INFO: Using default tokenizer.
2024-03-17 23:21:02,076:INFO: Using default tokenizer.
2024-03-17 23:21:02,105:INFO: Using default tokenizer.
2024-03-17 23:21:03,207:INFO: Using default tokenizer.
2024-03-17 23:21:03,235:INFO: Using default tokenizer.
2024-03-17 23:21:03,263:INFO: Using default tokenizer.
2024-03-17 23:21:04,259:INFO: Using default tokenizer.
2024-03-17 23:21:04,287:INFO: Using default tokenizer.
2024-03-17 23:21:04,315:INFO: Using default tokenizer.
2024-03-17 23:21:05,192:INFO: Using default tokenizer.
2024-03-17 23:21:05,220:INFO: Using default tokenizer.
2024-03-17 23:21:05,249:INFO: Using default tokenizer.
2024-03-17 23:21:06,171:INFO: Using default tokenizer.
2024-03-17 23:21:06,201:INFO: Using default tokenizer.
2024-03-17 23:21:06,230:INFO: Using default tokenizer.
2024-03-17 23:21:07,242:INFO: Using default tokenizer.
2024-03-17 23:21:07,271:INFO: Using default tokenizer.
2024-03-17 23:21:07,299:INFO: Using default tokenizer.
2024-03-17 23:21:08,198:INFO: Using default tokenizer.
2024-03-17 23:21:08,226:INFO: Using default tokenizer.
2024-03-17 23:21:08,256:INFO: Using default tokenizer.
2024-03-17 23:21:09,164:INFO: Using default tokenizer.
2024-03-17 23:21:09,193:INFO: Using default tokenizer.
2024-03-17 23:21:09,222:INFO: Using default tokenizer.
2024-03-17 23:21:10,236:INFO: Using default tokenizer.
2024-03-17 23:21:10,265:INFO: Using default tokenizer.
2024-03-17 23:21:10,293:INFO: Using default tokenizer.
2024-03-17 23:21:11,162:INFO: Using default tokenizer.
2024-03-17 23:21:11,191:INFO: Using default tokenizer.
2024-03-17 23:21:11,220:INFO: Using default tokenizer.
2024-03-17 23:21:12,230:INFO: Using default tokenizer.
2024-03-17 23:21:12,259:INFO: Using default tokenizer.
2024-03-17 23:21:12,289:INFO: Using default tokenizer.
2024-03-17 23:21:12,998:INFO: Using default tokenizer.
2024-03-17 23:21:13,026:INFO: Using default tokenizer.
2024-03-17 23:21:13,055:INFO: Using default tokenizer.
2024-03-17 23:21:13,807:INFO: Using default tokenizer.
2024-03-17 23:21:13,835:INFO: Using default tokenizer.
2024-03-17 23:21:13,864:INFO: Using default tokenizer.
2024-03-17 23:21:14,656:INFO: Using default tokenizer.
2024-03-17 23:21:14,685:INFO: Using default tokenizer.
2024-03-17 23:21:14,714:INFO: Using default tokenizer.
2024-03-17 23:21:15,460:INFO: Using default tokenizer.
2024-03-17 23:21:15,487:INFO: Using default tokenizer.
2024-03-17 23:21:15,516:INFO: Using default tokenizer.
2024-03-17 23:21:16,474:INFO: Using default tokenizer.
2024-03-17 23:21:16,504:INFO: Using default tokenizer.
2024-03-17 23:21:16,532:INFO: Using default tokenizer.
2024-03-17 23:21:17,594:INFO: Using default tokenizer.
2024-03-17 23:21:17,623:INFO: Using default tokenizer.
2024-03-17 23:21:17,651:INFO: Using default tokenizer.
2024-03-17 23:21:18,494:INFO: Using default tokenizer.
2024-03-17 23:21:18,522:INFO: Using default tokenizer.
2024-03-17 23:21:18,551:INFO: Using default tokenizer.
2024-03-17 23:21:19,509:INFO: Using default tokenizer.
2024-03-17 23:21:19,538:INFO: Using default tokenizer.
2024-03-17 23:21:19,566:INFO: Using default tokenizer.
2024-03-17 23:21:20,579:INFO: Using default tokenizer.
2024-03-17 23:21:20,607:INFO: Using default tokenizer.
2024-03-17 23:21:20,636:INFO: Using default tokenizer.
2024-03-17 23:21:21,530:INFO: Using default tokenizer.
2024-03-17 23:21:21,558:INFO: Using default tokenizer.
2024-03-17 23:21:21,586:INFO: Using default tokenizer.
2024-03-17 23:21:22,474:INFO: Using default tokenizer.
2024-03-17 23:21:22,505:INFO: Using default tokenizer.
2024-03-17 23:21:22,535:INFO: Using default tokenizer.
2024-03-17 23:21:22,563:INFO: - Evaluation metrics: loss: 3.1378; rouge1: 0.4987; rouge2: 0.2502; rougeL: 0.4096
2024-03-17 23:21:24,551:INFO: Epoch 16/20
2024-03-17 23:25:29,600:INFO: - Train metrics: loss: 0.0822; lr:c: 9.99e-05
2024-03-17 23:25:30,382:INFO: Using default tokenizer.
2024-03-17 23:25:30,411:INFO: Using default tokenizer.
2024-03-17 23:25:30,439:INFO: Using default tokenizer.
2024-03-17 23:25:31,491:INFO: Using default tokenizer.
2024-03-17 23:25:31,527:INFO: Using default tokenizer.
2024-03-17 23:25:31,556:INFO: Using default tokenizer.
2024-03-17 23:25:32,703:INFO: Using default tokenizer.
2024-03-17 23:25:32,732:INFO: Using default tokenizer.
2024-03-17 23:25:32,760:INFO: Using default tokenizer.
2024-03-17 23:25:33,665:INFO: Using default tokenizer.
2024-03-17 23:25:33,693:INFO: Using default tokenizer.
2024-03-17 23:25:33,724:INFO: Using default tokenizer.
2024-03-17 23:25:34,497:INFO: Using default tokenizer.
2024-03-17 23:25:34,530:INFO: Using default tokenizer.
2024-03-17 23:25:34,558:INFO: Using default tokenizer.
2024-03-17 23:25:35,580:INFO: Using default tokenizer.
2024-03-17 23:25:35,608:INFO: Using default tokenizer.
2024-03-17 23:25:35,638:INFO: Using default tokenizer.
2024-03-17 23:25:36,641:INFO: Using default tokenizer.
2024-03-17 23:25:36,669:INFO: Using default tokenizer.
2024-03-17 23:25:36,698:INFO: Using default tokenizer.
2024-03-17 23:25:37,721:INFO: Using default tokenizer.
2024-03-17 23:25:37,750:INFO: Using default tokenizer.
2024-03-17 23:25:37,778:INFO: Using default tokenizer.
2024-03-17 23:25:38,701:INFO: Using default tokenizer.
2024-03-17 23:25:38,731:INFO: Using default tokenizer.
2024-03-17 23:25:38,760:INFO: Using default tokenizer.
2024-03-17 23:25:39,625:INFO: Using default tokenizer.
2024-03-17 23:25:39,653:INFO: Using default tokenizer.
2024-03-17 23:25:39,681:INFO: Using default tokenizer.
2024-03-17 23:25:40,572:INFO: Using default tokenizer.
2024-03-17 23:25:40,601:INFO: Using default tokenizer.
2024-03-17 23:25:40,630:INFO: Using default tokenizer.
2024-03-17 23:25:41,584:INFO: Using default tokenizer.
2024-03-17 23:25:41,613:INFO: Using default tokenizer.
2024-03-17 23:25:41,642:INFO: Using default tokenizer.
2024-03-17 23:25:42,651:INFO: Using default tokenizer.
2024-03-17 23:25:42,679:INFO: Using default tokenizer.
2024-03-17 23:25:42,708:INFO: Using default tokenizer.
2024-03-17 23:25:43,522:INFO: Using default tokenizer.
2024-03-17 23:25:43,552:INFO: Using default tokenizer.
2024-03-17 23:25:43,580:INFO: Using default tokenizer.
2024-03-17 23:25:44,594:INFO: Using default tokenizer.
2024-03-17 23:25:44,624:INFO: Using default tokenizer.
2024-03-17 23:25:44,653:INFO: Using default tokenizer.
2024-03-17 23:25:45,502:INFO: Using default tokenizer.
2024-03-17 23:25:45,530:INFO: Using default tokenizer.
2024-03-17 23:25:45,559:INFO: Using default tokenizer.
2024-03-17 23:25:46,307:INFO: Using default tokenizer.
2024-03-17 23:25:46,335:INFO: Using default tokenizer.
2024-03-17 23:25:46,363:INFO: Using default tokenizer.
2024-03-17 23:25:47,185:INFO: Using default tokenizer.
2024-03-17 23:25:47,214:INFO: Using default tokenizer.
2024-03-17 23:25:47,243:INFO: Using default tokenizer.
2024-03-17 23:25:48,081:INFO: Using default tokenizer.
2024-03-17 23:25:48,109:INFO: Using default tokenizer.
2024-03-17 23:25:48,136:INFO: Using default tokenizer.
2024-03-17 23:25:49,031:INFO: Using default tokenizer.
2024-03-17 23:25:49,060:INFO: Using default tokenizer.
2024-03-17 23:25:49,088:INFO: Using default tokenizer.
2024-03-17 23:25:50,203:INFO: Using default tokenizer.
2024-03-17 23:25:50,232:INFO: Using default tokenizer.
2024-03-17 23:25:50,261:INFO: Using default tokenizer.
2024-03-17 23:25:51,201:INFO: Using default tokenizer.
2024-03-17 23:25:51,230:INFO: Using default tokenizer.
2024-03-17 23:25:51,258:INFO: Using default tokenizer.
2024-03-17 23:25:52,079:INFO: Using default tokenizer.
2024-03-17 23:25:52,108:INFO: Using default tokenizer.
2024-03-17 23:25:52,136:INFO: Using default tokenizer.
2024-03-17 23:25:53,122:INFO: Using default tokenizer.
2024-03-17 23:25:53,151:INFO: Using default tokenizer.
2024-03-17 23:25:53,182:INFO: Using default tokenizer.
2024-03-17 23:25:54,051:INFO: Using default tokenizer.
2024-03-17 23:25:54,079:INFO: Using default tokenizer.
2024-03-17 23:25:54,107:INFO: Using default tokenizer.
2024-03-17 23:25:54,996:INFO: Using default tokenizer.
2024-03-17 23:25:55,025:INFO: Using default tokenizer.
2024-03-17 23:25:55,054:INFO: Using default tokenizer.
2024-03-17 23:25:55,081:INFO: - Evaluation metrics: loss: 3.2541; rouge1: 0.5037; rouge2: 0.2516; rougeL: 0.4115
2024-03-17 23:25:57,080:INFO: Epoch 17/20
2024-03-17 23:30:02,116:INFO: - Train metrics: loss: 0.0736; lr:c: 5.68e-05
2024-03-17 23:30:02,865:INFO: Using default tokenizer.
2024-03-17 23:30:02,894:INFO: Using default tokenizer.
2024-03-17 23:30:02,922:INFO: Using default tokenizer.
2024-03-17 23:30:04,015:INFO: Using default tokenizer.
2024-03-17 23:30:04,044:INFO: Using default tokenizer.
2024-03-17 23:30:04,072:INFO: Using default tokenizer.
2024-03-17 23:30:05,233:INFO: Using default tokenizer.
2024-03-17 23:30:05,262:INFO: Using default tokenizer.
2024-03-17 23:30:05,290:INFO: Using default tokenizer.
2024-03-17 23:30:06,205:INFO: Using default tokenizer.
2024-03-17 23:30:06,233:INFO: Using default tokenizer.
2024-03-17 23:30:06,261:INFO: Using default tokenizer.
2024-03-17 23:30:07,065:INFO: Using default tokenizer.
2024-03-17 23:30:07,093:INFO: Using default tokenizer.
2024-03-17 23:30:07,122:INFO: Using default tokenizer.
2024-03-17 23:30:08,355:INFO: Using default tokenizer.
2024-03-17 23:30:08,384:INFO: Using default tokenizer.
2024-03-17 23:30:08,412:INFO: Using default tokenizer.
2024-03-17 23:30:09,417:INFO: Using default tokenizer.
2024-03-17 23:30:09,446:INFO: Using default tokenizer.
2024-03-17 23:30:09,474:INFO: Using default tokenizer.
2024-03-17 23:30:10,401:INFO: Using default tokenizer.
2024-03-17 23:30:10,429:INFO: Using default tokenizer.
2024-03-17 23:30:10,457:INFO: Using default tokenizer.
2024-03-17 23:30:11,570:INFO: Using default tokenizer.
2024-03-17 23:30:11,600:INFO: Using default tokenizer.
2024-03-17 23:30:11,629:INFO: Using default tokenizer.
2024-03-17 23:30:12,521:INFO: Using default tokenizer.
2024-03-17 23:30:12,549:INFO: Using default tokenizer.
2024-03-17 23:30:12,578:INFO: Using default tokenizer.
2024-03-17 23:30:13,476:INFO: Using default tokenizer.
2024-03-17 23:30:13,505:INFO: Using default tokenizer.
2024-03-17 23:30:13,534:INFO: Using default tokenizer.
2024-03-17 23:30:14,397:INFO: Using default tokenizer.
2024-03-17 23:30:14,427:INFO: Using default tokenizer.
2024-03-17 23:30:14,456:INFO: Using default tokenizer.
2024-03-17 23:30:15,473:INFO: Using default tokenizer.
2024-03-17 23:30:15,502:INFO: Using default tokenizer.
2024-03-17 23:30:15,531:INFO: Using default tokenizer.
2024-03-17 23:30:16,348:INFO: Using default tokenizer.
2024-03-17 23:30:16,377:INFO: Using default tokenizer.
2024-03-17 23:30:16,406:INFO: Using default tokenizer.
2024-03-17 23:30:17,192:INFO: Using default tokenizer.
2024-03-17 23:30:17,220:INFO: Using default tokenizer.
2024-03-17 23:30:17,248:INFO: Using default tokenizer.
2024-03-17 23:30:18,022:INFO: Using default tokenizer.
2024-03-17 23:30:18,050:INFO: Using default tokenizer.
2024-03-17 23:30:18,079:INFO: Using default tokenizer.
2024-03-17 23:30:18,852:INFO: Using default tokenizer.
2024-03-17 23:30:18,881:INFO: Using default tokenizer.
2024-03-17 23:30:18,909:INFO: Using default tokenizer.
2024-03-17 23:30:19,815:INFO: Using default tokenizer.
2024-03-17 23:30:19,844:INFO: Using default tokenizer.
2024-03-17 23:30:19,873:INFO: Using default tokenizer.
2024-03-17 23:30:20,658:INFO: Using default tokenizer.
2024-03-17 23:30:20,686:INFO: Using default tokenizer.
2024-03-17 23:30:20,714:INFO: Using default tokenizer.
2024-03-17 23:30:21,662:INFO: Using default tokenizer.
2024-03-17 23:30:21,691:INFO: Using default tokenizer.
2024-03-17 23:30:21,720:INFO: Using default tokenizer.
2024-03-17 23:30:22,760:INFO: Using default tokenizer.
2024-03-17 23:30:22,789:INFO: Using default tokenizer.
2024-03-17 23:30:22,818:INFO: Using default tokenizer.
2024-03-17 23:30:23,545:INFO: Using default tokenizer.
2024-03-17 23:30:23,573:INFO: Using default tokenizer.
2024-03-17 23:30:23,603:INFO: Using default tokenizer.
2024-03-17 23:30:24,417:INFO: Using default tokenizer.
2024-03-17 23:30:24,447:INFO: Using default tokenizer.
2024-03-17 23:30:24,474:INFO: Using default tokenizer.
2024-03-17 23:30:25,460:INFO: Using default tokenizer.
2024-03-17 23:30:25,489:INFO: Using default tokenizer.
2024-03-17 23:30:25,517:INFO: Using default tokenizer.
2024-03-17 23:30:26,416:INFO: Using default tokenizer.
2024-03-17 23:30:26,449:INFO: Using default tokenizer.
2024-03-17 23:30:26,477:INFO: Using default tokenizer.
2024-03-17 23:30:27,387:INFO: Using default tokenizer.
2024-03-17 23:30:27,416:INFO: Using default tokenizer.
2024-03-17 23:30:27,445:INFO: Using default tokenizer.
2024-03-17 23:30:27,581:INFO: - Evaluation metrics: loss: 3.3713; rouge1: 0.5025; rouge2: 0.2475; rougeL: 0.4094
2024-03-17 23:30:29,528:INFO: Epoch 18/20
2024-03-17 23:34:34,644:INFO: - Train metrics: loss: 0.0645; lr:c: 2.53e-05
2024-03-17 23:34:35,351:INFO: Using default tokenizer.
2024-03-17 23:34:35,380:INFO: Using default tokenizer.
2024-03-17 23:34:35,409:INFO: Using default tokenizer.
2024-03-17 23:34:36,413:INFO: Using default tokenizer.
2024-03-17 23:34:36,442:INFO: Using default tokenizer.
2024-03-17 23:34:36,469:INFO: Using default tokenizer.
2024-03-17 23:34:37,610:INFO: Using default tokenizer.
2024-03-17 23:34:37,638:INFO: Using default tokenizer.
2024-03-17 23:34:37,667:INFO: Using default tokenizer.
2024-03-17 23:34:38,538:INFO: Using default tokenizer.
2024-03-17 23:34:38,567:INFO: Using default tokenizer.
2024-03-17 23:34:38,595:INFO: Using default tokenizer.
2024-03-17 23:34:39,348:INFO: Using default tokenizer.
2024-03-17 23:34:39,376:INFO: Using default tokenizer.
2024-03-17 23:34:39,404:INFO: Using default tokenizer.
2024-03-17 23:34:40,393:INFO: Using default tokenizer.
2024-03-17 23:34:40,422:INFO: Using default tokenizer.
2024-03-17 23:34:40,450:INFO: Using default tokenizer.
2024-03-17 23:34:41,387:INFO: Using default tokenizer.
2024-03-17 23:34:41,415:INFO: Using default tokenizer.
2024-03-17 23:34:41,442:INFO: Using default tokenizer.
2024-03-17 23:34:42,333:INFO: Using default tokenizer.
2024-03-17 23:34:42,361:INFO: Using default tokenizer.
2024-03-17 23:34:42,388:INFO: Using default tokenizer.
2024-03-17 23:34:43,346:INFO: Using default tokenizer.
2024-03-17 23:34:43,375:INFO: Using default tokenizer.
2024-03-17 23:34:43,404:INFO: Using default tokenizer.
2024-03-17 23:34:44,189:INFO: Using default tokenizer.
2024-03-17 23:34:44,217:INFO: Using default tokenizer.
2024-03-17 23:34:44,245:INFO: Using default tokenizer.
2024-03-17 23:34:45,137:INFO: Using default tokenizer.
2024-03-17 23:34:45,166:INFO: Using default tokenizer.
2024-03-17 23:34:45,194:INFO: Using default tokenizer.
2024-03-17 23:34:46,097:INFO: Using default tokenizer.
2024-03-17 23:34:46,125:INFO: Using default tokenizer.
2024-03-17 23:34:46,154:INFO: Using default tokenizer.
2024-03-17 23:34:47,165:INFO: Using default tokenizer.
2024-03-17 23:34:47,193:INFO: Using default tokenizer.
2024-03-17 23:34:47,222:INFO: Using default tokenizer.
2024-03-17 23:34:48,038:INFO: Using default tokenizer.
2024-03-17 23:34:48,067:INFO: Using default tokenizer.
2024-03-17 23:34:48,095:INFO: Using default tokenizer.
2024-03-17 23:34:49,087:INFO: Using default tokenizer.
2024-03-17 23:34:49,115:INFO: Using default tokenizer.
2024-03-17 23:34:49,144:INFO: Using default tokenizer.
2024-03-17 23:34:49,994:INFO: Using default tokenizer.
2024-03-17 23:34:50,023:INFO: Using default tokenizer.
2024-03-17 23:34:50,051:INFO: Using default tokenizer.
2024-03-17 23:34:50,824:INFO: Using default tokenizer.
2024-03-17 23:34:50,852:INFO: Using default tokenizer.
2024-03-17 23:34:50,880:INFO: Using default tokenizer.
2024-03-17 23:34:51,665:INFO: Using default tokenizer.
2024-03-17 23:34:51,695:INFO: Using default tokenizer.
2024-03-17 23:34:51,723:INFO: Using default tokenizer.
2024-03-17 23:34:52,530:INFO: Using default tokenizer.
2024-03-17 23:34:52,558:INFO: Using default tokenizer.
2024-03-17 23:34:52,586:INFO: Using default tokenizer.
2024-03-17 23:34:53,529:INFO: Using default tokenizer.
2024-03-17 23:34:53,557:INFO: Using default tokenizer.
2024-03-17 23:34:53,585:INFO: Using default tokenizer.
2024-03-17 23:34:54,616:INFO: Using default tokenizer.
2024-03-17 23:34:54,644:INFO: Using default tokenizer.
2024-03-17 23:34:54,673:INFO: Using default tokenizer.
2024-03-17 23:34:55,597:INFO: Using default tokenizer.
2024-03-17 23:34:55,625:INFO: Using default tokenizer.
2024-03-17 23:34:55,654:INFO: Using default tokenizer.
2024-03-17 23:34:56,482:INFO: Using default tokenizer.
2024-03-17 23:34:56,511:INFO: Using default tokenizer.
2024-03-17 23:34:56,538:INFO: Using default tokenizer.
2024-03-17 23:34:57,516:INFO: Using default tokenizer.
2024-03-17 23:34:57,545:INFO: Using default tokenizer.
2024-03-17 23:34:57,573:INFO: Using default tokenizer.
2024-03-17 23:34:58,441:INFO: Using default tokenizer.
2024-03-17 23:34:58,469:INFO: Using default tokenizer.
2024-03-17 23:34:58,497:INFO: Using default tokenizer.
2024-03-17 23:34:59,497:INFO: Using default tokenizer.
2024-03-17 23:34:59,527:INFO: Using default tokenizer.
2024-03-17 23:34:59,556:INFO: Using default tokenizer.
2024-03-17 23:34:59,584:INFO: - Evaluation metrics: loss: 3.5202; rouge1: 0.5004; rouge2: 0.2469; rougeL: 0.4073
2024-03-17 23:35:01,574:INFO: Epoch 19/20
2024-03-17 23:39:06,742:INFO: - Train metrics: loss: 0.0621; lr:c: 6.24e-06
2024-03-17 23:39:07,453:INFO: Using default tokenizer.
2024-03-17 23:39:07,481:INFO: Using default tokenizer.
2024-03-17 23:39:07,509:INFO: Using default tokenizer.
2024-03-17 23:39:08,565:INFO: Using default tokenizer.
2024-03-17 23:39:08,593:INFO: Using default tokenizer.
2024-03-17 23:39:08,621:INFO: Using default tokenizer.
2024-03-17 23:39:09,770:INFO: Using default tokenizer.
2024-03-17 23:39:09,799:INFO: Using default tokenizer.
2024-03-17 23:39:09,827:INFO: Using default tokenizer.
2024-03-17 23:39:10,703:INFO: Using default tokenizer.
2024-03-17 23:39:10,731:INFO: Using default tokenizer.
2024-03-17 23:39:10,759:INFO: Using default tokenizer.
2024-03-17 23:39:11,506:INFO: Using default tokenizer.
2024-03-17 23:39:11,534:INFO: Using default tokenizer.
2024-03-17 23:39:11,562:INFO: Using default tokenizer.
2024-03-17 23:39:12,769:INFO: Using default tokenizer.
2024-03-17 23:39:12,797:INFO: Using default tokenizer.
2024-03-17 23:39:12,825:INFO: Using default tokenizer.
2024-03-17 23:39:13,803:INFO: Using default tokenizer.
2024-03-17 23:39:13,831:INFO: Using default tokenizer.
2024-03-17 23:39:13,859:INFO: Using default tokenizer.
2024-03-17 23:39:14,754:INFO: Using default tokenizer.
2024-03-17 23:39:14,781:INFO: Using default tokenizer.
2024-03-17 23:39:14,809:INFO: Using default tokenizer.
2024-03-17 23:39:15,795:INFO: Using default tokenizer.
2024-03-17 23:39:15,824:INFO: Using default tokenizer.
2024-03-17 23:39:15,853:INFO: Using default tokenizer.
2024-03-17 23:39:16,691:INFO: Using default tokenizer.
2024-03-17 23:39:16,720:INFO: Using default tokenizer.
2024-03-17 23:39:16,748:INFO: Using default tokenizer.
2024-03-17 23:39:17,642:INFO: Using default tokenizer.
2024-03-17 23:39:17,671:INFO: Using default tokenizer.
2024-03-17 23:39:17,699:INFO: Using default tokenizer.
2024-03-17 23:39:18,653:INFO: Using default tokenizer.
2024-03-17 23:39:18,682:INFO: Using default tokenizer.
2024-03-17 23:39:18,711:INFO: Using default tokenizer.
2024-03-17 23:39:19,784:INFO: Using default tokenizer.
2024-03-17 23:39:19,813:INFO: Using default tokenizer.
2024-03-17 23:39:19,845:INFO: Using default tokenizer.
2024-03-17 23:39:20,926:INFO: Using default tokenizer.
2024-03-17 23:39:20,957:INFO: Using default tokenizer.
2024-03-17 23:39:20,987:INFO: Using default tokenizer.
2024-03-17 23:39:21,840:INFO: Using default tokenizer.
2024-03-17 23:39:21,868:INFO: Using default tokenizer.
2024-03-17 23:39:21,897:INFO: Using default tokenizer.
2024-03-17 23:39:22,781:INFO: Using default tokenizer.
2024-03-17 23:39:22,810:INFO: Using default tokenizer.
2024-03-17 23:39:22,838:INFO: Using default tokenizer.
2024-03-17 23:39:23,666:INFO: Using default tokenizer.
2024-03-17 23:39:23,694:INFO: Using default tokenizer.
2024-03-17 23:39:23,722:INFO: Using default tokenizer.
2024-03-17 23:39:24,639:INFO: Using default tokenizer.
2024-03-17 23:39:24,668:INFO: Using default tokenizer.
2024-03-17 23:39:24,697:INFO: Using default tokenizer.
2024-03-17 23:39:25,470:INFO: Using default tokenizer.
2024-03-17 23:39:25,497:INFO: Using default tokenizer.
2024-03-17 23:39:25,525:INFO: Using default tokenizer.
2024-03-17 23:39:26,473:INFO: Using default tokenizer.
2024-03-17 23:39:26,502:INFO: Using default tokenizer.
2024-03-17 23:39:26,530:INFO: Using default tokenizer.
2024-03-17 23:39:27,555:INFO: Using default tokenizer.
2024-03-17 23:39:27,584:INFO: Using default tokenizer.
2024-03-17 23:39:27,613:INFO: Using default tokenizer.
2024-03-17 23:39:28,552:INFO: Using default tokenizer.
2024-03-17 23:39:28,580:INFO: Using default tokenizer.
2024-03-17 23:39:28,609:INFO: Using default tokenizer.
2024-03-17 23:39:29,503:INFO: Using default tokenizer.
2024-03-17 23:39:29,531:INFO: Using default tokenizer.
2024-03-17 23:39:29,560:INFO: Using default tokenizer.
2024-03-17 23:39:30,561:INFO: Using default tokenizer.
2024-03-17 23:39:30,599:INFO: Using default tokenizer.
2024-03-17 23:39:30,629:INFO: Using default tokenizer.
2024-03-17 23:39:31,481:INFO: Using default tokenizer.
2024-03-17 23:39:31,509:INFO: Using default tokenizer.
2024-03-17 23:39:31,537:INFO: Using default tokenizer.
2024-03-17 23:39:32,547:INFO: Using default tokenizer.
2024-03-17 23:39:32,577:INFO: Using default tokenizer.
2024-03-17 23:39:32,605:INFO: Using default tokenizer.
2024-03-17 23:39:32,633:INFO: - Evaluation metrics: loss: 3.5255; rouge1: 0.5017; rouge2: 0.2468; rougeL: 0.4081
2024-03-17 23:39:34,578:INFO: Epoch 20/20
2024-03-17 23:43:39,704:INFO: - Train metrics: loss: 0.0622; lr:c: 3.07e-09
2024-03-17 23:43:40,413:INFO: Using default tokenizer.
2024-03-17 23:43:40,441:INFO: Using default tokenizer.
2024-03-17 23:43:40,469:INFO: Using default tokenizer.
2024-03-17 23:43:41,452:INFO: Using default tokenizer.
2024-03-17 23:43:41,480:INFO: Using default tokenizer.
2024-03-17 23:43:41,508:INFO: Using default tokenizer.
2024-03-17 23:43:42,652:INFO: Using default tokenizer.
2024-03-17 23:43:42,680:INFO: Using default tokenizer.
2024-03-17 23:43:42,708:INFO: Using default tokenizer.
2024-03-17 23:43:43,583:INFO: Using default tokenizer.
2024-03-17 23:43:43,611:INFO: Using default tokenizer.
2024-03-17 23:43:43,638:INFO: Using default tokenizer.
2024-03-17 23:43:44,388:INFO: Using default tokenizer.
2024-03-17 23:43:44,417:INFO: Using default tokenizer.
2024-03-17 23:43:44,445:INFO: Using default tokenizer.
2024-03-17 23:43:45,595:INFO: Using default tokenizer.
2024-03-17 23:43:45,623:INFO: Using default tokenizer.
2024-03-17 23:43:45,651:INFO: Using default tokenizer.
2024-03-17 23:43:46,526:INFO: Using default tokenizer.
2024-03-17 23:43:46,554:INFO: Using default tokenizer.
2024-03-17 23:43:46,581:INFO: Using default tokenizer.
2024-03-17 23:43:47,475:INFO: Using default tokenizer.
2024-03-17 23:43:47,503:INFO: Using default tokenizer.
2024-03-17 23:43:47,530:INFO: Using default tokenizer.
2024-03-17 23:43:48,490:INFO: Using default tokenizer.
2024-03-17 23:43:48,520:INFO: Using default tokenizer.
2024-03-17 23:43:48,549:INFO: Using default tokenizer.
2024-03-17 23:43:49,374:INFO: Using default tokenizer.
2024-03-17 23:43:49,404:INFO: Using default tokenizer.
2024-03-17 23:43:49,434:INFO: Using default tokenizer.
2024-03-17 23:43:50,332:INFO: Using default tokenizer.
2024-03-17 23:43:50,360:INFO: Using default tokenizer.
2024-03-17 23:43:50,388:INFO: Using default tokenizer.
2024-03-17 23:43:51,297:INFO: Using default tokenizer.
2024-03-17 23:43:51,325:INFO: Using default tokenizer.
2024-03-17 23:43:51,354:INFO: Using default tokenizer.
2024-03-17 23:43:52,410:INFO: Using default tokenizer.
2024-03-17 23:43:52,438:INFO: Using default tokenizer.
2024-03-17 23:43:52,467:INFO: Using default tokenizer.
2024-03-17 23:43:53,435:INFO: Using default tokenizer.
2024-03-17 23:43:53,464:INFO: Using default tokenizer.
2024-03-17 23:43:53,492:INFO: Using default tokenizer.
2024-03-17 23:43:54,291:INFO: Using default tokenizer.
2024-03-17 23:43:54,320:INFO: Using default tokenizer.
2024-03-17 23:43:54,348:INFO: Using default tokenizer.
2024-03-17 23:43:55,217:INFO: Using default tokenizer.
2024-03-17 23:43:55,246:INFO: Using default tokenizer.
2024-03-17 23:43:55,275:INFO: Using default tokenizer.
2024-03-17 23:43:56,049:INFO: Using default tokenizer.
2024-03-17 23:43:56,077:INFO: Using default tokenizer.
2024-03-17 23:43:56,104:INFO: Using default tokenizer.
2024-03-17 23:43:56,972:INFO: Using default tokenizer.
2024-03-17 23:43:57,001:INFO: Using default tokenizer.
2024-03-17 23:43:57,029:INFO: Using default tokenizer.
2024-03-17 23:43:57,823:INFO: Using default tokenizer.
2024-03-17 23:43:57,851:INFO: Using default tokenizer.
2024-03-17 23:43:57,879:INFO: Using default tokenizer.
2024-03-17 23:43:58,827:INFO: Using default tokenizer.
2024-03-17 23:43:58,856:INFO: Using default tokenizer.
2024-03-17 23:43:58,884:INFO: Using default tokenizer.
2024-03-17 23:43:59,952:INFO: Using default tokenizer.
2024-03-17 23:43:59,981:INFO: Using default tokenizer.
2024-03-17 23:44:00,011:INFO: Using default tokenizer.
2024-03-17 23:44:00,746:INFO: Using default tokenizer.
2024-03-17 23:44:00,774:INFO: Using default tokenizer.
2024-03-17 23:44:00,802:INFO: Using default tokenizer.
2024-03-17 23:44:01,666:INFO: Using default tokenizer.
2024-03-17 23:44:01,695:INFO: Using default tokenizer.
2024-03-17 23:44:01,723:INFO: Using default tokenizer.
2024-03-17 23:44:02,766:INFO: Using default tokenizer.
2024-03-17 23:44:02,796:INFO: Using default tokenizer.
2024-03-17 23:44:02,827:INFO: Using default tokenizer.
2024-03-17 23:44:03,662:INFO: Using default tokenizer.
2024-03-17 23:44:03,690:INFO: Using default tokenizer.
2024-03-17 23:44:03,718:INFO: Using default tokenizer.
2024-03-17 23:44:04,723:INFO: Using default tokenizer.
2024-03-17 23:44:04,753:INFO: Using default tokenizer.
2024-03-17 23:44:04,782:INFO: Using default tokenizer.
2024-03-17 23:44:04,981:INFO: - Evaluation metrics: loss: 3.5169; rouge1: 0.5010; rouge2: 0.2465; rougeL: 0.4078
